ARM GAS  /tmp/ccDGBWs4.s 			page 1


   1              		.syntax unified
   2              		.cpu cortex-m3
   3              		.fpu softvfp
   4              		.eabi_attribute 20, 1
   5              		.eabi_attribute 21, 1
   6              		.eabi_attribute 23, 3
   7              		.eabi_attribute 24, 1
   8              		.eabi_attribute 25, 1
   9              		.eabi_attribute 26, 1
  10              		.eabi_attribute 30, 2
  11              		.eabi_attribute 34, 1
  12              		.eabi_attribute 18, 4
  13              		.thumb
  14              		.file	"board.c"
  15              		.text
  16              	.Ltext0:
  17              		.cfi_sections	.debug_frame
  18              		.section	.text.__early_init,"ax",%progbits
  19              		.align	2
  20              		.p2align 4,,15
  21              		.global	__early_init
  22              		.thumb
  23              		.thumb_func
  24              		.type	__early_init, %function
  25              	__early_init:
  26              	.LFB213:
  27              		.file 1 "../../../resources/chibios/ChibiOS_16.1.8/os/hal/boards/ST_STM32VL_DISCOVERY/board.c"
  28              		.loc 1 40 0
  29              		.cfi_startproc
  30              		@ args = 0, pretend = 0, frame = 0
  31              		@ frame_needed = 0, uses_anonymous_args = 0
  32              		@ link register save eliminated.
  33              		.loc 1 43 0
  34              		.loc 1 42 0
  35 0000 FFF7FEBF 		b	stm32_clock_init
  36              		.cfi_endproc
  37              	.LFE213:
  38              		.size	__early_init, .-__early_init
  39 0004 AFF30080 		.section	.text.boardInit,"ax",%progbits
  39      AFF30080 
  39      AFF30080 
  40              		.align	2
  41              		.p2align 4,,15
  42              		.global	boardInit
  43              		.thumb
  44              		.thumb_func
  45              		.type	boardInit, %function
  46              	boardInit:
  47              	.LFB214:
  48              		.loc 1 48 0
  49              		.cfi_startproc
  50              		@ args = 0, pretend = 0, frame = 0
  51              		@ frame_needed = 0, uses_anonymous_args = 0
  52              		@ link register save eliminated.
  53              		.loc 1 54 0
  54 0000 0023     		movs	r3, #0
  55 0002 C4F20103 		movt	r3, 16385
ARM GAS  /tmp/ccDGBWs4.s 			page 2


  56 0006 5868     		ldr	r0, [r3, #4]
  57 0008 40F01002 		orr	r2, r0, #16
  58 000c 5A60     		str	r2, [r3, #4]
  59              		.loc 1 63 0
  60 000e 7047     		bx	lr
  61              		.cfi_endproc
  62              	.LFE214:
  63              		.size	boardInit, .-boardInit
  64              		.global	pal_default_config
  65              		.section	.rodata.pal_default_config,"a",%progbits
  66              		.align	2
  67              		.type	pal_default_config, %object
  68              		.size	pal_default_config, 60
  69              	pal_default_config:
  70 0000 FFFFFFFF 		.word	-1
  71 0004 844BB3B4 		.word	-1263318140
  72 0008 B8848888 		.word	-2004319048
  73 000c FFFFFFFF 		.word	-1
  74 0010 88888888 		.word	-2004318072
  75 0014 8888B3B4 		.word	-1263302520
  76 0018 FFFCFFFF 		.word	-769
  77 001c 88888888 		.word	-2004318072
  78 0020 334B8888 		.word	-2004333773
  79 0024 FFFFFFFF 		.word	-1
  80 0028 44838888 		.word	-2004319420
  81 002c 88888888 		.word	-2004318072
  82 0030 FFFFFFFF 		.word	-1
  83 0034 88888888 		.word	-2004318072
  84 0038 88888888 		.word	-2004318072
  85              		.text
  86              	.Letext0:
  87              		.file 2 "/home/madog/programs/CodeSourcery/Sourcery_CodeBench_Lite_for_ARM_EABI/bin/../lib/gcc/arm
  88              		.file 3 "/home/madog/programs/CodeSourcery/Sourcery_CodeBench_Lite_for_ARM_EABI/bin/../lib/gcc/arm
  89              		.file 4 "../../../resources/chibios/ChibiOS_16.1.8/os/rt/ports/ARMCMx/compilers/GCC/chtypes.h"
  90              		.file 5 "../../../resources/chibios/ChibiOS_16.1.8/os/rt/include/chsystypes.h"
  91              		.file 6 "../../../resources/chibios/ChibiOS_16.1.8/os/rt/include/chschd.h"
  92              		.file 7 "../../../resources/chibios/ChibiOS_16.1.8/os/ext/CMSIS/ST/STM32F1xx/stm32f100xb.h"
  93              		.file 8 "../../../resources/chibios/ChibiOS_16.1.8/os/rt/ports/ARMCMx/chcore.h"
  94              		.file 9 "../../../resources/chibios/ChibiOS_16.1.8/os/rt/ports/ARMCMx/chcore_v7m.h"
  95              		.file 10 "../../../resources/chibios/ChibiOS_16.1.8/os/rt/include/chtm.h"
  96              		.file 11 "../../../resources/chibios/ChibiOS_16.1.8/os/rt/include/chsem.h"
  97              		.file 12 "../../../resources/chibios/ChibiOS_16.1.8/os/rt/include/chmtx.h"
  98              		.file 13 "../../../resources/chibios/ChibiOS_16.1.8/os/hal/ports/STM32/LLD/GPIOv1/pal_lld.h"
  99              		.file 14 "../../../resources/chibios/ChibiOS_16.1.8/os/ext/CMSIS/include/core_cm3.h"
 100              		.section	.debug_info,"",%progbits
 101              	.Ldebug_info0:
 102 0000 05080000 		.4byte	0x805
 103 0004 0200     		.2byte	0x2
 104 0006 00000000 		.4byte	.Ldebug_abbrev0
 105 000a 04       		.byte	0x4
 106 000b 01       		.uleb128 0x1
 107 000c 76040000 		.4byte	.LASF116
 108 0010 01       		.byte	0x1
 109 0011 2A000000 		.4byte	.LASF117
 110 0015 1E030000 		.4byte	.LASF118
 111 0019 00000000 		.4byte	0
 112 001d 00000000 		.4byte	0
ARM GAS  /tmp/ccDGBWs4.s 			page 3


 113 0021 00000000 		.4byte	.Ldebug_ranges0+0
 114 0025 00000000 		.4byte	.Ldebug_line0
 115 0029 02       		.uleb128 0x2
 116 002a 04       		.byte	0x4
 117 002b 05       		.byte	0x5
 118 002c 696E7400 		.ascii	"int\000"
 119 0030 03       		.uleb128 0x3
 120 0031 03020000 		.4byte	.LASF2
 121 0035 02       		.byte	0x2
 122 0036 D4       		.byte	0xd4
 123 0037 3B000000 		.4byte	0x3b
 124 003b 04       		.uleb128 0x4
 125 003c 04       		.byte	0x4
 126 003d 07       		.byte	0x7
 127 003e D8000000 		.4byte	.LASF0
 128 0042 04       		.uleb128 0x4
 129 0043 01       		.byte	0x1
 130 0044 06       		.byte	0x6
 131 0045 D6040000 		.4byte	.LASF1
 132 0049 03       		.uleb128 0x3
 133 004a A0020000 		.4byte	.LASF3
 134 004e 03       		.byte	0x3
 135 004f 2A       		.byte	0x2a
 136 0050 54000000 		.4byte	0x54
 137 0054 04       		.uleb128 0x4
 138 0055 01       		.byte	0x1
 139 0056 08       		.byte	0x8
 140 0057 8A040000 		.4byte	.LASF4
 141 005b 04       		.uleb128 0x4
 142 005c 02       		.byte	0x2
 143 005d 05       		.byte	0x5
 144 005e A6030000 		.4byte	.LASF5
 145 0062 03       		.uleb128 0x3
 146 0063 83030000 		.4byte	.LASF6
 147 0067 03       		.byte	0x3
 148 0068 36       		.byte	0x36
 149 0069 6D000000 		.4byte	0x6d
 150 006d 04       		.uleb128 0x4
 151 006e 02       		.byte	0x2
 152 006f 07       		.byte	0x7
 153 0070 E2040000 		.4byte	.LASF7
 154 0074 03       		.uleb128 0x3
 155 0075 5A040000 		.4byte	.LASF8
 156 0079 03       		.byte	0x3
 157 007a 4F       		.byte	0x4f
 158 007b 7F000000 		.4byte	0x7f
 159 007f 04       		.uleb128 0x4
 160 0080 04       		.byte	0x4
 161 0081 05       		.byte	0x5
 162 0082 CD030000 		.4byte	.LASF9
 163 0086 03       		.uleb128 0x3
 164 0087 5B010000 		.4byte	.LASF10
 165 008b 03       		.byte	0x3
 166 008c 50       		.byte	0x50
 167 008d 91000000 		.4byte	0x91
 168 0091 04       		.uleb128 0x4
 169 0092 04       		.byte	0x4
ARM GAS  /tmp/ccDGBWs4.s 			page 4


 170 0093 07       		.byte	0x7
 171 0094 3B040000 		.4byte	.LASF11
 172 0098 04       		.uleb128 0x4
 173 0099 08       		.byte	0x8
 174 009a 05       		.byte	0x5
 175 009b DA020000 		.4byte	.LASF12
 176 009f 03       		.uleb128 0x3
 177 00a0 07040000 		.4byte	.LASF13
 178 00a4 03       		.byte	0x3
 179 00a5 78       		.byte	0x78
 180 00a6 AA000000 		.4byte	0xaa
 181 00aa 04       		.uleb128 0x4
 182 00ab 08       		.byte	0x8
 183 00ac 07       		.byte	0x7
 184 00ad A4010000 		.4byte	.LASF14
 185 00b1 03       		.uleb128 0x3
 186 00b2 8C030000 		.4byte	.LASF15
 187 00b6 04       		.byte	0x4
 188 00b7 39       		.byte	0x39
 189 00b8 86000000 		.4byte	0x86
 190 00bc 03       		.uleb128 0x3
 191 00bd 70030000 		.4byte	.LASF16
 192 00c1 04       		.byte	0x4
 193 00c2 3C       		.byte	0x3c
 194 00c3 49000000 		.4byte	0x49
 195 00c7 03       		.uleb128 0x3
 196 00c8 87020000 		.4byte	.LASF17
 197 00cc 04       		.byte	0x4
 198 00cd 3D       		.byte	0x3d
 199 00ce 49000000 		.4byte	0x49
 200 00d2 03       		.uleb128 0x3
 201 00d3 33040000 		.4byte	.LASF18
 202 00d7 04       		.byte	0x4
 203 00d8 3E       		.byte	0x3e
 204 00d9 49000000 		.4byte	0x49
 205 00dd 03       		.uleb128 0x3
 206 00de 8B010000 		.4byte	.LASF19
 207 00e2 04       		.byte	0x4
 208 00e3 40       		.byte	0x40
 209 00e4 86000000 		.4byte	0x86
 210 00e8 03       		.uleb128 0x3
 211 00e9 F8020000 		.4byte	.LASF20
 212 00ed 04       		.byte	0x4
 213 00ee 41       		.byte	0x41
 214 00ef 74000000 		.4byte	0x74
 215 00f3 03       		.uleb128 0x3
 216 00f4 64010000 		.4byte	.LASF21
 217 00f8 04       		.byte	0x4
 218 00f9 43       		.byte	0x43
 219 00fa 86000000 		.4byte	0x86
 220 00fe 03       		.uleb128 0x3
 221 00ff BB010000 		.4byte	.LASF22
 222 0103 04       		.byte	0x4
 223 0104 45       		.byte	0x45
 224 0105 74000000 		.4byte	0x74
 225 0109 03       		.uleb128 0x3
 226 010a B3000000 		.4byte	.LASF23
ARM GAS  /tmp/ccDGBWs4.s 			page 5


 227 010e 05       		.byte	0x5
 228 010f 35       		.byte	0x35
 229 0110 62000000 		.4byte	0x62
 230 0114 03       		.uleb128 0x3
 231 0115 F3010000 		.4byte	.LASF24
 232 0119 05       		.byte	0x5
 233 011a 3F       		.byte	0x3f
 234 011b 1F010000 		.4byte	0x11f
 235 011f 05       		.uleb128 0x5
 236 0120 C1020000 		.4byte	.LASF44
 237 0124 44       		.byte	0x44
 238 0125 06       		.byte	0x6
 239 0126 C2       		.byte	0xc2
 240 0127 30020000 		.4byte	0x230
 241 012b 06       		.uleb128 0x6
 242 012c 00040000 		.4byte	.LASF25
 243 0130 06       		.byte	0x6
 244 0131 C3       		.byte	0xc3
 245 0132 3B020000 		.4byte	0x23b
 246 0136 02       		.byte	0x2
 247 0137 23       		.byte	0x23
 248 0138 00       		.uleb128 0
 249 0139 06       		.uleb128 0x6
 250 013a 26040000 		.4byte	.LASF26
 251 013e 06       		.byte	0x6
 252 013f C5       		.byte	0xc5
 253 0140 3B020000 		.4byte	0x23b
 254 0144 02       		.byte	0x2
 255 0145 23       		.byte	0x23
 256 0146 04       		.uleb128 0x4
 257 0147 06       		.uleb128 0x6
 258 0148 AC000000 		.4byte	.LASF27
 259 014c 06       		.byte	0x6
 260 014d C7       		.byte	0xc7
 261 014e DD000000 		.4byte	0xdd
 262 0152 02       		.byte	0x2
 263 0153 23       		.byte	0x23
 264 0154 08       		.uleb128 0x8
 265 0155 06       		.uleb128 0x6
 266 0156 10040000 		.4byte	.LASF28
 267 015a 06       		.byte	0x6
 268 015b C8       		.byte	0xc8
 269 015c 12050000 		.4byte	0x512
 270 0160 02       		.byte	0x2
 271 0161 23       		.byte	0x23
 272 0162 0C       		.uleb128 0xc
 273 0163 06       		.uleb128 0x6
 274 0164 D4010000 		.4byte	.LASF29
 275 0168 06       		.byte	0x6
 276 0169 CA       		.byte	0xca
 277 016a 3B020000 		.4byte	0x23b
 278 016e 02       		.byte	0x2
 279 016f 23       		.byte	0x23
 280 0170 10       		.uleb128 0x10
 281 0171 06       		.uleb128 0x6
 282 0172 90020000 		.4byte	.LASF30
 283 0176 06       		.byte	0x6
ARM GAS  /tmp/ccDGBWs4.s 			page 6


 284 0177 CB       		.byte	0xcb
 285 0178 3B020000 		.4byte	0x23b
 286 017c 02       		.byte	0x2
 287 017d 23       		.byte	0x23
 288 017e 14       		.uleb128 0x14
 289 017f 06       		.uleb128 0x6
 290 0180 41020000 		.4byte	.LASF31
 291 0184 06       		.byte	0x6
 292 0185 D2       		.byte	0xd2
 293 0186 B1060000 		.4byte	0x6b1
 294 018a 02       		.byte	0x2
 295 018b 23       		.byte	0x23
 296 018c 18       		.uleb128 0x18
 297 018d 06       		.uleb128 0x6
 298 018e 98020000 		.4byte	.LASF32
 299 0192 06       		.byte	0x6
 300 0193 DD       		.byte	0xdd
 301 0194 C7000000 		.4byte	0xc7
 302 0198 02       		.byte	0x2
 303 0199 23       		.byte	0x23
 304 019a 1C       		.uleb128 0x1c
 305 019b 06       		.uleb128 0x6
 306 019c 06030000 		.4byte	.LASF33
 307 01a0 06       		.byte	0x6
 308 01a1 E1       		.byte	0xe1
 309 01a2 BC000000 		.4byte	0xbc
 310 01a6 02       		.byte	0x2
 311 01a7 23       		.byte	0x23
 312 01a8 1D       		.uleb128 0x1d
 313 01a9 06       		.uleb128 0x6
 314 01aa AE040000 		.4byte	.LASF34
 315 01ae 06       		.byte	0x6
 316 01af E6       		.byte	0xe6
 317 01b0 D2000000 		.4byte	0xd2
 318 01b4 02       		.byte	0x2
 319 01b5 23       		.byte	0x23
 320 01b6 1E       		.uleb128 0x1e
 321 01b7 07       		.uleb128 0x7
 322 01b8 705F7500 		.ascii	"p_u\000"
 323 01bc 06       		.byte	0x6
 324 01bd 3101     		.2byte	0x131
 325 01bf E2050000 		.4byte	0x5e2
 326 01c3 02       		.byte	0x2
 327 01c4 23       		.byte	0x23
 328 01c5 20       		.uleb128 0x20
 329 01c6 08       		.uleb128 0x8
 330 01c7 20000000 		.4byte	.LASF35
 331 01cb 06       		.byte	0x6
 332 01cc 3601     		.2byte	0x136
 333 01ce 41020000 		.4byte	0x241
 334 01d2 02       		.byte	0x2
 335 01d3 23       		.byte	0x23
 336 01d4 24       		.uleb128 0x24
 337 01d5 08       		.uleb128 0x8
 338 01d6 CD000000 		.4byte	.LASF36
 339 01da 06       		.byte	0x6
 340 01db 3C01     		.2byte	0x13c
ARM GAS  /tmp/ccDGBWs4.s 			page 7


 341 01dd 67020000 		.4byte	0x267
 342 01e1 02       		.byte	0x2
 343 01e2 23       		.byte	0x23
 344 01e3 28       		.uleb128 0x28
 345 01e4 08       		.uleb128 0x8
 346 01e5 6A030000 		.4byte	.LASF37
 347 01e9 06       		.byte	0x6
 348 01ea 4001     		.2byte	0x140
 349 01ec E8000000 		.4byte	0xe8
 350 01f0 02       		.byte	0x2
 351 01f1 23       		.byte	0x23
 352 01f2 30       		.uleb128 0x30
 353 01f3 08       		.uleb128 0x8
 354 01f4 BA030000 		.4byte	.LASF38
 355 01f8 06       		.byte	0x6
 356 01f9 4601     		.2byte	0x146
 357 01fb F3000000 		.4byte	0xf3
 358 01ff 02       		.byte	0x2
 359 0200 23       		.byte	0x23
 360 0201 34       		.uleb128 0x34
 361 0202 08       		.uleb128 0x8
 362 0203 B7020000 		.4byte	.LASF39
 363 0207 06       		.byte	0x6
 364 0208 4D01     		.2byte	0x14d
 365 020a AB060000 		.4byte	0x6ab
 366 020e 02       		.byte	0x2
 367 020f 23       		.byte	0x23
 368 0210 38       		.uleb128 0x38
 369 0211 08       		.uleb128 0x8
 370 0212 9B030000 		.4byte	.LASF40
 371 0216 06       		.byte	0x6
 372 0217 5101     		.2byte	0x151
 373 0219 DD000000 		.4byte	0xdd
 374 021d 02       		.byte	0x2
 375 021e 23       		.byte	0x23
 376 021f 3C       		.uleb128 0x3c
 377 0220 08       		.uleb128 0x8
 378 0221 AF020000 		.4byte	.LASF41
 379 0225 06       		.byte	0x6
 380 0226 5801     		.2byte	0x158
 381 0228 2B030000 		.4byte	0x32b
 382 022c 02       		.byte	0x2
 383 022d 23       		.byte	0x23
 384 022e 40       		.uleb128 0x40
 385 022f 00       		.byte	0
 386 0230 03       		.uleb128 0x3
 387 0231 68020000 		.4byte	.LASF42
 388 0235 05       		.byte	0x5
 389 0236 44       		.byte	0x44
 390 0237 3B020000 		.4byte	0x23b
 391 023b 09       		.uleb128 0x9
 392 023c 04       		.byte	0x4
 393 023d 14010000 		.4byte	0x114
 394 0241 03       		.uleb128 0x3
 395 0242 E5000000 		.4byte	.LASF43
 396 0246 05       		.byte	0x5
 397 0247 49       		.byte	0x49
ARM GAS  /tmp/ccDGBWs4.s 			page 8


 398 0248 4C020000 		.4byte	0x24c
 399 024c 05       		.uleb128 0x5
 400 024d 00000000 		.4byte	.LASF45
 401 0251 04       		.byte	0x4
 402 0252 06       		.byte	0x6
 403 0253 B0       		.byte	0xb0
 404 0254 67020000 		.4byte	0x267
 405 0258 06       		.uleb128 0x6
 406 0259 00040000 		.4byte	.LASF25
 407 025d 06       		.byte	0x6
 408 025e B1       		.byte	0xb1
 409 025f 3B020000 		.4byte	0x23b
 410 0263 02       		.byte	0x2
 411 0264 23       		.byte	0x23
 412 0265 00       		.uleb128 0
 413 0266 00       		.byte	0
 414 0267 03       		.uleb128 0x3
 415 0268 10000000 		.4byte	.LASF46
 416 026c 05       		.byte	0x5
 417 026d 50       		.byte	0x50
 418 026e 72020000 		.4byte	0x272
 419 0272 05       		.uleb128 0x5
 420 0273 2B010000 		.4byte	.LASF47
 421 0277 08       		.byte	0x8
 422 0278 06       		.byte	0x6
 423 0279 B7       		.byte	0xb7
 424 027a 9B020000 		.4byte	0x29b
 425 027e 06       		.uleb128 0x6
 426 027f 00040000 		.4byte	.LASF25
 427 0283 06       		.byte	0x6
 428 0284 B8       		.byte	0xb8
 429 0285 3B020000 		.4byte	0x23b
 430 0289 02       		.byte	0x2
 431 028a 23       		.byte	0x23
 432 028b 00       		.uleb128 0
 433 028c 06       		.uleb128 0x6
 434 028d 26040000 		.4byte	.LASF26
 435 0291 06       		.byte	0x6
 436 0292 B9       		.byte	0xb9
 437 0293 3B020000 		.4byte	0x23b
 438 0297 02       		.byte	0x2
 439 0298 23       		.byte	0x23
 440 0299 04       		.uleb128 0x4
 441 029a 00       		.byte	0
 442 029b 03       		.uleb128 0x3
 443 029c 4D040000 		.4byte	.LASF48
 444 02a0 05       		.byte	0x5
 445 02a1 57       		.byte	0x57
 446 02a2 A6020000 		.4byte	0x2a6
 447 02a6 0A       		.uleb128 0xa
 448 02a7 07010000 		.4byte	.LASF49
 449 02ab 1C       		.byte	0x1c
 450 02ac 06       		.byte	0x6
 451 02ad 9001     		.2byte	0x190
 452 02af 0E030000 		.4byte	0x30e
 453 02b3 08       		.uleb128 0x8
 454 02b4 E8020000 		.4byte	.LASF50
ARM GAS  /tmp/ccDGBWs4.s 			page 9


 455 02b8 06       		.byte	0x6
 456 02b9 9101     		.2byte	0x191
 457 02bb 67020000 		.4byte	0x267
 458 02bf 02       		.byte	0x2
 459 02c0 23       		.byte	0x23
 460 02c1 00       		.uleb128 0
 461 02c2 08       		.uleb128 0x8
 462 02c3 70010000 		.4byte	.LASF51
 463 02c7 06       		.byte	0x6
 464 02c8 9201     		.2byte	0x192
 465 02ca DD000000 		.4byte	0xdd
 466 02ce 02       		.byte	0x2
 467 02cf 23       		.byte	0x23
 468 02d0 08       		.uleb128 0x8
 469 02d1 08       		.uleb128 0x8
 470 02d2 F5040000 		.4byte	.LASF52
 471 02d6 06       		.byte	0x6
 472 02d7 9401     		.2byte	0x194
 473 02d9 12050000 		.4byte	0x512
 474 02dd 02       		.byte	0x2
 475 02de 23       		.byte	0x23
 476 02df 0C       		.uleb128 0xc
 477 02e0 08       		.uleb128 0x8
 478 02e1 F0020000 		.4byte	.LASF53
 479 02e5 06       		.byte	0x6
 480 02e6 9701     		.2byte	0x197
 481 02e8 3B020000 		.4byte	0x23b
 482 02ec 02       		.byte	0x2
 483 02ed 23       		.byte	0x23
 484 02ee 10       		.uleb128 0x10
 485 02ef 08       		.uleb128 0x8
 486 02f0 58030000 		.4byte	.LASF54
 487 02f4 06       		.byte	0x6
 488 02f5 9801     		.2byte	0x198
 489 02f7 3B020000 		.4byte	0x23b
 490 02fb 02       		.byte	0x2
 491 02fc 23       		.byte	0x23
 492 02fd 14       		.uleb128 0x14
 493 02fe 08       		.uleb128 0x8
 494 02ff B0030000 		.4byte	.LASF55
 495 0303 06       		.byte	0x6
 496 0304 9B01     		.2byte	0x19b
 497 0306 3B020000 		.4byte	0x23b
 498 030a 02       		.byte	0x2
 499 030b 23       		.byte	0x23
 500 030c 18       		.uleb128 0x18
 501 030d 00       		.byte	0
 502 030e 03       		.uleb128 0x3
 503 030f 3C010000 		.4byte	.LASF56
 504 0313 05       		.byte	0x5
 505 0314 5C       		.byte	0x5c
 506 0315 19030000 		.4byte	0x319
 507 0319 09       		.uleb128 0x9
 508 031a 04       		.byte	0x4
 509 031b 1F030000 		.4byte	0x31f
 510 031f 0B       		.uleb128 0xb
 511 0320 01       		.byte	0x1
ARM GAS  /tmp/ccDGBWs4.s 			page 10


 512 0321 2B030000 		.4byte	0x32b
 513 0325 0C       		.uleb128 0xc
 514 0326 2B030000 		.4byte	0x32b
 515 032a 00       		.byte	0
 516 032b 0D       		.uleb128 0xd
 517 032c 04       		.byte	0x4
 518 032d 03       		.uleb128 0x3
 519 032e 0E030000 		.4byte	.LASF57
 520 0332 05       		.byte	0x5
 521 0333 61       		.byte	0x61
 522 0334 38030000 		.4byte	0x338
 523 0338 0A       		.uleb128 0xa
 524 0339 93010000 		.4byte	.LASF58
 525 033d 14       		.byte	0x14
 526 033e 06       		.byte	0x6
 527 033f 6B01     		.2byte	0x16b
 528 0341 91030000 		.4byte	0x391
 529 0345 08       		.uleb128 0x8
 530 0346 B5040000 		.4byte	.LASF59
 531 034a 06       		.byte	0x6
 532 034b 6C01     		.2byte	0x16c
 533 034d C3060000 		.4byte	0x6c3
 534 0351 02       		.byte	0x2
 535 0352 23       		.byte	0x23
 536 0353 00       		.uleb128 0
 537 0354 08       		.uleb128 0x8
 538 0355 0E050000 		.4byte	.LASF60
 539 0359 06       		.byte	0x6
 540 035a 6D01     		.2byte	0x16d
 541 035c C3060000 		.4byte	0x6c3
 542 0360 02       		.byte	0x2
 543 0361 23       		.byte	0x23
 544 0362 04       		.uleb128 0x4
 545 0363 08       		.uleb128 0x8
 546 0364 5F020000 		.4byte	.LASF61
 547 0368 06       		.byte	0x6
 548 0369 6E01     		.2byte	0x16e
 549 036b 09010000 		.4byte	0x109
 550 036f 02       		.byte	0x2
 551 0370 23       		.byte	0x23
 552 0371 08       		.uleb128 0x8
 553 0372 08       		.uleb128 0x8
 554 0373 06050000 		.4byte	.LASF62
 555 0377 06       		.byte	0x6
 556 0378 6F01     		.2byte	0x16f
 557 037a 0E030000 		.4byte	0x30e
 558 037e 02       		.byte	0x2
 559 037f 23       		.byte	0x23
 560 0380 0C       		.uleb128 0xc
 561 0381 08       		.uleb128 0x8
 562 0382 77010000 		.4byte	.LASF63
 563 0386 06       		.byte	0x6
 564 0387 7101     		.2byte	0x171
 565 0389 2B030000 		.4byte	0x32b
 566 038d 02       		.byte	0x2
 567 038e 23       		.byte	0x23
 568 038f 10       		.uleb128 0x10
ARM GAS  /tmp/ccDGBWs4.s 			page 11


 569 0390 00       		.byte	0
 570 0391 03       		.uleb128 0x3
 571 0392 98040000 		.4byte	.LASF64
 572 0396 05       		.byte	0x5
 573 0397 66       		.byte	0x66
 574 0398 9C030000 		.4byte	0x39c
 575 039c 0A       		.uleb128 0xa
 576 039d DC010000 		.4byte	.LASF65
 577 03a1 0C       		.byte	0xc
 578 03a2 06       		.byte	0x6
 579 03a3 7B01     		.2byte	0x17b
 580 03a5 E6030000 		.4byte	0x3e6
 581 03a9 08       		.uleb128 0x8
 582 03aa B5040000 		.4byte	.LASF59
 583 03ae 06       		.byte	0x6
 584 03af 7C01     		.2byte	0x17c
 585 03b1 C3060000 		.4byte	0x6c3
 586 03b5 02       		.byte	0x2
 587 03b6 23       		.byte	0x23
 588 03b7 00       		.uleb128 0
 589 03b8 08       		.uleb128 0x8
 590 03b9 0E050000 		.4byte	.LASF60
 591 03bd 06       		.byte	0x6
 592 03be 7E01     		.2byte	0x17e
 593 03c0 C3060000 		.4byte	0x6c3
 594 03c4 02       		.byte	0x2
 595 03c5 23       		.byte	0x23
 596 03c6 04       		.uleb128 0x4
 597 03c7 08       		.uleb128 0x8
 598 03c8 5F020000 		.4byte	.LASF61
 599 03cc 06       		.byte	0x6
 600 03cd 8001     		.2byte	0x180
 601 03cf 09010000 		.4byte	0x109
 602 03d3 02       		.byte	0x2
 603 03d4 23       		.byte	0x23
 604 03d5 08       		.uleb128 0x8
 605 03d6 08       		.uleb128 0x8
 606 03d7 7B020000 		.4byte	.LASF66
 607 03db 06       		.byte	0x6
 608 03dc 8801     		.2byte	0x188
 609 03de 09010000 		.4byte	0x109
 610 03e2 02       		.byte	0x2
 611 03e3 23       		.byte	0x23
 612 03e4 0A       		.uleb128 0xa
 613 03e5 00       		.byte	0
 614 03e6 03       		.uleb128 0x3
 615 03e7 CB020000 		.4byte	.LASF67
 616 03eb 05       		.byte	0x5
 617 03ec 6B       		.byte	0x6b
 618 03ed F1030000 		.4byte	0x3f1
 619 03f1 0A       		.uleb128 0xa
 620 03f2 4B010000 		.4byte	.LASF68
 621 03f6 04       		.byte	0x4
 622 03f7 06       		.byte	0x6
 623 03f8 A201     		.2byte	0x1a2
 624 03fa 0E040000 		.4byte	0x40e
 625 03fe 08       		.uleb128 0x8
ARM GAS  /tmp/ccDGBWs4.s 			page 12


 626 03ff 60030000 		.4byte	.LASF69
 627 0403 06       		.byte	0x6
 628 0404 AA01     		.2byte	0x1aa
 629 0406 C9060000 		.4byte	0x6c9
 630 040a 02       		.byte	0x2
 631 040b 23       		.byte	0x23
 632 040c 00       		.uleb128 0
 633 040d 00       		.byte	0
 634 040e 03       		.uleb128 0x3
 635 040f BD040000 		.4byte	.LASF70
 636 0413 05       		.byte	0x5
 637 0414 70       		.byte	0x70
 638 0415 19040000 		.4byte	0x419
 639 0419 0E       		.uleb128 0xe
 640 041a F6030000 		.4byte	.LASF71
 641 041e 5001     		.2byte	0x150
 642 0420 06       		.byte	0x6
 643 0421 C201     		.2byte	0x1c2
 644 0423 81040000 		.4byte	0x481
 645 0427 08       		.uleb128 0x8
 646 0428 16040000 		.4byte	.LASF72
 647 042c 06       		.byte	0x6
 648 042d C601     		.2byte	0x1c6
 649 042f 9B020000 		.4byte	0x29b
 650 0433 02       		.byte	0x2
 651 0434 23       		.byte	0x23
 652 0435 00       		.uleb128 0
 653 0436 08       		.uleb128 0x8
 654 0437 00010000 		.4byte	.LASF73
 655 043b 06       		.byte	0x6
 656 043c CA01     		.2byte	0x1ca
 657 043e 91030000 		.4byte	0x391
 658 0442 02       		.byte	0x2
 659 0443 23       		.byte	0x23
 660 0444 1C       		.uleb128 0x1c
 661 0445 07       		.uleb128 0x7
 662 0446 64626700 		.ascii	"dbg\000"
 663 044a 06       		.byte	0x6
 664 044b CE01     		.2byte	0x1ce
 665 044d E6030000 		.4byte	0x3e6
 666 0451 02       		.byte	0x2
 667 0452 23       		.byte	0x23
 668 0453 28       		.uleb128 0x28
 669 0454 08       		.uleb128 0x8
 670 0455 78030000 		.4byte	.LASF74
 671 0459 06       		.byte	0x6
 672 045a D201     		.2byte	0x1d2
 673 045c 14010000 		.4byte	0x114
 674 0460 02       		.byte	0x2
 675 0461 23       		.byte	0x23
 676 0462 2C       		.uleb128 0x2c
 677 0463 07       		.uleb128 0x7
 678 0464 746D00   		.ascii	"tm\000"
 679 0467 06       		.byte	0x6
 680 0468 D701     		.2byte	0x1d7
 681 046a D7050000 		.4byte	0x5d7
 682 046e 02       		.byte	0x2
ARM GAS  /tmp/ccDGBWs4.s 			page 13


 683 046f 23       		.byte	0x23
 684 0470 70       		.uleb128 0x70
 685 0471 08       		.uleb128 0x8
 686 0472 15010000 		.4byte	.LASF75
 687 0476 06       		.byte	0x6
 688 0477 E301     		.2byte	0x1e3
 689 0479 CE060000 		.4byte	0x6ce
 690 047d 02       		.byte	0x2
 691 047e 23       		.byte	0x23
 692 047f 78       		.uleb128 0x78
 693 0480 00       		.byte	0
 694 0481 0F       		.uleb128 0xf
 695 0482 86000000 		.4byte	0x86
 696 0486 10       		.uleb128 0x10
 697 0487 86000000 		.4byte	0x86
 698 048b 96040000 		.4byte	0x496
 699 048f 11       		.uleb128 0x11
 700 0490 3B000000 		.4byte	0x3b
 701 0494 03       		.byte	0x3
 702 0495 00       		.byte	0
 703 0496 12       		.uleb128 0x12
 704 0497 20       		.byte	0x20
 705 0498 07       		.byte	0x7
 706 0499 6001     		.2byte	0x160
 707 049b EB040000 		.4byte	0x4eb
 708 049f 08       		.uleb128 0x8
 709 04a0 20050000 		.4byte	.LASF76
 710 04a4 07       		.byte	0x7
 711 04a5 6201     		.2byte	0x162
 712 04a7 81040000 		.4byte	0x481
 713 04ab 02       		.byte	0x2
 714 04ac 23       		.byte	0x23
 715 04ad 00       		.uleb128 0
 716 04ae 08       		.uleb128 0x8
 717 04af F4000000 		.4byte	.LASF77
 718 04b3 07       		.byte	0x7
 719 04b4 6301     		.2byte	0x163
 720 04b6 81040000 		.4byte	0x481
 721 04ba 02       		.byte	0x2
 722 04bb 23       		.byte	0x23
 723 04bc 04       		.uleb128 0x4
 724 04bd 08       		.uleb128 0x8
 725 04be A8020000 		.4byte	.LASF78
 726 04c2 07       		.byte	0x7
 727 04c3 6401     		.2byte	0x164
 728 04c5 EB040000 		.4byte	0x4eb
 729 04c9 02       		.byte	0x2
 730 04ca 23       		.byte	0x23
 731 04cb 08       		.uleb128 0x8
 732 04cc 08       		.uleb128 0x8
 733 04cd 16050000 		.4byte	.LASF79
 734 04d1 07       		.byte	0x7
 735 04d2 6501     		.2byte	0x165
 736 04d4 86000000 		.4byte	0x86
 737 04d8 02       		.byte	0x2
 738 04d9 23       		.byte	0x23
 739 04da 18       		.uleb128 0x18
ARM GAS  /tmp/ccDGBWs4.s 			page 14


 740 04db 08       		.uleb128 0x8
 741 04dc 2D040000 		.4byte	.LASF80
 742 04e0 07       		.byte	0x7
 743 04e1 6601     		.2byte	0x166
 744 04e3 81040000 		.4byte	0x481
 745 04e7 02       		.byte	0x2
 746 04e8 23       		.byte	0x23
 747 04e9 1C       		.uleb128 0x1c
 748 04ea 00       		.byte	0
 749 04eb 0F       		.uleb128 0xf
 750 04ec 86040000 		.4byte	0x486
 751 04f0 13       		.uleb128 0x13
 752 04f1 48020000 		.4byte	.LASF81
 753 04f5 07       		.byte	0x7
 754 04f6 6701     		.2byte	0x167
 755 04f8 96040000 		.4byte	0x496
 756 04fc 03       		.uleb128 0x3
 757 04fd A3000000 		.4byte	.LASF82
 758 0501 08       		.byte	0x8
 759 0502 65       		.byte	0x65
 760 0503 2B030000 		.4byte	0x32b
 761 0507 03       		.uleb128 0x3
 762 0508 FB040000 		.4byte	.LASF83
 763 050c 08       		.byte	0x8
 764 050d 6D       		.byte	0x6d
 765 050e 9F000000 		.4byte	0x9f
 766 0512 05       		.uleb128 0x5
 767 0513 FE020000 		.4byte	.LASF84
 768 0517 04       		.byte	0x4
 769 0518 08       		.byte	0x8
 770 0519 89       		.byte	0x89
 771 051a 2D050000 		.4byte	0x52d
 772 051e 14       		.uleb128 0x14
 773 051f 72313300 		.ascii	"r13\000"
 774 0523 08       		.byte	0x8
 775 0524 8A       		.byte	0x8a
 776 0525 BA050000 		.4byte	0x5ba
 777 0529 02       		.byte	0x2
 778 052a 23       		.byte	0x23
 779 052b 00       		.uleb128 0
 780 052c 00       		.byte	0
 781 052d 05       		.uleb128 0x5
 782 052e D6030000 		.4byte	.LASF85
 783 0532 24       		.byte	0x24
 784 0533 09       		.byte	0x9
 785 0534 FD       		.byte	0xfd
 786 0535 BA050000 		.4byte	0x5ba
 787 0539 07       		.uleb128 0x7
 788 053a 723400   		.ascii	"r4\000"
 789 053d 09       		.byte	0x9
 790 053e 1001     		.2byte	0x110
 791 0540 FC040000 		.4byte	0x4fc
 792 0544 02       		.byte	0x2
 793 0545 23       		.byte	0x23
 794 0546 00       		.uleb128 0
 795 0547 07       		.uleb128 0x7
 796 0548 723500   		.ascii	"r5\000"
ARM GAS  /tmp/ccDGBWs4.s 			page 15


 797 054b 09       		.byte	0x9
 798 054c 1101     		.2byte	0x111
 799 054e FC040000 		.4byte	0x4fc
 800 0552 02       		.byte	0x2
 801 0553 23       		.byte	0x23
 802 0554 04       		.uleb128 0x4
 803 0555 07       		.uleb128 0x7
 804 0556 723600   		.ascii	"r6\000"
 805 0559 09       		.byte	0x9
 806 055a 1201     		.2byte	0x112
 807 055c FC040000 		.4byte	0x4fc
 808 0560 02       		.byte	0x2
 809 0561 23       		.byte	0x23
 810 0562 08       		.uleb128 0x8
 811 0563 07       		.uleb128 0x7
 812 0564 723700   		.ascii	"r7\000"
 813 0567 09       		.byte	0x9
 814 0568 1301     		.2byte	0x113
 815 056a FC040000 		.4byte	0x4fc
 816 056e 02       		.byte	0x2
 817 056f 23       		.byte	0x23
 818 0570 0C       		.uleb128 0xc
 819 0571 07       		.uleb128 0x7
 820 0572 723800   		.ascii	"r8\000"
 821 0575 09       		.byte	0x9
 822 0576 1401     		.2byte	0x114
 823 0578 FC040000 		.4byte	0x4fc
 824 057c 02       		.byte	0x2
 825 057d 23       		.byte	0x23
 826 057e 10       		.uleb128 0x10
 827 057f 07       		.uleb128 0x7
 828 0580 723900   		.ascii	"r9\000"
 829 0583 09       		.byte	0x9
 830 0584 1501     		.2byte	0x115
 831 0586 FC040000 		.4byte	0x4fc
 832 058a 02       		.byte	0x2
 833 058b 23       		.byte	0x23
 834 058c 14       		.uleb128 0x14
 835 058d 07       		.uleb128 0x7
 836 058e 72313000 		.ascii	"r10\000"
 837 0592 09       		.byte	0x9
 838 0593 1601     		.2byte	0x116
 839 0595 FC040000 		.4byte	0x4fc
 840 0599 02       		.byte	0x2
 841 059a 23       		.byte	0x23
 842 059b 18       		.uleb128 0x18
 843 059c 07       		.uleb128 0x7
 844 059d 72313100 		.ascii	"r11\000"
 845 05a1 09       		.byte	0x9
 846 05a2 1701     		.2byte	0x117
 847 05a4 FC040000 		.4byte	0x4fc
 848 05a8 02       		.byte	0x2
 849 05a9 23       		.byte	0x23
 850 05aa 1C       		.uleb128 0x1c
 851 05ab 07       		.uleb128 0x7
 852 05ac 6C7200   		.ascii	"lr\000"
 853 05af 09       		.byte	0x9
ARM GAS  /tmp/ccDGBWs4.s 			page 16


 854 05b0 1801     		.2byte	0x118
 855 05b2 FC040000 		.4byte	0x4fc
 856 05b6 02       		.byte	0x2
 857 05b7 23       		.byte	0x23
 858 05b8 20       		.uleb128 0x20
 859 05b9 00       		.byte	0
 860 05ba 09       		.uleb128 0x9
 861 05bb 04       		.byte	0x4
 862 05bc 2D050000 		.4byte	0x52d
 863 05c0 15       		.uleb128 0x15
 864 05c1 04       		.byte	0x4
 865 05c2 0A       		.byte	0xa
 866 05c3 38       		.byte	0x38
 867 05c4 D7050000 		.4byte	0x5d7
 868 05c8 06       		.uleb128 0x6
 869 05c9 11020000 		.4byte	.LASF86
 870 05cd 0A       		.byte	0xa
 871 05ce 3C       		.byte	0x3c
 872 05cf B1000000 		.4byte	0xb1
 873 05d3 02       		.byte	0x2
 874 05d4 23       		.byte	0x23
 875 05d5 00       		.uleb128 0
 876 05d6 00       		.byte	0
 877 05d7 03       		.uleb128 0x3
 878 05d8 8D000000 		.4byte	.LASF87
 879 05dc 0A       		.byte	0xa
 880 05dd 3D       		.byte	0x3d
 881 05de C0050000 		.4byte	0x5c0
 882 05e2 16       		.uleb128 0x16
 883 05e3 04       		.byte	0x4
 884 05e4 06       		.byte	0x6
 885 05e5 FA       		.byte	0xfa
 886 05e6 3F060000 		.4byte	0x63f
 887 05ea 17       		.uleb128 0x17
 888 05eb 0A020000 		.4byte	.LASF88
 889 05ef 06       		.byte	0x6
 890 05f0 0101     		.2byte	0x101
 891 05f2 E8000000 		.4byte	0xe8
 892 05f6 17       		.uleb128 0x17
 893 05f7 25050000 		.4byte	.LASF89
 894 05fb 06       		.byte	0x6
 895 05fc 0801     		.2byte	0x108
 896 05fe E8000000 		.4byte	0xe8
 897 0602 17       		.uleb128 0x17
 898 0603 F9000000 		.4byte	.LASF90
 899 0607 06       		.byte	0x6
 900 0608 0F01     		.2byte	0x10f
 901 060a 2B030000 		.4byte	0x32b
 902 060e 17       		.uleb128 0x17
 903 060f C9040000 		.4byte	.LASF91
 904 0613 06       		.byte	0x6
 905 0614 1601     		.2byte	0x116
 906 0616 3F060000 		.4byte	0x63f
 907 061a 17       		.uleb128 0x17
 908 061b 6F040000 		.4byte	.LASF92
 909 061f 06       		.byte	0x6
 910 0620 1E01     		.2byte	0x11e
ARM GAS  /tmp/ccDGBWs4.s 			page 17


 911 0622 6E060000 		.4byte	0x66e
 912 0626 17       		.uleb128 0x17
 913 0627 86000000 		.4byte	.LASF93
 914 062b 06       		.byte	0x6
 915 062c 2701     		.2byte	0x127
 916 062e AB060000 		.4byte	0x6ab
 917 0632 17       		.uleb128 0x17
 918 0633 24010000 		.4byte	.LASF94
 919 0637 06       		.byte	0x6
 920 0638 2F01     		.2byte	0x12f
 921 063a F3000000 		.4byte	0xf3
 922 063e 00       		.byte	0
 923 063f 09       		.uleb128 0x9
 924 0640 04       		.byte	0x4
 925 0641 30020000 		.4byte	0x230
 926 0645 05       		.uleb128 0x5
 927 0646 7E010000 		.4byte	.LASF95
 928 064a 0C       		.byte	0xc
 929 064b 0B       		.byte	0xb
 930 064c 34       		.byte	0x34
 931 064d 6E060000 		.4byte	0x66e
 932 0651 06       		.uleb128 0x6
 933 0652 C5000000 		.4byte	.LASF96
 934 0656 0B       		.byte	0xb
 935 0657 35       		.byte	0x35
 936 0658 67020000 		.4byte	0x267
 937 065c 02       		.byte	0x2
 938 065d 23       		.byte	0x23
 939 065e 00       		.uleb128 0
 940 065f 06       		.uleb128 0x6
 941 0660 45010000 		.4byte	.LASF97
 942 0664 0B       		.byte	0xb
 943 0665 37       		.byte	0x37
 944 0666 FE000000 		.4byte	0xfe
 945 066a 02       		.byte	0x2
 946 066b 23       		.byte	0x23
 947 066c 08       		.uleb128 0x8
 948 066d 00       		.byte	0
 949 066e 09       		.uleb128 0x9
 950 066f 04       		.byte	0x4
 951 0670 45060000 		.4byte	0x645
 952 0674 05       		.uleb128 0x5
 953 0675 25020000 		.4byte	.LASF98
 954 0679 10       		.byte	0x10
 955 067a 0C       		.byte	0xc
 956 067b 39       		.byte	0x39
 957 067c AB060000 		.4byte	0x6ab
 958 0680 06       		.uleb128 0x6
 959 0681 C5030000 		.4byte	.LASF99
 960 0685 0C       		.byte	0xc
 961 0686 3A       		.byte	0x3a
 962 0687 67020000 		.4byte	0x267
 963 068b 02       		.byte	0x2
 964 068c 23       		.byte	0x23
 965 068d 00       		.uleb128 0
 966 068e 06       		.uleb128 0x6
 967 068f BD000000 		.4byte	.LASF100
ARM GAS  /tmp/ccDGBWs4.s 			page 18


 968 0693 0C       		.byte	0xc
 969 0694 3C       		.byte	0x3c
 970 0695 3B020000 		.4byte	0x23b
 971 0699 02       		.byte	0x2
 972 069a 23       		.byte	0x23
 973 069b 08       		.uleb128 0x8
 974 069c 06       		.uleb128 0x6
 975 069d CF040000 		.4byte	.LASF101
 976 06a1 0C       		.byte	0xc
 977 06a2 3E       		.byte	0x3e
 978 06a3 E9060000 		.4byte	0x6e9
 979 06a7 02       		.byte	0x2
 980 06a8 23       		.byte	0x23
 981 06a9 0C       		.uleb128 0xc
 982 06aa 00       		.byte	0
 983 06ab 09       		.uleb128 0x9
 984 06ac 04       		.byte	0x4
 985 06ad 74060000 		.4byte	0x674
 986 06b1 09       		.uleb128 0x9
 987 06b2 04       		.byte	0x4
 988 06b3 B7060000 		.4byte	0x6b7
 989 06b7 18       		.uleb128 0x18
 990 06b8 BC060000 		.4byte	0x6bc
 991 06bc 04       		.uleb128 0x4
 992 06bd 01       		.byte	0x1
 993 06be 08       		.byte	0x8
 994 06bf 9E000000 		.4byte	.LASF102
 995 06c3 09       		.uleb128 0x9
 996 06c4 04       		.byte	0x4
 997 06c5 2D030000 		.4byte	0x32d
 998 06c9 0F       		.uleb128 0xf
 999 06ca B1060000 		.4byte	0x6b1
 1000 06ce 10       		.uleb128 0x10
 1001 06cf 07050000 		.4byte	0x507
 1002 06d3 DE060000 		.4byte	0x6de
 1003 06d7 11       		.uleb128 0x11
 1004 06d8 3B000000 		.4byte	0x3b
 1005 06dc 1A       		.byte	0x1a
 1006 06dd 00       		.byte	0
 1007 06de 03       		.uleb128 0x3
 1008 06df 82040000 		.4byte	.LASF103
 1009 06e3 0C       		.byte	0xc
 1010 06e4 34       		.byte	0x34
 1011 06e5 74060000 		.4byte	0x674
 1012 06e9 09       		.uleb128 0x9
 1013 06ea 04       		.byte	0x4
 1014 06eb DE060000 		.4byte	0x6de
 1015 06ef 04       		.uleb128 0x4
 1016 06f0 01       		.byte	0x1
 1017 06f1 02       		.byte	0x2
 1018 06f2 18020000 		.4byte	.LASF104
 1019 06f6 15       		.uleb128 0x15
 1020 06f7 0C       		.byte	0xc
 1021 06f8 0D       		.byte	0xd
 1022 06f9 68       		.byte	0x68
 1023 06fa 29070000 		.4byte	0x729
 1024 06fe 14       		.uleb128 0x14
ARM GAS  /tmp/ccDGBWs4.s 			page 19


 1025 06ff 6F647200 		.ascii	"odr\000"
 1026 0703 0D       		.byte	0xd
 1027 0704 6A       		.byte	0x6a
 1028 0705 86000000 		.4byte	0x86
 1029 0709 02       		.byte	0x2
 1030 070a 23       		.byte	0x23
 1031 070b 00       		.uleb128 0
 1032 070c 14       		.uleb128 0x14
 1033 070d 63726C00 		.ascii	"crl\000"
 1034 0711 0D       		.byte	0xd
 1035 0712 6C       		.byte	0x6c
 1036 0713 86000000 		.4byte	0x86
 1037 0717 02       		.byte	0x2
 1038 0718 23       		.byte	0x23
 1039 0719 04       		.uleb128 0x4
 1040 071a 14       		.uleb128 0x14
 1041 071b 63726800 		.ascii	"crh\000"
 1042 071f 0D       		.byte	0xd
 1043 0720 6E       		.byte	0x6e
 1044 0721 86000000 		.4byte	0x86
 1045 0725 02       		.byte	0x2
 1046 0726 23       		.byte	0x23
 1047 0727 08       		.uleb128 0x8
 1048 0728 00       		.byte	0
 1049 0729 03       		.uleb128 0x3
 1050 072a C1010000 		.4byte	.LASF105
 1051 072e 0D       		.byte	0xd
 1052 072f 6F       		.byte	0x6f
 1053 0730 F6060000 		.4byte	0x6f6
 1054 0734 15       		.uleb128 0x15
 1055 0735 3C       		.byte	0x3c
 1056 0736 0D       		.byte	0xd
 1057 0737 78       		.byte	0x78
 1058 0738 83070000 		.4byte	0x783
 1059 073c 06       		.uleb128 0x6
 1060 073d EF030000 		.4byte	.LASF106
 1061 0741 0D       		.byte	0xd
 1062 0742 7A       		.byte	0x7a
 1063 0743 29070000 		.4byte	0x729
 1064 0747 02       		.byte	0x2
 1065 0748 23       		.byte	0x23
 1066 0749 00       		.uleb128 0
 1067 074a 06       		.uleb128 0x6
 1068 074b 1E020000 		.4byte	.LASF107
 1069 074f 0D       		.byte	0xd
 1070 0750 7C       		.byte	0x7c
 1071 0751 29070000 		.4byte	0x729
 1072 0755 02       		.byte	0x2
 1073 0756 23       		.byte	0x23
 1074 0757 0C       		.uleb128 0xc
 1075 0758 06       		.uleb128 0x6
 1076 0759 7F000000 		.4byte	.LASF108
 1077 075d 0D       		.byte	0xd
 1078 075e 7E       		.byte	0x7e
 1079 075f 29070000 		.4byte	0x729
 1080 0763 02       		.byte	0x2
 1081 0764 23       		.byte	0x23
ARM GAS  /tmp/ccDGBWs4.s 			page 20


 1082 0765 18       		.uleb128 0x18
 1083 0766 06       		.uleb128 0x6
 1084 0767 94030000 		.4byte	.LASF109
 1085 076b 0D       		.byte	0xd
 1086 076c 80       		.byte	0x80
 1087 076d 29070000 		.4byte	0x729
 1088 0771 02       		.byte	0x2
 1089 0772 23       		.byte	0x23
 1090 0773 24       		.uleb128 0x24
 1091 0774 06       		.uleb128 0x6
 1092 0775 FC010000 		.4byte	.LASF110
 1093 0779 0D       		.byte	0xd
 1094 077a 83       		.byte	0x83
 1095 077b 29070000 		.4byte	0x729
 1096 077f 02       		.byte	0x2
 1097 0780 23       		.byte	0x23
 1098 0781 30       		.uleb128 0x30
 1099 0782 00       		.byte	0
 1100 0783 03       		.uleb128 0x3
 1101 0784 1C040000 		.4byte	.LASF111
 1102 0788 0D       		.byte	0xd
 1103 0789 8D       		.byte	0x8d
 1104 078a 34070000 		.4byte	0x734
 1105 078e 19       		.uleb128 0x19
 1106 078f 01       		.byte	0x1
 1107 0790 62040000 		.4byte	.LASF112
 1108 0794 01       		.byte	0x1
 1109 0795 28       		.byte	0x28
 1110 0796 01       		.byte	0x1
 1111 0797 00000000 		.4byte	.LFB213
 1112 079b 04000000 		.4byte	.LFE213
 1113 079f 02       		.byte	0x2
 1114 07a0 7D       		.byte	0x7d
 1115 07a1 00       		.sleb128 0
 1116 07a2 19       		.uleb128 0x19
 1117 07a3 01       		.byte	0x1
 1118 07a4 55020000 		.4byte	.LASF113
 1119 07a8 01       		.byte	0x1
 1120 07a9 30       		.byte	0x30
 1121 07aa 01       		.byte	0x1
 1122 07ab 00000000 		.4byte	.LFB214
 1123 07af 10000000 		.4byte	.LFE214
 1124 07b3 02       		.byte	0x2
 1125 07b4 7D       		.byte	0x7d
 1126 07b5 00       		.sleb128 0
 1127 07b6 1A       		.uleb128 0x1a
 1128 07b7 E2030000 		.4byte	.LASF114
 1129 07bb 0E       		.byte	0xe
 1130 07bc 5506     		.2byte	0x655
 1131 07be C4070000 		.4byte	0x7c4
 1132 07c2 01       		.byte	0x1
 1133 07c3 01       		.byte	0x1
 1134 07c4 0F       		.uleb128 0xf
 1135 07c5 74000000 		.4byte	0x74
 1136 07c9 1B       		.uleb128 0x1b
 1137 07ca 636800   		.ascii	"ch\000"
 1138 07cd 06       		.byte	0x6
ARM GAS  /tmp/ccDGBWs4.s 			page 21


 1139 07ce 0902     		.2byte	0x209
 1140 07d0 0E040000 		.4byte	0x40e
 1141 07d4 01       		.byte	0x1
 1142 07d5 01       		.byte	0x1
 1143 07d6 1A       		.uleb128 0x1a
 1144 07d7 E2030000 		.4byte	.LASF114
 1145 07db 0E       		.byte	0xe
 1146 07dc 5506     		.2byte	0x655
 1147 07de C4070000 		.4byte	0x7c4
 1148 07e2 01       		.byte	0x1
 1149 07e3 01       		.byte	0x1
 1150 07e4 1B       		.uleb128 0x1b
 1151 07e5 636800   		.ascii	"ch\000"
 1152 07e8 06       		.byte	0x6
 1153 07e9 0902     		.2byte	0x209
 1154 07eb 0E040000 		.4byte	0x40e
 1155 07ef 01       		.byte	0x1
 1156 07f0 01       		.byte	0x1
 1157 07f1 1C       		.uleb128 0x1c
 1158 07f2 2E020000 		.4byte	.LASF115
 1159 07f6 01       		.byte	0x1
 1160 07f7 19       		.byte	0x19
 1161 07f8 03080000 		.4byte	0x803
 1162 07fc 01       		.byte	0x1
 1163 07fd 05       		.byte	0x5
 1164 07fe 03       		.byte	0x3
 1165 07ff 00000000 		.4byte	pal_default_config
 1166 0803 18       		.uleb128 0x18
 1167 0804 83070000 		.4byte	0x783
 1168 0808 00       		.byte	0
 1169              		.section	.debug_abbrev,"",%progbits
 1170              	.Ldebug_abbrev0:
 1171 0000 01       		.uleb128 0x1
 1172 0001 11       		.uleb128 0x11
 1173 0002 01       		.byte	0x1
 1174 0003 25       		.uleb128 0x25
 1175 0004 0E       		.uleb128 0xe
 1176 0005 13       		.uleb128 0x13
 1177 0006 0B       		.uleb128 0xb
 1178 0007 03       		.uleb128 0x3
 1179 0008 0E       		.uleb128 0xe
 1180 0009 1B       		.uleb128 0x1b
 1181 000a 0E       		.uleb128 0xe
 1182 000b 11       		.uleb128 0x11
 1183 000c 01       		.uleb128 0x1
 1184 000d 52       		.uleb128 0x52
 1185 000e 01       		.uleb128 0x1
 1186 000f 55       		.uleb128 0x55
 1187 0010 06       		.uleb128 0x6
 1188 0011 10       		.uleb128 0x10
 1189 0012 06       		.uleb128 0x6
 1190 0013 00       		.byte	0
 1191 0014 00       		.byte	0
 1192 0015 02       		.uleb128 0x2
 1193 0016 24       		.uleb128 0x24
 1194 0017 00       		.byte	0
 1195 0018 0B       		.uleb128 0xb
ARM GAS  /tmp/ccDGBWs4.s 			page 22


 1196 0019 0B       		.uleb128 0xb
 1197 001a 3E       		.uleb128 0x3e
 1198 001b 0B       		.uleb128 0xb
 1199 001c 03       		.uleb128 0x3
 1200 001d 08       		.uleb128 0x8
 1201 001e 00       		.byte	0
 1202 001f 00       		.byte	0
 1203 0020 03       		.uleb128 0x3
 1204 0021 16       		.uleb128 0x16
 1205 0022 00       		.byte	0
 1206 0023 03       		.uleb128 0x3
 1207 0024 0E       		.uleb128 0xe
 1208 0025 3A       		.uleb128 0x3a
 1209 0026 0B       		.uleb128 0xb
 1210 0027 3B       		.uleb128 0x3b
 1211 0028 0B       		.uleb128 0xb
 1212 0029 49       		.uleb128 0x49
 1213 002a 13       		.uleb128 0x13
 1214 002b 00       		.byte	0
 1215 002c 00       		.byte	0
 1216 002d 04       		.uleb128 0x4
 1217 002e 24       		.uleb128 0x24
 1218 002f 00       		.byte	0
 1219 0030 0B       		.uleb128 0xb
 1220 0031 0B       		.uleb128 0xb
 1221 0032 3E       		.uleb128 0x3e
 1222 0033 0B       		.uleb128 0xb
 1223 0034 03       		.uleb128 0x3
 1224 0035 0E       		.uleb128 0xe
 1225 0036 00       		.byte	0
 1226 0037 00       		.byte	0
 1227 0038 05       		.uleb128 0x5
 1228 0039 13       		.uleb128 0x13
 1229 003a 01       		.byte	0x1
 1230 003b 03       		.uleb128 0x3
 1231 003c 0E       		.uleb128 0xe
 1232 003d 0B       		.uleb128 0xb
 1233 003e 0B       		.uleb128 0xb
 1234 003f 3A       		.uleb128 0x3a
 1235 0040 0B       		.uleb128 0xb
 1236 0041 3B       		.uleb128 0x3b
 1237 0042 0B       		.uleb128 0xb
 1238 0043 01       		.uleb128 0x1
 1239 0044 13       		.uleb128 0x13
 1240 0045 00       		.byte	0
 1241 0046 00       		.byte	0
 1242 0047 06       		.uleb128 0x6
 1243 0048 0D       		.uleb128 0xd
 1244 0049 00       		.byte	0
 1245 004a 03       		.uleb128 0x3
 1246 004b 0E       		.uleb128 0xe
 1247 004c 3A       		.uleb128 0x3a
 1248 004d 0B       		.uleb128 0xb
 1249 004e 3B       		.uleb128 0x3b
 1250 004f 0B       		.uleb128 0xb
 1251 0050 49       		.uleb128 0x49
 1252 0051 13       		.uleb128 0x13
ARM GAS  /tmp/ccDGBWs4.s 			page 23


 1253 0052 38       		.uleb128 0x38
 1254 0053 0A       		.uleb128 0xa
 1255 0054 00       		.byte	0
 1256 0055 00       		.byte	0
 1257 0056 07       		.uleb128 0x7
 1258 0057 0D       		.uleb128 0xd
 1259 0058 00       		.byte	0
 1260 0059 03       		.uleb128 0x3
 1261 005a 08       		.uleb128 0x8
 1262 005b 3A       		.uleb128 0x3a
 1263 005c 0B       		.uleb128 0xb
 1264 005d 3B       		.uleb128 0x3b
 1265 005e 05       		.uleb128 0x5
 1266 005f 49       		.uleb128 0x49
 1267 0060 13       		.uleb128 0x13
 1268 0061 38       		.uleb128 0x38
 1269 0062 0A       		.uleb128 0xa
 1270 0063 00       		.byte	0
 1271 0064 00       		.byte	0
 1272 0065 08       		.uleb128 0x8
 1273 0066 0D       		.uleb128 0xd
 1274 0067 00       		.byte	0
 1275 0068 03       		.uleb128 0x3
 1276 0069 0E       		.uleb128 0xe
 1277 006a 3A       		.uleb128 0x3a
 1278 006b 0B       		.uleb128 0xb
 1279 006c 3B       		.uleb128 0x3b
 1280 006d 05       		.uleb128 0x5
 1281 006e 49       		.uleb128 0x49
 1282 006f 13       		.uleb128 0x13
 1283 0070 38       		.uleb128 0x38
 1284 0071 0A       		.uleb128 0xa
 1285 0072 00       		.byte	0
 1286 0073 00       		.byte	0
 1287 0074 09       		.uleb128 0x9
 1288 0075 0F       		.uleb128 0xf
 1289 0076 00       		.byte	0
 1290 0077 0B       		.uleb128 0xb
 1291 0078 0B       		.uleb128 0xb
 1292 0079 49       		.uleb128 0x49
 1293 007a 13       		.uleb128 0x13
 1294 007b 00       		.byte	0
 1295 007c 00       		.byte	0
 1296 007d 0A       		.uleb128 0xa
 1297 007e 13       		.uleb128 0x13
 1298 007f 01       		.byte	0x1
 1299 0080 03       		.uleb128 0x3
 1300 0081 0E       		.uleb128 0xe
 1301 0082 0B       		.uleb128 0xb
 1302 0083 0B       		.uleb128 0xb
 1303 0084 3A       		.uleb128 0x3a
 1304 0085 0B       		.uleb128 0xb
 1305 0086 3B       		.uleb128 0x3b
 1306 0087 05       		.uleb128 0x5
 1307 0088 01       		.uleb128 0x1
 1308 0089 13       		.uleb128 0x13
 1309 008a 00       		.byte	0
ARM GAS  /tmp/ccDGBWs4.s 			page 24


 1310 008b 00       		.byte	0
 1311 008c 0B       		.uleb128 0xb
 1312 008d 15       		.uleb128 0x15
 1313 008e 01       		.byte	0x1
 1314 008f 27       		.uleb128 0x27
 1315 0090 0C       		.uleb128 0xc
 1316 0091 01       		.uleb128 0x1
 1317 0092 13       		.uleb128 0x13
 1318 0093 00       		.byte	0
 1319 0094 00       		.byte	0
 1320 0095 0C       		.uleb128 0xc
 1321 0096 05       		.uleb128 0x5
 1322 0097 00       		.byte	0
 1323 0098 49       		.uleb128 0x49
 1324 0099 13       		.uleb128 0x13
 1325 009a 00       		.byte	0
 1326 009b 00       		.byte	0
 1327 009c 0D       		.uleb128 0xd
 1328 009d 0F       		.uleb128 0xf
 1329 009e 00       		.byte	0
 1330 009f 0B       		.uleb128 0xb
 1331 00a0 0B       		.uleb128 0xb
 1332 00a1 00       		.byte	0
 1333 00a2 00       		.byte	0
 1334 00a3 0E       		.uleb128 0xe
 1335 00a4 13       		.uleb128 0x13
 1336 00a5 01       		.byte	0x1
 1337 00a6 03       		.uleb128 0x3
 1338 00a7 0E       		.uleb128 0xe
 1339 00a8 0B       		.uleb128 0xb
 1340 00a9 05       		.uleb128 0x5
 1341 00aa 3A       		.uleb128 0x3a
 1342 00ab 0B       		.uleb128 0xb
 1343 00ac 3B       		.uleb128 0x3b
 1344 00ad 05       		.uleb128 0x5
 1345 00ae 01       		.uleb128 0x1
 1346 00af 13       		.uleb128 0x13
 1347 00b0 00       		.byte	0
 1348 00b1 00       		.byte	0
 1349 00b2 0F       		.uleb128 0xf
 1350 00b3 35       		.uleb128 0x35
 1351 00b4 00       		.byte	0
 1352 00b5 49       		.uleb128 0x49
 1353 00b6 13       		.uleb128 0x13
 1354 00b7 00       		.byte	0
 1355 00b8 00       		.byte	0
 1356 00b9 10       		.uleb128 0x10
 1357 00ba 01       		.uleb128 0x1
 1358 00bb 01       		.byte	0x1
 1359 00bc 49       		.uleb128 0x49
 1360 00bd 13       		.uleb128 0x13
 1361 00be 01       		.uleb128 0x1
 1362 00bf 13       		.uleb128 0x13
 1363 00c0 00       		.byte	0
 1364 00c1 00       		.byte	0
 1365 00c2 11       		.uleb128 0x11
 1366 00c3 21       		.uleb128 0x21
ARM GAS  /tmp/ccDGBWs4.s 			page 25


 1367 00c4 00       		.byte	0
 1368 00c5 49       		.uleb128 0x49
 1369 00c6 13       		.uleb128 0x13
 1370 00c7 2F       		.uleb128 0x2f
 1371 00c8 0B       		.uleb128 0xb
 1372 00c9 00       		.byte	0
 1373 00ca 00       		.byte	0
 1374 00cb 12       		.uleb128 0x12
 1375 00cc 13       		.uleb128 0x13
 1376 00cd 01       		.byte	0x1
 1377 00ce 0B       		.uleb128 0xb
 1378 00cf 0B       		.uleb128 0xb
 1379 00d0 3A       		.uleb128 0x3a
 1380 00d1 0B       		.uleb128 0xb
 1381 00d2 3B       		.uleb128 0x3b
 1382 00d3 05       		.uleb128 0x5
 1383 00d4 01       		.uleb128 0x1
 1384 00d5 13       		.uleb128 0x13
 1385 00d6 00       		.byte	0
 1386 00d7 00       		.byte	0
 1387 00d8 13       		.uleb128 0x13
 1388 00d9 16       		.uleb128 0x16
 1389 00da 00       		.byte	0
 1390 00db 03       		.uleb128 0x3
 1391 00dc 0E       		.uleb128 0xe
 1392 00dd 3A       		.uleb128 0x3a
 1393 00de 0B       		.uleb128 0xb
 1394 00df 3B       		.uleb128 0x3b
 1395 00e0 05       		.uleb128 0x5
 1396 00e1 49       		.uleb128 0x49
 1397 00e2 13       		.uleb128 0x13
 1398 00e3 00       		.byte	0
 1399 00e4 00       		.byte	0
 1400 00e5 14       		.uleb128 0x14
 1401 00e6 0D       		.uleb128 0xd
 1402 00e7 00       		.byte	0
 1403 00e8 03       		.uleb128 0x3
 1404 00e9 08       		.uleb128 0x8
 1405 00ea 3A       		.uleb128 0x3a
 1406 00eb 0B       		.uleb128 0xb
 1407 00ec 3B       		.uleb128 0x3b
 1408 00ed 0B       		.uleb128 0xb
 1409 00ee 49       		.uleb128 0x49
 1410 00ef 13       		.uleb128 0x13
 1411 00f0 38       		.uleb128 0x38
 1412 00f1 0A       		.uleb128 0xa
 1413 00f2 00       		.byte	0
 1414 00f3 00       		.byte	0
 1415 00f4 15       		.uleb128 0x15
 1416 00f5 13       		.uleb128 0x13
 1417 00f6 01       		.byte	0x1
 1418 00f7 0B       		.uleb128 0xb
 1419 00f8 0B       		.uleb128 0xb
 1420 00f9 3A       		.uleb128 0x3a
 1421 00fa 0B       		.uleb128 0xb
 1422 00fb 3B       		.uleb128 0x3b
 1423 00fc 0B       		.uleb128 0xb
ARM GAS  /tmp/ccDGBWs4.s 			page 26


 1424 00fd 01       		.uleb128 0x1
 1425 00fe 13       		.uleb128 0x13
 1426 00ff 00       		.byte	0
 1427 0100 00       		.byte	0
 1428 0101 16       		.uleb128 0x16
 1429 0102 17       		.uleb128 0x17
 1430 0103 01       		.byte	0x1
 1431 0104 0B       		.uleb128 0xb
 1432 0105 0B       		.uleb128 0xb
 1433 0106 3A       		.uleb128 0x3a
 1434 0107 0B       		.uleb128 0xb
 1435 0108 3B       		.uleb128 0x3b
 1436 0109 0B       		.uleb128 0xb
 1437 010a 01       		.uleb128 0x1
 1438 010b 13       		.uleb128 0x13
 1439 010c 00       		.byte	0
 1440 010d 00       		.byte	0
 1441 010e 17       		.uleb128 0x17
 1442 010f 0D       		.uleb128 0xd
 1443 0110 00       		.byte	0
 1444 0111 03       		.uleb128 0x3
 1445 0112 0E       		.uleb128 0xe
 1446 0113 3A       		.uleb128 0x3a
 1447 0114 0B       		.uleb128 0xb
 1448 0115 3B       		.uleb128 0x3b
 1449 0116 05       		.uleb128 0x5
 1450 0117 49       		.uleb128 0x49
 1451 0118 13       		.uleb128 0x13
 1452 0119 00       		.byte	0
 1453 011a 00       		.byte	0
 1454 011b 18       		.uleb128 0x18
 1455 011c 26       		.uleb128 0x26
 1456 011d 00       		.byte	0
 1457 011e 49       		.uleb128 0x49
 1458 011f 13       		.uleb128 0x13
 1459 0120 00       		.byte	0
 1460 0121 00       		.byte	0
 1461 0122 19       		.uleb128 0x19
 1462 0123 2E       		.uleb128 0x2e
 1463 0124 00       		.byte	0
 1464 0125 3F       		.uleb128 0x3f
 1465 0126 0C       		.uleb128 0xc
 1466 0127 03       		.uleb128 0x3
 1467 0128 0E       		.uleb128 0xe
 1468 0129 3A       		.uleb128 0x3a
 1469 012a 0B       		.uleb128 0xb
 1470 012b 3B       		.uleb128 0x3b
 1471 012c 0B       		.uleb128 0xb
 1472 012d 27       		.uleb128 0x27
 1473 012e 0C       		.uleb128 0xc
 1474 012f 11       		.uleb128 0x11
 1475 0130 01       		.uleb128 0x1
 1476 0131 12       		.uleb128 0x12
 1477 0132 01       		.uleb128 0x1
 1478 0133 40       		.uleb128 0x40
 1479 0134 0A       		.uleb128 0xa
 1480 0135 00       		.byte	0
ARM GAS  /tmp/ccDGBWs4.s 			page 27


 1481 0136 00       		.byte	0
 1482 0137 1A       		.uleb128 0x1a
 1483 0138 34       		.uleb128 0x34
 1484 0139 00       		.byte	0
 1485 013a 03       		.uleb128 0x3
 1486 013b 0E       		.uleb128 0xe
 1487 013c 3A       		.uleb128 0x3a
 1488 013d 0B       		.uleb128 0xb
 1489 013e 3B       		.uleb128 0x3b
 1490 013f 05       		.uleb128 0x5
 1491 0140 49       		.uleb128 0x49
 1492 0141 13       		.uleb128 0x13
 1493 0142 3F       		.uleb128 0x3f
 1494 0143 0C       		.uleb128 0xc
 1495 0144 3C       		.uleb128 0x3c
 1496 0145 0C       		.uleb128 0xc
 1497 0146 00       		.byte	0
 1498 0147 00       		.byte	0
 1499 0148 1B       		.uleb128 0x1b
 1500 0149 34       		.uleb128 0x34
 1501 014a 00       		.byte	0
 1502 014b 03       		.uleb128 0x3
 1503 014c 08       		.uleb128 0x8
 1504 014d 3A       		.uleb128 0x3a
 1505 014e 0B       		.uleb128 0xb
 1506 014f 3B       		.uleb128 0x3b
 1507 0150 05       		.uleb128 0x5
 1508 0151 49       		.uleb128 0x49
 1509 0152 13       		.uleb128 0x13
 1510 0153 3F       		.uleb128 0x3f
 1511 0154 0C       		.uleb128 0xc
 1512 0155 3C       		.uleb128 0x3c
 1513 0156 0C       		.uleb128 0xc
 1514 0157 00       		.byte	0
 1515 0158 00       		.byte	0
 1516 0159 1C       		.uleb128 0x1c
 1517 015a 34       		.uleb128 0x34
 1518 015b 00       		.byte	0
 1519 015c 03       		.uleb128 0x3
 1520 015d 0E       		.uleb128 0xe
 1521 015e 3A       		.uleb128 0x3a
 1522 015f 0B       		.uleb128 0xb
 1523 0160 3B       		.uleb128 0x3b
 1524 0161 0B       		.uleb128 0xb
 1525 0162 49       		.uleb128 0x49
 1526 0163 13       		.uleb128 0x13
 1527 0164 3F       		.uleb128 0x3f
 1528 0165 0C       		.uleb128 0xc
 1529 0166 02       		.uleb128 0x2
 1530 0167 0A       		.uleb128 0xa
 1531 0168 00       		.byte	0
 1532 0169 00       		.byte	0
 1533 016a 00       		.byte	0
 1534              		.section	.debug_aranges,"",%progbits
 1535 0000 24000000 		.4byte	0x24
 1536 0004 0200     		.2byte	0x2
 1537 0006 00000000 		.4byte	.Ldebug_info0
ARM GAS  /tmp/ccDGBWs4.s 			page 28


 1538 000a 04       		.byte	0x4
 1539 000b 00       		.byte	0
 1540 000c 0000     		.2byte	0
 1541 000e 0000     		.2byte	0
 1542 0010 00000000 		.4byte	.LFB213
 1543 0014 04000000 		.4byte	.LFE213-.LFB213
 1544 0018 00000000 		.4byte	.LFB214
 1545 001c 10000000 		.4byte	.LFE214-.LFB214
 1546 0020 00000000 		.4byte	0
 1547 0024 00000000 		.4byte	0
 1548              		.section	.debug_ranges,"",%progbits
 1549              	.Ldebug_ranges0:
 1550 0000 00000000 		.4byte	.LFB213
 1551 0004 04000000 		.4byte	.LFE213
 1552 0008 00000000 		.4byte	.LFB214
 1553 000c 10000000 		.4byte	.LFE214
 1554 0010 00000000 		.4byte	0
 1555 0014 00000000 		.4byte	0
 1556              		.section	.debug_line,"",%progbits
 1557              	.Ldebug_line0:
 1558 0000 C7030000 		.section	.debug_str,"MS",%progbits,1
 1558      02009D03 
 1558      00000201 
 1558      FB0E0D00 
 1558      01010101 
 1559              	.LASF45:
 1560 0000 63685F74 		.ascii	"ch_threads_list\000"
 1560      68726561 
 1560      64735F6C 
 1560      69737400 
 1561              	.LASF46:
 1562 0010 74687265 		.ascii	"threads_queue_t\000"
 1562      6164735F 
 1562      71756575 
 1562      655F7400 
 1563              	.LASF35:
 1564 0020 705F7761 		.ascii	"p_waiting\000"
 1564      6974696E 
 1564      6700
 1565              	.LASF117:
 1566 002a 2E2E2F2E 		.ascii	"../../../resources/chibios/ChibiOS_16.1.8/os/hal/bo"
 1566      2E2F2E2E 
 1566      2F726573 
 1566      6F757263 
 1566      65732F63 
 1567 005d 61726473 		.ascii	"ards/ST_STM32VL_DISCOVERY/board.c\000"
 1567      2F53545F 
 1567      53544D33 
 1567      32564C5F 
 1567      44495343 
 1568              	.LASF108:
 1569 007f 50434461 		.ascii	"PCData\000"
 1569      746100
 1570              	.LASF93:
 1571 0086 77746D74 		.ascii	"wtmtxp\000"
 1571      787000
 1572              	.LASF87:
ARM GAS  /tmp/ccDGBWs4.s 			page 29


 1573 008d 746D5F63 		.ascii	"tm_calibration_t\000"
 1573      616C6962 
 1573      72617469 
 1573      6F6E5F74 
 1573      00
 1574              	.LASF102:
 1575 009e 63686172 		.ascii	"char\000"
 1575      00
 1576              	.LASF82:
 1577 00a3 72656761 		.ascii	"regarm_t\000"
 1577      726D5F74 
 1577      00
 1578              	.LASF27:
 1579 00ac 705F7072 		.ascii	"p_prio\000"
 1579      696F00
 1580              	.LASF23:
 1581 00b3 73797374 		.ascii	"systime_t\000"
 1581      696D655F 
 1581      7400
 1582              	.LASF100:
 1583 00bd 6D5F6F77 		.ascii	"m_owner\000"
 1583      6E657200 
 1584              	.LASF96:
 1585 00c5 735F7175 		.ascii	"s_queue\000"
 1585      65756500 
 1586              	.LASF36:
 1587 00cd 705F6D73 		.ascii	"p_msgqueue\000"
 1587      67717565 
 1587      756500
 1588              	.LASF0:
 1589 00d8 756E7369 		.ascii	"unsigned int\000"
 1589      676E6564 
 1589      20696E74 
 1589      00
 1590              	.LASF43:
 1591 00e5 74687265 		.ascii	"threads_list_t\000"
 1591      6164735F 
 1591      6C697374 
 1591      5F7400
 1592              	.LASF77:
 1593 00f4 4D415052 		.ascii	"MAPR\000"
 1593      00
 1594              	.LASF90:
 1595 00f9 77746F62 		.ascii	"wtobjp\000"
 1595      6A7000
 1596              	.LASF73:
 1597 0100 76746C69 		.ascii	"vtlist\000"
 1597      737400
 1598              	.LASF49:
 1599 0107 63685F72 		.ascii	"ch_ready_list\000"
 1599      65616479 
 1599      5F6C6973 
 1599      7400
 1600              	.LASF75:
 1601 0115 69646C65 		.ascii	"idle_thread_wa\000"
 1601      5F746872 
 1601      6561645F 
ARM GAS  /tmp/ccDGBWs4.s 			page 30


 1601      776100
 1602              	.LASF94:
 1603 0124 65776D61 		.ascii	"ewmask\000"
 1603      736B00
 1604              	.LASF47:
 1605 012b 63685F74 		.ascii	"ch_threads_queue\000"
 1605      68726561 
 1605      64735F71 
 1605      75657565 
 1605      00
 1606              	.LASF56:
 1607 013c 76746675 		.ascii	"vtfunc_t\000"
 1607      6E635F74 
 1607      00
 1608              	.LASF97:
 1609 0145 735F636E 		.ascii	"s_cnt\000"
 1609      7400
 1610              	.LASF68:
 1611 014b 63685F73 		.ascii	"ch_system_debug\000"
 1611      79737465 
 1611      6D5F6465 
 1611      62756700 
 1612              	.LASF10:
 1613 015b 75696E74 		.ascii	"uint32_t\000"
 1613      33325F74 
 1613      00
 1614              	.LASF21:
 1615 0164 6576656E 		.ascii	"eventmask_t\000"
 1615      746D6173 
 1615      6B5F7400 
 1616              	.LASF51:
 1617 0170 725F7072 		.ascii	"r_prio\000"
 1617      696F00
 1618              	.LASF63:
 1619 0177 76745F70 		.ascii	"vt_par\000"
 1619      617200
 1620              	.LASF95:
 1621 017e 63685F73 		.ascii	"ch_semaphore\000"
 1621      656D6170 
 1621      686F7265 
 1621      00
 1622              	.LASF19:
 1623 018b 74707269 		.ascii	"tprio_t\000"
 1623      6F5F7400 
 1624              	.LASF58:
 1625 0193 63685F76 		.ascii	"ch_virtual_timer\000"
 1625      69727475 
 1625      616C5F74 
 1625      696D6572 
 1625      00
 1626              	.LASF14:
 1627 01a4 6C6F6E67 		.ascii	"long long unsigned int\000"
 1627      206C6F6E 
 1627      6720756E 
 1627      7369676E 
 1627      65642069 
 1628              	.LASF22:
ARM GAS  /tmp/ccDGBWs4.s 			page 31


 1629 01bb 636E745F 		.ascii	"cnt_t\000"
 1629      7400
 1630              	.LASF105:
 1631 01c1 73746D33 		.ascii	"stm32_gpio_setup_t\000"
 1631      325F6770 
 1631      696F5F73 
 1631      65747570 
 1631      5F7400
 1632              	.LASF29:
 1633 01d4 705F6E65 		.ascii	"p_newer\000"
 1633      77657200 
 1634              	.LASF65:
 1635 01dc 63685F76 		.ascii	"ch_virtual_timers_list\000"
 1635      69727475 
 1635      616C5F74 
 1635      696D6572 
 1635      735F6C69 
 1636              	.LASF24:
 1637 01f3 74687265 		.ascii	"thread_t\000"
 1637      61645F74 
 1637      00
 1638              	.LASF110:
 1639 01fc 50454461 		.ascii	"PEData\000"
 1639      746100
 1640              	.LASF2:
 1641 0203 73697A65 		.ascii	"size_t\000"
 1641      5F7400
 1642              	.LASF88:
 1643 020a 7264796D 		.ascii	"rdymsg\000"
 1643      736700
 1644              	.LASF86:
 1645 0211 6F666673 		.ascii	"offset\000"
 1645      657400
 1646              	.LASF104:
 1647 0218 5F426F6F 		.ascii	"_Bool\000"
 1647      6C00
 1648              	.LASF107:
 1649 021e 50424461 		.ascii	"PBData\000"
 1649      746100
 1650              	.LASF98:
 1651 0225 63685F6D 		.ascii	"ch_mutex\000"
 1651      75746578 
 1651      00
 1652              	.LASF115:
 1653 022e 70616C5F 		.ascii	"pal_default_config\000"
 1653      64656661 
 1653      756C745F 
 1653      636F6E66 
 1653      696700
 1654              	.LASF31:
 1655 0241 705F6E61 		.ascii	"p_name\000"
 1655      6D6500
 1656              	.LASF81:
 1657 0248 4146494F 		.ascii	"AFIO_TypeDef\000"
 1657      5F547970 
 1657      65446566 
 1657      00
ARM GAS  /tmp/ccDGBWs4.s 			page 32


 1658              	.LASF113:
 1659 0255 626F6172 		.ascii	"boardInit\000"
 1659      64496E69 
 1659      7400
 1660              	.LASF61:
 1661 025f 76745F64 		.ascii	"vt_delta\000"
 1661      656C7461 
 1661      00
 1662              	.LASF42:
 1663 0268 74687265 		.ascii	"thread_reference_t\000"
 1663      61645F72 
 1663      65666572 
 1663      656E6365 
 1663      5F7400
 1664              	.LASF66:
 1665 027b 76745F6C 		.ascii	"vt_lasttime\000"
 1665      61737474 
 1665      696D6500 
 1666              	.LASF17:
 1667 0287 74737461 		.ascii	"tstate_t\000"
 1667      74655F74 
 1667      00
 1668              	.LASF30:
 1669 0290 705F6F6C 		.ascii	"p_older\000"
 1669      64657200 
 1670              	.LASF32:
 1671 0298 705F7374 		.ascii	"p_state\000"
 1671      61746500 
 1672              	.LASF3:
 1673 02a0 75696E74 		.ascii	"uint8_t\000"
 1673      385F7400 
 1674              	.LASF78:
 1675 02a8 45585449 		.ascii	"EXTICR\000"
 1675      435200
 1676              	.LASF41:
 1677 02af 705F6D70 		.ascii	"p_mpool\000"
 1677      6F6F6C00 
 1678              	.LASF39:
 1679 02b7 705F6D74 		.ascii	"p_mtxlist\000"
 1679      786C6973 
 1679      7400
 1680              	.LASF44:
 1681 02c1 63685F74 		.ascii	"ch_thread\000"
 1681      68726561 
 1681      6400
 1682              	.LASF67:
 1683 02cb 73797374 		.ascii	"system_debug_t\000"
 1683      656D5F64 
 1683      65627567 
 1683      5F7400
 1684              	.LASF12:
 1685 02da 6C6F6E67 		.ascii	"long long int\000"
 1685      206C6F6E 
 1685      6720696E 
 1685      7400
 1686              	.LASF50:
 1687 02e8 725F7175 		.ascii	"r_queue\000"
ARM GAS  /tmp/ccDGBWs4.s 			page 33


 1687      65756500 
 1688              	.LASF53:
 1689 02f0 725F6E65 		.ascii	"r_newer\000"
 1689      77657200 
 1690              	.LASF20:
 1691 02f8 6D73675F 		.ascii	"msg_t\000"
 1691      7400
 1692              	.LASF84:
 1693 02fe 636F6E74 		.ascii	"context\000"
 1693      65787400 
 1694              	.LASF33:
 1695 0306 705F666C 		.ascii	"p_flags\000"
 1695      61677300 
 1696              	.LASF57:
 1697 030e 76697274 		.ascii	"virtual_timer_t\000"
 1697      75616C5F 
 1697      74696D65 
 1697      725F7400 
 1698              	.LASF118:
 1699 031e 2F686F6D 		.ascii	"/home/madog/Documents/proyectos/CYCLE/repos/harvest"
 1699      652F6D61 
 1699      646F672F 
 1699      446F6375 
 1699      6D656E74 
 1700 0351 65722F73 		.ascii	"er/src\000"
 1700      726300
 1701              	.LASF54:
 1702 0358 725F6F6C 		.ascii	"r_older\000"
 1702      64657200 
 1703              	.LASF69:
 1704 0360 70616E69 		.ascii	"panic_msg\000"
 1704      635F6D73 
 1704      6700
 1705              	.LASF37:
 1706 036a 705F6D73 		.ascii	"p_msg\000"
 1706      6700
 1707              	.LASF16:
 1708 0370 746D6F64 		.ascii	"tmode_t\000"
 1708      655F7400 
 1709              	.LASF74:
 1710 0378 6D61696E 		.ascii	"mainthread\000"
 1710      74687265 
 1710      616400
 1711              	.LASF6:
 1712 0383 75696E74 		.ascii	"uint16_t\000"
 1712      31365F74 
 1712      00
 1713              	.LASF15:
 1714 038c 7274636E 		.ascii	"rtcnt_t\000"
 1714      745F7400 
 1715              	.LASF109:
 1716 0394 50444461 		.ascii	"PDData\000"
 1716      746100
 1717              	.LASF40:
 1718 039b 705F7265 		.ascii	"p_realprio\000"
 1718      616C7072 
 1718      696F00
ARM GAS  /tmp/ccDGBWs4.s 			page 34


 1719              	.LASF5:
 1720 03a6 73686F72 		.ascii	"short int\000"
 1720      7420696E 
 1720      7400
 1721              	.LASF55:
 1722 03b0 725F6375 		.ascii	"r_current\000"
 1722      7272656E 
 1722      7400
 1723              	.LASF38:
 1724 03ba 705F6570 		.ascii	"p_epending\000"
 1724      656E6469 
 1724      6E6700
 1725              	.LASF99:
 1726 03c5 6D5F7175 		.ascii	"m_queue\000"
 1726      65756500 
 1727              	.LASF9:
 1728 03cd 6C6F6E67 		.ascii	"long int\000"
 1728      20696E74 
 1728      00
 1729              	.LASF85:
 1730 03d6 706F7274 		.ascii	"port_intctx\000"
 1730      5F696E74 
 1730      63747800 
 1731              	.LASF114:
 1732 03e2 49544D5F 		.ascii	"ITM_RxBuffer\000"
 1732      52784275 
 1732      66666572 
 1732      00
 1733              	.LASF106:
 1734 03ef 50414461 		.ascii	"PAData\000"
 1734      746100
 1735              	.LASF71:
 1736 03f6 63685F73 		.ascii	"ch_system\000"
 1736      79737465 
 1736      6D00
 1737              	.LASF25:
 1738 0400 705F6E65 		.ascii	"p_next\000"
 1738      787400
 1739              	.LASF13:
 1740 0407 75696E74 		.ascii	"uint64_t\000"
 1740      36345F74 
 1740      00
 1741              	.LASF28:
 1742 0410 705F6374 		.ascii	"p_ctx\000"
 1742      7800
 1743              	.LASF72:
 1744 0416 726C6973 		.ascii	"rlist\000"
 1744      7400
 1745              	.LASF111:
 1746 041c 50414C43 		.ascii	"PALConfig\000"
 1746      6F6E6669 
 1746      6700
 1747              	.LASF26:
 1748 0426 705F7072 		.ascii	"p_prev\000"
 1748      657600
 1749              	.LASF80:
 1750 042d 4D415052 		.ascii	"MAPR2\000"
ARM GAS  /tmp/ccDGBWs4.s 			page 35


 1750      3200
 1751              	.LASF18:
 1752 0433 74726566 		.ascii	"trefs_t\000"
 1752      735F7400 
 1753              	.LASF11:
 1754 043b 6C6F6E67 		.ascii	"long unsigned int\000"
 1754      20756E73 
 1754      69676E65 
 1754      6420696E 
 1754      7400
 1755              	.LASF48:
 1756 044d 72656164 		.ascii	"ready_list_t\000"
 1756      795F6C69 
 1756      73745F74 
 1756      00
 1757              	.LASF8:
 1758 045a 696E7433 		.ascii	"int32_t\000"
 1758      325F7400 
 1759              	.LASF112:
 1760 0462 5F5F6561 		.ascii	"__early_init\000"
 1760      726C795F 
 1760      696E6974 
 1760      00
 1761              	.LASF92:
 1762 046f 77747365 		.ascii	"wtsemp\000"
 1762      6D7000
 1763              	.LASF116:
 1764 0476 474E5520 		.ascii	"GNU C 4.6.1\000"
 1764      4320342E 
 1764      362E3100 
 1765              	.LASF103:
 1766 0482 6D757465 		.ascii	"mutex_t\000"
 1766      785F7400 
 1767              	.LASF4:
 1768 048a 756E7369 		.ascii	"unsigned char\000"
 1768      676E6564 
 1768      20636861 
 1768      7200
 1769              	.LASF64:
 1770 0498 76697274 		.ascii	"virtual_timers_list_t\000"
 1770      75616C5F 
 1770      74696D65 
 1770      72735F6C 
 1770      6973745F 
 1771              	.LASF34:
 1772 04ae 705F7265 		.ascii	"p_refs\000"
 1772      667300
 1773              	.LASF59:
 1774 04b5 76745F6E 		.ascii	"vt_next\000"
 1774      65787400 
 1775              	.LASF70:
 1776 04bd 63685F73 		.ascii	"ch_system_t\000"
 1776      79737465 
 1776      6D5F7400 
 1777              	.LASF91:
 1778 04c9 77747472 		.ascii	"wttrp\000"
 1778      7000
ARM GAS  /tmp/ccDGBWs4.s 			page 36


 1779              	.LASF101:
 1780 04cf 6D5F6E65 		.ascii	"m_next\000"
 1780      787400
 1781              	.LASF1:
 1782 04d6 7369676E 		.ascii	"signed char\000"
 1782      65642063 
 1782      68617200 
 1783              	.LASF7:
 1784 04e2 73686F72 		.ascii	"short unsigned int\000"
 1784      7420756E 
 1784      7369676E 
 1784      65642069 
 1784      6E7400
 1785              	.LASF52:
 1786 04f5 725F6374 		.ascii	"r_ctx\000"
 1786      7800
 1787              	.LASF83:
 1788 04fb 73746B61 		.ascii	"stkalign_t\000"
 1788      6C69676E 
 1788      5F7400
 1789              	.LASF62:
 1790 0506 76745F66 		.ascii	"vt_func\000"
 1790      756E6300 
 1791              	.LASF60:
 1792 050e 76745F70 		.ascii	"vt_prev\000"
 1792      72657600 
 1793              	.LASF79:
 1794 0516 52455345 		.ascii	"RESERVED0\000"
 1794      52564544 
 1794      3000
 1795              	.LASF76:
 1796 0520 45564352 		.ascii	"EVCR\000"
 1796      00
 1797              	.LASF89:
 1798 0525 65786974 		.ascii	"exitcode\000"
 1798      636F6465 
 1798      00
 1799              		.ident	"GCC: (Sourcery CodeBench Lite 2011.09-69) 4.6.1"
ARM GAS  /tmp/ccDGBWs4.s 			page 37


DEFINED SYMBOLS
                            *ABS*:00000000 board.c
     /tmp/ccDGBWs4.s:19     .text.__early_init:00000000 $t
     /tmp/ccDGBWs4.s:25     .text.__early_init:00000000 __early_init
     /tmp/ccDGBWs4.s:40     .text.boardInit:00000000 $t
     /tmp/ccDGBWs4.s:46     .text.boardInit:00000000 boardInit
     /tmp/ccDGBWs4.s:69     .rodata.pal_default_config:00000000 pal_default_config
     /tmp/ccDGBWs4.s:66     .rodata.pal_default_config:00000000 $d
                     .debug_frame:00000010 $d

UNDEFINED SYMBOLS
stm32_clock_init
