ARM GAS  /tmp/ccUobdTL.s 			page 1


   1              		.syntax unified
   2              		.cpu cortex-m3
   3              		.fpu softvfp
   4              		.eabi_attribute 20, 1
   5              		.eabi_attribute 21, 1
   6              		.eabi_attribute 23, 3
   7              		.eabi_attribute 24, 1
   8              		.eabi_attribute 25, 1
   9              		.eabi_attribute 26, 1
  10              		.eabi_attribute 30, 2
  11              		.eabi_attribute 34, 1
  12              		.eabi_attribute 18, 4
  13              		.thumb
  14              		.file	"chcore_v7m.c"
  15              		.text
  16              	.Ltext0:
  17              		.cfi_sections	.debug_frame
  18              		.section	.text.SVC_Handler,"ax",%progbits
  19              		.align	2
  20              		.p2align 4,,15
  21              		.global	SVC_Handler
  22              		.thumb
  23              		.thumb_func
  24              		.type	SVC_Handler, %function
  25              	SVC_Handler:
  26              	.LFB182:
  27              		.file 1 "../../../resources/chibios/ChibiOS_16.1.8/os/rt/ports/ARMCMx/chcore_v7m.c"
  28              		.loc 1 62 0
  29              		.cfi_startproc
  30              		@ args = 0, pretend = 0, frame = 0
  31              		@ frame_needed = 0, uses_anonymous_args = 0
  32              		@ link register save eliminated.
  33              	.LBB38:
  34              	.LBB39:
  35              		.file 2 "../../../resources/chibios/ChibiOS_16.1.8/os/ext/CMSIS/include/core_cmFunc.h"
  36              		.loc 2 430 0
  37              	@ 430 "../../../resources/chibios/ChibiOS_16.1.8/os/ext/CMSIS/include/core_cmFunc.h" 1
  38 0000 EFF30980 		MRS r0, psp
  39              	
  40              	@ 0 "" 2
  41              	.LVL0:
  42              		.thumb
  43              	.LBE39:
  44              	.LBE38:
  45              		.loc 1 76 0
  46 0004 2030     		adds	r0, r0, #32
  47              	.LVL1:
  48              	.LBB40:
  49              	.LBB41:
  50              		.loc 2 443 0
  51              	@ 443 "../../../resources/chibios/ChibiOS_16.1.8/os/ext/CMSIS/include/core_cmFunc.h" 1
  52 0006 80F30988 		MSR psp, r0
  53              	
  54              	@ 0 "" 2
  55              	.LVL2:
  56              		.thumb
  57              	.LBE41:
ARM GAS  /tmp/ccUobdTL.s 			page 2


  58              	.LBE40:
  59              	.LBB42:
  60              	.LBB43:
  61              	.LBB44:
  62              	.LBB45:
  63              		.loc 2 548 0
  64 000a 0023     		movs	r3, #0
  65              	@ 548 "../../../resources/chibios/ChibiOS_16.1.8/os/ext/CMSIS/include/core_cmFunc.h" 1
  66 000c 83F31188 		MSR basepri, r3
  67              	@ 0 "" 2
  68              		.thumb
  69              	.LBE45:
  70              	.LBE44:
  71              	.LBE43:
  72              	.LBE42:
  73              		.loc 1 83 0
  74 0010 7047     		bx	lr
  75              		.cfi_endproc
  76              	.LFE182:
  77              		.size	SVC_Handler, .-SVC_Handler
  78 0012 00BFAFF3 		.section	.text._port_irq_epilogue,"ax",%progbits
  78      0080AFF3 
  78      0080AFF3 
  78      0080
  79              		.align	2
  80              		.p2align 4,,15
  81              		.global	_port_irq_epilogue
  82              		.thumb
  83              		.thumb_func
  84              		.type	_port_irq_epilogue, %function
  85              	_port_irq_epilogue:
  86              	.LFB183:
  87              		.loc 1 122 0
  88              		.cfi_startproc
  89              		@ args = 0, pretend = 0, frame = 0
  90              		@ frame_needed = 0, uses_anonymous_args = 0
  91              	.LVL3:
  92 0000 10B5     		push	{r4, lr}
  93              	.LCFI0:
  94              		.cfi_def_cfa_offset 8
  95              		.cfi_offset 14, -4
  96              		.cfi_offset 4, -8
  97              	.LBB46:
  98              	.LBB47:
  99              	.LBB48:
 100              	.LBB49:
 101              		.loc 2 548 0
 102 0002 2021     		movs	r1, #32
 103              	@ 548 "../../../resources/chibios/ChibiOS_16.1.8/os/ext/CMSIS/include/core_cmFunc.h" 1
 104 0004 81F31188 		MSR basepri, r1
 105              	@ 0 "" 2
 106              		.thumb
 107              	.LBE49:
 108              	.LBE48:
 109              	.LBE47:
 110              	.LBE46:
 111              		.loc 1 125 0
ARM GAS  /tmp/ccUobdTL.s 			page 3


 112 0008 4FF46D40 		mov	r0, #60672
 113 000c CEF20000 		movt	r0, 57344
 114 0010 4368     		ldr	r3, [r0, #4]
 115 0012 13F40063 		ands	r3, r3, #2048
 116 0016 02D1     		bne	.L7
 117              	.LVL4:
 118              	.LBB50:
 119              	.LBB51:
 120              	.LBB52:
 121              	.LBB53:
 122              		.loc 2 548 0
 123              	@ 548 "../../../resources/chibios/ChibiOS_16.1.8/os/ext/CMSIS/include/core_cmFunc.h" 1
 124 0018 83F31188 		MSR basepri, r3
 125              	@ 0 "" 2
 126              		.thumb
 127 001c 10BD     		pop	{r4, pc}
 128              	.LVL5:
 129              	.L7:
 130              	.LBE53:
 131              	.LBE52:
 132              	.LBE51:
 133              	.LBE50:
 134              	.LBB54:
 135              	.LBB55:
 136              	.LBB56:
 137              		.loc 2 430 0
 138              	@ 430 "../../../resources/chibios/ChibiOS_16.1.8/os/ext/CMSIS/include/core_cmFunc.h" 1
 139 001e EFF30984 		MRS r4, psp
 140              	
 141              	@ 0 "" 2
 142              	.LVL6:
 143              		.thumb
 144              	.LBE56:
 145              	.LBE55:
 146              		.loc 1 141 0
 147 0022 4FF08073 		mov	r3, #16777216
 148 0026 44F8043C 		str	r3, [r4, #-4]
 149              	.LVL7:
 150              		.loc 1 138 0
 151 002a A4F12002 		sub	r2, r4, #32
 152              	.LBB57:
 153              	.LBB58:
 154              		.loc 2 443 0
 155              	@ 443 "../../../resources/chibios/ChibiOS_16.1.8/os/ext/CMSIS/include/core_cmFunc.h" 1
 156 002e 82F30988 		MSR psp, r2
 157              	
 158              	@ 0 "" 2
 159              		.thumb
 160              	.LBE58:
 161              	.LBE57:
 162              		.loc 1 151 0
 163 0032 FFF7FEFF 		bl	chSchIsPreemptionRequired
 164 0036 30B1     		cbz	r0, .L4
 165              		.loc 1 153 0
 166 0038 40F20000 		movw	r0, #:lower16:_port_switch_from_isr
 167 003c C0F20000 		movt	r0, #:upper16:_port_switch_from_isr
 168 0040 44F8080C 		str	r0, [r4, #-8]
ARM GAS  /tmp/ccUobdTL.s 			page 4


 169 0044 10BD     		pop	{r4, pc}
 170              	.L4:
 171              		.loc 1 158 0
 172 0046 40F20001 		movw	r1, #:lower16:_port_exit_from_isr
 173 004a C0F20001 		movt	r1, #:upper16:_port_exit_from_isr
 174 004e 44F8081C 		str	r1, [r4, #-8]
 175 0052 10BD     		pop	{r4, pc}
 176              	.LBE54:
 177              		.cfi_endproc
 178              	.LFE183:
 179              		.size	_port_irq_epilogue, .-_port_irq_epilogue
 180 0054 AFF30080 		.text
 180      AFF30080 
 180      AFF30080 
 181              	.Letext0:
 182              		.file 3 "/home/madog/programs/CodeSourcery/Sourcery_CodeBench_Lite_for_ARM_EABI/bin/../lib/gcc/arm
 183              		.file 4 "../../../resources/chibios/ChibiOS_16.1.8/os/rt/ports/ARMCMx/compilers/GCC/chtypes.h"
 184              		.file 5 "../../../resources/chibios/ChibiOS_16.1.8/os/rt/include/chsystypes.h"
 185              		.file 6 "../../../resources/chibios/ChibiOS_16.1.8/os/rt/include/chschd.h"
 186              		.file 7 "../../../resources/chibios/ChibiOS_16.1.8/os/ext/CMSIS/include/core_cm3.h"
 187              		.file 8 "../../../resources/chibios/ChibiOS_16.1.8/os/rt/ports/ARMCMx/chcore.h"
 188              		.file 9 "../../../resources/chibios/ChibiOS_16.1.8/os/rt/ports/ARMCMx/chcore_v7m.h"
 189              		.file 10 "../../../resources/chibios/ChibiOS_16.1.8/os/rt/include/chtm.h"
 190              		.file 11 "../../../resources/chibios/ChibiOS_16.1.8/os/rt/include/chsem.h"
 191              		.file 12 "../../../resources/chibios/ChibiOS_16.1.8/os/rt/include/chmtx.h"
 192              		.section	.debug_info,"",%progbits
 193              	.Ldebug_info0:
 194 0000 F20A0000 		.4byte	0xaf2
 195 0004 0200     		.2byte	0x2
 196 0006 00000000 		.4byte	.Ldebug_abbrev0
 197 000a 04       		.byte	0x4
 198 000b 01       		.uleb128 0x1
 199 000c 96040000 		.4byte	.LASF129
 200 0010 01       		.byte	0x1
 201 0011 13030000 		.4byte	.LASF130
 202 0015 D9020000 		.4byte	.LASF131
 203 0019 00000000 		.4byte	0
 204 001d 00000000 		.4byte	0
 205 0021 00000000 		.4byte	.Ldebug_ranges0+0
 206 0025 00000000 		.4byte	.Ldebug_line0
 207 0029 02       		.uleb128 0x2
 208 002a 04       		.byte	0x4
 209 002b 05       		.byte	0x5
 210 002c 696E7400 		.ascii	"int\000"
 211 0030 03       		.uleb128 0x3
 212 0031 04       		.byte	0x4
 213 0032 07       		.byte	0x7
 214 0033 82000000 		.4byte	.LASF0
 215 0037 03       		.uleb128 0x3
 216 0038 01       		.byte	0x1
 217 0039 06       		.byte	0x6
 218 003a 2C050000 		.4byte	.LASF1
 219 003e 04       		.uleb128 0x4
 220 003f 5D020000 		.4byte	.LASF4
 221 0043 03       		.byte	0x3
 222 0044 2A       		.byte	0x2a
 223 0045 49000000 		.4byte	0x49
ARM GAS  /tmp/ccUobdTL.s 			page 5


 224 0049 03       		.uleb128 0x3
 225 004a 01       		.byte	0x1
 226 004b 08       		.byte	0x8
 227 004c BF040000 		.4byte	.LASF2
 228 0050 03       		.uleb128 0x3
 229 0051 02       		.byte	0x2
 230 0052 05       		.byte	0x5
 231 0053 BA030000 		.4byte	.LASF3
 232 0057 04       		.uleb128 0x4
 233 0058 88030000 		.4byte	.LASF5
 234 005c 03       		.byte	0x3
 235 005d 36       		.byte	0x36
 236 005e 62000000 		.4byte	0x62
 237 0062 03       		.uleb128 0x3
 238 0063 02       		.byte	0x2
 239 0064 07       		.byte	0x7
 240 0065 38050000 		.4byte	.LASF6
 241 0069 04       		.uleb128 0x4
 242 006a 8E040000 		.4byte	.LASF7
 243 006e 03       		.byte	0x3
 244 006f 4F       		.byte	0x4f
 245 0070 74000000 		.4byte	0x74
 246 0074 03       		.uleb128 0x3
 247 0075 04       		.byte	0x4
 248 0076 05       		.byte	0x5
 249 0077 E6030000 		.4byte	.LASF8
 250 007b 04       		.uleb128 0x4
 251 007c 22010000 		.4byte	.LASF9
 252 0080 03       		.byte	0x3
 253 0081 50       		.byte	0x50
 254 0082 86000000 		.4byte	0x86
 255 0086 03       		.uleb128 0x3
 256 0087 04       		.byte	0x4
 257 0088 07       		.byte	0x7
 258 0089 6F040000 		.4byte	.LASF10
 259 008d 03       		.uleb128 0x3
 260 008e 08       		.byte	0x8
 261 008f 05       		.byte	0x5
 262 0090 90020000 		.4byte	.LASF11
 263 0094 04       		.uleb128 0x4
 264 0095 27040000 		.4byte	.LASF12
 265 0099 03       		.byte	0x3
 266 009a 78       		.byte	0x78
 267 009b 9F000000 		.4byte	0x9f
 268 009f 03       		.uleb128 0x3
 269 00a0 08       		.byte	0x8
 270 00a1 07       		.byte	0x7
 271 00a2 77010000 		.4byte	.LASF13
 272 00a6 04       		.uleb128 0x4
 273 00a7 91030000 		.4byte	.LASF14
 274 00ab 04       		.byte	0x4
 275 00ac 39       		.byte	0x39
 276 00ad 7B000000 		.4byte	0x7b
 277 00b1 04       		.uleb128 0x4
 278 00b2 75030000 		.4byte	.LASF15
 279 00b6 04       		.byte	0x4
 280 00b7 3C       		.byte	0x3c
ARM GAS  /tmp/ccUobdTL.s 			page 6


 281 00b8 3E000000 		.4byte	0x3e
 282 00bc 04       		.uleb128 0x4
 283 00bd 3E020000 		.4byte	.LASF16
 284 00c1 04       		.byte	0x4
 285 00c2 3D       		.byte	0x3d
 286 00c3 3E000000 		.4byte	0x3e
 287 00c7 04       		.uleb128 0x4
 288 00c8 67040000 		.4byte	.LASF17
 289 00cc 04       		.byte	0x4
 290 00cd 3E       		.byte	0x3e
 291 00ce 3E000000 		.4byte	0x3e
 292 00d2 04       		.uleb128 0x4
 293 00d3 57010000 		.4byte	.LASF18
 294 00d7 04       		.byte	0x4
 295 00d8 40       		.byte	0x40
 296 00d9 7B000000 		.4byte	0x7b
 297 00dd 04       		.uleb128 0x4
 298 00de AE020000 		.4byte	.LASF19
 299 00e2 04       		.byte	0x4
 300 00e3 41       		.byte	0x41
 301 00e4 69000000 		.4byte	0x69
 302 00e8 04       		.uleb128 0x4
 303 00e9 30010000 		.4byte	.LASF20
 304 00ed 04       		.byte	0x4
 305 00ee 43       		.byte	0x43
 306 00ef 7B000000 		.4byte	0x7b
 307 00f3 04       		.uleb128 0x4
 308 00f4 8E010000 		.4byte	.LASF21
 309 00f8 04       		.byte	0x4
 310 00f9 45       		.byte	0x45
 311 00fa 69000000 		.4byte	0x69
 312 00fe 04       		.uleb128 0x4
 313 00ff 5D000000 		.4byte	.LASF22
 314 0103 05       		.byte	0x5
 315 0104 35       		.byte	0x35
 316 0105 57000000 		.4byte	0x57
 317 0109 04       		.uleb128 0x4
 318 010a B9010000 		.4byte	.LASF23
 319 010e 05       		.byte	0x5
 320 010f 3F       		.byte	0x3f
 321 0110 14010000 		.4byte	0x114
 322 0114 05       		.uleb128 0x5
 323 0115 77020000 		.4byte	.LASF43
 324 0119 44       		.byte	0x44
 325 011a 06       		.byte	0x6
 326 011b C2       		.byte	0xc2
 327 011c 25020000 		.4byte	0x225
 328 0120 06       		.uleb128 0x6
 329 0121 20040000 		.4byte	.LASF24
 330 0125 06       		.byte	0x6
 331 0126 C3       		.byte	0xc3
 332 0127 30020000 		.4byte	0x230
 333 012b 02       		.byte	0x2
 334 012c 23       		.byte	0x23
 335 012d 00       		.uleb128 0
 336 012e 06       		.uleb128 0x6
 337 012f 60040000 		.4byte	.LASF25
ARM GAS  /tmp/ccUobdTL.s 			page 7


 338 0133 06       		.byte	0x6
 339 0134 C5       		.byte	0xc5
 340 0135 30020000 		.4byte	0x230
 341 0139 02       		.byte	0x2
 342 013a 23       		.byte	0x23
 343 013b 04       		.uleb128 0x4
 344 013c 06       		.uleb128 0x6
 345 013d 56000000 		.4byte	.LASF26
 346 0141 06       		.byte	0x6
 347 0142 C7       		.byte	0xc7
 348 0143 D2000000 		.4byte	0xd2
 349 0147 02       		.byte	0x2
 350 0148 23       		.byte	0x23
 351 0149 08       		.uleb128 0x8
 352 014a 06       		.uleb128 0x6
 353 014b 30040000 		.4byte	.LASF27
 354 014f 06       		.byte	0x6
 355 0150 C8       		.byte	0xc8
 356 0151 4B060000 		.4byte	0x64b
 357 0155 02       		.byte	0x2
 358 0156 23       		.byte	0x23
 359 0157 0C       		.uleb128 0xc
 360 0158 06       		.uleb128 0x6
 361 0159 94010000 		.4byte	.LASF28
 362 015d 06       		.byte	0x6
 363 015e CA       		.byte	0xca
 364 015f 30020000 		.4byte	0x230
 365 0163 02       		.byte	0x2
 366 0164 23       		.byte	0x23
 367 0165 10       		.uleb128 0x10
 368 0166 06       		.uleb128 0x6
 369 0167 4D020000 		.4byte	.LASF29
 370 016b 06       		.byte	0x6
 371 016c CB       		.byte	0xcb
 372 016d 30020000 		.4byte	0x230
 373 0171 02       		.byte	0x2
 374 0172 23       		.byte	0x23
 375 0173 14       		.uleb128 0x14
 376 0174 06       		.uleb128 0x6
 377 0175 05020000 		.4byte	.LASF30
 378 0179 06       		.byte	0x6
 379 017a D2       		.byte	0xd2
 380 017b 62080000 		.4byte	0x862
 381 017f 02       		.byte	0x2
 382 0180 23       		.byte	0x23
 383 0181 18       		.uleb128 0x18
 384 0182 06       		.uleb128 0x6
 385 0183 55020000 		.4byte	.LASF31
 386 0187 06       		.byte	0x6
 387 0188 DD       		.byte	0xdd
 388 0189 BC000000 		.4byte	0xbc
 389 018d 02       		.byte	0x2
 390 018e 23       		.byte	0x23
 391 018f 1C       		.uleb128 0x1c
 392 0190 06       		.uleb128 0x6
 393 0191 C1020000 		.4byte	.LASF32
 394 0195 06       		.byte	0x6
ARM GAS  /tmp/ccUobdTL.s 			page 8


 395 0196 E1       		.byte	0xe1
 396 0197 B1000000 		.4byte	0xb1
 397 019b 02       		.byte	0x2
 398 019c 23       		.byte	0x23
 399 019d 1D       		.uleb128 0x1d
 400 019e 06       		.uleb128 0x6
 401 019f E3040000 		.4byte	.LASF33
 402 01a3 06       		.byte	0x6
 403 01a4 E6       		.byte	0xe6
 404 01a5 C7000000 		.4byte	0xc7
 405 01a9 02       		.byte	0x2
 406 01aa 23       		.byte	0x23
 407 01ab 1E       		.uleb128 0x1e
 408 01ac 07       		.uleb128 0x7
 409 01ad 705F7500 		.ascii	"p_u\000"
 410 01b1 06       		.byte	0x6
 411 01b2 3101     		.2byte	0x131
 412 01b4 93070000 		.4byte	0x793
 413 01b8 02       		.byte	0x2
 414 01b9 23       		.byte	0x23
 415 01ba 20       		.uleb128 0x20
 416 01bb 08       		.uleb128 0x8
 417 01bc 20000000 		.4byte	.LASF34
 418 01c0 06       		.byte	0x6
 419 01c1 3601     		.2byte	0x136
 420 01c3 36020000 		.4byte	0x236
 421 01c7 02       		.byte	0x2
 422 01c8 23       		.byte	0x23
 423 01c9 24       		.uleb128 0x24
 424 01ca 08       		.uleb128 0x8
 425 01cb 77000000 		.4byte	.LASF35
 426 01cf 06       		.byte	0x6
 427 01d0 3C01     		.2byte	0x13c
 428 01d2 5C020000 		.4byte	0x25c
 429 01d6 02       		.byte	0x2
 430 01d7 23       		.byte	0x23
 431 01d8 28       		.uleb128 0x28
 432 01d9 08       		.uleb128 0x8
 433 01da 6F030000 		.4byte	.LASF36
 434 01de 06       		.byte	0x6
 435 01df 4001     		.2byte	0x140
 436 01e1 DD000000 		.4byte	0xdd
 437 01e5 02       		.byte	0x2
 438 01e6 23       		.byte	0x23
 439 01e7 30       		.uleb128 0x30
 440 01e8 08       		.uleb128 0x8
 441 01e9 D3030000 		.4byte	.LASF37
 442 01ed 06       		.byte	0x6
 443 01ee 4601     		.2byte	0x146
 444 01f0 E8000000 		.4byte	0xe8
 445 01f4 02       		.byte	0x2
 446 01f5 23       		.byte	0x23
 447 01f6 34       		.uleb128 0x34
 448 01f7 08       		.uleb128 0x8
 449 01f8 6D020000 		.4byte	.LASF38
 450 01fc 06       		.byte	0x6
 451 01fd 4D01     		.2byte	0x14d
ARM GAS  /tmp/ccUobdTL.s 			page 9


 452 01ff 5C080000 		.4byte	0x85c
 453 0203 02       		.byte	0x2
 454 0204 23       		.byte	0x23
 455 0205 38       		.uleb128 0x38
 456 0206 08       		.uleb128 0x8
 457 0207 A9030000 		.4byte	.LASF39
 458 020b 06       		.byte	0x6
 459 020c 5101     		.2byte	0x151
 460 020e D2000000 		.4byte	0xd2
 461 0212 02       		.byte	0x2
 462 0213 23       		.byte	0x23
 463 0214 3C       		.uleb128 0x3c
 464 0215 08       		.uleb128 0x8
 465 0216 65020000 		.4byte	.LASF40
 466 021a 06       		.byte	0x6
 467 021b 5801     		.2byte	0x158
 468 021d 20030000 		.4byte	0x320
 469 0221 02       		.byte	0x2
 470 0222 23       		.byte	0x23
 471 0223 40       		.uleb128 0x40
 472 0224 00       		.byte	0
 473 0225 04       		.uleb128 0x4
 474 0226 1A020000 		.4byte	.LASF41
 475 022a 05       		.byte	0x5
 476 022b 44       		.byte	0x44
 477 022c 30020000 		.4byte	0x230
 478 0230 09       		.uleb128 0x9
 479 0231 04       		.byte	0x4
 480 0232 09010000 		.4byte	0x109
 481 0236 04       		.uleb128 0x4
 482 0237 8F000000 		.4byte	.LASF42
 483 023b 05       		.byte	0x5
 484 023c 49       		.byte	0x49
 485 023d 41020000 		.4byte	0x241
 486 0241 05       		.uleb128 0x5
 487 0242 00000000 		.4byte	.LASF44
 488 0246 04       		.byte	0x4
 489 0247 06       		.byte	0x6
 490 0248 B0       		.byte	0xb0
 491 0249 5C020000 		.4byte	0x25c
 492 024d 06       		.uleb128 0x6
 493 024e 20040000 		.4byte	.LASF24
 494 0252 06       		.byte	0x6
 495 0253 B1       		.byte	0xb1
 496 0254 30020000 		.4byte	0x230
 497 0258 02       		.byte	0x2
 498 0259 23       		.byte	0x23
 499 025a 00       		.uleb128 0
 500 025b 00       		.byte	0
 501 025c 04       		.uleb128 0x4
 502 025d 10000000 		.4byte	.LASF45
 503 0261 05       		.byte	0x5
 504 0262 50       		.byte	0x50
 505 0263 67020000 		.4byte	0x267
 506 0267 05       		.uleb128 0x5
 507 0268 F2000000 		.4byte	.LASF46
 508 026c 08       		.byte	0x8
ARM GAS  /tmp/ccUobdTL.s 			page 10


 509 026d 06       		.byte	0x6
 510 026e B7       		.byte	0xb7
 511 026f 90020000 		.4byte	0x290
 512 0273 06       		.uleb128 0x6
 513 0274 20040000 		.4byte	.LASF24
 514 0278 06       		.byte	0x6
 515 0279 B8       		.byte	0xb8
 516 027a 30020000 		.4byte	0x230
 517 027e 02       		.byte	0x2
 518 027f 23       		.byte	0x23
 519 0280 00       		.uleb128 0
 520 0281 06       		.uleb128 0x6
 521 0282 60040000 		.4byte	.LASF25
 522 0286 06       		.byte	0x6
 523 0287 B9       		.byte	0xb9
 524 0288 30020000 		.4byte	0x230
 525 028c 02       		.byte	0x2
 526 028d 23       		.byte	0x23
 527 028e 04       		.uleb128 0x4
 528 028f 00       		.byte	0
 529 0290 04       		.uleb128 0x4
 530 0291 81040000 		.4byte	.LASF47
 531 0295 05       		.byte	0x5
 532 0296 57       		.byte	0x57
 533 0297 9B020000 		.4byte	0x29b
 534 029b 0A       		.uleb128 0xa
 535 029c CE000000 		.4byte	.LASF48
 536 02a0 1C       		.byte	0x1c
 537 02a1 06       		.byte	0x6
 538 02a2 9001     		.2byte	0x190
 539 02a4 03030000 		.4byte	0x303
 540 02a8 08       		.uleb128 0x8
 541 02a9 9E020000 		.4byte	.LASF49
 542 02ad 06       		.byte	0x6
 543 02ae 9101     		.2byte	0x191
 544 02b0 5C020000 		.4byte	0x25c
 545 02b4 02       		.byte	0x2
 546 02b5 23       		.byte	0x23
 547 02b6 00       		.uleb128 0
 548 02b7 08       		.uleb128 0x8
 549 02b8 3C010000 		.4byte	.LASF50
 550 02bc 06       		.byte	0x6
 551 02bd 9201     		.2byte	0x192
 552 02bf D2000000 		.4byte	0xd2
 553 02c3 02       		.byte	0x2
 554 02c4 23       		.byte	0x23
 555 02c5 08       		.uleb128 0x8
 556 02c6 08       		.uleb128 0x8
 557 02c7 4B050000 		.4byte	.LASF51
 558 02cb 06       		.byte	0x6
 559 02cc 9401     		.2byte	0x194
 560 02ce 4B060000 		.4byte	0x64b
 561 02d2 02       		.byte	0x2
 562 02d3 23       		.byte	0x23
 563 02d4 0C       		.uleb128 0xc
 564 02d5 08       		.uleb128 0x8
 565 02d6 A6020000 		.4byte	.LASF52
ARM GAS  /tmp/ccUobdTL.s 			page 11


 566 02da 06       		.byte	0x6
 567 02db 9701     		.2byte	0x197
 568 02dd 30020000 		.4byte	0x230
 569 02e1 02       		.byte	0x2
 570 02e2 23       		.byte	0x23
 571 02e3 10       		.uleb128 0x10
 572 02e4 08       		.uleb128 0x8
 573 02e5 5D030000 		.4byte	.LASF53
 574 02e9 06       		.byte	0x6
 575 02ea 9801     		.2byte	0x198
 576 02ec 30020000 		.4byte	0x230
 577 02f0 02       		.byte	0x2
 578 02f1 23       		.byte	0x23
 579 02f2 14       		.uleb128 0x14
 580 02f3 08       		.uleb128 0x8
 581 02f4 C4030000 		.4byte	.LASF54
 582 02f8 06       		.byte	0x6
 583 02f9 9B01     		.2byte	0x19b
 584 02fb 30020000 		.4byte	0x230
 585 02ff 02       		.byte	0x2
 586 0300 23       		.byte	0x23
 587 0301 18       		.uleb128 0x18
 588 0302 00       		.byte	0
 589 0303 04       		.uleb128 0x4
 590 0304 03010000 		.4byte	.LASF55
 591 0308 05       		.byte	0x5
 592 0309 5C       		.byte	0x5c
 593 030a 0E030000 		.4byte	0x30e
 594 030e 09       		.uleb128 0x9
 595 030f 04       		.byte	0x4
 596 0310 14030000 		.4byte	0x314
 597 0314 0B       		.uleb128 0xb
 598 0315 01       		.byte	0x1
 599 0316 20030000 		.4byte	0x320
 600 031a 0C       		.uleb128 0xc
 601 031b 20030000 		.4byte	0x320
 602 031f 00       		.byte	0
 603 0320 0D       		.uleb128 0xd
 604 0321 04       		.byte	0x4
 605 0322 04       		.uleb128 0x4
 606 0323 C9020000 		.4byte	.LASF56
 607 0327 05       		.byte	0x5
 608 0328 61       		.byte	0x61
 609 0329 2D030000 		.4byte	0x32d
 610 032d 0A       		.uleb128 0xa
 611 032e 5F010000 		.4byte	.LASF57
 612 0332 14       		.byte	0x14
 613 0333 06       		.byte	0x6
 614 0334 6B01     		.2byte	0x16b
 615 0336 86030000 		.4byte	0x386
 616 033a 08       		.uleb128 0x8
 617 033b 04050000 		.4byte	.LASF58
 618 033f 06       		.byte	0x6
 619 0340 6C01     		.2byte	0x16c
 620 0342 74080000 		.4byte	0x874
 621 0346 02       		.byte	0x2
 622 0347 23       		.byte	0x23
ARM GAS  /tmp/ccUobdTL.s 			page 12


 623 0348 00       		.uleb128 0
 624 0349 08       		.uleb128 0x8
 625 034a 70050000 		.4byte	.LASF59
 626 034e 06       		.byte	0x6
 627 034f 6D01     		.2byte	0x16d
 628 0351 74080000 		.4byte	0x874
 629 0355 02       		.byte	0x2
 630 0356 23       		.byte	0x23
 631 0357 04       		.uleb128 0x4
 632 0358 08       		.uleb128 0x8
 633 0359 11020000 		.4byte	.LASF60
 634 035d 06       		.byte	0x6
 635 035e 6E01     		.2byte	0x16e
 636 0360 FE000000 		.4byte	0xfe
 637 0364 02       		.byte	0x2
 638 0365 23       		.byte	0x23
 639 0366 08       		.uleb128 0x8
 640 0367 08       		.uleb128 0x8
 641 0368 5C050000 		.4byte	.LASF61
 642 036c 06       		.byte	0x6
 643 036d 6F01     		.2byte	0x16f
 644 036f 03030000 		.4byte	0x303
 645 0373 02       		.byte	0x2
 646 0374 23       		.byte	0x23
 647 0375 0C       		.uleb128 0xc
 648 0376 08       		.uleb128 0x8
 649 0377 43010000 		.4byte	.LASF62
 650 037b 06       		.byte	0x6
 651 037c 7101     		.2byte	0x171
 652 037e 20030000 		.4byte	0x320
 653 0382 02       		.byte	0x2
 654 0383 23       		.byte	0x23
 655 0384 10       		.uleb128 0x10
 656 0385 00       		.byte	0
 657 0386 04       		.uleb128 0x4
 658 0387 CD040000 		.4byte	.LASF63
 659 038b 05       		.byte	0x5
 660 038c 66       		.byte	0x66
 661 038d 91030000 		.4byte	0x391
 662 0391 0A       		.uleb128 0xa
 663 0392 A2010000 		.4byte	.LASF64
 664 0396 0C       		.byte	0xc
 665 0397 06       		.byte	0x6
 666 0398 7B01     		.2byte	0x17b
 667 039a DB030000 		.4byte	0x3db
 668 039e 08       		.uleb128 0x8
 669 039f 04050000 		.4byte	.LASF58
 670 03a3 06       		.byte	0x6
 671 03a4 7C01     		.2byte	0x17c
 672 03a6 74080000 		.4byte	0x874
 673 03aa 02       		.byte	0x2
 674 03ab 23       		.byte	0x23
 675 03ac 00       		.uleb128 0
 676 03ad 08       		.uleb128 0x8
 677 03ae 70050000 		.4byte	.LASF59
 678 03b2 06       		.byte	0x6
 679 03b3 7E01     		.2byte	0x17e
ARM GAS  /tmp/ccUobdTL.s 			page 13


 680 03b5 74080000 		.4byte	0x874
 681 03b9 02       		.byte	0x2
 682 03ba 23       		.byte	0x23
 683 03bb 04       		.uleb128 0x4
 684 03bc 08       		.uleb128 0x8
 685 03bd 11020000 		.4byte	.LASF60
 686 03c1 06       		.byte	0x6
 687 03c2 8001     		.2byte	0x180
 688 03c4 FE000000 		.4byte	0xfe
 689 03c8 02       		.byte	0x2
 690 03c9 23       		.byte	0x23
 691 03ca 08       		.uleb128 0x8
 692 03cb 08       		.uleb128 0x8
 693 03cc 2D020000 		.4byte	.LASF65
 694 03d0 06       		.byte	0x6
 695 03d1 8801     		.2byte	0x188
 696 03d3 FE000000 		.4byte	0xfe
 697 03d7 02       		.byte	0x2
 698 03d8 23       		.byte	0x23
 699 03d9 0A       		.uleb128 0xa
 700 03da 00       		.byte	0
 701 03db 04       		.uleb128 0x4
 702 03dc 81020000 		.4byte	.LASF66
 703 03e0 05       		.byte	0x5
 704 03e1 6B       		.byte	0x6b
 705 03e2 E6030000 		.4byte	0x3e6
 706 03e6 0A       		.uleb128 0xa
 707 03e7 12010000 		.4byte	.LASF67
 708 03eb 04       		.byte	0x4
 709 03ec 06       		.byte	0x6
 710 03ed A201     		.2byte	0x1a2
 711 03ef 03040000 		.4byte	0x403
 712 03f3 08       		.uleb128 0x8
 713 03f4 65030000 		.4byte	.LASF68
 714 03f8 06       		.byte	0x6
 715 03f9 AA01     		.2byte	0x1aa
 716 03fb 7A080000 		.4byte	0x87a
 717 03ff 02       		.byte	0x2
 718 0400 23       		.byte	0x23
 719 0401 00       		.uleb128 0
 720 0402 00       		.byte	0
 721 0403 04       		.uleb128 0x4
 722 0404 0C050000 		.4byte	.LASF69
 723 0408 05       		.byte	0x5
 724 0409 70       		.byte	0x70
 725 040a 0E040000 		.4byte	0x40e
 726 040e 0E       		.uleb128 0xe
 727 040f 08040000 		.4byte	.LASF70
 728 0413 5001     		.2byte	0x150
 729 0415 06       		.byte	0x6
 730 0416 C201     		.2byte	0x1c2
 731 0418 76040000 		.4byte	0x476
 732 041c 08       		.uleb128 0x8
 733 041d 36040000 		.4byte	.LASF71
 734 0421 06       		.byte	0x6
 735 0422 C601     		.2byte	0x1c6
 736 0424 90020000 		.4byte	0x290
ARM GAS  /tmp/ccUobdTL.s 			page 14


 737 0428 02       		.byte	0x2
 738 0429 23       		.byte	0x23
 739 042a 00       		.uleb128 0
 740 042b 08       		.uleb128 0x8
 741 042c B4000000 		.4byte	.LASF72
 742 0430 06       		.byte	0x6
 743 0431 CA01     		.2byte	0x1ca
 744 0433 86030000 		.4byte	0x386
 745 0437 02       		.byte	0x2
 746 0438 23       		.byte	0x23
 747 0439 1C       		.uleb128 0x1c
 748 043a 07       		.uleb128 0x7
 749 043b 64626700 		.ascii	"dbg\000"
 750 043f 06       		.byte	0x6
 751 0440 CE01     		.2byte	0x1ce
 752 0442 DB030000 		.4byte	0x3db
 753 0446 02       		.byte	0x2
 754 0447 23       		.byte	0x23
 755 0448 28       		.uleb128 0x28
 756 0449 08       		.uleb128 0x8
 757 044a 7D030000 		.4byte	.LASF73
 758 044e 06       		.byte	0x6
 759 044f D201     		.2byte	0x1d2
 760 0451 09010000 		.4byte	0x109
 761 0455 02       		.byte	0x2
 762 0456 23       		.byte	0x23
 763 0457 2C       		.uleb128 0x2c
 764 0458 07       		.uleb128 0x7
 765 0459 746D00   		.ascii	"tm\000"
 766 045c 06       		.byte	0x6
 767 045d D701     		.2byte	0x1d7
 768 045f 88070000 		.4byte	0x788
 769 0463 02       		.byte	0x2
 770 0464 23       		.byte	0x23
 771 0465 70       		.uleb128 0x70
 772 0466 08       		.uleb128 0x8
 773 0467 DC000000 		.4byte	.LASF74
 774 046b 06       		.byte	0x6
 775 046c E301     		.2byte	0x1e3
 776 046e 7F080000 		.4byte	0x87f
 777 0472 02       		.byte	0x2
 778 0473 23       		.byte	0x23
 779 0474 78       		.uleb128 0x78
 780 0475 00       		.byte	0
 781 0476 0F       		.uleb128 0xf
 782 0477 7B000000 		.4byte	0x7b
 783 047b 10       		.uleb128 0x10
 784 047c 8C       		.byte	0x8c
 785 047d 07       		.byte	0x7
 786 047e 8301     		.2byte	0x183
 787 0480 C1050000 		.4byte	0x5c1
 788 0484 08       		.uleb128 0x8
 789 0485 D0010000 		.4byte	.LASF75
 790 0489 07       		.byte	0x7
 791 048a 8501     		.2byte	0x185
 792 048c C1050000 		.4byte	0x5c1
 793 0490 02       		.byte	0x2
ARM GAS  /tmp/ccUobdTL.s 			page 15


 794 0491 23       		.byte	0x23
 795 0492 00       		.uleb128 0
 796 0493 08       		.uleb128 0x8
 797 0494 39020000 		.4byte	.LASF76
 798 0498 07       		.byte	0x7
 799 0499 8601     		.2byte	0x186
 800 049b 76040000 		.4byte	0x476
 801 049f 02       		.byte	0x2
 802 04a0 23       		.byte	0x23
 803 04a1 04       		.uleb128 0x4
 804 04a2 08       		.uleb128 0x8
 805 04a3 56040000 		.4byte	.LASF77
 806 04a7 07       		.byte	0x7
 807 04a8 8701     		.2byte	0x187
 808 04aa 76040000 		.4byte	0x476
 809 04ae 02       		.byte	0x2
 810 04af 23       		.byte	0x23
 811 04b0 08       		.uleb128 0x8
 812 04b1 08       		.uleb128 0x8
 813 04b2 47020000 		.4byte	.LASF78
 814 04b6 07       		.byte	0x7
 815 04b7 8801     		.2byte	0x188
 816 04b9 76040000 		.4byte	0x476
 817 04bd 02       		.byte	0x2
 818 04be 23       		.byte	0x23
 819 04bf 0C       		.uleb128 0xc
 820 04c0 07       		.uleb128 0x7
 821 04c1 53435200 		.ascii	"SCR\000"
 822 04c5 07       		.byte	0x7
 823 04c6 8901     		.2byte	0x189
 824 04c8 76040000 		.4byte	0x476
 825 04cc 02       		.byte	0x2
 826 04cd 23       		.byte	0x23
 827 04ce 10       		.uleb128 0x10
 828 04cf 07       		.uleb128 0x7
 829 04d0 43435200 		.ascii	"CCR\000"
 830 04d4 07       		.byte	0x7
 831 04d5 8A01     		.2byte	0x18a
 832 04d7 76040000 		.4byte	0x476
 833 04db 02       		.byte	0x2
 834 04dc 23       		.byte	0x23
 835 04dd 14       		.uleb128 0x14
 836 04de 07       		.uleb128 0x7
 837 04df 53485000 		.ascii	"SHP\000"
 838 04e3 07       		.byte	0x7
 839 04e4 8B01     		.2byte	0x18b
 840 04e6 D6050000 		.4byte	0x5d6
 841 04ea 02       		.byte	0x2
 842 04eb 23       		.byte	0x23
 843 04ec 18       		.uleb128 0x18
 844 04ed 08       		.uleb128 0x8
 845 04ee B4030000 		.4byte	.LASF79
 846 04f2 07       		.byte	0x7
 847 04f3 8C01     		.2byte	0x18c
 848 04f5 76040000 		.4byte	0x476
 849 04f9 02       		.byte	0x2
 850 04fa 23       		.byte	0x23
ARM GAS  /tmp/ccUobdTL.s 			page 16


 851 04fb 24       		.uleb128 0x24
 852 04fc 08       		.uleb128 0x8
 853 04fd B4020000 		.4byte	.LASF80
 854 0501 07       		.byte	0x7
 855 0502 8D01     		.2byte	0x18d
 856 0504 76040000 		.4byte	0x476
 857 0508 02       		.byte	0x2
 858 0509 23       		.byte	0x23
 859 050a 28       		.uleb128 0x28
 860 050b 08       		.uleb128 0x8
 861 050c 0C020000 		.4byte	.LASF81
 862 0510 07       		.byte	0x7
 863 0511 8E01     		.2byte	0x18e
 864 0513 76040000 		.4byte	0x476
 865 0517 02       		.byte	0x2
 866 0518 23       		.byte	0x23
 867 0519 2C       		.uleb128 0x2c
 868 051a 08       		.uleb128 0x8
 869 051b 9E000000 		.4byte	.LASF82
 870 051f 07       		.byte	0x7
 871 0520 8F01     		.2byte	0x18f
 872 0522 76040000 		.4byte	0x476
 873 0526 02       		.byte	0x2
 874 0527 23       		.byte	0x23
 875 0528 30       		.uleb128 0x30
 876 0529 08       		.uleb128 0x8
 877 052a 99030000 		.4byte	.LASF83
 878 052e 07       		.byte	0x7
 879 052f 9001     		.2byte	0x190
 880 0531 76040000 		.4byte	0x476
 881 0535 02       		.byte	0x2
 882 0536 23       		.byte	0x23
 883 0537 34       		.uleb128 0x34
 884 0538 08       		.uleb128 0x8
 885 0539 51040000 		.4byte	.LASF84
 886 053d 07       		.byte	0x7
 887 053e 9101     		.2byte	0x191
 888 0540 76040000 		.4byte	0x476
 889 0544 02       		.byte	0x2
 890 0545 23       		.byte	0x23
 891 0546 38       		.uleb128 0x38
 892 0547 08       		.uleb128 0x8
 893 0548 F4010000 		.4byte	.LASF85
 894 054c 07       		.byte	0x7
 895 054d 9201     		.2byte	0x192
 896 054f 76040000 		.4byte	0x476
 897 0553 02       		.byte	0x2
 898 0554 23       		.byte	0x23
 899 0555 3C       		.uleb128 0x3c
 900 0556 07       		.uleb128 0x7
 901 0557 50465200 		.ascii	"PFR\000"
 902 055b 07       		.byte	0x7
 903 055c 9301     		.2byte	0x193
 904 055e EB050000 		.4byte	0x5eb
 905 0562 02       		.byte	0x2
 906 0563 23       		.byte	0x23
 907 0564 40       		.uleb128 0x40
ARM GAS  /tmp/ccUobdTL.s 			page 17


 908 0565 07       		.uleb128 0x7
 909 0566 44465200 		.ascii	"DFR\000"
 910 056a 07       		.byte	0x7
 911 056b 9401     		.2byte	0x194
 912 056d C1050000 		.4byte	0x5c1
 913 0571 02       		.byte	0x2
 914 0572 23       		.byte	0x23
 915 0573 48       		.uleb128 0x48
 916 0574 07       		.uleb128 0x7
 917 0575 41445200 		.ascii	"ADR\000"
 918 0579 07       		.byte	0x7
 919 057a 9501     		.2byte	0x195
 920 057c C1050000 		.4byte	0x5c1
 921 0580 02       		.byte	0x2
 922 0581 23       		.byte	0x23
 923 0582 4C       		.uleb128 0x4c
 924 0583 08       		.uleb128 0x8
 925 0584 2B010000 		.4byte	.LASF86
 926 0588 07       		.byte	0x7
 927 0589 9601     		.2byte	0x196
 928 058b 05060000 		.4byte	0x605
 929 058f 02       		.byte	0x2
 930 0590 23       		.byte	0x23
 931 0591 50       		.uleb128 0x50
 932 0592 08       		.uleb128 0x8
 933 0593 82050000 		.4byte	.LASF87
 934 0597 07       		.byte	0x7
 935 0598 9701     		.2byte	0x197
 936 059a 1F060000 		.4byte	0x61f
 937 059e 02       		.byte	0x2
 938 059f 23       		.byte	0x23
 939 05a0 60       		.uleb128 0x60
 940 05a1 08       		.uleb128 0x8
 941 05a2 78050000 		.4byte	.LASF88
 942 05a6 07       		.byte	0x7
 943 05a7 9801     		.2byte	0x198
 944 05a9 0F060000 		.4byte	0x60f
 945 05ad 02       		.byte	0x2
 946 05ae 23       		.byte	0x23
 947 05af 74       		.uleb128 0x74
 948 05b0 08       		.uleb128 0x8
 949 05b1 2A000000 		.4byte	.LASF89
 950 05b5 07       		.byte	0x7
 951 05b6 9901     		.2byte	0x199
 952 05b8 76040000 		.4byte	0x476
 953 05bc 03       		.byte	0x3
 954 05bd 23       		.byte	0x23
 955 05be 8801     		.uleb128 0x88
 956 05c0 00       		.byte	0
 957 05c1 11       		.uleb128 0x11
 958 05c2 76040000 		.4byte	0x476
 959 05c6 12       		.uleb128 0x12
 960 05c7 3E000000 		.4byte	0x3e
 961 05cb D6050000 		.4byte	0x5d6
 962 05cf 13       		.uleb128 0x13
 963 05d0 30000000 		.4byte	0x30
 964 05d4 0B       		.byte	0xb
ARM GAS  /tmp/ccUobdTL.s 			page 18


 965 05d5 00       		.byte	0
 966 05d6 0F       		.uleb128 0xf
 967 05d7 C6050000 		.4byte	0x5c6
 968 05db 12       		.uleb128 0x12
 969 05dc 7B000000 		.4byte	0x7b
 970 05e0 EB050000 		.4byte	0x5eb
 971 05e4 13       		.uleb128 0x13
 972 05e5 30000000 		.4byte	0x30
 973 05e9 01       		.byte	0x1
 974 05ea 00       		.byte	0
 975 05eb 11       		.uleb128 0x11
 976 05ec F0050000 		.4byte	0x5f0
 977 05f0 0F       		.uleb128 0xf
 978 05f1 DB050000 		.4byte	0x5db
 979 05f5 12       		.uleb128 0x12
 980 05f6 7B000000 		.4byte	0x7b
 981 05fa 05060000 		.4byte	0x605
 982 05fe 13       		.uleb128 0x13
 983 05ff 30000000 		.4byte	0x30
 984 0603 03       		.byte	0x3
 985 0604 00       		.byte	0
 986 0605 11       		.uleb128 0x11
 987 0606 0A060000 		.4byte	0x60a
 988 060a 0F       		.uleb128 0xf
 989 060b F5050000 		.4byte	0x5f5
 990 060f 12       		.uleb128 0x12
 991 0610 7B000000 		.4byte	0x7b
 992 0614 1F060000 		.4byte	0x61f
 993 0618 13       		.uleb128 0x13
 994 0619 30000000 		.4byte	0x30
 995 061d 04       		.byte	0x4
 996 061e 00       		.byte	0
 997 061f 11       		.uleb128 0x11
 998 0620 24060000 		.4byte	0x624
 999 0624 0F       		.uleb128 0xf
 1000 0625 0F060000 		.4byte	0x60f
 1001 0629 14       		.uleb128 0x14
 1002 062a 48040000 		.4byte	.LASF90
 1003 062e 07       		.byte	0x7
 1004 062f 9A01     		.2byte	0x19a
 1005 0631 7B040000 		.4byte	0x47b
 1006 0635 04       		.uleb128 0x4
 1007 0636 4D000000 		.4byte	.LASF91
 1008 063a 08       		.byte	0x8
 1009 063b 65       		.byte	0x65
 1010 063c 20030000 		.4byte	0x320
 1011 0640 04       		.uleb128 0x4
 1012 0641 51050000 		.4byte	.LASF92
 1013 0645 08       		.byte	0x8
 1014 0646 6D       		.byte	0x6d
 1015 0647 94000000 		.4byte	0x94
 1016 064b 05       		.uleb128 0x5
 1017 064c B9020000 		.4byte	.LASF93
 1018 0650 04       		.byte	0x4
 1019 0651 08       		.byte	0x8
 1020 0652 89       		.byte	0x89
 1021 0653 66060000 		.4byte	0x666
ARM GAS  /tmp/ccUobdTL.s 			page 19


 1022 0657 15       		.uleb128 0x15
 1023 0658 72313300 		.ascii	"r13\000"
 1024 065c 08       		.byte	0x8
 1025 065d 8A       		.byte	0x8a
 1026 065e F3060000 		.4byte	0x6f3
 1027 0662 02       		.byte	0x2
 1028 0663 23       		.byte	0x23
 1029 0664 00       		.uleb128 0
 1030 0665 00       		.byte	0
 1031 0666 05       		.uleb128 0x5
 1032 0667 EF030000 		.4byte	.LASF94
 1033 066b 24       		.byte	0x24
 1034 066c 09       		.byte	0x9
 1035 066d FD       		.byte	0xfd
 1036 066e F3060000 		.4byte	0x6f3
 1037 0672 07       		.uleb128 0x7
 1038 0673 723400   		.ascii	"r4\000"
 1039 0676 09       		.byte	0x9
 1040 0677 1001     		.2byte	0x110
 1041 0679 35060000 		.4byte	0x635
 1042 067d 02       		.byte	0x2
 1043 067e 23       		.byte	0x23
 1044 067f 00       		.uleb128 0
 1045 0680 07       		.uleb128 0x7
 1046 0681 723500   		.ascii	"r5\000"
 1047 0684 09       		.byte	0x9
 1048 0685 1101     		.2byte	0x111
 1049 0687 35060000 		.4byte	0x635
 1050 068b 02       		.byte	0x2
 1051 068c 23       		.byte	0x23
 1052 068d 04       		.uleb128 0x4
 1053 068e 07       		.uleb128 0x7
 1054 068f 723600   		.ascii	"r6\000"
 1055 0692 09       		.byte	0x9
 1056 0693 1201     		.2byte	0x112
 1057 0695 35060000 		.4byte	0x635
 1058 0699 02       		.byte	0x2
 1059 069a 23       		.byte	0x23
 1060 069b 08       		.uleb128 0x8
 1061 069c 07       		.uleb128 0x7
 1062 069d 723700   		.ascii	"r7\000"
 1063 06a0 09       		.byte	0x9
 1064 06a1 1301     		.2byte	0x113
 1065 06a3 35060000 		.4byte	0x635
 1066 06a7 02       		.byte	0x2
 1067 06a8 23       		.byte	0x23
 1068 06a9 0C       		.uleb128 0xc
 1069 06aa 07       		.uleb128 0x7
 1070 06ab 723800   		.ascii	"r8\000"
 1071 06ae 09       		.byte	0x9
 1072 06af 1401     		.2byte	0x114
 1073 06b1 35060000 		.4byte	0x635
 1074 06b5 02       		.byte	0x2
 1075 06b6 23       		.byte	0x23
 1076 06b7 10       		.uleb128 0x10
 1077 06b8 07       		.uleb128 0x7
 1078 06b9 723900   		.ascii	"r9\000"
ARM GAS  /tmp/ccUobdTL.s 			page 20


 1079 06bc 09       		.byte	0x9
 1080 06bd 1501     		.2byte	0x115
 1081 06bf 35060000 		.4byte	0x635
 1082 06c3 02       		.byte	0x2
 1083 06c4 23       		.byte	0x23
 1084 06c5 14       		.uleb128 0x14
 1085 06c6 07       		.uleb128 0x7
 1086 06c7 72313000 		.ascii	"r10\000"
 1087 06cb 09       		.byte	0x9
 1088 06cc 1601     		.2byte	0x116
 1089 06ce 35060000 		.4byte	0x635
 1090 06d2 02       		.byte	0x2
 1091 06d3 23       		.byte	0x23
 1092 06d4 18       		.uleb128 0x18
 1093 06d5 07       		.uleb128 0x7
 1094 06d6 72313100 		.ascii	"r11\000"
 1095 06da 09       		.byte	0x9
 1096 06db 1701     		.2byte	0x117
 1097 06dd 35060000 		.4byte	0x635
 1098 06e1 02       		.byte	0x2
 1099 06e2 23       		.byte	0x23
 1100 06e3 1C       		.uleb128 0x1c
 1101 06e4 07       		.uleb128 0x7
 1102 06e5 6C7200   		.ascii	"lr\000"
 1103 06e8 09       		.byte	0x9
 1104 06e9 1801     		.2byte	0x118
 1105 06eb 35060000 		.4byte	0x635
 1106 06ef 02       		.byte	0x2
 1107 06f0 23       		.byte	0x23
 1108 06f1 20       		.uleb128 0x20
 1109 06f2 00       		.byte	0
 1110 06f3 09       		.uleb128 0x9
 1111 06f4 04       		.byte	0x4
 1112 06f5 66060000 		.4byte	0x666
 1113 06f9 05       		.uleb128 0x5
 1114 06fa 3C040000 		.4byte	.LASF95
 1115 06fe 20       		.byte	0x20
 1116 06ff 09       		.byte	0x9
 1117 0700 DE       		.byte	0xde
 1118 0701 71070000 		.4byte	0x771
 1119 0705 15       		.uleb128 0x15
 1120 0706 723000   		.ascii	"r0\000"
 1121 0709 09       		.byte	0x9
 1122 070a DF       		.byte	0xdf
 1123 070b 35060000 		.4byte	0x635
 1124 070f 02       		.byte	0x2
 1125 0710 23       		.byte	0x23
 1126 0711 00       		.uleb128 0
 1127 0712 15       		.uleb128 0x15
 1128 0713 723100   		.ascii	"r1\000"
 1129 0716 09       		.byte	0x9
 1130 0717 E0       		.byte	0xe0
 1131 0718 35060000 		.4byte	0x635
 1132 071c 02       		.byte	0x2
 1133 071d 23       		.byte	0x23
 1134 071e 04       		.uleb128 0x4
 1135 071f 15       		.uleb128 0x15
ARM GAS  /tmp/ccUobdTL.s 			page 21


 1136 0720 723200   		.ascii	"r2\000"
 1137 0723 09       		.byte	0x9
 1138 0724 E1       		.byte	0xe1
 1139 0725 35060000 		.4byte	0x635
 1140 0729 02       		.byte	0x2
 1141 072a 23       		.byte	0x23
 1142 072b 08       		.uleb128 0x8
 1143 072c 15       		.uleb128 0x15
 1144 072d 723300   		.ascii	"r3\000"
 1145 0730 09       		.byte	0x9
 1146 0731 E2       		.byte	0xe2
 1147 0732 35060000 		.4byte	0x635
 1148 0736 02       		.byte	0x2
 1149 0737 23       		.byte	0x23
 1150 0738 0C       		.uleb128 0xc
 1151 0739 15       		.uleb128 0x15
 1152 073a 72313200 		.ascii	"r12\000"
 1153 073e 09       		.byte	0x9
 1154 073f E3       		.byte	0xe3
 1155 0740 35060000 		.4byte	0x635
 1156 0744 02       		.byte	0x2
 1157 0745 23       		.byte	0x23
 1158 0746 10       		.uleb128 0x10
 1159 0747 06       		.uleb128 0x6
 1160 0748 FD040000 		.4byte	.LASF96
 1161 074c 09       		.byte	0x9
 1162 074d E4       		.byte	0xe4
 1163 074e 35060000 		.4byte	0x635
 1164 0752 02       		.byte	0x2
 1165 0753 23       		.byte	0x23
 1166 0754 14       		.uleb128 0x14
 1167 0755 15       		.uleb128 0x15
 1168 0756 706300   		.ascii	"pc\000"
 1169 0759 09       		.byte	0x9
 1170 075a E5       		.byte	0xe5
 1171 075b 35060000 		.4byte	0x635
 1172 075f 02       		.byte	0x2
 1173 0760 23       		.byte	0x23
 1174 0761 18       		.uleb128 0x18
 1175 0762 06       		.uleb128 0x6
 1176 0763 5B040000 		.4byte	.LASF97
 1177 0767 09       		.byte	0x9
 1178 0768 E6       		.byte	0xe6
 1179 0769 35060000 		.4byte	0x635
 1180 076d 02       		.byte	0x2
 1181 076e 23       		.byte	0x23
 1182 076f 1C       		.uleb128 0x1c
 1183 0770 00       		.byte	0
 1184 0771 16       		.uleb128 0x16
 1185 0772 04       		.byte	0x4
 1186 0773 0A       		.byte	0xa
 1187 0774 38       		.byte	0x38
 1188 0775 88070000 		.4byte	0x788
 1189 0779 06       		.uleb128 0x6
 1190 077a C9010000 		.4byte	.LASF98
 1191 077e 0A       		.byte	0xa
 1192 077f 3C       		.byte	0x3c
ARM GAS  /tmp/ccUobdTL.s 			page 22


 1193 0780 A6000000 		.4byte	0xa6
 1194 0784 02       		.byte	0x2
 1195 0785 23       		.byte	0x23
 1196 0786 00       		.uleb128 0
 1197 0787 00       		.byte	0
 1198 0788 04       		.uleb128 0x4
 1199 0789 37000000 		.4byte	.LASF99
 1200 078d 0A       		.byte	0xa
 1201 078e 3D       		.byte	0x3d
 1202 078f 71070000 		.4byte	0x771
 1203 0793 17       		.uleb128 0x17
 1204 0794 04       		.byte	0x4
 1205 0795 06       		.byte	0x6
 1206 0796 FA       		.byte	0xfa
 1207 0797 F0070000 		.4byte	0x7f0
 1208 079b 18       		.uleb128 0x18
 1209 079c C2010000 		.4byte	.LASF100
 1210 07a0 06       		.byte	0x6
 1211 07a1 0101     		.2byte	0x101
 1212 07a3 DD000000 		.4byte	0xdd
 1213 07a7 18       		.uleb128 0x18
 1214 07a8 87050000 		.4byte	.LASF101
 1215 07ac 06       		.byte	0x6
 1216 07ad 0801     		.2byte	0x108
 1217 07af DD000000 		.4byte	0xdd
 1218 07b3 18       		.uleb128 0x18
 1219 07b4 A3000000 		.4byte	.LASF102
 1220 07b8 06       		.byte	0x6
 1221 07b9 0F01     		.2byte	0x10f
 1222 07bb 20030000 		.4byte	0x320
 1223 07bf 18       		.uleb128 0x18
 1224 07c0 1F050000 		.4byte	.LASF103
 1225 07c4 06       		.byte	0x6
 1226 07c5 1601     		.2byte	0x116
 1227 07c7 F0070000 		.4byte	0x7f0
 1228 07cb 18       		.uleb128 0x18
 1229 07cc 18050000 		.4byte	.LASF104
 1230 07d0 06       		.byte	0x6
 1231 07d1 1E01     		.2byte	0x11e
 1232 07d3 1F080000 		.4byte	0x81f
 1233 07d7 18       		.uleb128 0x18
 1234 07d8 30000000 		.4byte	.LASF105
 1235 07dc 06       		.byte	0x6
 1236 07dd 2701     		.2byte	0x127
 1237 07df 5C080000 		.4byte	0x85c
 1238 07e3 18       		.uleb128 0x18
 1239 07e4 EB000000 		.4byte	.LASF106
 1240 07e8 06       		.byte	0x6
 1241 07e9 2F01     		.2byte	0x12f
 1242 07eb E8000000 		.4byte	0xe8
 1243 07ef 00       		.byte	0
 1244 07f0 09       		.uleb128 0x9
 1245 07f1 04       		.byte	0x4
 1246 07f2 25020000 		.4byte	0x225
 1247 07f6 05       		.uleb128 0x5
 1248 07f7 4A010000 		.4byte	.LASF107
 1249 07fb 0C       		.byte	0xc
ARM GAS  /tmp/ccUobdTL.s 			page 23


 1250 07fc 0B       		.byte	0xb
 1251 07fd 34       		.byte	0x34
 1252 07fe 1F080000 		.4byte	0x81f
 1253 0802 06       		.uleb128 0x6
 1254 0803 6F000000 		.4byte	.LASF108
 1255 0807 0B       		.byte	0xb
 1256 0808 35       		.byte	0x35
 1257 0809 5C020000 		.4byte	0x25c
 1258 080d 02       		.byte	0x2
 1259 080e 23       		.byte	0x23
 1260 080f 00       		.uleb128 0
 1261 0810 06       		.uleb128 0x6
 1262 0811 0C010000 		.4byte	.LASF109
 1263 0815 0B       		.byte	0xb
 1264 0816 37       		.byte	0x37
 1265 0817 F3000000 		.4byte	0xf3
 1266 081b 02       		.byte	0x2
 1267 081c 23       		.byte	0x23
 1268 081d 08       		.uleb128 0x8
 1269 081e 00       		.byte	0
 1270 081f 09       		.uleb128 0x9
 1271 0820 04       		.byte	0x4
 1272 0821 F6070000 		.4byte	0x7f6
 1273 0825 05       		.uleb128 0x5
 1274 0826 EB010000 		.4byte	.LASF110
 1275 082a 10       		.byte	0x10
 1276 082b 0C       		.byte	0xc
 1277 082c 39       		.byte	0x39
 1278 082d 5C080000 		.4byte	0x85c
 1279 0831 06       		.uleb128 0x6
 1280 0832 DE030000 		.4byte	.LASF111
 1281 0836 0C       		.byte	0xc
 1282 0837 3A       		.byte	0x3a
 1283 0838 5C020000 		.4byte	0x25c
 1284 083c 02       		.byte	0x2
 1285 083d 23       		.byte	0x23
 1286 083e 00       		.uleb128 0
 1287 083f 06       		.uleb128 0x6
 1288 0840 67000000 		.4byte	.LASF112
 1289 0844 0C       		.byte	0xc
 1290 0845 3C       		.byte	0x3c
 1291 0846 30020000 		.4byte	0x230
 1292 084a 02       		.byte	0x2
 1293 084b 23       		.byte	0x23
 1294 084c 08       		.uleb128 0x8
 1295 084d 06       		.uleb128 0x6
 1296 084e 25050000 		.4byte	.LASF113
 1297 0852 0C       		.byte	0xc
 1298 0853 3E       		.byte	0x3e
 1299 0854 9A080000 		.4byte	0x89a
 1300 0858 02       		.byte	0x2
 1301 0859 23       		.byte	0x23
 1302 085a 0C       		.uleb128 0xc
 1303 085b 00       		.byte	0
 1304 085c 09       		.uleb128 0x9
 1305 085d 04       		.byte	0x4
 1306 085e 25080000 		.4byte	0x825
ARM GAS  /tmp/ccUobdTL.s 			page 24


 1307 0862 09       		.uleb128 0x9
 1308 0863 04       		.byte	0x4
 1309 0864 68080000 		.4byte	0x868
 1310 0868 11       		.uleb128 0x11
 1311 0869 6D080000 		.4byte	0x86d
 1312 086d 03       		.uleb128 0x3
 1313 086e 01       		.byte	0x1
 1314 086f 08       		.byte	0x8
 1315 0870 48000000 		.4byte	.LASF114
 1316 0874 09       		.uleb128 0x9
 1317 0875 04       		.byte	0x4
 1318 0876 22030000 		.4byte	0x322
 1319 087a 0F       		.uleb128 0xf
 1320 087b 62080000 		.4byte	0x862
 1321 087f 12       		.uleb128 0x12
 1322 0880 40060000 		.4byte	0x640
 1323 0884 8F080000 		.4byte	0x88f
 1324 0888 13       		.uleb128 0x13
 1325 0889 30000000 		.4byte	0x30
 1326 088d 1A       		.byte	0x1a
 1327 088e 00       		.byte	0
 1328 088f 04       		.uleb128 0x4
 1329 0890 A2040000 		.4byte	.LASF115
 1330 0894 0C       		.byte	0xc
 1331 0895 34       		.byte	0x34
 1332 0896 25080000 		.4byte	0x825
 1333 089a 09       		.uleb128 0x9
 1334 089b 04       		.byte	0x4
 1335 089c 8F080000 		.4byte	0x88f
 1336 08a0 03       		.uleb128 0x3
 1337 08a1 01       		.byte	0x1
 1338 08a2 02       		.byte	0x2
 1339 08a3 D6010000 		.4byte	.LASF116
 1340 08a7 19       		.uleb128 0x19
 1341 08a8 12040000 		.4byte	.LASF119
 1342 08ac 02       		.byte	0x2
 1343 08ad 2202     		.2byte	0x222
 1344 08af 01       		.byte	0x1
 1345 08b0 03       		.byte	0x3
 1346 08b1 C2080000 		.4byte	0x8c2
 1347 08b5 1A       		.uleb128 0x1a
 1348 08b6 9C010000 		.4byte	.LASF121
 1349 08ba 02       		.byte	0x2
 1350 08bb 2202     		.2byte	0x222
 1351 08bd 7B000000 		.4byte	0x7b
 1352 08c1 00       		.byte	0
 1353 08c2 1B       		.uleb128 0x1b
 1354 08c3 AA000000 		.4byte	.LASF117
 1355 08c7 09       		.byte	0x9
 1356 08c8 C801     		.2byte	0x1c8
 1357 08ca 01       		.byte	0x1
 1358 08cb 03       		.byte	0x3
 1359 08cc 1B       		.uleb128 0x1b
 1360 08cd 64050000 		.4byte	.LASF118
 1361 08d1 09       		.byte	0x9
 1362 08d2 E001     		.2byte	0x1e0
 1363 08d4 01       		.byte	0x1
ARM GAS  /tmp/ccUobdTL.s 			page 25


 1364 08d5 03       		.byte	0x3
 1365 08d6 1C       		.uleb128 0x1c
 1366 08d7 90050000 		.4byte	.LASF132
 1367 08db 02       		.byte	0x2
 1368 08dc AA01     		.2byte	0x1aa
 1369 08de 01       		.byte	0x1
 1370 08df 7B000000 		.4byte	0x7b
 1371 08e3 03       		.byte	0x3
 1372 08e4 F5080000 		.4byte	0x8f5
 1373 08e8 1D       		.uleb128 0x1d
 1374 08e9 70010000 		.4byte	.LASF133
 1375 08ed 02       		.byte	0x2
 1376 08ee AC01     		.2byte	0x1ac
 1377 08f0 7B000000 		.4byte	0x7b
 1378 08f4 00       		.byte	0
 1379 08f5 19       		.uleb128 0x19
 1380 08f6 9F030000 		.4byte	.LASF120
 1381 08fa 02       		.byte	0x2
 1382 08fb B901     		.2byte	0x1b9
 1383 08fd 01       		.byte	0x1
 1384 08fe 03       		.byte	0x3
 1385 08ff 10090000 		.4byte	0x910
 1386 0903 1A       		.uleb128 0x1a
 1387 0904 DC010000 		.4byte	.LASF122
 1388 0908 02       		.byte	0x2
 1389 0909 B901     		.2byte	0x1b9
 1390 090b 7B000000 		.4byte	0x7b
 1391 090f 00       		.byte	0
 1392 0910 1B       		.uleb128 0x1b
 1393 0911 AA040000 		.4byte	.LASF123
 1394 0915 09       		.byte	0x9
 1395 0916 FA01     		.2byte	0x1fa
 1396 0918 01       		.byte	0x1
 1397 0919 03       		.byte	0x3
 1398 091a 1B       		.uleb128 0x1b
 1399 091b BB000000 		.4byte	.LASF124
 1400 091f 09       		.byte	0x9
 1401 0920 EF01     		.2byte	0x1ef
 1402 0922 01       		.byte	0x1
 1403 0923 03       		.byte	0x3
 1404 0924 1E       		.uleb128 0x1e
 1405 0925 01       		.byte	0x1
 1406 0926 F9010000 		.4byte	.LASF125
 1407 092a 01       		.byte	0x1
 1408 092b 3E       		.byte	0x3e
 1409 092c 01       		.byte	0x1
 1410 092d 00000000 		.4byte	.LFB182
 1411 0931 12000000 		.4byte	.LFE182
 1412 0935 02       		.byte	0x2
 1413 0936 7D       		.byte	0x7d
 1414 0937 00       		.sleb128 0
 1415 0938 C8090000 		.4byte	0x9c8
 1416 093c 1F       		.uleb128 0x1f
 1417 093d CE030000 		.4byte	.LASF127
 1418 0941 01       		.byte	0x1
 1419 0942 40       		.byte	0x40
 1420 0943 C8090000 		.4byte	0x9c8
ARM GAS  /tmp/ccUobdTL.s 			page 26


 1421 0947 00000000 		.4byte	.LLST0
 1422 094b 20       		.uleb128 0x20
 1423 094c D6080000 		.4byte	0x8d6
 1424 0950 00000000 		.4byte	.LBB38
 1425 0954 04000000 		.4byte	.LBE38
 1426 0958 01       		.byte	0x1
 1427 0959 48       		.byte	0x48
 1428 095a 72090000 		.4byte	0x972
 1429 095e 21       		.uleb128 0x21
 1430 095f 00000000 		.4byte	.LBB39
 1431 0963 04000000 		.4byte	.LBE39
 1432 0967 22       		.uleb128 0x22
 1433 0968 E8080000 		.4byte	0x8e8
 1434 096c 20000000 		.4byte	.LLST1
 1435 0970 00       		.byte	0
 1436 0971 00       		.byte	0
 1437 0972 20       		.uleb128 0x20
 1438 0973 F5080000 		.4byte	0x8f5
 1439 0977 06000000 		.4byte	.LBB40
 1440 097b 0A000000 		.4byte	.LBE40
 1441 097f 01       		.byte	0x1
 1442 0980 4F       		.byte	0x4f
 1443 0981 8F090000 		.4byte	0x98f
 1444 0985 23       		.uleb128 0x23
 1445 0986 03090000 		.4byte	0x903
 1446 098a 00000000 		.4byte	.LLST0
 1447 098e 00       		.byte	0
 1448 098f 24       		.uleb128 0x24
 1449 0990 10090000 		.4byte	0x910
 1450 0994 0A000000 		.4byte	.LBB42
 1451 0998 10000000 		.4byte	.LBE42
 1452 099c 01       		.byte	0x1
 1453 099d 52       		.byte	0x52
 1454 099e 25       		.uleb128 0x25
 1455 099f CC080000 		.4byte	0x8cc
 1456 09a3 0A000000 		.4byte	.LBB43
 1457 09a7 10000000 		.4byte	.LBE43
 1458 09ab 09       		.byte	0x9
 1459 09ac FC01     		.2byte	0x1fc
 1460 09ae 25       		.uleb128 0x25
 1461 09af A7080000 		.4byte	0x8a7
 1462 09b3 0A000000 		.4byte	.LBB44
 1463 09b7 10000000 		.4byte	.LBE44
 1464 09bb 09       		.byte	0x9
 1465 09bc E301     		.2byte	0x1e3
 1466 09be 26       		.uleb128 0x26
 1467 09bf B5080000 		.4byte	0x8b5
 1468 09c3 00       		.byte	0
 1469 09c4 00       		.byte	0
 1470 09c5 00       		.byte	0
 1471 09c6 00       		.byte	0
 1472 09c7 00       		.byte	0
 1473 09c8 09       		.uleb128 0x9
 1474 09c9 04       		.byte	0x4
 1475 09ca F9060000 		.4byte	0x6f9
 1476 09ce 27       		.uleb128 0x27
 1477 09cf 01       		.byte	0x1
ARM GAS  /tmp/ccUobdTL.s 			page 27


 1478 09d0 EA040000 		.4byte	.LASF126
 1479 09d4 01       		.byte	0x1
 1480 09d5 7A       		.byte	0x7a
 1481 09d6 01       		.byte	0x1
 1482 09d7 00000000 		.4byte	.LFB183
 1483 09db 54000000 		.4byte	.LFE183
 1484 09df 40000000 		.4byte	.LLST3
 1485 09e3 BA0A0000 		.4byte	0xaba
 1486 09e7 20       		.uleb128 0x20
 1487 09e8 1A090000 		.4byte	0x91a
 1488 09ec 02000000 		.4byte	.LBB46
 1489 09f0 08000000 		.4byte	.LBE46
 1490 09f4 01       		.byte	0x1
 1491 09f5 7C       		.byte	0x7c
 1492 09f6 230A0000 		.4byte	0xa23
 1493 09fa 25       		.uleb128 0x25
 1494 09fb C2080000 		.4byte	0x8c2
 1495 09ff 02000000 		.4byte	.LBB47
 1496 0a03 08000000 		.4byte	.LBE47
 1497 0a07 09       		.byte	0x9
 1498 0a08 F101     		.2byte	0x1f1
 1499 0a0a 25       		.uleb128 0x25
 1500 0a0b A7080000 		.4byte	0x8a7
 1501 0a0f 02000000 		.4byte	.LBB48
 1502 0a13 08000000 		.4byte	.LBE48
 1503 0a17 09       		.byte	0x9
 1504 0a18 D001     		.2byte	0x1d0
 1505 0a1a 26       		.uleb128 0x26
 1506 0a1b B5080000 		.4byte	0x8b5
 1507 0a1f 20       		.byte	0x20
 1508 0a20 00       		.byte	0
 1509 0a21 00       		.byte	0
 1510 0a22 00       		.byte	0
 1511 0a23 20       		.uleb128 0x20
 1512 0a24 10090000 		.4byte	0x910
 1513 0a28 18000000 		.4byte	.LBB50
 1514 0a2c 1E000000 		.4byte	.LBE50
 1515 0a30 01       		.byte	0x1
 1516 0a31 A5       		.byte	0xa5
 1517 0a32 620A0000 		.4byte	0xa62
 1518 0a36 25       		.uleb128 0x25
 1519 0a37 CC080000 		.4byte	0x8cc
 1520 0a3b 18000000 		.4byte	.LBB51
 1521 0a3f 1E000000 		.4byte	.LBE51
 1522 0a43 09       		.byte	0x9
 1523 0a44 FC01     		.2byte	0x1fc
 1524 0a46 25       		.uleb128 0x25
 1525 0a47 A7080000 		.4byte	0x8a7
 1526 0a4b 18000000 		.4byte	.LBB52
 1527 0a4f 1E000000 		.4byte	.LBE52
 1528 0a53 09       		.byte	0x9
 1529 0a54 E301     		.2byte	0x1e3
 1530 0a56 23       		.uleb128 0x23
 1531 0a57 B5080000 		.4byte	0x8b5
 1532 0a5b 60000000 		.4byte	.LLST4
 1533 0a5f 00       		.byte	0
 1534 0a60 00       		.byte	0
ARM GAS  /tmp/ccUobdTL.s 			page 28


 1535 0a61 00       		.byte	0
 1536 0a62 21       		.uleb128 0x21
 1537 0a63 1E000000 		.4byte	.LBB54
 1538 0a67 54000000 		.4byte	.LBE54
 1539 0a6b 28       		.uleb128 0x28
 1540 0a6c CE030000 		.4byte	.LASF127
 1541 0a70 01       		.byte	0x1
 1542 0a71 7E       		.byte	0x7e
 1543 0a72 C8090000 		.4byte	0x9c8
 1544 0a76 03       		.byte	0x3
 1545 0a77 74       		.byte	0x74
 1546 0a78 60       		.sleb128 -32
 1547 0a79 9F       		.byte	0x9f
 1548 0a7a 20       		.uleb128 0x20
 1549 0a7b D6080000 		.4byte	0x8d6
 1550 0a7f 1E000000 		.4byte	.LBB55
 1551 0a83 22000000 		.4byte	.LBE55
 1552 0a87 01       		.byte	0x1
 1553 0a88 86       		.byte	0x86
 1554 0a89 9F0A0000 		.4byte	0xa9f
 1555 0a8d 21       		.uleb128 0x21
 1556 0a8e 1E000000 		.4byte	.LBB56
 1557 0a92 22000000 		.4byte	.LBE56
 1558 0a96 29       		.uleb128 0x29
 1559 0a97 E8080000 		.4byte	0x8e8
 1560 0a9b 01       		.byte	0x1
 1561 0a9c 54       		.byte	0x54
 1562 0a9d 00       		.byte	0
 1563 0a9e 00       		.byte	0
 1564 0a9f 24       		.uleb128 0x24
 1565 0aa0 F5080000 		.4byte	0x8f5
 1566 0aa4 2E000000 		.4byte	.LBB57
 1567 0aa8 32000000 		.4byte	.LBE57
 1568 0aac 01       		.byte	0x1
 1569 0aad 93       		.byte	0x93
 1570 0aae 2A       		.uleb128 0x2a
 1571 0aaf 03090000 		.4byte	0x903
 1572 0ab3 03       		.byte	0x3
 1573 0ab4 74       		.byte	0x74
 1574 0ab5 60       		.sleb128 -32
 1575 0ab6 9F       		.byte	0x9f
 1576 0ab7 00       		.byte	0
 1577 0ab8 00       		.byte	0
 1578 0ab9 00       		.byte	0
 1579 0aba 2B       		.uleb128 0x2b
 1580 0abb FB030000 		.4byte	.LASF128
 1581 0abf 07       		.byte	0x7
 1582 0ac0 5506     		.2byte	0x655
 1583 0ac2 C80A0000 		.4byte	0xac8
 1584 0ac6 01       		.byte	0x1
 1585 0ac7 01       		.byte	0x1
 1586 0ac8 0F       		.uleb128 0xf
 1587 0ac9 69000000 		.4byte	0x69
 1588 0acd 2C       		.uleb128 0x2c
 1589 0ace 636800   		.ascii	"ch\000"
 1590 0ad1 06       		.byte	0x6
 1591 0ad2 0902     		.2byte	0x209
ARM GAS  /tmp/ccUobdTL.s 			page 29


 1592 0ad4 03040000 		.4byte	0x403
 1593 0ad8 01       		.byte	0x1
 1594 0ad9 01       		.byte	0x1
 1595 0ada 2B       		.uleb128 0x2b
 1596 0adb FB030000 		.4byte	.LASF128
 1597 0adf 07       		.byte	0x7
 1598 0ae0 5506     		.2byte	0x655
 1599 0ae2 C80A0000 		.4byte	0xac8
 1600 0ae6 01       		.byte	0x1
 1601 0ae7 01       		.byte	0x1
 1602 0ae8 2C       		.uleb128 0x2c
 1603 0ae9 636800   		.ascii	"ch\000"
 1604 0aec 06       		.byte	0x6
 1605 0aed 0902     		.2byte	0x209
 1606 0aef 03040000 		.4byte	0x403
 1607 0af3 01       		.byte	0x1
 1608 0af4 01       		.byte	0x1
 1609 0af5 00       		.byte	0
 1610              		.section	.debug_abbrev,"",%progbits
 1611              	.Ldebug_abbrev0:
 1612 0000 01       		.uleb128 0x1
 1613 0001 11       		.uleb128 0x11
 1614 0002 01       		.byte	0x1
 1615 0003 25       		.uleb128 0x25
 1616 0004 0E       		.uleb128 0xe
 1617 0005 13       		.uleb128 0x13
 1618 0006 0B       		.uleb128 0xb
 1619 0007 03       		.uleb128 0x3
 1620 0008 0E       		.uleb128 0xe
 1621 0009 1B       		.uleb128 0x1b
 1622 000a 0E       		.uleb128 0xe
 1623 000b 11       		.uleb128 0x11
 1624 000c 01       		.uleb128 0x1
 1625 000d 52       		.uleb128 0x52
 1626 000e 01       		.uleb128 0x1
 1627 000f 55       		.uleb128 0x55
 1628 0010 06       		.uleb128 0x6
 1629 0011 10       		.uleb128 0x10
 1630 0012 06       		.uleb128 0x6
 1631 0013 00       		.byte	0
 1632 0014 00       		.byte	0
 1633 0015 02       		.uleb128 0x2
 1634 0016 24       		.uleb128 0x24
 1635 0017 00       		.byte	0
 1636 0018 0B       		.uleb128 0xb
 1637 0019 0B       		.uleb128 0xb
 1638 001a 3E       		.uleb128 0x3e
 1639 001b 0B       		.uleb128 0xb
 1640 001c 03       		.uleb128 0x3
 1641 001d 08       		.uleb128 0x8
 1642 001e 00       		.byte	0
 1643 001f 00       		.byte	0
 1644 0020 03       		.uleb128 0x3
 1645 0021 24       		.uleb128 0x24
 1646 0022 00       		.byte	0
 1647 0023 0B       		.uleb128 0xb
 1648 0024 0B       		.uleb128 0xb
ARM GAS  /tmp/ccUobdTL.s 			page 30


 1649 0025 3E       		.uleb128 0x3e
 1650 0026 0B       		.uleb128 0xb
 1651 0027 03       		.uleb128 0x3
 1652 0028 0E       		.uleb128 0xe
 1653 0029 00       		.byte	0
 1654 002a 00       		.byte	0
 1655 002b 04       		.uleb128 0x4
 1656 002c 16       		.uleb128 0x16
 1657 002d 00       		.byte	0
 1658 002e 03       		.uleb128 0x3
 1659 002f 0E       		.uleb128 0xe
 1660 0030 3A       		.uleb128 0x3a
 1661 0031 0B       		.uleb128 0xb
 1662 0032 3B       		.uleb128 0x3b
 1663 0033 0B       		.uleb128 0xb
 1664 0034 49       		.uleb128 0x49
 1665 0035 13       		.uleb128 0x13
 1666 0036 00       		.byte	0
 1667 0037 00       		.byte	0
 1668 0038 05       		.uleb128 0x5
 1669 0039 13       		.uleb128 0x13
 1670 003a 01       		.byte	0x1
 1671 003b 03       		.uleb128 0x3
 1672 003c 0E       		.uleb128 0xe
 1673 003d 0B       		.uleb128 0xb
 1674 003e 0B       		.uleb128 0xb
 1675 003f 3A       		.uleb128 0x3a
 1676 0040 0B       		.uleb128 0xb
 1677 0041 3B       		.uleb128 0x3b
 1678 0042 0B       		.uleb128 0xb
 1679 0043 01       		.uleb128 0x1
 1680 0044 13       		.uleb128 0x13
 1681 0045 00       		.byte	0
 1682 0046 00       		.byte	0
 1683 0047 06       		.uleb128 0x6
 1684 0048 0D       		.uleb128 0xd
 1685 0049 00       		.byte	0
 1686 004a 03       		.uleb128 0x3
 1687 004b 0E       		.uleb128 0xe
 1688 004c 3A       		.uleb128 0x3a
 1689 004d 0B       		.uleb128 0xb
 1690 004e 3B       		.uleb128 0x3b
 1691 004f 0B       		.uleb128 0xb
 1692 0050 49       		.uleb128 0x49
 1693 0051 13       		.uleb128 0x13
 1694 0052 38       		.uleb128 0x38
 1695 0053 0A       		.uleb128 0xa
 1696 0054 00       		.byte	0
 1697 0055 00       		.byte	0
 1698 0056 07       		.uleb128 0x7
 1699 0057 0D       		.uleb128 0xd
 1700 0058 00       		.byte	0
 1701 0059 03       		.uleb128 0x3
 1702 005a 08       		.uleb128 0x8
 1703 005b 3A       		.uleb128 0x3a
 1704 005c 0B       		.uleb128 0xb
 1705 005d 3B       		.uleb128 0x3b
ARM GAS  /tmp/ccUobdTL.s 			page 31


 1706 005e 05       		.uleb128 0x5
 1707 005f 49       		.uleb128 0x49
 1708 0060 13       		.uleb128 0x13
 1709 0061 38       		.uleb128 0x38
 1710 0062 0A       		.uleb128 0xa
 1711 0063 00       		.byte	0
 1712 0064 00       		.byte	0
 1713 0065 08       		.uleb128 0x8
 1714 0066 0D       		.uleb128 0xd
 1715 0067 00       		.byte	0
 1716 0068 03       		.uleb128 0x3
 1717 0069 0E       		.uleb128 0xe
 1718 006a 3A       		.uleb128 0x3a
 1719 006b 0B       		.uleb128 0xb
 1720 006c 3B       		.uleb128 0x3b
 1721 006d 05       		.uleb128 0x5
 1722 006e 49       		.uleb128 0x49
 1723 006f 13       		.uleb128 0x13
 1724 0070 38       		.uleb128 0x38
 1725 0071 0A       		.uleb128 0xa
 1726 0072 00       		.byte	0
 1727 0073 00       		.byte	0
 1728 0074 09       		.uleb128 0x9
 1729 0075 0F       		.uleb128 0xf
 1730 0076 00       		.byte	0
 1731 0077 0B       		.uleb128 0xb
 1732 0078 0B       		.uleb128 0xb
 1733 0079 49       		.uleb128 0x49
 1734 007a 13       		.uleb128 0x13
 1735 007b 00       		.byte	0
 1736 007c 00       		.byte	0
 1737 007d 0A       		.uleb128 0xa
 1738 007e 13       		.uleb128 0x13
 1739 007f 01       		.byte	0x1
 1740 0080 03       		.uleb128 0x3
 1741 0081 0E       		.uleb128 0xe
 1742 0082 0B       		.uleb128 0xb
 1743 0083 0B       		.uleb128 0xb
 1744 0084 3A       		.uleb128 0x3a
 1745 0085 0B       		.uleb128 0xb
 1746 0086 3B       		.uleb128 0x3b
 1747 0087 05       		.uleb128 0x5
 1748 0088 01       		.uleb128 0x1
 1749 0089 13       		.uleb128 0x13
 1750 008a 00       		.byte	0
 1751 008b 00       		.byte	0
 1752 008c 0B       		.uleb128 0xb
 1753 008d 15       		.uleb128 0x15
 1754 008e 01       		.byte	0x1
 1755 008f 27       		.uleb128 0x27
 1756 0090 0C       		.uleb128 0xc
 1757 0091 01       		.uleb128 0x1
 1758 0092 13       		.uleb128 0x13
 1759 0093 00       		.byte	0
 1760 0094 00       		.byte	0
 1761 0095 0C       		.uleb128 0xc
 1762 0096 05       		.uleb128 0x5
ARM GAS  /tmp/ccUobdTL.s 			page 32


 1763 0097 00       		.byte	0
 1764 0098 49       		.uleb128 0x49
 1765 0099 13       		.uleb128 0x13
 1766 009a 00       		.byte	0
 1767 009b 00       		.byte	0
 1768 009c 0D       		.uleb128 0xd
 1769 009d 0F       		.uleb128 0xf
 1770 009e 00       		.byte	0
 1771 009f 0B       		.uleb128 0xb
 1772 00a0 0B       		.uleb128 0xb
 1773 00a1 00       		.byte	0
 1774 00a2 00       		.byte	0
 1775 00a3 0E       		.uleb128 0xe
 1776 00a4 13       		.uleb128 0x13
 1777 00a5 01       		.byte	0x1
 1778 00a6 03       		.uleb128 0x3
 1779 00a7 0E       		.uleb128 0xe
 1780 00a8 0B       		.uleb128 0xb
 1781 00a9 05       		.uleb128 0x5
 1782 00aa 3A       		.uleb128 0x3a
 1783 00ab 0B       		.uleb128 0xb
 1784 00ac 3B       		.uleb128 0x3b
 1785 00ad 05       		.uleb128 0x5
 1786 00ae 01       		.uleb128 0x1
 1787 00af 13       		.uleb128 0x13
 1788 00b0 00       		.byte	0
 1789 00b1 00       		.byte	0
 1790 00b2 0F       		.uleb128 0xf
 1791 00b3 35       		.uleb128 0x35
 1792 00b4 00       		.byte	0
 1793 00b5 49       		.uleb128 0x49
 1794 00b6 13       		.uleb128 0x13
 1795 00b7 00       		.byte	0
 1796 00b8 00       		.byte	0
 1797 00b9 10       		.uleb128 0x10
 1798 00ba 13       		.uleb128 0x13
 1799 00bb 01       		.byte	0x1
 1800 00bc 0B       		.uleb128 0xb
 1801 00bd 0B       		.uleb128 0xb
 1802 00be 3A       		.uleb128 0x3a
 1803 00bf 0B       		.uleb128 0xb
 1804 00c0 3B       		.uleb128 0x3b
 1805 00c1 05       		.uleb128 0x5
 1806 00c2 01       		.uleb128 0x1
 1807 00c3 13       		.uleb128 0x13
 1808 00c4 00       		.byte	0
 1809 00c5 00       		.byte	0
 1810 00c6 11       		.uleb128 0x11
 1811 00c7 26       		.uleb128 0x26
 1812 00c8 00       		.byte	0
 1813 00c9 49       		.uleb128 0x49
 1814 00ca 13       		.uleb128 0x13
 1815 00cb 00       		.byte	0
 1816 00cc 00       		.byte	0
 1817 00cd 12       		.uleb128 0x12
 1818 00ce 01       		.uleb128 0x1
 1819 00cf 01       		.byte	0x1
ARM GAS  /tmp/ccUobdTL.s 			page 33


 1820 00d0 49       		.uleb128 0x49
 1821 00d1 13       		.uleb128 0x13
 1822 00d2 01       		.uleb128 0x1
 1823 00d3 13       		.uleb128 0x13
 1824 00d4 00       		.byte	0
 1825 00d5 00       		.byte	0
 1826 00d6 13       		.uleb128 0x13
 1827 00d7 21       		.uleb128 0x21
 1828 00d8 00       		.byte	0
 1829 00d9 49       		.uleb128 0x49
 1830 00da 13       		.uleb128 0x13
 1831 00db 2F       		.uleb128 0x2f
 1832 00dc 0B       		.uleb128 0xb
 1833 00dd 00       		.byte	0
 1834 00de 00       		.byte	0
 1835 00df 14       		.uleb128 0x14
 1836 00e0 16       		.uleb128 0x16
 1837 00e1 00       		.byte	0
 1838 00e2 03       		.uleb128 0x3
 1839 00e3 0E       		.uleb128 0xe
 1840 00e4 3A       		.uleb128 0x3a
 1841 00e5 0B       		.uleb128 0xb
 1842 00e6 3B       		.uleb128 0x3b
 1843 00e7 05       		.uleb128 0x5
 1844 00e8 49       		.uleb128 0x49
 1845 00e9 13       		.uleb128 0x13
 1846 00ea 00       		.byte	0
 1847 00eb 00       		.byte	0
 1848 00ec 15       		.uleb128 0x15
 1849 00ed 0D       		.uleb128 0xd
 1850 00ee 00       		.byte	0
 1851 00ef 03       		.uleb128 0x3
 1852 00f0 08       		.uleb128 0x8
 1853 00f1 3A       		.uleb128 0x3a
 1854 00f2 0B       		.uleb128 0xb
 1855 00f3 3B       		.uleb128 0x3b
 1856 00f4 0B       		.uleb128 0xb
 1857 00f5 49       		.uleb128 0x49
 1858 00f6 13       		.uleb128 0x13
 1859 00f7 38       		.uleb128 0x38
 1860 00f8 0A       		.uleb128 0xa
 1861 00f9 00       		.byte	0
 1862 00fa 00       		.byte	0
 1863 00fb 16       		.uleb128 0x16
 1864 00fc 13       		.uleb128 0x13
 1865 00fd 01       		.byte	0x1
 1866 00fe 0B       		.uleb128 0xb
 1867 00ff 0B       		.uleb128 0xb
 1868 0100 3A       		.uleb128 0x3a
 1869 0101 0B       		.uleb128 0xb
 1870 0102 3B       		.uleb128 0x3b
 1871 0103 0B       		.uleb128 0xb
 1872 0104 01       		.uleb128 0x1
 1873 0105 13       		.uleb128 0x13
 1874 0106 00       		.byte	0
 1875 0107 00       		.byte	0
 1876 0108 17       		.uleb128 0x17
ARM GAS  /tmp/ccUobdTL.s 			page 34


 1877 0109 17       		.uleb128 0x17
 1878 010a 01       		.byte	0x1
 1879 010b 0B       		.uleb128 0xb
 1880 010c 0B       		.uleb128 0xb
 1881 010d 3A       		.uleb128 0x3a
 1882 010e 0B       		.uleb128 0xb
 1883 010f 3B       		.uleb128 0x3b
 1884 0110 0B       		.uleb128 0xb
 1885 0111 01       		.uleb128 0x1
 1886 0112 13       		.uleb128 0x13
 1887 0113 00       		.byte	0
 1888 0114 00       		.byte	0
 1889 0115 18       		.uleb128 0x18
 1890 0116 0D       		.uleb128 0xd
 1891 0117 00       		.byte	0
 1892 0118 03       		.uleb128 0x3
 1893 0119 0E       		.uleb128 0xe
 1894 011a 3A       		.uleb128 0x3a
 1895 011b 0B       		.uleb128 0xb
 1896 011c 3B       		.uleb128 0x3b
 1897 011d 05       		.uleb128 0x5
 1898 011e 49       		.uleb128 0x49
 1899 011f 13       		.uleb128 0x13
 1900 0120 00       		.byte	0
 1901 0121 00       		.byte	0
 1902 0122 19       		.uleb128 0x19
 1903 0123 2E       		.uleb128 0x2e
 1904 0124 01       		.byte	0x1
 1905 0125 03       		.uleb128 0x3
 1906 0126 0E       		.uleb128 0xe
 1907 0127 3A       		.uleb128 0x3a
 1908 0128 0B       		.uleb128 0xb
 1909 0129 3B       		.uleb128 0x3b
 1910 012a 05       		.uleb128 0x5
 1911 012b 27       		.uleb128 0x27
 1912 012c 0C       		.uleb128 0xc
 1913 012d 20       		.uleb128 0x20
 1914 012e 0B       		.uleb128 0xb
 1915 012f 01       		.uleb128 0x1
 1916 0130 13       		.uleb128 0x13
 1917 0131 00       		.byte	0
 1918 0132 00       		.byte	0
 1919 0133 1A       		.uleb128 0x1a
 1920 0134 05       		.uleb128 0x5
 1921 0135 00       		.byte	0
 1922 0136 03       		.uleb128 0x3
 1923 0137 0E       		.uleb128 0xe
 1924 0138 3A       		.uleb128 0x3a
 1925 0139 0B       		.uleb128 0xb
 1926 013a 3B       		.uleb128 0x3b
 1927 013b 05       		.uleb128 0x5
 1928 013c 49       		.uleb128 0x49
 1929 013d 13       		.uleb128 0x13
 1930 013e 00       		.byte	0
 1931 013f 00       		.byte	0
 1932 0140 1B       		.uleb128 0x1b
 1933 0141 2E       		.uleb128 0x2e
ARM GAS  /tmp/ccUobdTL.s 			page 35


 1934 0142 00       		.byte	0
 1935 0143 03       		.uleb128 0x3
 1936 0144 0E       		.uleb128 0xe
 1937 0145 3A       		.uleb128 0x3a
 1938 0146 0B       		.uleb128 0xb
 1939 0147 3B       		.uleb128 0x3b
 1940 0148 05       		.uleb128 0x5
 1941 0149 27       		.uleb128 0x27
 1942 014a 0C       		.uleb128 0xc
 1943 014b 20       		.uleb128 0x20
 1944 014c 0B       		.uleb128 0xb
 1945 014d 00       		.byte	0
 1946 014e 00       		.byte	0
 1947 014f 1C       		.uleb128 0x1c
 1948 0150 2E       		.uleb128 0x2e
 1949 0151 01       		.byte	0x1
 1950 0152 03       		.uleb128 0x3
 1951 0153 0E       		.uleb128 0xe
 1952 0154 3A       		.uleb128 0x3a
 1953 0155 0B       		.uleb128 0xb
 1954 0156 3B       		.uleb128 0x3b
 1955 0157 05       		.uleb128 0x5
 1956 0158 27       		.uleb128 0x27
 1957 0159 0C       		.uleb128 0xc
 1958 015a 49       		.uleb128 0x49
 1959 015b 13       		.uleb128 0x13
 1960 015c 20       		.uleb128 0x20
 1961 015d 0B       		.uleb128 0xb
 1962 015e 01       		.uleb128 0x1
 1963 015f 13       		.uleb128 0x13
 1964 0160 00       		.byte	0
 1965 0161 00       		.byte	0
 1966 0162 1D       		.uleb128 0x1d
 1967 0163 34       		.uleb128 0x34
 1968 0164 00       		.byte	0
 1969 0165 03       		.uleb128 0x3
 1970 0166 0E       		.uleb128 0xe
 1971 0167 3A       		.uleb128 0x3a
 1972 0168 0B       		.uleb128 0xb
 1973 0169 3B       		.uleb128 0x3b
 1974 016a 05       		.uleb128 0x5
 1975 016b 49       		.uleb128 0x49
 1976 016c 13       		.uleb128 0x13
 1977 016d 00       		.byte	0
 1978 016e 00       		.byte	0
 1979 016f 1E       		.uleb128 0x1e
 1980 0170 2E       		.uleb128 0x2e
 1981 0171 01       		.byte	0x1
 1982 0172 3F       		.uleb128 0x3f
 1983 0173 0C       		.uleb128 0xc
 1984 0174 03       		.uleb128 0x3
 1985 0175 0E       		.uleb128 0xe
 1986 0176 3A       		.uleb128 0x3a
 1987 0177 0B       		.uleb128 0xb
 1988 0178 3B       		.uleb128 0x3b
 1989 0179 0B       		.uleb128 0xb
 1990 017a 27       		.uleb128 0x27
ARM GAS  /tmp/ccUobdTL.s 			page 36


 1991 017b 0C       		.uleb128 0xc
 1992 017c 11       		.uleb128 0x11
 1993 017d 01       		.uleb128 0x1
 1994 017e 12       		.uleb128 0x12
 1995 017f 01       		.uleb128 0x1
 1996 0180 40       		.uleb128 0x40
 1997 0181 0A       		.uleb128 0xa
 1998 0182 01       		.uleb128 0x1
 1999 0183 13       		.uleb128 0x13
 2000 0184 00       		.byte	0
 2001 0185 00       		.byte	0
 2002 0186 1F       		.uleb128 0x1f
 2003 0187 34       		.uleb128 0x34
 2004 0188 00       		.byte	0
 2005 0189 03       		.uleb128 0x3
 2006 018a 0E       		.uleb128 0xe
 2007 018b 3A       		.uleb128 0x3a
 2008 018c 0B       		.uleb128 0xb
 2009 018d 3B       		.uleb128 0x3b
 2010 018e 0B       		.uleb128 0xb
 2011 018f 49       		.uleb128 0x49
 2012 0190 13       		.uleb128 0x13
 2013 0191 02       		.uleb128 0x2
 2014 0192 06       		.uleb128 0x6
 2015 0193 00       		.byte	0
 2016 0194 00       		.byte	0
 2017 0195 20       		.uleb128 0x20
 2018 0196 1D       		.uleb128 0x1d
 2019 0197 01       		.byte	0x1
 2020 0198 31       		.uleb128 0x31
 2021 0199 13       		.uleb128 0x13
 2022 019a 11       		.uleb128 0x11
 2023 019b 01       		.uleb128 0x1
 2024 019c 12       		.uleb128 0x12
 2025 019d 01       		.uleb128 0x1
 2026 019e 58       		.uleb128 0x58
 2027 019f 0B       		.uleb128 0xb
 2028 01a0 59       		.uleb128 0x59
 2029 01a1 0B       		.uleb128 0xb
 2030 01a2 01       		.uleb128 0x1
 2031 01a3 13       		.uleb128 0x13
 2032 01a4 00       		.byte	0
 2033 01a5 00       		.byte	0
 2034 01a6 21       		.uleb128 0x21
 2035 01a7 0B       		.uleb128 0xb
 2036 01a8 01       		.byte	0x1
 2037 01a9 11       		.uleb128 0x11
 2038 01aa 01       		.uleb128 0x1
 2039 01ab 12       		.uleb128 0x12
 2040 01ac 01       		.uleb128 0x1
 2041 01ad 00       		.byte	0
 2042 01ae 00       		.byte	0
 2043 01af 22       		.uleb128 0x22
 2044 01b0 34       		.uleb128 0x34
 2045 01b1 00       		.byte	0
 2046 01b2 31       		.uleb128 0x31
 2047 01b3 13       		.uleb128 0x13
ARM GAS  /tmp/ccUobdTL.s 			page 37


 2048 01b4 02       		.uleb128 0x2
 2049 01b5 06       		.uleb128 0x6
 2050 01b6 00       		.byte	0
 2051 01b7 00       		.byte	0
 2052 01b8 23       		.uleb128 0x23
 2053 01b9 05       		.uleb128 0x5
 2054 01ba 00       		.byte	0
 2055 01bb 31       		.uleb128 0x31
 2056 01bc 13       		.uleb128 0x13
 2057 01bd 02       		.uleb128 0x2
 2058 01be 06       		.uleb128 0x6
 2059 01bf 00       		.byte	0
 2060 01c0 00       		.byte	0
 2061 01c1 24       		.uleb128 0x24
 2062 01c2 1D       		.uleb128 0x1d
 2063 01c3 01       		.byte	0x1
 2064 01c4 31       		.uleb128 0x31
 2065 01c5 13       		.uleb128 0x13
 2066 01c6 11       		.uleb128 0x11
 2067 01c7 01       		.uleb128 0x1
 2068 01c8 12       		.uleb128 0x12
 2069 01c9 01       		.uleb128 0x1
 2070 01ca 58       		.uleb128 0x58
 2071 01cb 0B       		.uleb128 0xb
 2072 01cc 59       		.uleb128 0x59
 2073 01cd 0B       		.uleb128 0xb
 2074 01ce 00       		.byte	0
 2075 01cf 00       		.byte	0
 2076 01d0 25       		.uleb128 0x25
 2077 01d1 1D       		.uleb128 0x1d
 2078 01d2 01       		.byte	0x1
 2079 01d3 31       		.uleb128 0x31
 2080 01d4 13       		.uleb128 0x13
 2081 01d5 11       		.uleb128 0x11
 2082 01d6 01       		.uleb128 0x1
 2083 01d7 12       		.uleb128 0x12
 2084 01d8 01       		.uleb128 0x1
 2085 01d9 58       		.uleb128 0x58
 2086 01da 0B       		.uleb128 0xb
 2087 01db 59       		.uleb128 0x59
 2088 01dc 05       		.uleb128 0x5
 2089 01dd 00       		.byte	0
 2090 01de 00       		.byte	0
 2091 01df 26       		.uleb128 0x26
 2092 01e0 05       		.uleb128 0x5
 2093 01e1 00       		.byte	0
 2094 01e2 31       		.uleb128 0x31
 2095 01e3 13       		.uleb128 0x13
 2096 01e4 1C       		.uleb128 0x1c
 2097 01e5 0B       		.uleb128 0xb
 2098 01e6 00       		.byte	0
 2099 01e7 00       		.byte	0
 2100 01e8 27       		.uleb128 0x27
 2101 01e9 2E       		.uleb128 0x2e
 2102 01ea 01       		.byte	0x1
 2103 01eb 3F       		.uleb128 0x3f
 2104 01ec 0C       		.uleb128 0xc
ARM GAS  /tmp/ccUobdTL.s 			page 38


 2105 01ed 03       		.uleb128 0x3
 2106 01ee 0E       		.uleb128 0xe
 2107 01ef 3A       		.uleb128 0x3a
 2108 01f0 0B       		.uleb128 0xb
 2109 01f1 3B       		.uleb128 0x3b
 2110 01f2 0B       		.uleb128 0xb
 2111 01f3 27       		.uleb128 0x27
 2112 01f4 0C       		.uleb128 0xc
 2113 01f5 11       		.uleb128 0x11
 2114 01f6 01       		.uleb128 0x1
 2115 01f7 12       		.uleb128 0x12
 2116 01f8 01       		.uleb128 0x1
 2117 01f9 40       		.uleb128 0x40
 2118 01fa 06       		.uleb128 0x6
 2119 01fb 01       		.uleb128 0x1
 2120 01fc 13       		.uleb128 0x13
 2121 01fd 00       		.byte	0
 2122 01fe 00       		.byte	0
 2123 01ff 28       		.uleb128 0x28
 2124 0200 34       		.uleb128 0x34
 2125 0201 00       		.byte	0
 2126 0202 03       		.uleb128 0x3
 2127 0203 0E       		.uleb128 0xe
 2128 0204 3A       		.uleb128 0x3a
 2129 0205 0B       		.uleb128 0xb
 2130 0206 3B       		.uleb128 0x3b
 2131 0207 0B       		.uleb128 0xb
 2132 0208 49       		.uleb128 0x49
 2133 0209 13       		.uleb128 0x13
 2134 020a 02       		.uleb128 0x2
 2135 020b 0A       		.uleb128 0xa
 2136 020c 00       		.byte	0
 2137 020d 00       		.byte	0
 2138 020e 29       		.uleb128 0x29
 2139 020f 34       		.uleb128 0x34
 2140 0210 00       		.byte	0
 2141 0211 31       		.uleb128 0x31
 2142 0212 13       		.uleb128 0x13
 2143 0213 02       		.uleb128 0x2
 2144 0214 0A       		.uleb128 0xa
 2145 0215 00       		.byte	0
 2146 0216 00       		.byte	0
 2147 0217 2A       		.uleb128 0x2a
 2148 0218 05       		.uleb128 0x5
 2149 0219 00       		.byte	0
 2150 021a 31       		.uleb128 0x31
 2151 021b 13       		.uleb128 0x13
 2152 021c 02       		.uleb128 0x2
 2153 021d 0A       		.uleb128 0xa
 2154 021e 00       		.byte	0
 2155 021f 00       		.byte	0
 2156 0220 2B       		.uleb128 0x2b
 2157 0221 34       		.uleb128 0x34
 2158 0222 00       		.byte	0
 2159 0223 03       		.uleb128 0x3
 2160 0224 0E       		.uleb128 0xe
 2161 0225 3A       		.uleb128 0x3a
ARM GAS  /tmp/ccUobdTL.s 			page 39


 2162 0226 0B       		.uleb128 0xb
 2163 0227 3B       		.uleb128 0x3b
 2164 0228 05       		.uleb128 0x5
 2165 0229 49       		.uleb128 0x49
 2166 022a 13       		.uleb128 0x13
 2167 022b 3F       		.uleb128 0x3f
 2168 022c 0C       		.uleb128 0xc
 2169 022d 3C       		.uleb128 0x3c
 2170 022e 0C       		.uleb128 0xc
 2171 022f 00       		.byte	0
 2172 0230 00       		.byte	0
 2173 0231 2C       		.uleb128 0x2c
 2174 0232 34       		.uleb128 0x34
 2175 0233 00       		.byte	0
 2176 0234 03       		.uleb128 0x3
 2177 0235 08       		.uleb128 0x8
 2178 0236 3A       		.uleb128 0x3a
 2179 0237 0B       		.uleb128 0xb
 2180 0238 3B       		.uleb128 0x3b
 2181 0239 05       		.uleb128 0x5
 2182 023a 49       		.uleb128 0x49
 2183 023b 13       		.uleb128 0x13
 2184 023c 3F       		.uleb128 0x3f
 2185 023d 0C       		.uleb128 0xc
 2186 023e 3C       		.uleb128 0x3c
 2187 023f 0C       		.uleb128 0xc
 2188 0240 00       		.byte	0
 2189 0241 00       		.byte	0
 2190 0242 00       		.byte	0
 2191              		.section	.debug_loc,"",%progbits
 2192              	.Ldebug_loc0:
 2193              	.LLST0:
 2194 0000 04000000 		.4byte	.LVL0
 2195 0004 06000000 		.4byte	.LVL1
 2196 0008 0300     		.2byte	0x3
 2197 000a 70       		.byte	0x70
 2198 000b 20       		.sleb128 32
 2199 000c 9F       		.byte	0x9f
 2200 000d 06000000 		.4byte	.LVL1
 2201 0011 12000000 		.4byte	.LFE182
 2202 0015 0100     		.2byte	0x1
 2203 0017 50       		.byte	0x50
 2204 0018 00000000 		.4byte	0
 2205 001c 00000000 		.4byte	0
 2206              	.LLST1:
 2207 0020 04000000 		.4byte	.LVL0
 2208 0024 06000000 		.4byte	.LVL1
 2209 0028 0100     		.2byte	0x1
 2210 002a 50       		.byte	0x50
 2211 002b 06000000 		.4byte	.LVL1
 2212 002f 12000000 		.4byte	.LFE182
 2213 0033 0300     		.2byte	0x3
 2214 0035 70       		.byte	0x70
 2215 0036 60       		.sleb128 -32
 2216 0037 9F       		.byte	0x9f
 2217 0038 00000000 		.4byte	0
 2218 003c 00000000 		.4byte	0
ARM GAS  /tmp/ccUobdTL.s 			page 40


 2219              	.LLST3:
 2220 0040 00000000 		.4byte	.LFB183
 2221 0044 02000000 		.4byte	.LCFI0
 2222 0048 0200     		.2byte	0x2
 2223 004a 7D       		.byte	0x7d
 2224 004b 00       		.sleb128 0
 2225 004c 02000000 		.4byte	.LCFI0
 2226 0050 54000000 		.4byte	.LFE183
 2227 0054 0200     		.2byte	0x2
 2228 0056 7D       		.byte	0x7d
 2229 0057 08       		.sleb128 8
 2230 0058 00000000 		.4byte	0
 2231 005c 00000000 		.4byte	0
 2232              	.LLST4:
 2233 0060 18000000 		.4byte	.LVL4
 2234 0064 1E000000 		.4byte	.LVL5
 2235 0068 0200     		.2byte	0x2
 2236 006a 30       		.byte	0x30
 2237 006b 9F       		.byte	0x9f
 2238 006c 00000000 		.4byte	0
 2239 0070 00000000 		.4byte	0
 2240              		.section	.debug_aranges,"",%progbits
 2241 0000 24000000 		.4byte	0x24
 2242 0004 0200     		.2byte	0x2
 2243 0006 00000000 		.4byte	.Ldebug_info0
 2244 000a 04       		.byte	0x4
 2245 000b 00       		.byte	0
 2246 000c 0000     		.2byte	0
 2247 000e 0000     		.2byte	0
 2248 0010 00000000 		.4byte	.LFB182
 2249 0014 12000000 		.4byte	.LFE182-.LFB182
 2250 0018 00000000 		.4byte	.LFB183
 2251 001c 54000000 		.4byte	.LFE183-.LFB183
 2252 0020 00000000 		.4byte	0
 2253 0024 00000000 		.4byte	0
 2254              		.section	.debug_ranges,"",%progbits
 2255              	.Ldebug_ranges0:
 2256 0000 00000000 		.4byte	.LFB182
 2257 0004 12000000 		.4byte	.LFE182
 2258 0008 00000000 		.4byte	.LFB183
 2259 000c 54000000 		.4byte	.LFE183
 2260 0010 00000000 		.4byte	0
 2261 0014 00000000 		.4byte	0
 2262              		.section	.debug_line,"",%progbits
 2263              	.Ldebug_line0:
 2264 0000 AA020000 		.section	.debug_str,"MS",%progbits,1
 2264      02003E02 
 2264      00000201 
 2264      FB0E0D00 
 2264      01010101 
 2265              	.LASF44:
 2266 0000 63685F74 		.ascii	"ch_threads_list\000"
 2266      68726561 
 2266      64735F6C 
 2266      69737400 
 2267              	.LASF45:
 2268 0010 74687265 		.ascii	"threads_queue_t\000"
ARM GAS  /tmp/ccUobdTL.s 			page 41


 2268      6164735F 
 2268      71756575 
 2268      655F7400 
 2269              	.LASF34:
 2270 0020 705F7761 		.ascii	"p_waiting\000"
 2270      6974696E 
 2270      6700
 2271              	.LASF89:
 2272 002a 43504143 		.ascii	"CPACR\000"
 2272      5200
 2273              	.LASF105:
 2274 0030 77746D74 		.ascii	"wtmtxp\000"
 2274      787000
 2275              	.LASF99:
 2276 0037 746D5F63 		.ascii	"tm_calibration_t\000"
 2276      616C6962 
 2276      72617469 
 2276      6F6E5F74 
 2276      00
 2277              	.LASF114:
 2278 0048 63686172 		.ascii	"char\000"
 2278      00
 2279              	.LASF91:
 2280 004d 72656761 		.ascii	"regarm_t\000"
 2280      726D5F74 
 2280      00
 2281              	.LASF26:
 2282 0056 705F7072 		.ascii	"p_prio\000"
 2282      696F00
 2283              	.LASF22:
 2284 005d 73797374 		.ascii	"systime_t\000"
 2284      696D655F 
 2284      7400
 2285              	.LASF112:
 2286 0067 6D5F6F77 		.ascii	"m_owner\000"
 2286      6E657200 
 2287              	.LASF108:
 2288 006f 735F7175 		.ascii	"s_queue\000"
 2288      65756500 
 2289              	.LASF35:
 2290 0077 705F6D73 		.ascii	"p_msgqueue\000"
 2290      67717565 
 2290      756500
 2291              	.LASF0:
 2292 0082 756E7369 		.ascii	"unsigned int\000"
 2292      676E6564 
 2292      20696E74 
 2292      00
 2293              	.LASF42:
 2294 008f 74687265 		.ascii	"threads_list_t\000"
 2294      6164735F 
 2294      6C697374 
 2294      5F7400
 2295              	.LASF82:
 2296 009e 44465352 		.ascii	"DFSR\000"
 2296      00
 2297              	.LASF102:
ARM GAS  /tmp/ccUobdTL.s 			page 42


 2298 00a3 77746F62 		.ascii	"wtobjp\000"
 2298      6A7000
 2299              	.LASF117:
 2300 00aa 706F7274 		.ascii	"port_lock\000"
 2300      5F6C6F63 
 2300      6B00
 2301              	.LASF72:
 2302 00b4 76746C69 		.ascii	"vtlist\000"
 2302      737400
 2303              	.LASF124:
 2304 00bb 706F7274 		.ascii	"port_lock_from_isr\000"
 2304      5F6C6F63 
 2304      6B5F6672 
 2304      6F6D5F69 
 2304      737200
 2305              	.LASF48:
 2306 00ce 63685F72 		.ascii	"ch_ready_list\000"
 2306      65616479 
 2306      5F6C6973 
 2306      7400
 2307              	.LASF74:
 2308 00dc 69646C65 		.ascii	"idle_thread_wa\000"
 2308      5F746872 
 2308      6561645F 
 2308      776100
 2309              	.LASF106:
 2310 00eb 65776D61 		.ascii	"ewmask\000"
 2310      736B00
 2311              	.LASF46:
 2312 00f2 63685F74 		.ascii	"ch_threads_queue\000"
 2312      68726561 
 2312      64735F71 
 2312      75657565 
 2312      00
 2313              	.LASF55:
 2314 0103 76746675 		.ascii	"vtfunc_t\000"
 2314      6E635F74 
 2314      00
 2315              	.LASF109:
 2316 010c 735F636E 		.ascii	"s_cnt\000"
 2316      7400
 2317              	.LASF67:
 2318 0112 63685F73 		.ascii	"ch_system_debug\000"
 2318      79737465 
 2318      6D5F6465 
 2318      62756700 
 2319              	.LASF9:
 2320 0122 75696E74 		.ascii	"uint32_t\000"
 2320      33325F74 
 2320      00
 2321              	.LASF86:
 2322 012b 4D4D4652 		.ascii	"MMFR\000"
 2322      00
 2323              	.LASF20:
 2324 0130 6576656E 		.ascii	"eventmask_t\000"
 2324      746D6173 
 2324      6B5F7400 
ARM GAS  /tmp/ccUobdTL.s 			page 43


 2325              	.LASF50:
 2326 013c 725F7072 		.ascii	"r_prio\000"
 2326      696F00
 2327              	.LASF62:
 2328 0143 76745F70 		.ascii	"vt_par\000"
 2328      617200
 2329              	.LASF107:
 2330 014a 63685F73 		.ascii	"ch_semaphore\000"
 2330      656D6170 
 2330      686F7265 
 2330      00
 2331              	.LASF18:
 2332 0157 74707269 		.ascii	"tprio_t\000"
 2332      6F5F7400 
 2333              	.LASF57:
 2334 015f 63685F76 		.ascii	"ch_virtual_timer\000"
 2334      69727475 
 2334      616C5F74 
 2334      696D6572 
 2334      00
 2335              	.LASF133:
 2336 0170 72657375 		.ascii	"result\000"
 2336      6C7400
 2337              	.LASF13:
 2338 0177 6C6F6E67 		.ascii	"long long unsigned int\000"
 2338      206C6F6E 
 2338      6720756E 
 2338      7369676E 
 2338      65642069 
 2339              	.LASF21:
 2340 018e 636E745F 		.ascii	"cnt_t\000"
 2340      7400
 2341              	.LASF28:
 2342 0194 705F6E65 		.ascii	"p_newer\000"
 2342      77657200 
 2343              	.LASF121:
 2344 019c 76616C75 		.ascii	"value\000"
 2344      6500
 2345              	.LASF64:
 2346 01a2 63685F76 		.ascii	"ch_virtual_timers_list\000"
 2346      69727475 
 2346      616C5F74 
 2346      696D6572 
 2346      735F6C69 
 2347              	.LASF23:
 2348 01b9 74687265 		.ascii	"thread_t\000"
 2348      61645F74 
 2348      00
 2349              	.LASF100:
 2350 01c2 7264796D 		.ascii	"rdymsg\000"
 2350      736700
 2351              	.LASF98:
 2352 01c9 6F666673 		.ascii	"offset\000"
 2352      657400
 2353              	.LASF75:
 2354 01d0 43505549 		.ascii	"CPUID\000"
 2354      4400
ARM GAS  /tmp/ccUobdTL.s 			page 44


 2355              	.LASF116:
 2356 01d6 5F426F6F 		.ascii	"_Bool\000"
 2356      6C00
 2357              	.LASF122:
 2358 01dc 746F704F 		.ascii	"topOfProcStack\000"
 2358      6650726F 
 2358      63537461 
 2358      636B00
 2359              	.LASF110:
 2360 01eb 63685F6D 		.ascii	"ch_mutex\000"
 2360      75746578 
 2360      00
 2361              	.LASF85:
 2362 01f4 41465352 		.ascii	"AFSR\000"
 2362      00
 2363              	.LASF125:
 2364 01f9 5356435F 		.ascii	"SVC_Handler\000"
 2364      48616E64 
 2364      6C657200 
 2365              	.LASF30:
 2366 0205 705F6E61 		.ascii	"p_name\000"
 2366      6D6500
 2367              	.LASF81:
 2368 020c 48465352 		.ascii	"HFSR\000"
 2368      00
 2369              	.LASF60:
 2370 0211 76745F64 		.ascii	"vt_delta\000"
 2370      656C7461 
 2370      00
 2371              	.LASF41:
 2372 021a 74687265 		.ascii	"thread_reference_t\000"
 2372      61645F72 
 2372      65666572 
 2372      656E6365 
 2372      5F7400
 2373              	.LASF65:
 2374 022d 76745F6C 		.ascii	"vt_lasttime\000"
 2374      61737474 
 2374      696D6500 
 2375              	.LASF76:
 2376 0239 49435352 		.ascii	"ICSR\000"
 2376      00
 2377              	.LASF16:
 2378 023e 74737461 		.ascii	"tstate_t\000"
 2378      74655F74 
 2378      00
 2379              	.LASF78:
 2380 0247 41495243 		.ascii	"AIRCR\000"
 2380      5200
 2381              	.LASF29:
 2382 024d 705F6F6C 		.ascii	"p_older\000"
 2382      64657200 
 2383              	.LASF31:
 2384 0255 705F7374 		.ascii	"p_state\000"
 2384      61746500 
 2385              	.LASF4:
 2386 025d 75696E74 		.ascii	"uint8_t\000"
ARM GAS  /tmp/ccUobdTL.s 			page 45


 2386      385F7400 
 2387              	.LASF40:
 2388 0265 705F6D70 		.ascii	"p_mpool\000"
 2388      6F6F6C00 
 2389              	.LASF38:
 2390 026d 705F6D74 		.ascii	"p_mtxlist\000"
 2390      786C6973 
 2390      7400
 2391              	.LASF43:
 2392 0277 63685F74 		.ascii	"ch_thread\000"
 2392      68726561 
 2392      6400
 2393              	.LASF66:
 2394 0281 73797374 		.ascii	"system_debug_t\000"
 2394      656D5F64 
 2394      65627567 
 2394      5F7400
 2395              	.LASF11:
 2396 0290 6C6F6E67 		.ascii	"long long int\000"
 2396      206C6F6E 
 2396      6720696E 
 2396      7400
 2397              	.LASF49:
 2398 029e 725F7175 		.ascii	"r_queue\000"
 2398      65756500 
 2399              	.LASF52:
 2400 02a6 725F6E65 		.ascii	"r_newer\000"
 2400      77657200 
 2401              	.LASF19:
 2402 02ae 6D73675F 		.ascii	"msg_t\000"
 2402      7400
 2403              	.LASF80:
 2404 02b4 43465352 		.ascii	"CFSR\000"
 2404      00
 2405              	.LASF93:
 2406 02b9 636F6E74 		.ascii	"context\000"
 2406      65787400 
 2407              	.LASF32:
 2408 02c1 705F666C 		.ascii	"p_flags\000"
 2408      61677300 
 2409              	.LASF56:
 2410 02c9 76697274 		.ascii	"virtual_timer_t\000"
 2410      75616C5F 
 2410      74696D65 
 2410      725F7400 
 2411              	.LASF131:
 2412 02d9 2F686F6D 		.ascii	"/home/madog/Documents/proyectos/CYCLE/repos/harvest"
 2412      652F6D61 
 2412      646F672F 
 2412      446F6375 
 2412      6D656E74 
 2413 030c 65722F73 		.ascii	"er/src\000"
 2413      726300
 2414              	.LASF130:
 2415 0313 2E2E2F2E 		.ascii	"../../../resources/chibios/ChibiOS_16.1.8/os/rt/por"
 2415      2E2F2E2E 
 2415      2F726573 
ARM GAS  /tmp/ccUobdTL.s 			page 46


 2415      6F757263 
 2415      65732F63 
 2416 0346 74732F41 		.ascii	"ts/ARMCMx/chcore_v7m.c\000"
 2416      524D434D 
 2416      782F6368 
 2416      636F7265 
 2416      5F76376D 
 2417              	.LASF53:
 2418 035d 725F6F6C 		.ascii	"r_older\000"
 2418      64657200 
 2419              	.LASF68:
 2420 0365 70616E69 		.ascii	"panic_msg\000"
 2420      635F6D73 
 2420      6700
 2421              	.LASF36:
 2422 036f 705F6D73 		.ascii	"p_msg\000"
 2422      6700
 2423              	.LASF15:
 2424 0375 746D6F64 		.ascii	"tmode_t\000"
 2424      655F7400 
 2425              	.LASF73:
 2426 037d 6D61696E 		.ascii	"mainthread\000"
 2426      74687265 
 2426      616400
 2427              	.LASF5:
 2428 0388 75696E74 		.ascii	"uint16_t\000"
 2428      31365F74 
 2428      00
 2429              	.LASF14:
 2430 0391 7274636E 		.ascii	"rtcnt_t\000"
 2430      745F7400 
 2431              	.LASF83:
 2432 0399 4D4D4641 		.ascii	"MMFAR\000"
 2432      5200
 2433              	.LASF120:
 2434 039f 5F5F7365 		.ascii	"__set_PSP\000"
 2434      745F5053 
 2434      5000
 2435              	.LASF39:
 2436 03a9 705F7265 		.ascii	"p_realprio\000"
 2436      616C7072 
 2436      696F00
 2437              	.LASF79:
 2438 03b4 53484353 		.ascii	"SHCSR\000"
 2438      5200
 2439              	.LASF3:
 2440 03ba 73686F72 		.ascii	"short int\000"
 2440      7420696E 
 2440      7400
 2441              	.LASF54:
 2442 03c4 725F6375 		.ascii	"r_current\000"
 2442      7272656E 
 2442      7400
 2443              	.LASF127:
 2444 03ce 63747870 		.ascii	"ctxp\000"
 2444      00
 2445              	.LASF37:
ARM GAS  /tmp/ccUobdTL.s 			page 47


 2446 03d3 705F6570 		.ascii	"p_epending\000"
 2446      656E6469 
 2446      6E6700
 2447              	.LASF111:
 2448 03de 6D5F7175 		.ascii	"m_queue\000"
 2448      65756500 
 2449              	.LASF8:
 2450 03e6 6C6F6E67 		.ascii	"long int\000"
 2450      20696E74 
 2450      00
 2451              	.LASF94:
 2452 03ef 706F7274 		.ascii	"port_intctx\000"
 2452      5F696E74 
 2452      63747800 
 2453              	.LASF128:
 2454 03fb 49544D5F 		.ascii	"ITM_RxBuffer\000"
 2454      52784275 
 2454      66666572 
 2454      00
 2455              	.LASF70:
 2456 0408 63685F73 		.ascii	"ch_system\000"
 2456      79737465 
 2456      6D00
 2457              	.LASF119:
 2458 0412 5F5F7365 		.ascii	"__set_BASEPRI\000"
 2458      745F4241 
 2458      53455052 
 2458      4900
 2459              	.LASF24:
 2460 0420 705F6E65 		.ascii	"p_next\000"
 2460      787400
 2461              	.LASF12:
 2462 0427 75696E74 		.ascii	"uint64_t\000"
 2462      36345F74 
 2462      00
 2463              	.LASF27:
 2464 0430 705F6374 		.ascii	"p_ctx\000"
 2464      7800
 2465              	.LASF71:
 2466 0436 726C6973 		.ascii	"rlist\000"
 2466      7400
 2467              	.LASF95:
 2468 043c 706F7274 		.ascii	"port_extctx\000"
 2468      5F657874 
 2468      63747800 
 2469              	.LASF90:
 2470 0448 5343425F 		.ascii	"SCB_Type\000"
 2470      54797065 
 2470      00
 2471              	.LASF84:
 2472 0451 42464152 		.ascii	"BFAR\000"
 2472      00
 2473              	.LASF77:
 2474 0456 56544F52 		.ascii	"VTOR\000"
 2474      00
 2475              	.LASF97:
 2476 045b 78707372 		.ascii	"xpsr\000"
ARM GAS  /tmp/ccUobdTL.s 			page 48


 2476      00
 2477              	.LASF25:
 2478 0460 705F7072 		.ascii	"p_prev\000"
 2478      657600
 2479              	.LASF17:
 2480 0467 74726566 		.ascii	"trefs_t\000"
 2480      735F7400 
 2481              	.LASF10:
 2482 046f 6C6F6E67 		.ascii	"long unsigned int\000"
 2482      20756E73 
 2482      69676E65 
 2482      6420696E 
 2482      7400
 2483              	.LASF47:
 2484 0481 72656164 		.ascii	"ready_list_t\000"
 2484      795F6C69 
 2484      73745F74 
 2484      00
 2485              	.LASF7:
 2486 048e 696E7433 		.ascii	"int32_t\000"
 2486      325F7400 
 2487              	.LASF129:
 2488 0496 474E5520 		.ascii	"GNU C 4.6.1\000"
 2488      4320342E 
 2488      362E3100 
 2489              	.LASF115:
 2490 04a2 6D757465 		.ascii	"mutex_t\000"
 2490      785F7400 
 2491              	.LASF123:
 2492 04aa 706F7274 		.ascii	"port_unlock_from_isr\000"
 2492      5F756E6C 
 2492      6F636B5F 
 2492      66726F6D 
 2492      5F697372 
 2493              	.LASF2:
 2494 04bf 756E7369 		.ascii	"unsigned char\000"
 2494      676E6564 
 2494      20636861 
 2494      7200
 2495              	.LASF63:
 2496 04cd 76697274 		.ascii	"virtual_timers_list_t\000"
 2496      75616C5F 
 2496      74696D65 
 2496      72735F6C 
 2496      6973745F 
 2497              	.LASF33:
 2498 04e3 705F7265 		.ascii	"p_refs\000"
 2498      667300
 2499              	.LASF126:
 2500 04ea 5F706F72 		.ascii	"_port_irq_epilogue\000"
 2500      745F6972 
 2500      715F6570 
 2500      696C6F67 
 2500      756500
 2501              	.LASF96:
 2502 04fd 6C725F74 		.ascii	"lr_thd\000"
 2502      686400
ARM GAS  /tmp/ccUobdTL.s 			page 49


 2503              	.LASF58:
 2504 0504 76745F6E 		.ascii	"vt_next\000"
 2504      65787400 
 2505              	.LASF69:
 2506 050c 63685F73 		.ascii	"ch_system_t\000"
 2506      79737465 
 2506      6D5F7400 
 2507              	.LASF104:
 2508 0518 77747365 		.ascii	"wtsemp\000"
 2508      6D7000
 2509              	.LASF103:
 2510 051f 77747472 		.ascii	"wttrp\000"
 2510      7000
 2511              	.LASF113:
 2512 0525 6D5F6E65 		.ascii	"m_next\000"
 2512      787400
 2513              	.LASF1:
 2514 052c 7369676E 		.ascii	"signed char\000"
 2514      65642063 
 2514      68617200 
 2515              	.LASF6:
 2516 0538 73686F72 		.ascii	"short unsigned int\000"
 2516      7420756E 
 2516      7369676E 
 2516      65642069 
 2516      6E7400
 2517              	.LASF51:
 2518 054b 725F6374 		.ascii	"r_ctx\000"
 2518      7800
 2519              	.LASF92:
 2520 0551 73746B61 		.ascii	"stkalign_t\000"
 2520      6C69676E 
 2520      5F7400
 2521              	.LASF61:
 2522 055c 76745F66 		.ascii	"vt_func\000"
 2522      756E6300 
 2523              	.LASF118:
 2524 0564 706F7274 		.ascii	"port_unlock\000"
 2524      5F756E6C 
 2524      6F636B00 
 2525              	.LASF59:
 2526 0570 76745F70 		.ascii	"vt_prev\000"
 2526      72657600 
 2527              	.LASF88:
 2528 0578 52455345 		.ascii	"RESERVED0\000"
 2528      52564544 
 2528      3000
 2529              	.LASF87:
 2530 0582 49534152 		.ascii	"ISAR\000"
 2530      00
 2531              	.LASF101:
 2532 0587 65786974 		.ascii	"exitcode\000"
 2532      636F6465 
 2532      00
 2533              	.LASF132:
 2534 0590 5F5F6765 		.ascii	"__get_PSP\000"
 2534      745F5053 
ARM GAS  /tmp/ccUobdTL.s 			page 50


 2534      5000
 2535              		.ident	"GCC: (Sourcery CodeBench Lite 2011.09-69) 4.6.1"
ARM GAS  /tmp/ccUobdTL.s 			page 51


DEFINED SYMBOLS
                            *ABS*:00000000 chcore_v7m.c
     /tmp/ccUobdTL.s:19     .text.SVC_Handler:00000000 $t
     /tmp/ccUobdTL.s:25     .text.SVC_Handler:00000000 SVC_Handler
     /tmp/ccUobdTL.s:79     .text._port_irq_epilogue:00000000 $t
     /tmp/ccUobdTL.s:85     .text._port_irq_epilogue:00000000 _port_irq_epilogue
                     .debug_frame:00000010 $d

UNDEFINED SYMBOLS
chSchIsPreemptionRequired
_port_switch_from_isr
_port_exit_from_isr
