ARM GAS  /tmp/ccUOY3fv.s 			page 1


   1              		.syntax unified
   2              		.cpu cortex-m3
   3              		.fpu softvfp
   4              		.eabi_attribute 20, 1
   5              		.eabi_attribute 21, 1
   6              		.eabi_attribute 23, 3
   7              		.eabi_attribute 24, 1
   8              		.eabi_attribute 25, 1
   9              		.eabi_attribute 26, 1
  10              		.eabi_attribute 30, 2
  11              		.eabi_attribute 34, 1
  12              		.eabi_attribute 18, 4
  13              		.thumb
  14              		.file	"chmemcore.c"
  15              		.text
  16              	.Ltext0:
  17              		.cfi_sections	.debug_frame
  18              		.section	.text._core_init,"ax",%progbits
  19              		.align	2
  20              		.p2align 4,,15
  21              		.global	_core_init
  22              		.thumb
  23              		.thumb_func
  24              		.type	_core_init, %function
  25              	_core_init:
  26              	.LFB182:
  27              		.file 1 "../../../resources/chibios/ChibiOS_16.1.8/os/rt/src/chmemcore.c"
  28              		.loc 1 78 0
  29              		.cfi_startproc
  30              		@ args = 0, pretend = 0, frame = 0
  31              		@ frame_needed = 0, uses_anonymous_args = 0
  32              		@ link register save eliminated.
  33              		.loc 1 84 0
  34 0000 0949     		ldr	r1, .L2
  35              		.loc 1 85 0
  36 0002 40F2000C 		movw	ip, #:lower16:__heap_end__
  37              		.loc 1 84 0
  38 0006 40F20002 		movw	r2, #:lower16:.LANCHOR0
  39              		.loc 1 85 0
  40 000a 40F20003 		movw	r3, #:lower16:.LANCHOR1
  41 000e C0F2000C 		movt	ip, #:upper16:__heap_end__
  42              		.loc 1 84 0
  43 0012 21F00700 		bic	r0, r1, #7
  44 0016 C0F20002 		movt	r2, #:upper16:.LANCHOR0
  45              		.loc 1 85 0
  46 001a C0F20003 		movt	r3, #:upper16:.LANCHOR1
  47 001e 2CF00701 		bic	r1, ip, #7
  48              		.loc 1 84 0
  49 0022 1060     		str	r0, [r2, #0]
  50              		.loc 1 85 0
  51 0024 1960     		str	r1, [r3, #0]
  52              		.loc 1 95 0
  53 0026 7047     		bx	lr
  54              	.L3:
  55              		.align	2
  56              	.L2:
  57 0028 07000000 		.word	__heap_base__+7
ARM GAS  /tmp/ccUOY3fv.s 			page 2


  58              		.cfi_endproc
  59              	.LFE182:
  60              		.size	_core_init, .-_core_init
  61 002c AFF30080 		.section	.text.chCoreAlloc,"ax",%progbits
  62              		.align	2
  63              		.p2align 4,,15
  64              		.global	chCoreAlloc
  65              		.thumb
  66              		.thumb_func
  67              		.type	chCoreAlloc, %function
  68              	chCoreAlloc:
  69              	.LFB183:
  70              		.loc 1 109 0
  71              		.cfi_startproc
  72              		@ args = 0, pretend = 0, frame = 0
  73              		@ frame_needed = 0, uses_anonymous_args = 0
  74              		@ link register save eliminated.
  75              	.LVL0:
  76              	.LBB26:
  77              	.LBB27:
  78              	.LBB28:
  79              	.LBB29:
  80              		.file 2 "../../../resources/chibios/ChibiOS_16.1.8/os/ext/CMSIS/include/core_cmFunc.h"
  81              		.loc 2 548 0
  82 0000 2022     		movs	r2, #32
  83              	@ 548 "../../../resources/chibios/ChibiOS_16.1.8/os/ext/CMSIS/include/core_cmFunc.h" 1
  84 0002 82F31188 		MSR basepri, r2
  85              	@ 0 "" 2
  86              	.LVL1:
  87              		.thumb
  88              	.LBE29:
  89              	.LBE28:
  90              	.LBE27:
  91              	.LBE26:
  92              	.LBB30:
  93              	.LBB31:
  94              		.loc 1 138 0
  95 0006 40F2000C 		movw	ip, #:lower16:.LANCHOR0
  96 000a 40F20001 		movw	r1, #:lower16:.LANCHOR1
  97 000e C0F2000C 		movt	ip, #:upper16:.LANCHOR0
  98 0012 C0F20001 		movt	r1, #:upper16:.LANCHOR1
  99 0016 DCF80020 		ldr	r2, [ip, #0]
 100 001a 0B68     		ldr	r3, [r1, #0]
 101              		.loc 1 136 0
 102 001c 0730     		adds	r0, r0, #7
 103              	.LVL2:
 104 001e 20F00700 		bic	r0, r0, #7
 105              	.LVL3:
 106              		.loc 1 138 0
 107 0022 991A     		subs	r1, r3, r2
 108 0024 8842     		cmp	r0, r1
 109              	.LVL4:
 110              		.loc 1 143 0
 111 0026 9ABF     		itte	ls
 112 0028 1018     		addls	r0, r2, r0
 113              	.LVL5:
 114 002a CCF80000 		strls	r0, [ip, #0]
ARM GAS  /tmp/ccUOY3fv.s 			page 3


 115              		.loc 1 140 0
 116 002e 0022     		movhi	r2, #0
 117              	.LVL6:
 118              	.LBE31:
 119              	.LBE30:
 120              	.LBB32:
 121              	.LBB33:
 122              	.LBB34:
 123              	.LBB35:
 124              	.LBB36:
 125              		.loc 2 548 0
 126 0030 0023     		movs	r3, #0
 127              	@ 548 "../../../resources/chibios/ChibiOS_16.1.8/os/ext/CMSIS/include/core_cmFunc.h" 1
 128 0032 83F31188 		MSR basepri, r3
 129              	@ 0 "" 2
 130              		.thumb
 131              	.LBE36:
 132              	.LBE35:
 133              	.LBE34:
 134              	.LBE33:
 135              	.LBE32:
 136              		.loc 1 117 0
 137 0036 1046     		mov	r0, r2
 138 0038 7047     		bx	lr
 139              		.cfi_endproc
 140              	.LFE183:
 141              		.size	chCoreAlloc, .-chCoreAlloc
 142 003a 00BFAFF3 		.section	.text.chCoreAllocI,"ax",%progbits
 142      0080
 143              		.align	2
 144              		.p2align 4,,15
 145              		.global	chCoreAllocI
 146              		.thumb
 147              		.thumb_func
 148              		.type	chCoreAllocI, %function
 149              	chCoreAllocI:
 150              	.LFB184:
 151              		.loc 1 131 0
 152              		.cfi_startproc
 153              		@ args = 0, pretend = 0, frame = 0
 154              		@ frame_needed = 0, uses_anonymous_args = 0
 155              		@ link register save eliminated.
 156              	.LVL7:
 157              		.loc 1 138 0
 158 0000 40F20003 		movw	r3, #:lower16:.LANCHOR0
 159 0004 40F2000C 		movw	ip, #:lower16:.LANCHOR1
 160 0008 C0F20003 		movt	r3, #:upper16:.LANCHOR0
 161 000c C0F2000C 		movt	ip, #:upper16:.LANCHOR1
 162 0010 1A68     		ldr	r2, [r3, #0]
 163 0012 DCF80010 		ldr	r1, [ip, #0]
 164              		.loc 1 136 0
 165 0016 0730     		adds	r0, r0, #7
 166              	.LVL8:
 167 0018 20F00700 		bic	r0, r0, #7
 168              	.LVL9:
 169              		.loc 1 138 0
 170 001c 891A     		subs	r1, r1, r2
ARM GAS  /tmp/ccUOY3fv.s 			page 4


 171 001e 8842     		cmp	r0, r1
 172              	.LVL10:
 173              		.loc 1 143 0
 174 0020 9ABF     		itte	ls
 175 0022 1018     		addls	r0, r2, r0
 176              	.LVL11:
 177 0024 1860     		strls	r0, [r3, #0]
 178              		.loc 1 140 0
 179 0026 0022     		movhi	r2, #0
 180              		.loc 1 146 0
 181 0028 1046     		mov	r0, r2
 182 002a 7047     		bx	lr
 183              		.cfi_endproc
 184              	.LFE184:
 185              		.size	chCoreAllocI, .-chCoreAllocI
 186 002c AFF30080 		.section	.text.chCoreGetStatusX,"ax",%progbits
 187              		.align	2
 188              		.p2align 4,,15
 189              		.global	chCoreGetStatusX
 190              		.thumb
 191              		.thumb_func
 192              		.type	chCoreGetStatusX, %function
 193              	chCoreGetStatusX:
 194              	.LFB185:
 195              		.loc 1 155 0
 196              		.cfi_startproc
 197              		@ args = 0, pretend = 0, frame = 0
 198              		@ frame_needed = 0, uses_anonymous_args = 0
 199              		@ link register save eliminated.
 200              		.loc 1 158 0
 201 0000 40F20002 		movw	r2, #:lower16:.LANCHOR1
 202 0004 40F20001 		movw	r1, #:lower16:.LANCHOR0
 203 0008 C0F20002 		movt	r2, #:upper16:.LANCHOR1
 204 000c C0F20001 		movt	r1, #:upper16:.LANCHOR0
 205 0010 1068     		ldr	r0, [r2, #0]
 206 0012 0B68     		ldr	r3, [r1, #0]
 207              		.loc 1 160 0
 208 0014 C01A     		subs	r0, r0, r3
 209 0016 7047     		bx	lr
 210              		.cfi_endproc
 211              	.LFE185:
 212              		.size	chCoreGetStatusX, .-chCoreGetStatusX
 213 0018 AFF30080 		.section	.bss.endmem,"aw",%nobits
 213      AFF30080 
 214              		.align	2
 215              		.set	.LANCHOR1,. + 0
 216              		.type	endmem, %object
 217              		.size	endmem, 4
 218              	endmem:
 219 0000 00000000 		.space	4
 220              		.section	.bss.nextmem,"aw",%nobits
 221              		.align	2
 222              		.set	.LANCHOR0,. + 0
 223              		.type	nextmem, %object
 224              		.size	nextmem, 4
 225              	nextmem:
 226 0000 00000000 		.space	4
ARM GAS  /tmp/ccUOY3fv.s 			page 5


 227              		.text
 228              	.Letext0:
 229              		.file 3 "/home/madog/programs/CodeSourcery/Sourcery_CodeBench_Lite_for_ARM_EABI/bin/../lib/gcc/arm
 230              		.file 4 "/home/madog/programs/CodeSourcery/Sourcery_CodeBench_Lite_for_ARM_EABI/bin/../lib/gcc/arm
 231              		.file 5 "../../../resources/chibios/ChibiOS_16.1.8/os/rt/ports/ARMCMx/compilers/GCC/chtypes.h"
 232              		.file 6 "../../../resources/chibios/ChibiOS_16.1.8/os/rt/include/chsystypes.h"
 233              		.file 7 "../../../resources/chibios/ChibiOS_16.1.8/os/rt/include/chschd.h"
 234              		.file 8 "../../../resources/chibios/ChibiOS_16.1.8/os/rt/ports/ARMCMx/chcore.h"
 235              		.file 9 "../../../resources/chibios/ChibiOS_16.1.8/os/rt/ports/ARMCMx/chcore_v7m.h"
 236              		.file 10 "../../../resources/chibios/ChibiOS_16.1.8/os/rt/include/chtm.h"
 237              		.file 11 "../../../resources/chibios/ChibiOS_16.1.8/os/rt/include/chsem.h"
 238              		.file 12 "../../../resources/chibios/ChibiOS_16.1.8/os/rt/include/chmtx.h"
 239              		.file 13 "../../../resources/chibios/ChibiOS_16.1.8/os/rt/include/chsys.h"
 240              		.file 14 "../../../resources/chibios/ChibiOS_16.1.8/os/ext/CMSIS/include/core_cm3.h"
 241              		.section	.debug_info,"",%progbits
 242              	.Ldebug_info0:
 243 0000 F2080000 		.4byte	0x8f2
 244 0004 0200     		.2byte	0x2
 245 0006 00000000 		.4byte	.Ldebug_abbrev0
 246 000a 04       		.byte	0x4
 247 000b 01       		.uleb128 0x1
 248 000c 47040000 		.4byte	.LASF112
 249 0010 01       		.byte	0x1
 250 0011 B5010000 		.4byte	.LASF113
 251 0015 07030000 		.4byte	.LASF114
 252 0019 00000000 		.4byte	0
 253 001d 00000000 		.4byte	0
 254 0021 00000000 		.4byte	.Ldebug_ranges0+0
 255 0025 00000000 		.4byte	.Ldebug_line0
 256 0029 02       		.uleb128 0x2
 257 002a 04       		.byte	0x4
 258 002b 05       		.byte	0x5
 259 002c 696E7400 		.ascii	"int\000"
 260 0030 03       		.uleb128 0x3
 261 0031 0E020000 		.4byte	.LASF2
 262 0035 03       		.byte	0x3
 263 0036 D4       		.byte	0xd4
 264 0037 3B000000 		.4byte	0x3b
 265 003b 04       		.uleb128 0x4
 266 003c 04       		.byte	0x4
 267 003d 07       		.byte	0x7
 268 003e 7C000000 		.4byte	.LASF0
 269 0042 04       		.uleb128 0x4
 270 0043 01       		.byte	0x1
 271 0044 06       		.byte	0x6
 272 0045 A7040000 		.4byte	.LASF1
 273 0049 03       		.uleb128 0x3
 274 004a 90020000 		.4byte	.LASF3
 275 004e 04       		.byte	0x4
 276 004f 2A       		.byte	0x2a
 277 0050 54000000 		.4byte	0x54
 278 0054 04       		.uleb128 0x4
 279 0055 01       		.byte	0x1
 280 0056 08       		.byte	0x8
 281 0057 5B040000 		.4byte	.LASF4
 282 005b 04       		.uleb128 0x4
 283 005c 02       		.byte	0x2
ARM GAS  /tmp/ccUOY3fv.s 			page 6


 284 005d 05       		.byte	0x5
 285 005e 8D030000 		.4byte	.LASF5
 286 0062 03       		.uleb128 0x3
 287 0063 71030000 		.4byte	.LASF6
 288 0067 04       		.byte	0x4
 289 0068 36       		.byte	0x36
 290 0069 6D000000 		.4byte	0x6d
 291 006d 04       		.uleb128 0x4
 292 006e 02       		.byte	0x2
 293 006f 07       		.byte	0x7
 294 0070 B3040000 		.4byte	.LASF7
 295 0074 03       		.uleb128 0x3
 296 0075 38040000 		.4byte	.LASF8
 297 0079 04       		.byte	0x4
 298 007a 4F       		.byte	0x4f
 299 007b 7F000000 		.4byte	0x7f
 300 007f 04       		.uleb128 0x4
 301 0080 04       		.byte	0x4
 302 0081 05       		.byte	0x5
 303 0082 B4030000 		.4byte	.LASF9
 304 0086 03       		.uleb128 0x3
 305 0087 15010000 		.4byte	.LASF10
 306 008b 04       		.byte	0x4
 307 008c 50       		.byte	0x50
 308 008d 91000000 		.4byte	0x91
 309 0091 04       		.uleb128 0x4
 310 0092 04       		.byte	0x4
 311 0093 07       		.byte	0x7
 312 0094 19040000 		.4byte	.LASF11
 313 0098 04       		.uleb128 0x4
 314 0099 08       		.byte	0x8
 315 009a 05       		.byte	0x5
 316 009b C3020000 		.4byte	.LASF12
 317 009f 03       		.uleb128 0x3
 318 00a0 F5030000 		.4byte	.LASF13
 319 00a4 04       		.byte	0x4
 320 00a5 78       		.byte	0x78
 321 00a6 AA000000 		.4byte	0xaa
 322 00aa 04       		.uleb128 0x4
 323 00ab 08       		.byte	0x8
 324 00ac 07       		.byte	0x7
 325 00ad 5E010000 		.4byte	.LASF14
 326 00b1 03       		.uleb128 0x3
 327 00b2 7A030000 		.4byte	.LASF15
 328 00b6 05       		.byte	0x5
 329 00b7 39       		.byte	0x39
 330 00b8 86000000 		.4byte	0x86
 331 00bc 03       		.uleb128 0x3
 332 00bd 5E030000 		.4byte	.LASF16
 333 00c1 05       		.byte	0x5
 334 00c2 3C       		.byte	0x3c
 335 00c3 49000000 		.4byte	0x49
 336 00c7 03       		.uleb128 0x3
 337 00c8 6B020000 		.4byte	.LASF17
 338 00cc 05       		.byte	0x5
 339 00cd 3D       		.byte	0x3d
 340 00ce 49000000 		.4byte	0x49
ARM GAS  /tmp/ccUOY3fv.s 			page 7


 341 00d2 03       		.uleb128 0x3
 342 00d3 11040000 		.4byte	.LASF18
 343 00d7 05       		.byte	0x5
 344 00d8 3E       		.byte	0x3e
 345 00d9 49000000 		.4byte	0x49
 346 00dd 03       		.uleb128 0x3
 347 00de 45010000 		.4byte	.LASF19
 348 00e2 05       		.byte	0x5
 349 00e3 40       		.byte	0x40
 350 00e4 86000000 		.4byte	0x86
 351 00e8 03       		.uleb128 0x3
 352 00e9 E1020000 		.4byte	.LASF20
 353 00ed 05       		.byte	0x5
 354 00ee 41       		.byte	0x41
 355 00ef 74000000 		.4byte	0x74
 356 00f3 03       		.uleb128 0x3
 357 00f4 1E010000 		.4byte	.LASF21
 358 00f8 05       		.byte	0x5
 359 00f9 43       		.byte	0x43
 360 00fa 86000000 		.4byte	0x86
 361 00fe 03       		.uleb128 0x3
 362 00ff 75010000 		.4byte	.LASF22
 363 0103 05       		.byte	0x5
 364 0104 45       		.byte	0x45
 365 0105 74000000 		.4byte	0x74
 366 0109 03       		.uleb128 0x3
 367 010a 57000000 		.4byte	.LASF23
 368 010e 06       		.byte	0x6
 369 010f 35       		.byte	0x35
 370 0110 62000000 		.4byte	0x62
 371 0114 03       		.uleb128 0x3
 372 0115 AC010000 		.4byte	.LASF24
 373 0119 06       		.byte	0x6
 374 011a 3F       		.byte	0x3f
 375 011b 1F010000 		.4byte	0x11f
 376 011f 05       		.uleb128 0x5
 377 0120 AA020000 		.4byte	.LASF44
 378 0124 44       		.byte	0x44
 379 0125 07       		.byte	0x7
 380 0126 C2       		.byte	0xc2
 381 0127 30020000 		.4byte	0x230
 382 012b 06       		.uleb128 0x6
 383 012c EE030000 		.4byte	.LASF25
 384 0130 07       		.byte	0x7
 385 0131 C3       		.byte	0xc3
 386 0132 3B020000 		.4byte	0x23b
 387 0136 02       		.byte	0x2
 388 0137 23       		.byte	0x23
 389 0138 00       		.uleb128 0
 390 0139 06       		.uleb128 0x6
 391 013a 0A040000 		.4byte	.LASF26
 392 013e 07       		.byte	0x7
 393 013f C5       		.byte	0xc5
 394 0140 3B020000 		.4byte	0x23b
 395 0144 02       		.byte	0x2
 396 0145 23       		.byte	0x23
 397 0146 04       		.uleb128 0x4
ARM GAS  /tmp/ccUOY3fv.s 			page 8


 398 0147 06       		.uleb128 0x6
 399 0148 50000000 		.4byte	.LASF27
 400 014c 07       		.byte	0x7
 401 014d C7       		.byte	0xc7
 402 014e DD000000 		.4byte	0xdd
 403 0152 02       		.byte	0x2
 404 0153 23       		.byte	0x23
 405 0154 08       		.uleb128 0x8
 406 0155 06       		.uleb128 0x6
 407 0156 FE030000 		.4byte	.LASF28
 408 015a 07       		.byte	0x7
 409 015b C8       		.byte	0xc8
 410 015c 97040000 		.4byte	0x497
 411 0160 02       		.byte	0x2
 412 0161 23       		.byte	0x23
 413 0162 0C       		.uleb128 0xc
 414 0163 06       		.uleb128 0x6
 415 0164 87010000 		.4byte	.LASF29
 416 0168 07       		.byte	0x7
 417 0169 CA       		.byte	0xca
 418 016a 3B020000 		.4byte	0x23b
 419 016e 02       		.byte	0x2
 420 016f 23       		.byte	0x23
 421 0170 10       		.uleb128 0x10
 422 0171 06       		.uleb128 0x6
 423 0172 74020000 		.4byte	.LASF30
 424 0176 07       		.byte	0x7
 425 0177 CB       		.byte	0xcb
 426 0178 3B020000 		.4byte	0x23b
 427 017c 02       		.byte	0x2
 428 017d 23       		.byte	0x23
 429 017e 14       		.uleb128 0x14
 430 017f 06       		.uleb128 0x6
 431 0180 3C020000 		.4byte	.LASF31
 432 0184 07       		.byte	0x7
 433 0185 D2       		.byte	0xd2
 434 0186 36060000 		.4byte	0x636
 435 018a 02       		.byte	0x2
 436 018b 23       		.byte	0x23
 437 018c 18       		.uleb128 0x18
 438 018d 06       		.uleb128 0x6
 439 018e 7C020000 		.4byte	.LASF32
 440 0192 07       		.byte	0x7
 441 0193 DD       		.byte	0xdd
 442 0194 C7000000 		.4byte	0xc7
 443 0198 02       		.byte	0x2
 444 0199 23       		.byte	0x23
 445 019a 1C       		.uleb128 0x1c
 446 019b 06       		.uleb128 0x6
 447 019c EF020000 		.4byte	.LASF33
 448 01a0 07       		.byte	0x7
 449 01a1 E1       		.byte	0xe1
 450 01a2 BC000000 		.4byte	0xbc
 451 01a6 02       		.byte	0x2
 452 01a7 23       		.byte	0x23
 453 01a8 1D       		.uleb128 0x1d
 454 01a9 06       		.uleb128 0x6
ARM GAS  /tmp/ccUOY3fv.s 			page 9


 455 01aa 7F040000 		.4byte	.LASF34
 456 01ae 07       		.byte	0x7
 457 01af E6       		.byte	0xe6
 458 01b0 D2000000 		.4byte	0xd2
 459 01b4 02       		.byte	0x2
 460 01b5 23       		.byte	0x23
 461 01b6 1E       		.uleb128 0x1e
 462 01b7 07       		.uleb128 0x7
 463 01b8 705F7500 		.ascii	"p_u\000"
 464 01bc 07       		.byte	0x7
 465 01bd 3101     		.2byte	0x131
 466 01bf 67050000 		.4byte	0x567
 467 01c3 02       		.byte	0x2
 468 01c4 23       		.byte	0x23
 469 01c5 20       		.uleb128 0x20
 470 01c6 08       		.uleb128 0x8
 471 01c7 20000000 		.4byte	.LASF35
 472 01cb 07       		.byte	0x7
 473 01cc 3601     		.2byte	0x136
 474 01ce 41020000 		.4byte	0x241
 475 01d2 02       		.byte	0x2
 476 01d3 23       		.byte	0x23
 477 01d4 24       		.uleb128 0x24
 478 01d5 08       		.uleb128 0x8
 479 01d6 71000000 		.4byte	.LASF36
 480 01da 07       		.byte	0x7
 481 01db 3C01     		.2byte	0x13c
 482 01dd 67020000 		.4byte	0x267
 483 01e1 02       		.byte	0x2
 484 01e2 23       		.byte	0x23
 485 01e3 28       		.uleb128 0x28
 486 01e4 08       		.uleb128 0x8
 487 01e5 58030000 		.4byte	.LASF37
 488 01e9 07       		.byte	0x7
 489 01ea 4001     		.2byte	0x140
 490 01ec E8000000 		.4byte	0xe8
 491 01f0 02       		.byte	0x2
 492 01f1 23       		.byte	0x23
 493 01f2 30       		.uleb128 0x30
 494 01f3 08       		.uleb128 0x8
 495 01f4 A1030000 		.4byte	.LASF38
 496 01f8 07       		.byte	0x7
 497 01f9 4601     		.2byte	0x146
 498 01fb F3000000 		.4byte	0xf3
 499 01ff 02       		.byte	0x2
 500 0200 23       		.byte	0x23
 501 0201 34       		.uleb128 0x34
 502 0202 08       		.uleb128 0x8
 503 0203 A0020000 		.4byte	.LASF39
 504 0207 07       		.byte	0x7
 505 0208 4D01     		.2byte	0x14d
 506 020a 30060000 		.4byte	0x630
 507 020e 02       		.byte	0x2
 508 020f 23       		.byte	0x23
 509 0210 38       		.uleb128 0x38
 510 0211 08       		.uleb128 0x8
 511 0212 82030000 		.4byte	.LASF40
ARM GAS  /tmp/ccUOY3fv.s 			page 10


 512 0216 07       		.byte	0x7
 513 0217 5101     		.2byte	0x151
 514 0219 DD000000 		.4byte	0xdd
 515 021d 02       		.byte	0x2
 516 021e 23       		.byte	0x23
 517 021f 3C       		.uleb128 0x3c
 518 0220 08       		.uleb128 0x8
 519 0221 98020000 		.4byte	.LASF41
 520 0225 07       		.byte	0x7
 521 0226 5801     		.2byte	0x158
 522 0228 2B030000 		.4byte	0x32b
 523 022c 02       		.byte	0x2
 524 022d 23       		.byte	0x23
 525 022e 40       		.uleb128 0x40
 526 022f 00       		.byte	0
 527 0230 03       		.uleb128 0x3
 528 0231 4C020000 		.4byte	.LASF42
 529 0235 06       		.byte	0x6
 530 0236 44       		.byte	0x44
 531 0237 3B020000 		.4byte	0x23b
 532 023b 09       		.uleb128 0x9
 533 023c 04       		.byte	0x4
 534 023d 14010000 		.4byte	0x114
 535 0241 03       		.uleb128 0x3
 536 0242 89000000 		.4byte	.LASF43
 537 0246 06       		.byte	0x6
 538 0247 49       		.byte	0x49
 539 0248 4C020000 		.4byte	0x24c
 540 024c 05       		.uleb128 0x5
 541 024d 00000000 		.4byte	.LASF45
 542 0251 04       		.byte	0x4
 543 0252 07       		.byte	0x7
 544 0253 B0       		.byte	0xb0
 545 0254 67020000 		.4byte	0x267
 546 0258 06       		.uleb128 0x6
 547 0259 EE030000 		.4byte	.LASF25
 548 025d 07       		.byte	0x7
 549 025e B1       		.byte	0xb1
 550 025f 3B020000 		.4byte	0x23b
 551 0263 02       		.byte	0x2
 552 0264 23       		.byte	0x23
 553 0265 00       		.uleb128 0
 554 0266 00       		.byte	0
 555 0267 03       		.uleb128 0x3
 556 0268 10000000 		.4byte	.LASF46
 557 026c 06       		.byte	0x6
 558 026d 50       		.byte	0x50
 559 026e 72020000 		.4byte	0x272
 560 0272 05       		.uleb128 0x5
 561 0273 D4000000 		.4byte	.LASF47
 562 0277 08       		.byte	0x8
 563 0278 07       		.byte	0x7
 564 0279 B7       		.byte	0xb7
 565 027a 9B020000 		.4byte	0x29b
 566 027e 06       		.uleb128 0x6
 567 027f EE030000 		.4byte	.LASF25
 568 0283 07       		.byte	0x7
ARM GAS  /tmp/ccUOY3fv.s 			page 11


 569 0284 B8       		.byte	0xb8
 570 0285 3B020000 		.4byte	0x23b
 571 0289 02       		.byte	0x2
 572 028a 23       		.byte	0x23
 573 028b 00       		.uleb128 0
 574 028c 06       		.uleb128 0x6
 575 028d 0A040000 		.4byte	.LASF26
 576 0291 07       		.byte	0x7
 577 0292 B9       		.byte	0xb9
 578 0293 3B020000 		.4byte	0x23b
 579 0297 02       		.byte	0x2
 580 0298 23       		.byte	0x23
 581 0299 04       		.uleb128 0x4
 582 029a 00       		.byte	0
 583 029b 03       		.uleb128 0x3
 584 029c 2B040000 		.4byte	.LASF48
 585 02a0 06       		.byte	0x6
 586 02a1 57       		.byte	0x57
 587 02a2 A6020000 		.4byte	0x2a6
 588 02a6 0A       		.uleb128 0xa
 589 02a7 B0000000 		.4byte	.LASF49
 590 02ab 1C       		.byte	0x1c
 591 02ac 07       		.byte	0x7
 592 02ad 9001     		.2byte	0x190
 593 02af 0E030000 		.4byte	0x30e
 594 02b3 08       		.uleb128 0x8
 595 02b4 D1020000 		.4byte	.LASF50
 596 02b8 07       		.byte	0x7
 597 02b9 9101     		.2byte	0x191
 598 02bb 67020000 		.4byte	0x267
 599 02bf 02       		.byte	0x2
 600 02c0 23       		.byte	0x23
 601 02c1 00       		.uleb128 0
 602 02c2 08       		.uleb128 0x8
 603 02c3 2A010000 		.4byte	.LASF51
 604 02c7 07       		.byte	0x7
 605 02c8 9201     		.2byte	0x192
 606 02ca DD000000 		.4byte	0xdd
 607 02ce 02       		.byte	0x2
 608 02cf 23       		.byte	0x23
 609 02d0 08       		.uleb128 0x8
 610 02d1 08       		.uleb128 0x8
 611 02d2 C6040000 		.4byte	.LASF52
 612 02d6 07       		.byte	0x7
 613 02d7 9401     		.2byte	0x194
 614 02d9 97040000 		.4byte	0x497
 615 02dd 02       		.byte	0x2
 616 02de 23       		.byte	0x23
 617 02df 0C       		.uleb128 0xc
 618 02e0 08       		.uleb128 0x8
 619 02e1 D9020000 		.4byte	.LASF53
 620 02e5 07       		.byte	0x7
 621 02e6 9701     		.2byte	0x197
 622 02e8 3B020000 		.4byte	0x23b
 623 02ec 02       		.byte	0x2
 624 02ed 23       		.byte	0x23
 625 02ee 10       		.uleb128 0x10
ARM GAS  /tmp/ccUOY3fv.s 			page 12


 626 02ef 08       		.uleb128 0x8
 627 02f0 46030000 		.4byte	.LASF54
 628 02f4 07       		.byte	0x7
 629 02f5 9801     		.2byte	0x198
 630 02f7 3B020000 		.4byte	0x23b
 631 02fb 02       		.byte	0x2
 632 02fc 23       		.byte	0x23
 633 02fd 14       		.uleb128 0x14
 634 02fe 08       		.uleb128 0x8
 635 02ff 97030000 		.4byte	.LASF55
 636 0303 07       		.byte	0x7
 637 0304 9B01     		.2byte	0x19b
 638 0306 3B020000 		.4byte	0x23b
 639 030a 02       		.byte	0x2
 640 030b 23       		.byte	0x23
 641 030c 18       		.uleb128 0x18
 642 030d 00       		.byte	0
 643 030e 03       		.uleb128 0x3
 644 030f E5000000 		.4byte	.LASF56
 645 0313 06       		.byte	0x6
 646 0314 5C       		.byte	0x5c
 647 0315 19030000 		.4byte	0x319
 648 0319 09       		.uleb128 0x9
 649 031a 04       		.byte	0x4
 650 031b 1F030000 		.4byte	0x31f
 651 031f 0B       		.uleb128 0xb
 652 0320 01       		.byte	0x1
 653 0321 2B030000 		.4byte	0x32b
 654 0325 0C       		.uleb128 0xc
 655 0326 2B030000 		.4byte	0x32b
 656 032a 00       		.byte	0
 657 032b 0D       		.uleb128 0xd
 658 032c 04       		.byte	0x4
 659 032d 03       		.uleb128 0x3
 660 032e F7020000 		.4byte	.LASF57
 661 0332 06       		.byte	0x6
 662 0333 61       		.byte	0x61
 663 0334 38030000 		.4byte	0x338
 664 0338 0A       		.uleb128 0xa
 665 0339 4D010000 		.4byte	.LASF58
 666 033d 14       		.byte	0x14
 667 033e 07       		.byte	0x7
 668 033f 6B01     		.2byte	0x16b
 669 0341 91030000 		.4byte	0x391
 670 0345 08       		.uleb128 0x8
 671 0346 86040000 		.4byte	.LASF59
 672 034a 07       		.byte	0x7
 673 034b 6C01     		.2byte	0x16c
 674 034d 48060000 		.4byte	0x648
 675 0351 02       		.byte	0x2
 676 0352 23       		.byte	0x23
 677 0353 00       		.uleb128 0
 678 0354 08       		.uleb128 0x8
 679 0355 FB040000 		.4byte	.LASF60
 680 0359 07       		.byte	0x7
 681 035a 6D01     		.2byte	0x16d
 682 035c 48060000 		.4byte	0x648
ARM GAS  /tmp/ccUOY3fv.s 			page 13


 683 0360 02       		.byte	0x2
 684 0361 23       		.byte	0x23
 685 0362 04       		.uleb128 0x4
 686 0363 08       		.uleb128 0x8
 687 0364 43020000 		.4byte	.LASF61
 688 0368 07       		.byte	0x7
 689 0369 6E01     		.2byte	0x16e
 690 036b 09010000 		.4byte	0x109
 691 036f 02       		.byte	0x2
 692 0370 23       		.byte	0x23
 693 0371 08       		.uleb128 0x8
 694 0372 08       		.uleb128 0x8
 695 0373 E7040000 		.4byte	.LASF62
 696 0377 07       		.byte	0x7
 697 0378 6F01     		.2byte	0x16f
 698 037a 0E030000 		.4byte	0x30e
 699 037e 02       		.byte	0x2
 700 037f 23       		.byte	0x23
 701 0380 0C       		.uleb128 0xc
 702 0381 08       		.uleb128 0x8
 703 0382 31010000 		.4byte	.LASF63
 704 0386 07       		.byte	0x7
 705 0387 7101     		.2byte	0x171
 706 0389 2B030000 		.4byte	0x32b
 707 038d 02       		.byte	0x2
 708 038e 23       		.byte	0x23
 709 038f 10       		.uleb128 0x10
 710 0390 00       		.byte	0
 711 0391 03       		.uleb128 0x3
 712 0392 69040000 		.4byte	.LASF64
 713 0396 06       		.byte	0x6
 714 0397 66       		.byte	0x66
 715 0398 9C030000 		.4byte	0x39c
 716 039c 0A       		.uleb128 0xa
 717 039d 95010000 		.4byte	.LASF65
 718 03a1 0C       		.byte	0xc
 719 03a2 07       		.byte	0x7
 720 03a3 7B01     		.2byte	0x17b
 721 03a5 E6030000 		.4byte	0x3e6
 722 03a9 08       		.uleb128 0x8
 723 03aa 86040000 		.4byte	.LASF59
 724 03ae 07       		.byte	0x7
 725 03af 7C01     		.2byte	0x17c
 726 03b1 48060000 		.4byte	0x648
 727 03b5 02       		.byte	0x2
 728 03b6 23       		.byte	0x23
 729 03b7 00       		.uleb128 0
 730 03b8 08       		.uleb128 0x8
 731 03b9 FB040000 		.4byte	.LASF60
 732 03bd 07       		.byte	0x7
 733 03be 7E01     		.2byte	0x17e
 734 03c0 48060000 		.4byte	0x648
 735 03c4 02       		.byte	0x2
 736 03c5 23       		.byte	0x23
 737 03c6 04       		.uleb128 0x4
 738 03c7 08       		.uleb128 0x8
 739 03c8 43020000 		.4byte	.LASF61
ARM GAS  /tmp/ccUOY3fv.s 			page 14


 740 03cc 07       		.byte	0x7
 741 03cd 8001     		.2byte	0x180
 742 03cf 09010000 		.4byte	0x109
 743 03d3 02       		.byte	0x2
 744 03d4 23       		.byte	0x23
 745 03d5 08       		.uleb128 0x8
 746 03d6 08       		.uleb128 0x8
 747 03d7 5F020000 		.4byte	.LASF66
 748 03db 07       		.byte	0x7
 749 03dc 8801     		.2byte	0x188
 750 03de 09010000 		.4byte	0x109
 751 03e2 02       		.byte	0x2
 752 03e3 23       		.byte	0x23
 753 03e4 0A       		.uleb128 0xa
 754 03e5 00       		.byte	0
 755 03e6 03       		.uleb128 0x3
 756 03e7 B4020000 		.4byte	.LASF67
 757 03eb 06       		.byte	0x6
 758 03ec 6B       		.byte	0x6b
 759 03ed F1030000 		.4byte	0x3f1
 760 03f1 0A       		.uleb128 0xa
 761 03f2 05010000 		.4byte	.LASF68
 762 03f6 04       		.byte	0x4
 763 03f7 07       		.byte	0x7
 764 03f8 A201     		.2byte	0x1a2
 765 03fa 0E040000 		.4byte	0x40e
 766 03fe 08       		.uleb128 0x8
 767 03ff 4E030000 		.4byte	.LASF69
 768 0403 07       		.byte	0x7
 769 0404 AA01     		.2byte	0x1aa
 770 0406 4E060000 		.4byte	0x64e
 771 040a 02       		.byte	0x2
 772 040b 23       		.byte	0x23
 773 040c 00       		.uleb128 0
 774 040d 00       		.byte	0
 775 040e 03       		.uleb128 0x3
 776 040f 8E040000 		.4byte	.LASF70
 777 0413 06       		.byte	0x6
 778 0414 70       		.byte	0x70
 779 0415 19040000 		.4byte	0x419
 780 0419 0E       		.uleb128 0xe
 781 041a D6030000 		.4byte	.LASF71
 782 041e 5001     		.2byte	0x150
 783 0420 07       		.byte	0x7
 784 0421 C201     		.2byte	0x1c2
 785 0423 81040000 		.4byte	0x481
 786 0427 08       		.uleb128 0x8
 787 0428 04040000 		.4byte	.LASF72
 788 042c 07       		.byte	0x7
 789 042d C601     		.2byte	0x1c6
 790 042f 9B020000 		.4byte	0x29b
 791 0433 02       		.byte	0x2
 792 0434 23       		.byte	0x23
 793 0435 00       		.uleb128 0
 794 0436 08       		.uleb128 0x8
 795 0437 A9000000 		.4byte	.LASF73
 796 043b 07       		.byte	0x7
ARM GAS  /tmp/ccUOY3fv.s 			page 15


 797 043c CA01     		.2byte	0x1ca
 798 043e 91030000 		.4byte	0x391
 799 0442 02       		.byte	0x2
 800 0443 23       		.byte	0x23
 801 0444 1C       		.uleb128 0x1c
 802 0445 07       		.uleb128 0x7
 803 0446 64626700 		.ascii	"dbg\000"
 804 044a 07       		.byte	0x7
 805 044b CE01     		.2byte	0x1ce
 806 044d E6030000 		.4byte	0x3e6
 807 0451 02       		.byte	0x2
 808 0452 23       		.byte	0x23
 809 0453 28       		.uleb128 0x28
 810 0454 08       		.uleb128 0x8
 811 0455 66030000 		.4byte	.LASF74
 812 0459 07       		.byte	0x7
 813 045a D201     		.2byte	0x1d2
 814 045c 14010000 		.4byte	0x114
 815 0460 02       		.byte	0x2
 816 0461 23       		.byte	0x23
 817 0462 2C       		.uleb128 0x2c
 818 0463 07       		.uleb128 0x7
 819 0464 746D00   		.ascii	"tm\000"
 820 0467 07       		.byte	0x7
 821 0468 D701     		.2byte	0x1d7
 822 046a 5C050000 		.4byte	0x55c
 823 046e 02       		.byte	0x2
 824 046f 23       		.byte	0x23
 825 0470 70       		.uleb128 0x70
 826 0471 08       		.uleb128 0x8
 827 0472 BE000000 		.4byte	.LASF75
 828 0476 07       		.byte	0x7
 829 0477 E301     		.2byte	0x1e3
 830 0479 53060000 		.4byte	0x653
 831 047d 02       		.byte	0x2
 832 047e 23       		.byte	0x23
 833 047f 78       		.uleb128 0x78
 834 0480 00       		.byte	0
 835 0481 03       		.uleb128 0x3
 836 0482 47000000 		.4byte	.LASF76
 837 0486 08       		.byte	0x8
 838 0487 65       		.byte	0x65
 839 0488 2B030000 		.4byte	0x32b
 840 048c 03       		.uleb128 0x3
 841 048d CC040000 		.4byte	.LASF77
 842 0491 08       		.byte	0x8
 843 0492 6D       		.byte	0x6d
 844 0493 9F000000 		.4byte	0x9f
 845 0497 05       		.uleb128 0x5
 846 0498 E7020000 		.4byte	.LASF78
 847 049c 04       		.byte	0x4
 848 049d 08       		.byte	0x8
 849 049e 89       		.byte	0x89
 850 049f B2040000 		.4byte	0x4b2
 851 04a3 0F       		.uleb128 0xf
 852 04a4 72313300 		.ascii	"r13\000"
 853 04a8 08       		.byte	0x8
ARM GAS  /tmp/ccUOY3fv.s 			page 16


 854 04a9 8A       		.byte	0x8a
 855 04aa 3F050000 		.4byte	0x53f
 856 04ae 02       		.byte	0x2
 857 04af 23       		.byte	0x23
 858 04b0 00       		.uleb128 0
 859 04b1 00       		.byte	0
 860 04b2 05       		.uleb128 0x5
 861 04b3 BD030000 		.4byte	.LASF79
 862 04b7 24       		.byte	0x24
 863 04b8 09       		.byte	0x9
 864 04b9 FD       		.byte	0xfd
 865 04ba 3F050000 		.4byte	0x53f
 866 04be 07       		.uleb128 0x7
 867 04bf 723400   		.ascii	"r4\000"
 868 04c2 09       		.byte	0x9
 869 04c3 1001     		.2byte	0x110
 870 04c5 81040000 		.4byte	0x481
 871 04c9 02       		.byte	0x2
 872 04ca 23       		.byte	0x23
 873 04cb 00       		.uleb128 0
 874 04cc 07       		.uleb128 0x7
 875 04cd 723500   		.ascii	"r5\000"
 876 04d0 09       		.byte	0x9
 877 04d1 1101     		.2byte	0x111
 878 04d3 81040000 		.4byte	0x481
 879 04d7 02       		.byte	0x2
 880 04d8 23       		.byte	0x23
 881 04d9 04       		.uleb128 0x4
 882 04da 07       		.uleb128 0x7
 883 04db 723600   		.ascii	"r6\000"
 884 04de 09       		.byte	0x9
 885 04df 1201     		.2byte	0x112
 886 04e1 81040000 		.4byte	0x481
 887 04e5 02       		.byte	0x2
 888 04e6 23       		.byte	0x23
 889 04e7 08       		.uleb128 0x8
 890 04e8 07       		.uleb128 0x7
 891 04e9 723700   		.ascii	"r7\000"
 892 04ec 09       		.byte	0x9
 893 04ed 1301     		.2byte	0x113
 894 04ef 81040000 		.4byte	0x481
 895 04f3 02       		.byte	0x2
 896 04f4 23       		.byte	0x23
 897 04f5 0C       		.uleb128 0xc
 898 04f6 07       		.uleb128 0x7
 899 04f7 723800   		.ascii	"r8\000"
 900 04fa 09       		.byte	0x9
 901 04fb 1401     		.2byte	0x114
 902 04fd 81040000 		.4byte	0x481
 903 0501 02       		.byte	0x2
 904 0502 23       		.byte	0x23
 905 0503 10       		.uleb128 0x10
 906 0504 07       		.uleb128 0x7
 907 0505 723900   		.ascii	"r9\000"
 908 0508 09       		.byte	0x9
 909 0509 1501     		.2byte	0x115
 910 050b 81040000 		.4byte	0x481
ARM GAS  /tmp/ccUOY3fv.s 			page 17


 911 050f 02       		.byte	0x2
 912 0510 23       		.byte	0x23
 913 0511 14       		.uleb128 0x14
 914 0512 07       		.uleb128 0x7
 915 0513 72313000 		.ascii	"r10\000"
 916 0517 09       		.byte	0x9
 917 0518 1601     		.2byte	0x116
 918 051a 81040000 		.4byte	0x481
 919 051e 02       		.byte	0x2
 920 051f 23       		.byte	0x23
 921 0520 18       		.uleb128 0x18
 922 0521 07       		.uleb128 0x7
 923 0522 72313100 		.ascii	"r11\000"
 924 0526 09       		.byte	0x9
 925 0527 1701     		.2byte	0x117
 926 0529 81040000 		.4byte	0x481
 927 052d 02       		.byte	0x2
 928 052e 23       		.byte	0x23
 929 052f 1C       		.uleb128 0x1c
 930 0530 07       		.uleb128 0x7
 931 0531 6C7200   		.ascii	"lr\000"
 932 0534 09       		.byte	0x9
 933 0535 1801     		.2byte	0x118
 934 0537 81040000 		.4byte	0x481
 935 053b 02       		.byte	0x2
 936 053c 23       		.byte	0x23
 937 053d 20       		.uleb128 0x20
 938 053e 00       		.byte	0
 939 053f 09       		.uleb128 0x9
 940 0540 04       		.byte	0x4
 941 0541 B2040000 		.4byte	0x4b2
 942 0545 10       		.uleb128 0x10
 943 0546 04       		.byte	0x4
 944 0547 0A       		.byte	0xa
 945 0548 38       		.byte	0x38
 946 0549 5C050000 		.4byte	0x55c
 947 054d 06       		.uleb128 0x6
 948 054e 1C020000 		.4byte	.LASF80
 949 0552 0A       		.byte	0xa
 950 0553 3C       		.byte	0x3c
 951 0554 B1000000 		.4byte	0xb1
 952 0558 02       		.byte	0x2
 953 0559 23       		.byte	0x23
 954 055a 00       		.uleb128 0
 955 055b 00       		.byte	0
 956 055c 03       		.uleb128 0x3
 957 055d 31000000 		.4byte	.LASF81
 958 0561 0A       		.byte	0xa
 959 0562 3D       		.byte	0x3d
 960 0563 45050000 		.4byte	0x545
 961 0567 11       		.uleb128 0x11
 962 0568 04       		.byte	0x4
 963 0569 07       		.byte	0x7
 964 056a FA       		.byte	0xfa
 965 056b C4050000 		.4byte	0x5c4
 966 056f 12       		.uleb128 0x12
 967 0570 15020000 		.4byte	.LASF82
ARM GAS  /tmp/ccUOY3fv.s 			page 18


 968 0574 07       		.byte	0x7
 969 0575 0101     		.2byte	0x101
 970 0577 E8000000 		.4byte	0xe8
 971 057b 12       		.uleb128 0x12
 972 057c 18050000 		.4byte	.LASF83
 973 0580 07       		.byte	0x7
 974 0581 0801     		.2byte	0x108
 975 0583 E8000000 		.4byte	0xe8
 976 0587 12       		.uleb128 0x12
 977 0588 98000000 		.4byte	.LASF84
 978 058c 07       		.byte	0x7
 979 058d 0F01     		.2byte	0x10f
 980 058f 2B030000 		.4byte	0x32b
 981 0593 12       		.uleb128 0x12
 982 0594 9A040000 		.4byte	.LASF85
 983 0598 07       		.byte	0x7
 984 0599 1601     		.2byte	0x116
 985 059b C4050000 		.4byte	0x5c4
 986 059f 12       		.uleb128 0x12
 987 05a0 40040000 		.4byte	.LASF86
 988 05a4 07       		.byte	0x7
 989 05a5 1E01     		.2byte	0x11e
 990 05a7 F3050000 		.4byte	0x5f3
 991 05ab 12       		.uleb128 0x12
 992 05ac 2A000000 		.4byte	.LASF87
 993 05b0 07       		.byte	0x7
 994 05b1 2701     		.2byte	0x127
 995 05b3 30060000 		.4byte	0x630
 996 05b7 12       		.uleb128 0x12
 997 05b8 CD000000 		.4byte	.LASF88
 998 05bc 07       		.byte	0x7
 999 05bd 2F01     		.2byte	0x12f
 1000 05bf F3000000 		.4byte	0xf3
 1001 05c3 00       		.byte	0
 1002 05c4 09       		.uleb128 0x9
 1003 05c5 04       		.byte	0x4
 1004 05c6 30020000 		.4byte	0x230
 1005 05ca 05       		.uleb128 0x5
 1006 05cb 38010000 		.4byte	.LASF89
 1007 05cf 0C       		.byte	0xc
 1008 05d0 0B       		.byte	0xb
 1009 05d1 34       		.byte	0x34
 1010 05d2 F3050000 		.4byte	0x5f3
 1011 05d6 06       		.uleb128 0x6
 1012 05d7 69000000 		.4byte	.LASF90
 1013 05db 0B       		.byte	0xb
 1014 05dc 35       		.byte	0x35
 1015 05dd 67020000 		.4byte	0x267
 1016 05e1 02       		.byte	0x2
 1017 05e2 23       		.byte	0x23
 1018 05e3 00       		.uleb128 0
 1019 05e4 06       		.uleb128 0x6
 1020 05e5 FF000000 		.4byte	.LASF91
 1021 05e9 0B       		.byte	0xb
 1022 05ea 37       		.byte	0x37
 1023 05eb FE000000 		.4byte	0xfe
 1024 05ef 02       		.byte	0x2
ARM GAS  /tmp/ccUOY3fv.s 			page 19


 1025 05f0 23       		.byte	0x23
 1026 05f1 08       		.uleb128 0x8
 1027 05f2 00       		.byte	0
 1028 05f3 09       		.uleb128 0x9
 1029 05f4 04       		.byte	0x4
 1030 05f5 CA050000 		.4byte	0x5ca
 1031 05f9 05       		.uleb128 0x5
 1032 05fa 29020000 		.4byte	.LASF92
 1033 05fe 10       		.byte	0x10
 1034 05ff 0C       		.byte	0xc
 1035 0600 39       		.byte	0x39
 1036 0601 30060000 		.4byte	0x630
 1037 0605 06       		.uleb128 0x6
 1038 0606 AC030000 		.4byte	.LASF93
 1039 060a 0C       		.byte	0xc
 1040 060b 3A       		.byte	0x3a
 1041 060c 67020000 		.4byte	0x267
 1042 0610 02       		.byte	0x2
 1043 0611 23       		.byte	0x23
 1044 0612 00       		.uleb128 0
 1045 0613 06       		.uleb128 0x6
 1046 0614 61000000 		.4byte	.LASF94
 1047 0618 0C       		.byte	0xc
 1048 0619 3C       		.byte	0x3c
 1049 061a 3B020000 		.4byte	0x23b
 1050 061e 02       		.byte	0x2
 1051 061f 23       		.byte	0x23
 1052 0620 08       		.uleb128 0x8
 1053 0621 06       		.uleb128 0x6
 1054 0622 A0040000 		.4byte	.LASF95
 1055 0626 0C       		.byte	0xc
 1056 0627 3E       		.byte	0x3e
 1057 0628 6E060000 		.4byte	0x66e
 1058 062c 02       		.byte	0x2
 1059 062d 23       		.byte	0x23
 1060 062e 0C       		.uleb128 0xc
 1061 062f 00       		.byte	0
 1062 0630 09       		.uleb128 0x9
 1063 0631 04       		.byte	0x4
 1064 0632 F9050000 		.4byte	0x5f9
 1065 0636 09       		.uleb128 0x9
 1066 0637 04       		.byte	0x4
 1067 0638 3C060000 		.4byte	0x63c
 1068 063c 13       		.uleb128 0x13
 1069 063d 41060000 		.4byte	0x641
 1070 0641 04       		.uleb128 0x4
 1071 0642 01       		.byte	0x1
 1072 0643 08       		.byte	0x8
 1073 0644 42000000 		.4byte	.LASF96
 1074 0648 09       		.uleb128 0x9
 1075 0649 04       		.byte	0x4
 1076 064a 2D030000 		.4byte	0x32d
 1077 064e 14       		.uleb128 0x14
 1078 064f 36060000 		.4byte	0x636
 1079 0653 15       		.uleb128 0x15
 1080 0654 8C040000 		.4byte	0x48c
 1081 0658 63060000 		.4byte	0x663
ARM GAS  /tmp/ccUOY3fv.s 			page 20


 1082 065c 16       		.uleb128 0x16
 1083 065d 3B000000 		.4byte	0x3b
 1084 0661 1A       		.byte	0x1a
 1085 0662 00       		.byte	0
 1086 0663 03       		.uleb128 0x3
 1087 0664 53040000 		.4byte	.LASF97
 1088 0668 0C       		.byte	0xc
 1089 0669 34       		.byte	0x34
 1090 066a F9050000 		.4byte	0x5f9
 1091 066e 09       		.uleb128 0x9
 1092 066f 04       		.byte	0x4
 1093 0670 63060000 		.4byte	0x663
 1094 0674 04       		.uleb128 0x4
 1095 0675 01       		.byte	0x1
 1096 0676 02       		.byte	0x2
 1097 0677 23020000 		.4byte	.LASF98
 1098 067b 09       		.uleb128 0x9
 1099 067c 04       		.byte	0x4
 1100 067d 49000000 		.4byte	0x49
 1101 0681 17       		.uleb128 0x17
 1102 0682 E0030000 		.4byte	.LASF104
 1103 0686 02       		.byte	0x2
 1104 0687 2202     		.2byte	0x222
 1105 0689 01       		.byte	0x1
 1106 068a 03       		.byte	0x3
 1107 068b 9C060000 		.4byte	0x69c
 1108 068f 18       		.uleb128 0x18
 1109 0690 8F010000 		.4byte	.LASF102
 1110 0694 02       		.byte	0x2
 1111 0695 2202     		.2byte	0x222
 1112 0697 86000000 		.4byte	0x86
 1113 069b 00       		.byte	0
 1114 069c 19       		.uleb128 0x19
 1115 069d 9F000000 		.4byte	.LASF99
 1116 06a1 09       		.byte	0x9
 1117 06a2 C801     		.2byte	0x1c8
 1118 06a4 01       		.byte	0x1
 1119 06a5 03       		.byte	0x3
 1120 06a6 19       		.uleb128 0x19
 1121 06a7 EF040000 		.4byte	.LASF100
 1122 06ab 09       		.byte	0x9
 1123 06ac E001     		.2byte	0x1e0
 1124 06ae 01       		.byte	0x1
 1125 06af 03       		.byte	0x3
 1126 06b0 19       		.uleb128 0x19
 1127 06b1 32020000 		.4byte	.LASF101
 1128 06b5 0D       		.byte	0xd
 1129 06b6 5A01     		.2byte	0x15a
 1130 06b8 01       		.byte	0x1
 1131 06b9 03       		.byte	0x3
 1132 06ba 1A       		.uleb128 0x1a
 1133 06bb 01       		.byte	0x1
 1134 06bc 03050000 		.4byte	.LASF115
 1135 06c0 01       		.byte	0x1
 1136 06c1 83       		.byte	0x83
 1137 06c2 01       		.byte	0x1
 1138 06c3 2B030000 		.4byte	0x32b
ARM GAS  /tmp/ccUOY3fv.s 			page 21


 1139 06c7 01       		.byte	0x1
 1140 06c8 E1060000 		.4byte	0x6e1
 1141 06cc 1B       		.uleb128 0x1b
 1142 06cd 41030000 		.4byte	.LASF103
 1143 06d1 01       		.byte	0x1
 1144 06d2 83       		.byte	0x83
 1145 06d3 30000000 		.4byte	0x30
 1146 06d7 1C       		.uleb128 0x1c
 1147 06d8 7000     		.ascii	"p\000"
 1148 06da 01       		.byte	0x1
 1149 06db 84       		.byte	0x84
 1150 06dc 2B030000 		.4byte	0x32b
 1151 06e0 00       		.byte	0
 1152 06e1 17       		.uleb128 0x17
 1153 06e2 7B010000 		.4byte	.LASF105
 1154 06e6 0D       		.byte	0xd
 1155 06e7 6601     		.2byte	0x166
 1156 06e9 01       		.byte	0x1
 1157 06ea 03       		.byte	0x3
 1158 06eb FE060000 		.4byte	0x6fe
 1159 06ef 1D       		.uleb128 0x1d
 1160 06f0 DE040000 		.4byte	.LASF106
 1161 06f4 0E070000 		.4byte	0x70e
 1162 06f8 01       		.byte	0x1
 1163 06f9 7B010000 		.4byte	.LASF105
 1164 06fd 00       		.byte	0
 1165 06fe 15       		.uleb128 0x15
 1166 06ff 41060000 		.4byte	0x641
 1167 0703 0E070000 		.4byte	0x70e
 1168 0707 16       		.uleb128 0x16
 1169 0708 3B000000 		.4byte	0x3b
 1170 070c 0B       		.byte	0xb
 1171 070d 00       		.byte	0
 1172 070e 13       		.uleb128 0x13
 1173 070f FE060000 		.4byte	0x6fe
 1174 0713 1E       		.uleb128 0x1e
 1175 0714 01       		.byte	0x1
 1176 0715 F5010000 		.4byte	.LASF116
 1177 0719 01       		.byte	0x1
 1178 071a 4E       		.byte	0x4e
 1179 071b 01       		.byte	0x1
 1180 071c 00000000 		.4byte	.LFB182
 1181 0720 2C000000 		.4byte	.LFE182
 1182 0724 02       		.byte	0x2
 1183 0725 7D       		.byte	0x7d
 1184 0726 00       		.sleb128 0
 1185 0727 46070000 		.4byte	0x746
 1186 072b 1F       		.uleb128 0x1f
 1187 072c 00020000 		.4byte	.LASF107
 1188 0730 01       		.byte	0x1
 1189 0731 50       		.byte	0x50
 1190 0732 46070000 		.4byte	0x746
 1191 0736 01       		.byte	0x1
 1192 0737 01       		.byte	0x1
 1193 0738 1F       		.uleb128 0x1f
 1194 0739 21050000 		.4byte	.LASF108
 1195 073d 01       		.byte	0x1
ARM GAS  /tmp/ccUOY3fv.s 			page 22


 1196 073e 51       		.byte	0x51
 1197 073f 46070000 		.4byte	0x746
 1198 0743 01       		.byte	0x1
 1199 0744 01       		.byte	0x1
 1200 0745 00       		.byte	0
 1201 0746 15       		.uleb128 0x15
 1202 0747 49000000 		.4byte	0x49
 1203 074b 51070000 		.4byte	0x751
 1204 074f 20       		.uleb128 0x20
 1205 0750 00       		.byte	0
 1206 0751 21       		.uleb128 0x21
 1207 0752 01       		.byte	0x1
 1208 0753 84020000 		.4byte	.LASF117
 1209 0757 01       		.byte	0x1
 1210 0758 6D       		.byte	0x6d
 1211 0759 01       		.byte	0x1
 1212 075a 2B030000 		.4byte	0x32b
 1213 075e 00000000 		.4byte	.LFB183
 1214 0762 3A000000 		.4byte	.LFE183
 1215 0766 02       		.byte	0x2
 1216 0767 7D       		.byte	0x7d
 1217 0768 00       		.sleb128 0
 1218 0769 3D080000 		.4byte	0x83d
 1219 076d 22       		.uleb128 0x22
 1220 076e 41030000 		.4byte	.LASF103
 1221 0772 01       		.byte	0x1
 1222 0773 6D       		.byte	0x6d
 1223 0774 30000000 		.4byte	0x30
 1224 0778 00000000 		.4byte	.LLST0
 1225 077c 23       		.uleb128 0x23
 1226 077d 7000     		.ascii	"p\000"
 1227 077f 01       		.byte	0x1
 1228 0780 6E       		.byte	0x6e
 1229 0781 2B030000 		.4byte	0x32b
 1230 0785 01       		.byte	0x1
 1231 0786 52       		.byte	0x52
 1232 0787 24       		.uleb128 0x24
 1233 0788 B0060000 		.4byte	0x6b0
 1234 078c 00000000 		.4byte	.LBB26
 1235 0790 06000000 		.4byte	.LBE26
 1236 0794 01       		.byte	0x1
 1237 0795 70       		.byte	0x70
 1238 0796 C3070000 		.4byte	0x7c3
 1239 079a 25       		.uleb128 0x25
 1240 079b 9C060000 		.4byte	0x69c
 1241 079f 00000000 		.4byte	.LBB27
 1242 07a3 06000000 		.4byte	.LBE27
 1243 07a7 0D       		.byte	0xd
 1244 07a8 5C01     		.2byte	0x15c
 1245 07aa 25       		.uleb128 0x25
 1246 07ab 81060000 		.4byte	0x681
 1247 07af 00000000 		.4byte	.LBB28
 1248 07b3 06000000 		.4byte	.LBE28
 1249 07b7 09       		.byte	0x9
 1250 07b8 D001     		.2byte	0x1d0
 1251 07ba 26       		.uleb128 0x26
 1252 07bb 8F060000 		.4byte	0x68f
ARM GAS  /tmp/ccUOY3fv.s 			page 23


 1253 07bf 20       		.byte	0x20
 1254 07c0 00       		.byte	0
 1255 07c1 00       		.byte	0
 1256 07c2 00       		.byte	0
 1257 07c3 24       		.uleb128 0x24
 1258 07c4 BA060000 		.4byte	0x6ba
 1259 07c8 06000000 		.4byte	.LBB30
 1260 07cc 30000000 		.4byte	.LBE30
 1261 07d0 01       		.byte	0x1
 1262 07d1 71       		.byte	0x71
 1263 07d2 F5070000 		.4byte	0x7f5
 1264 07d6 27       		.uleb128 0x27
 1265 07d7 CC060000 		.4byte	0x6cc
 1266 07db 13000000 		.4byte	.LLST1
 1267 07df 28       		.uleb128 0x28
 1268 07e0 06000000 		.4byte	.LBB31
 1269 07e4 30000000 		.4byte	.LBE31
 1270 07e8 29       		.uleb128 0x29
 1271 07e9 D7060000 		.4byte	0x6d7
 1272 07ed 05       		.byte	0x5
 1273 07ee 03       		.byte	0x3
 1274 07ef 00000000 		.4byte	nextmem
 1275 07f3 00       		.byte	0
 1276 07f4 00       		.byte	0
 1277 07f5 2A       		.uleb128 0x2a
 1278 07f6 E1060000 		.4byte	0x6e1
 1279 07fa 30000000 		.4byte	.LBB32
 1280 07fe 36000000 		.4byte	.LBE32
 1281 0802 01       		.byte	0x1
 1282 0803 72       		.byte	0x72
 1283 0804 28       		.uleb128 0x28
 1284 0805 30000000 		.4byte	.LBB33
 1285 0809 36000000 		.4byte	.LBE33
 1286 080d 2B       		.uleb128 0x2b
 1287 080e EF060000 		.4byte	0x6ef
 1288 0812 25       		.uleb128 0x25
 1289 0813 A6060000 		.4byte	0x6a6
 1290 0817 30000000 		.4byte	.LBB34
 1291 081b 36000000 		.4byte	.LBE34
 1292 081f 0D       		.byte	0xd
 1293 0820 7301     		.2byte	0x173
 1294 0822 25       		.uleb128 0x25
 1295 0823 81060000 		.4byte	0x681
 1296 0827 30000000 		.4byte	.LBB35
 1297 082b 36000000 		.4byte	.LBE35
 1298 082f 09       		.byte	0x9
 1299 0830 E301     		.2byte	0x1e3
 1300 0832 26       		.uleb128 0x26
 1301 0833 8F060000 		.4byte	0x68f
 1302 0837 00       		.byte	0
 1303 0838 00       		.byte	0
 1304 0839 00       		.byte	0
 1305 083a 00       		.byte	0
 1306 083b 00       		.byte	0
 1307 083c 00       		.byte	0
 1308 083d 2C       		.uleb128 0x2c
 1309 083e BA060000 		.4byte	0x6ba
ARM GAS  /tmp/ccUOY3fv.s 			page 24


 1310 0842 00000000 		.4byte	.LFB184
 1311 0846 2C000000 		.4byte	.LFE184
 1312 084a 02       		.byte	0x2
 1313 084b 7D       		.byte	0x7d
 1314 084c 00       		.sleb128 0
 1315 084d 66080000 		.4byte	0x866
 1316 0851 27       		.uleb128 0x27
 1317 0852 CC060000 		.4byte	0x6cc
 1318 0856 3E000000 		.4byte	.LLST2
 1319 085a 29       		.uleb128 0x29
 1320 085b D7060000 		.4byte	0x6d7
 1321 085f 05       		.byte	0x5
 1322 0860 03       		.byte	0x3
 1323 0861 00000000 		.4byte	nextmem
 1324 0865 00       		.byte	0
 1325 0866 2D       		.uleb128 0x2d
 1326 0867 01       		.byte	0x1
 1327 0868 EE000000 		.4byte	.LASF118
 1328 086c 01       		.byte	0x1
 1329 086d 9B       		.byte	0x9b
 1330 086e 01       		.byte	0x1
 1331 086f 30000000 		.4byte	0x30
 1332 0873 00000000 		.4byte	.LFB185
 1333 0877 18000000 		.4byte	.LFE185
 1334 087b 02       		.byte	0x2
 1335 087c 7D       		.byte	0x7d
 1336 087d 00       		.sleb128 0
 1337 087e 2E       		.uleb128 0x2e
 1338 087f C9030000 		.4byte	.LASF109
 1339 0883 0E       		.byte	0xe
 1340 0884 5506     		.2byte	0x655
 1341 0886 8C080000 		.4byte	0x88c
 1342 088a 01       		.byte	0x1
 1343 088b 01       		.byte	0x1
 1344 088c 14       		.uleb128 0x14
 1345 088d 74000000 		.4byte	0x74
 1346 0891 2F       		.uleb128 0x2f
 1347 0892 636800   		.ascii	"ch\000"
 1348 0895 07       		.byte	0x7
 1349 0896 0902     		.2byte	0x209
 1350 0898 0E040000 		.4byte	0x40e
 1351 089c 01       		.byte	0x1
 1352 089d 01       		.byte	0x1
 1353 089e 30       		.uleb128 0x30
 1354 089f 10050000 		.4byte	.LASF110
 1355 08a3 01       		.byte	0x1
 1356 08a4 3E       		.byte	0x3e
 1357 08a5 7B060000 		.4byte	0x67b
 1358 08a9 05       		.byte	0x5
 1359 08aa 03       		.byte	0x3
 1360 08ab 00000000 		.4byte	nextmem
 1361 08af 30       		.uleb128 0x30
 1362 08b0 D7040000 		.4byte	.LASF111
 1363 08b4 01       		.byte	0x1
 1364 08b5 3F       		.byte	0x3f
 1365 08b6 7B060000 		.4byte	0x67b
 1366 08ba 05       		.byte	0x5
ARM GAS  /tmp/ccUOY3fv.s 			page 25


 1367 08bb 03       		.byte	0x3
 1368 08bc 00000000 		.4byte	endmem
 1369 08c0 2E       		.uleb128 0x2e
 1370 08c1 C9030000 		.4byte	.LASF109
 1371 08c5 0E       		.byte	0xe
 1372 08c6 5506     		.2byte	0x655
 1373 08c8 8C080000 		.4byte	0x88c
 1374 08cc 01       		.byte	0x1
 1375 08cd 01       		.byte	0x1
 1376 08ce 2F       		.uleb128 0x2f
 1377 08cf 636800   		.ascii	"ch\000"
 1378 08d2 07       		.byte	0x7
 1379 08d3 0902     		.2byte	0x209
 1380 08d5 0E040000 		.4byte	0x40e
 1381 08d9 01       		.byte	0x1
 1382 08da 01       		.byte	0x1
 1383 08db 1F       		.uleb128 0x1f
 1384 08dc 00020000 		.4byte	.LASF107
 1385 08e0 01       		.byte	0x1
 1386 08e1 50       		.byte	0x50
 1387 08e2 46070000 		.4byte	0x746
 1388 08e6 01       		.byte	0x1
 1389 08e7 01       		.byte	0x1
 1390 08e8 1F       		.uleb128 0x1f
 1391 08e9 21050000 		.4byte	.LASF108
 1392 08ed 01       		.byte	0x1
 1393 08ee 51       		.byte	0x51
 1394 08ef 46070000 		.4byte	0x746
 1395 08f3 01       		.byte	0x1
 1396 08f4 01       		.byte	0x1
 1397 08f5 00       		.byte	0
 1398              		.section	.debug_abbrev,"",%progbits
 1399              	.Ldebug_abbrev0:
 1400 0000 01       		.uleb128 0x1
 1401 0001 11       		.uleb128 0x11
 1402 0002 01       		.byte	0x1
 1403 0003 25       		.uleb128 0x25
 1404 0004 0E       		.uleb128 0xe
 1405 0005 13       		.uleb128 0x13
 1406 0006 0B       		.uleb128 0xb
 1407 0007 03       		.uleb128 0x3
 1408 0008 0E       		.uleb128 0xe
 1409 0009 1B       		.uleb128 0x1b
 1410 000a 0E       		.uleb128 0xe
 1411 000b 11       		.uleb128 0x11
 1412 000c 01       		.uleb128 0x1
 1413 000d 52       		.uleb128 0x52
 1414 000e 01       		.uleb128 0x1
 1415 000f 55       		.uleb128 0x55
 1416 0010 06       		.uleb128 0x6
 1417 0011 10       		.uleb128 0x10
 1418 0012 06       		.uleb128 0x6
 1419 0013 00       		.byte	0
 1420 0014 00       		.byte	0
 1421 0015 02       		.uleb128 0x2
 1422 0016 24       		.uleb128 0x24
 1423 0017 00       		.byte	0
ARM GAS  /tmp/ccUOY3fv.s 			page 26


 1424 0018 0B       		.uleb128 0xb
 1425 0019 0B       		.uleb128 0xb
 1426 001a 3E       		.uleb128 0x3e
 1427 001b 0B       		.uleb128 0xb
 1428 001c 03       		.uleb128 0x3
 1429 001d 08       		.uleb128 0x8
 1430 001e 00       		.byte	0
 1431 001f 00       		.byte	0
 1432 0020 03       		.uleb128 0x3
 1433 0021 16       		.uleb128 0x16
 1434 0022 00       		.byte	0
 1435 0023 03       		.uleb128 0x3
 1436 0024 0E       		.uleb128 0xe
 1437 0025 3A       		.uleb128 0x3a
 1438 0026 0B       		.uleb128 0xb
 1439 0027 3B       		.uleb128 0x3b
 1440 0028 0B       		.uleb128 0xb
 1441 0029 49       		.uleb128 0x49
 1442 002a 13       		.uleb128 0x13
 1443 002b 00       		.byte	0
 1444 002c 00       		.byte	0
 1445 002d 04       		.uleb128 0x4
 1446 002e 24       		.uleb128 0x24
 1447 002f 00       		.byte	0
 1448 0030 0B       		.uleb128 0xb
 1449 0031 0B       		.uleb128 0xb
 1450 0032 3E       		.uleb128 0x3e
 1451 0033 0B       		.uleb128 0xb
 1452 0034 03       		.uleb128 0x3
 1453 0035 0E       		.uleb128 0xe
 1454 0036 00       		.byte	0
 1455 0037 00       		.byte	0
 1456 0038 05       		.uleb128 0x5
 1457 0039 13       		.uleb128 0x13
 1458 003a 01       		.byte	0x1
 1459 003b 03       		.uleb128 0x3
 1460 003c 0E       		.uleb128 0xe
 1461 003d 0B       		.uleb128 0xb
 1462 003e 0B       		.uleb128 0xb
 1463 003f 3A       		.uleb128 0x3a
 1464 0040 0B       		.uleb128 0xb
 1465 0041 3B       		.uleb128 0x3b
 1466 0042 0B       		.uleb128 0xb
 1467 0043 01       		.uleb128 0x1
 1468 0044 13       		.uleb128 0x13
 1469 0045 00       		.byte	0
 1470 0046 00       		.byte	0
 1471 0047 06       		.uleb128 0x6
 1472 0048 0D       		.uleb128 0xd
 1473 0049 00       		.byte	0
 1474 004a 03       		.uleb128 0x3
 1475 004b 0E       		.uleb128 0xe
 1476 004c 3A       		.uleb128 0x3a
 1477 004d 0B       		.uleb128 0xb
 1478 004e 3B       		.uleb128 0x3b
 1479 004f 0B       		.uleb128 0xb
 1480 0050 49       		.uleb128 0x49
ARM GAS  /tmp/ccUOY3fv.s 			page 27


 1481 0051 13       		.uleb128 0x13
 1482 0052 38       		.uleb128 0x38
 1483 0053 0A       		.uleb128 0xa
 1484 0054 00       		.byte	0
 1485 0055 00       		.byte	0
 1486 0056 07       		.uleb128 0x7
 1487 0057 0D       		.uleb128 0xd
 1488 0058 00       		.byte	0
 1489 0059 03       		.uleb128 0x3
 1490 005a 08       		.uleb128 0x8
 1491 005b 3A       		.uleb128 0x3a
 1492 005c 0B       		.uleb128 0xb
 1493 005d 3B       		.uleb128 0x3b
 1494 005e 05       		.uleb128 0x5
 1495 005f 49       		.uleb128 0x49
 1496 0060 13       		.uleb128 0x13
 1497 0061 38       		.uleb128 0x38
 1498 0062 0A       		.uleb128 0xa
 1499 0063 00       		.byte	0
 1500 0064 00       		.byte	0
 1501 0065 08       		.uleb128 0x8
 1502 0066 0D       		.uleb128 0xd
 1503 0067 00       		.byte	0
 1504 0068 03       		.uleb128 0x3
 1505 0069 0E       		.uleb128 0xe
 1506 006a 3A       		.uleb128 0x3a
 1507 006b 0B       		.uleb128 0xb
 1508 006c 3B       		.uleb128 0x3b
 1509 006d 05       		.uleb128 0x5
 1510 006e 49       		.uleb128 0x49
 1511 006f 13       		.uleb128 0x13
 1512 0070 38       		.uleb128 0x38
 1513 0071 0A       		.uleb128 0xa
 1514 0072 00       		.byte	0
 1515 0073 00       		.byte	0
 1516 0074 09       		.uleb128 0x9
 1517 0075 0F       		.uleb128 0xf
 1518 0076 00       		.byte	0
 1519 0077 0B       		.uleb128 0xb
 1520 0078 0B       		.uleb128 0xb
 1521 0079 49       		.uleb128 0x49
 1522 007a 13       		.uleb128 0x13
 1523 007b 00       		.byte	0
 1524 007c 00       		.byte	0
 1525 007d 0A       		.uleb128 0xa
 1526 007e 13       		.uleb128 0x13
 1527 007f 01       		.byte	0x1
 1528 0080 03       		.uleb128 0x3
 1529 0081 0E       		.uleb128 0xe
 1530 0082 0B       		.uleb128 0xb
 1531 0083 0B       		.uleb128 0xb
 1532 0084 3A       		.uleb128 0x3a
 1533 0085 0B       		.uleb128 0xb
 1534 0086 3B       		.uleb128 0x3b
 1535 0087 05       		.uleb128 0x5
 1536 0088 01       		.uleb128 0x1
 1537 0089 13       		.uleb128 0x13
ARM GAS  /tmp/ccUOY3fv.s 			page 28


 1538 008a 00       		.byte	0
 1539 008b 00       		.byte	0
 1540 008c 0B       		.uleb128 0xb
 1541 008d 15       		.uleb128 0x15
 1542 008e 01       		.byte	0x1
 1543 008f 27       		.uleb128 0x27
 1544 0090 0C       		.uleb128 0xc
 1545 0091 01       		.uleb128 0x1
 1546 0092 13       		.uleb128 0x13
 1547 0093 00       		.byte	0
 1548 0094 00       		.byte	0
 1549 0095 0C       		.uleb128 0xc
 1550 0096 05       		.uleb128 0x5
 1551 0097 00       		.byte	0
 1552 0098 49       		.uleb128 0x49
 1553 0099 13       		.uleb128 0x13
 1554 009a 00       		.byte	0
 1555 009b 00       		.byte	0
 1556 009c 0D       		.uleb128 0xd
 1557 009d 0F       		.uleb128 0xf
 1558 009e 00       		.byte	0
 1559 009f 0B       		.uleb128 0xb
 1560 00a0 0B       		.uleb128 0xb
 1561 00a1 00       		.byte	0
 1562 00a2 00       		.byte	0
 1563 00a3 0E       		.uleb128 0xe
 1564 00a4 13       		.uleb128 0x13
 1565 00a5 01       		.byte	0x1
 1566 00a6 03       		.uleb128 0x3
 1567 00a7 0E       		.uleb128 0xe
 1568 00a8 0B       		.uleb128 0xb
 1569 00a9 05       		.uleb128 0x5
 1570 00aa 3A       		.uleb128 0x3a
 1571 00ab 0B       		.uleb128 0xb
 1572 00ac 3B       		.uleb128 0x3b
 1573 00ad 05       		.uleb128 0x5
 1574 00ae 01       		.uleb128 0x1
 1575 00af 13       		.uleb128 0x13
 1576 00b0 00       		.byte	0
 1577 00b1 00       		.byte	0
 1578 00b2 0F       		.uleb128 0xf
 1579 00b3 0D       		.uleb128 0xd
 1580 00b4 00       		.byte	0
 1581 00b5 03       		.uleb128 0x3
 1582 00b6 08       		.uleb128 0x8
 1583 00b7 3A       		.uleb128 0x3a
 1584 00b8 0B       		.uleb128 0xb
 1585 00b9 3B       		.uleb128 0x3b
 1586 00ba 0B       		.uleb128 0xb
 1587 00bb 49       		.uleb128 0x49
 1588 00bc 13       		.uleb128 0x13
 1589 00bd 38       		.uleb128 0x38
 1590 00be 0A       		.uleb128 0xa
 1591 00bf 00       		.byte	0
 1592 00c0 00       		.byte	0
 1593 00c1 10       		.uleb128 0x10
 1594 00c2 13       		.uleb128 0x13
ARM GAS  /tmp/ccUOY3fv.s 			page 29


 1595 00c3 01       		.byte	0x1
 1596 00c4 0B       		.uleb128 0xb
 1597 00c5 0B       		.uleb128 0xb
 1598 00c6 3A       		.uleb128 0x3a
 1599 00c7 0B       		.uleb128 0xb
 1600 00c8 3B       		.uleb128 0x3b
 1601 00c9 0B       		.uleb128 0xb
 1602 00ca 01       		.uleb128 0x1
 1603 00cb 13       		.uleb128 0x13
 1604 00cc 00       		.byte	0
 1605 00cd 00       		.byte	0
 1606 00ce 11       		.uleb128 0x11
 1607 00cf 17       		.uleb128 0x17
 1608 00d0 01       		.byte	0x1
 1609 00d1 0B       		.uleb128 0xb
 1610 00d2 0B       		.uleb128 0xb
 1611 00d3 3A       		.uleb128 0x3a
 1612 00d4 0B       		.uleb128 0xb
 1613 00d5 3B       		.uleb128 0x3b
 1614 00d6 0B       		.uleb128 0xb
 1615 00d7 01       		.uleb128 0x1
 1616 00d8 13       		.uleb128 0x13
 1617 00d9 00       		.byte	0
 1618 00da 00       		.byte	0
 1619 00db 12       		.uleb128 0x12
 1620 00dc 0D       		.uleb128 0xd
 1621 00dd 00       		.byte	0
 1622 00de 03       		.uleb128 0x3
 1623 00df 0E       		.uleb128 0xe
 1624 00e0 3A       		.uleb128 0x3a
 1625 00e1 0B       		.uleb128 0xb
 1626 00e2 3B       		.uleb128 0x3b
 1627 00e3 05       		.uleb128 0x5
 1628 00e4 49       		.uleb128 0x49
 1629 00e5 13       		.uleb128 0x13
 1630 00e6 00       		.byte	0
 1631 00e7 00       		.byte	0
 1632 00e8 13       		.uleb128 0x13
 1633 00e9 26       		.uleb128 0x26
 1634 00ea 00       		.byte	0
 1635 00eb 49       		.uleb128 0x49
 1636 00ec 13       		.uleb128 0x13
 1637 00ed 00       		.byte	0
 1638 00ee 00       		.byte	0
 1639 00ef 14       		.uleb128 0x14
 1640 00f0 35       		.uleb128 0x35
 1641 00f1 00       		.byte	0
 1642 00f2 49       		.uleb128 0x49
 1643 00f3 13       		.uleb128 0x13
 1644 00f4 00       		.byte	0
 1645 00f5 00       		.byte	0
 1646 00f6 15       		.uleb128 0x15
 1647 00f7 01       		.uleb128 0x1
 1648 00f8 01       		.byte	0x1
 1649 00f9 49       		.uleb128 0x49
 1650 00fa 13       		.uleb128 0x13
 1651 00fb 01       		.uleb128 0x1
ARM GAS  /tmp/ccUOY3fv.s 			page 30


 1652 00fc 13       		.uleb128 0x13
 1653 00fd 00       		.byte	0
 1654 00fe 00       		.byte	0
 1655 00ff 16       		.uleb128 0x16
 1656 0100 21       		.uleb128 0x21
 1657 0101 00       		.byte	0
 1658 0102 49       		.uleb128 0x49
 1659 0103 13       		.uleb128 0x13
 1660 0104 2F       		.uleb128 0x2f
 1661 0105 0B       		.uleb128 0xb
 1662 0106 00       		.byte	0
 1663 0107 00       		.byte	0
 1664 0108 17       		.uleb128 0x17
 1665 0109 2E       		.uleb128 0x2e
 1666 010a 01       		.byte	0x1
 1667 010b 03       		.uleb128 0x3
 1668 010c 0E       		.uleb128 0xe
 1669 010d 3A       		.uleb128 0x3a
 1670 010e 0B       		.uleb128 0xb
 1671 010f 3B       		.uleb128 0x3b
 1672 0110 05       		.uleb128 0x5
 1673 0111 27       		.uleb128 0x27
 1674 0112 0C       		.uleb128 0xc
 1675 0113 20       		.uleb128 0x20
 1676 0114 0B       		.uleb128 0xb
 1677 0115 01       		.uleb128 0x1
 1678 0116 13       		.uleb128 0x13
 1679 0117 00       		.byte	0
 1680 0118 00       		.byte	0
 1681 0119 18       		.uleb128 0x18
 1682 011a 05       		.uleb128 0x5
 1683 011b 00       		.byte	0
 1684 011c 03       		.uleb128 0x3
 1685 011d 0E       		.uleb128 0xe
 1686 011e 3A       		.uleb128 0x3a
 1687 011f 0B       		.uleb128 0xb
 1688 0120 3B       		.uleb128 0x3b
 1689 0121 05       		.uleb128 0x5
 1690 0122 49       		.uleb128 0x49
 1691 0123 13       		.uleb128 0x13
 1692 0124 00       		.byte	0
 1693 0125 00       		.byte	0
 1694 0126 19       		.uleb128 0x19
 1695 0127 2E       		.uleb128 0x2e
 1696 0128 00       		.byte	0
 1697 0129 03       		.uleb128 0x3
 1698 012a 0E       		.uleb128 0xe
 1699 012b 3A       		.uleb128 0x3a
 1700 012c 0B       		.uleb128 0xb
 1701 012d 3B       		.uleb128 0x3b
 1702 012e 05       		.uleb128 0x5
 1703 012f 27       		.uleb128 0x27
 1704 0130 0C       		.uleb128 0xc
 1705 0131 20       		.uleb128 0x20
 1706 0132 0B       		.uleb128 0xb
 1707 0133 00       		.byte	0
 1708 0134 00       		.byte	0
ARM GAS  /tmp/ccUOY3fv.s 			page 31


 1709 0135 1A       		.uleb128 0x1a
 1710 0136 2E       		.uleb128 0x2e
 1711 0137 01       		.byte	0x1
 1712 0138 3F       		.uleb128 0x3f
 1713 0139 0C       		.uleb128 0xc
 1714 013a 03       		.uleb128 0x3
 1715 013b 0E       		.uleb128 0xe
 1716 013c 3A       		.uleb128 0x3a
 1717 013d 0B       		.uleb128 0xb
 1718 013e 3B       		.uleb128 0x3b
 1719 013f 0B       		.uleb128 0xb
 1720 0140 27       		.uleb128 0x27
 1721 0141 0C       		.uleb128 0xc
 1722 0142 49       		.uleb128 0x49
 1723 0143 13       		.uleb128 0x13
 1724 0144 20       		.uleb128 0x20
 1725 0145 0B       		.uleb128 0xb
 1726 0146 01       		.uleb128 0x1
 1727 0147 13       		.uleb128 0x13
 1728 0148 00       		.byte	0
 1729 0149 00       		.byte	0
 1730 014a 1B       		.uleb128 0x1b
 1731 014b 05       		.uleb128 0x5
 1732 014c 00       		.byte	0
 1733 014d 03       		.uleb128 0x3
 1734 014e 0E       		.uleb128 0xe
 1735 014f 3A       		.uleb128 0x3a
 1736 0150 0B       		.uleb128 0xb
 1737 0151 3B       		.uleb128 0x3b
 1738 0152 0B       		.uleb128 0xb
 1739 0153 49       		.uleb128 0x49
 1740 0154 13       		.uleb128 0x13
 1741 0155 00       		.byte	0
 1742 0156 00       		.byte	0
 1743 0157 1C       		.uleb128 0x1c
 1744 0158 34       		.uleb128 0x34
 1745 0159 00       		.byte	0
 1746 015a 03       		.uleb128 0x3
 1747 015b 08       		.uleb128 0x8
 1748 015c 3A       		.uleb128 0x3a
 1749 015d 0B       		.uleb128 0xb
 1750 015e 3B       		.uleb128 0x3b
 1751 015f 0B       		.uleb128 0xb
 1752 0160 49       		.uleb128 0x49
 1753 0161 13       		.uleb128 0x13
 1754 0162 00       		.byte	0
 1755 0163 00       		.byte	0
 1756 0164 1D       		.uleb128 0x1d
 1757 0165 34       		.uleb128 0x34
 1758 0166 00       		.byte	0
 1759 0167 03       		.uleb128 0x3
 1760 0168 0E       		.uleb128 0xe
 1761 0169 49       		.uleb128 0x49
 1762 016a 13       		.uleb128 0x13
 1763 016b 34       		.uleb128 0x34
 1764 016c 0C       		.uleb128 0xc
 1765 016d 1C       		.uleb128 0x1c
ARM GAS  /tmp/ccUOY3fv.s 			page 32


 1766 016e 0E       		.uleb128 0xe
 1767 016f 00       		.byte	0
 1768 0170 00       		.byte	0
 1769 0171 1E       		.uleb128 0x1e
 1770 0172 2E       		.uleb128 0x2e
 1771 0173 01       		.byte	0x1
 1772 0174 3F       		.uleb128 0x3f
 1773 0175 0C       		.uleb128 0xc
 1774 0176 03       		.uleb128 0x3
 1775 0177 0E       		.uleb128 0xe
 1776 0178 3A       		.uleb128 0x3a
 1777 0179 0B       		.uleb128 0xb
 1778 017a 3B       		.uleb128 0x3b
 1779 017b 0B       		.uleb128 0xb
 1780 017c 27       		.uleb128 0x27
 1781 017d 0C       		.uleb128 0xc
 1782 017e 11       		.uleb128 0x11
 1783 017f 01       		.uleb128 0x1
 1784 0180 12       		.uleb128 0x12
 1785 0181 01       		.uleb128 0x1
 1786 0182 40       		.uleb128 0x40
 1787 0183 0A       		.uleb128 0xa
 1788 0184 01       		.uleb128 0x1
 1789 0185 13       		.uleb128 0x13
 1790 0186 00       		.byte	0
 1791 0187 00       		.byte	0
 1792 0188 1F       		.uleb128 0x1f
 1793 0189 34       		.uleb128 0x34
 1794 018a 00       		.byte	0
 1795 018b 03       		.uleb128 0x3
 1796 018c 0E       		.uleb128 0xe
 1797 018d 3A       		.uleb128 0x3a
 1798 018e 0B       		.uleb128 0xb
 1799 018f 3B       		.uleb128 0x3b
 1800 0190 0B       		.uleb128 0xb
 1801 0191 49       		.uleb128 0x49
 1802 0192 13       		.uleb128 0x13
 1803 0193 3F       		.uleb128 0x3f
 1804 0194 0C       		.uleb128 0xc
 1805 0195 3C       		.uleb128 0x3c
 1806 0196 0C       		.uleb128 0xc
 1807 0197 00       		.byte	0
 1808 0198 00       		.byte	0
 1809 0199 20       		.uleb128 0x20
 1810 019a 21       		.uleb128 0x21
 1811 019b 00       		.byte	0
 1812 019c 00       		.byte	0
 1813 019d 00       		.byte	0
 1814 019e 21       		.uleb128 0x21
 1815 019f 2E       		.uleb128 0x2e
 1816 01a0 01       		.byte	0x1
 1817 01a1 3F       		.uleb128 0x3f
 1818 01a2 0C       		.uleb128 0xc
 1819 01a3 03       		.uleb128 0x3
 1820 01a4 0E       		.uleb128 0xe
 1821 01a5 3A       		.uleb128 0x3a
 1822 01a6 0B       		.uleb128 0xb
ARM GAS  /tmp/ccUOY3fv.s 			page 33


 1823 01a7 3B       		.uleb128 0x3b
 1824 01a8 0B       		.uleb128 0xb
 1825 01a9 27       		.uleb128 0x27
 1826 01aa 0C       		.uleb128 0xc
 1827 01ab 49       		.uleb128 0x49
 1828 01ac 13       		.uleb128 0x13
 1829 01ad 11       		.uleb128 0x11
 1830 01ae 01       		.uleb128 0x1
 1831 01af 12       		.uleb128 0x12
 1832 01b0 01       		.uleb128 0x1
 1833 01b1 40       		.uleb128 0x40
 1834 01b2 0A       		.uleb128 0xa
 1835 01b3 01       		.uleb128 0x1
 1836 01b4 13       		.uleb128 0x13
 1837 01b5 00       		.byte	0
 1838 01b6 00       		.byte	0
 1839 01b7 22       		.uleb128 0x22
 1840 01b8 05       		.uleb128 0x5
 1841 01b9 00       		.byte	0
 1842 01ba 03       		.uleb128 0x3
 1843 01bb 0E       		.uleb128 0xe
 1844 01bc 3A       		.uleb128 0x3a
 1845 01bd 0B       		.uleb128 0xb
 1846 01be 3B       		.uleb128 0x3b
 1847 01bf 0B       		.uleb128 0xb
 1848 01c0 49       		.uleb128 0x49
 1849 01c1 13       		.uleb128 0x13
 1850 01c2 02       		.uleb128 0x2
 1851 01c3 06       		.uleb128 0x6
 1852 01c4 00       		.byte	0
 1853 01c5 00       		.byte	0
 1854 01c6 23       		.uleb128 0x23
 1855 01c7 34       		.uleb128 0x34
 1856 01c8 00       		.byte	0
 1857 01c9 03       		.uleb128 0x3
 1858 01ca 08       		.uleb128 0x8
 1859 01cb 3A       		.uleb128 0x3a
 1860 01cc 0B       		.uleb128 0xb
 1861 01cd 3B       		.uleb128 0x3b
 1862 01ce 0B       		.uleb128 0xb
 1863 01cf 49       		.uleb128 0x49
 1864 01d0 13       		.uleb128 0x13
 1865 01d1 02       		.uleb128 0x2
 1866 01d2 0A       		.uleb128 0xa
 1867 01d3 00       		.byte	0
 1868 01d4 00       		.byte	0
 1869 01d5 24       		.uleb128 0x24
 1870 01d6 1D       		.uleb128 0x1d
 1871 01d7 01       		.byte	0x1
 1872 01d8 31       		.uleb128 0x31
 1873 01d9 13       		.uleb128 0x13
 1874 01da 11       		.uleb128 0x11
 1875 01db 01       		.uleb128 0x1
 1876 01dc 12       		.uleb128 0x12
 1877 01dd 01       		.uleb128 0x1
 1878 01de 58       		.uleb128 0x58
 1879 01df 0B       		.uleb128 0xb
ARM GAS  /tmp/ccUOY3fv.s 			page 34


 1880 01e0 59       		.uleb128 0x59
 1881 01e1 0B       		.uleb128 0xb
 1882 01e2 01       		.uleb128 0x1
 1883 01e3 13       		.uleb128 0x13
 1884 01e4 00       		.byte	0
 1885 01e5 00       		.byte	0
 1886 01e6 25       		.uleb128 0x25
 1887 01e7 1D       		.uleb128 0x1d
 1888 01e8 01       		.byte	0x1
 1889 01e9 31       		.uleb128 0x31
 1890 01ea 13       		.uleb128 0x13
 1891 01eb 11       		.uleb128 0x11
 1892 01ec 01       		.uleb128 0x1
 1893 01ed 12       		.uleb128 0x12
 1894 01ee 01       		.uleb128 0x1
 1895 01ef 58       		.uleb128 0x58
 1896 01f0 0B       		.uleb128 0xb
 1897 01f1 59       		.uleb128 0x59
 1898 01f2 05       		.uleb128 0x5
 1899 01f3 00       		.byte	0
 1900 01f4 00       		.byte	0
 1901 01f5 26       		.uleb128 0x26
 1902 01f6 05       		.uleb128 0x5
 1903 01f7 00       		.byte	0
 1904 01f8 31       		.uleb128 0x31
 1905 01f9 13       		.uleb128 0x13
 1906 01fa 1C       		.uleb128 0x1c
 1907 01fb 0B       		.uleb128 0xb
 1908 01fc 00       		.byte	0
 1909 01fd 00       		.byte	0
 1910 01fe 27       		.uleb128 0x27
 1911 01ff 05       		.uleb128 0x5
 1912 0200 00       		.byte	0
 1913 0201 31       		.uleb128 0x31
 1914 0202 13       		.uleb128 0x13
 1915 0203 02       		.uleb128 0x2
 1916 0204 06       		.uleb128 0x6
 1917 0205 00       		.byte	0
 1918 0206 00       		.byte	0
 1919 0207 28       		.uleb128 0x28
 1920 0208 0B       		.uleb128 0xb
 1921 0209 01       		.byte	0x1
 1922 020a 11       		.uleb128 0x11
 1923 020b 01       		.uleb128 0x1
 1924 020c 12       		.uleb128 0x12
 1925 020d 01       		.uleb128 0x1
 1926 020e 00       		.byte	0
 1927 020f 00       		.byte	0
 1928 0210 29       		.uleb128 0x29
 1929 0211 34       		.uleb128 0x34
 1930 0212 00       		.byte	0
 1931 0213 31       		.uleb128 0x31
 1932 0214 13       		.uleb128 0x13
 1933 0215 02       		.uleb128 0x2
 1934 0216 0A       		.uleb128 0xa
 1935 0217 00       		.byte	0
 1936 0218 00       		.byte	0
ARM GAS  /tmp/ccUOY3fv.s 			page 35


 1937 0219 2A       		.uleb128 0x2a
 1938 021a 1D       		.uleb128 0x1d
 1939 021b 01       		.byte	0x1
 1940 021c 31       		.uleb128 0x31
 1941 021d 13       		.uleb128 0x13
 1942 021e 11       		.uleb128 0x11
 1943 021f 01       		.uleb128 0x1
 1944 0220 12       		.uleb128 0x12
 1945 0221 01       		.uleb128 0x1
 1946 0222 58       		.uleb128 0x58
 1947 0223 0B       		.uleb128 0xb
 1948 0224 59       		.uleb128 0x59
 1949 0225 0B       		.uleb128 0xb
 1950 0226 00       		.byte	0
 1951 0227 00       		.byte	0
 1952 0228 2B       		.uleb128 0x2b
 1953 0229 34       		.uleb128 0x34
 1954 022a 00       		.byte	0
 1955 022b 31       		.uleb128 0x31
 1956 022c 13       		.uleb128 0x13
 1957 022d 00       		.byte	0
 1958 022e 00       		.byte	0
 1959 022f 2C       		.uleb128 0x2c
 1960 0230 2E       		.uleb128 0x2e
 1961 0231 01       		.byte	0x1
 1962 0232 31       		.uleb128 0x31
 1963 0233 13       		.uleb128 0x13
 1964 0234 11       		.uleb128 0x11
 1965 0235 01       		.uleb128 0x1
 1966 0236 12       		.uleb128 0x12
 1967 0237 01       		.uleb128 0x1
 1968 0238 40       		.uleb128 0x40
 1969 0239 0A       		.uleb128 0xa
 1970 023a 01       		.uleb128 0x1
 1971 023b 13       		.uleb128 0x13
 1972 023c 00       		.byte	0
 1973 023d 00       		.byte	0
 1974 023e 2D       		.uleb128 0x2d
 1975 023f 2E       		.uleb128 0x2e
 1976 0240 00       		.byte	0
 1977 0241 3F       		.uleb128 0x3f
 1978 0242 0C       		.uleb128 0xc
 1979 0243 03       		.uleb128 0x3
 1980 0244 0E       		.uleb128 0xe
 1981 0245 3A       		.uleb128 0x3a
 1982 0246 0B       		.uleb128 0xb
 1983 0247 3B       		.uleb128 0x3b
 1984 0248 0B       		.uleb128 0xb
 1985 0249 27       		.uleb128 0x27
 1986 024a 0C       		.uleb128 0xc
 1987 024b 49       		.uleb128 0x49
 1988 024c 13       		.uleb128 0x13
 1989 024d 11       		.uleb128 0x11
 1990 024e 01       		.uleb128 0x1
 1991 024f 12       		.uleb128 0x12
 1992 0250 01       		.uleb128 0x1
 1993 0251 40       		.uleb128 0x40
ARM GAS  /tmp/ccUOY3fv.s 			page 36


 1994 0252 0A       		.uleb128 0xa
 1995 0253 00       		.byte	0
 1996 0254 00       		.byte	0
 1997 0255 2E       		.uleb128 0x2e
 1998 0256 34       		.uleb128 0x34
 1999 0257 00       		.byte	0
 2000 0258 03       		.uleb128 0x3
 2001 0259 0E       		.uleb128 0xe
 2002 025a 3A       		.uleb128 0x3a
 2003 025b 0B       		.uleb128 0xb
 2004 025c 3B       		.uleb128 0x3b
 2005 025d 05       		.uleb128 0x5
 2006 025e 49       		.uleb128 0x49
 2007 025f 13       		.uleb128 0x13
 2008 0260 3F       		.uleb128 0x3f
 2009 0261 0C       		.uleb128 0xc
 2010 0262 3C       		.uleb128 0x3c
 2011 0263 0C       		.uleb128 0xc
 2012 0264 00       		.byte	0
 2013 0265 00       		.byte	0
 2014 0266 2F       		.uleb128 0x2f
 2015 0267 34       		.uleb128 0x34
 2016 0268 00       		.byte	0
 2017 0269 03       		.uleb128 0x3
 2018 026a 08       		.uleb128 0x8
 2019 026b 3A       		.uleb128 0x3a
 2020 026c 0B       		.uleb128 0xb
 2021 026d 3B       		.uleb128 0x3b
 2022 026e 05       		.uleb128 0x5
 2023 026f 49       		.uleb128 0x49
 2024 0270 13       		.uleb128 0x13
 2025 0271 3F       		.uleb128 0x3f
 2026 0272 0C       		.uleb128 0xc
 2027 0273 3C       		.uleb128 0x3c
 2028 0274 0C       		.uleb128 0xc
 2029 0275 00       		.byte	0
 2030 0276 00       		.byte	0
 2031 0277 30       		.uleb128 0x30
 2032 0278 34       		.uleb128 0x34
 2033 0279 00       		.byte	0
 2034 027a 03       		.uleb128 0x3
 2035 027b 0E       		.uleb128 0xe
 2036 027c 3A       		.uleb128 0x3a
 2037 027d 0B       		.uleb128 0xb
 2038 027e 3B       		.uleb128 0x3b
 2039 027f 0B       		.uleb128 0xb
 2040 0280 49       		.uleb128 0x49
 2041 0281 13       		.uleb128 0x13
 2042 0282 02       		.uleb128 0x2
 2043 0283 0A       		.uleb128 0xa
 2044 0284 00       		.byte	0
 2045 0285 00       		.byte	0
 2046 0286 00       		.byte	0
 2047              		.section	.debug_loc,"",%progbits
 2048              	.Ldebug_loc0:
 2049              	.LLST0:
 2050 0000 00000000 		.4byte	.LVL0
ARM GAS  /tmp/ccUOY3fv.s 			page 37


 2051 0004 1E000000 		.4byte	.LVL2
 2052 0008 0100     		.2byte	0x1
 2053 000a 50       		.byte	0x50
 2054 000b 00000000 		.4byte	0
 2055 000f 00000000 		.4byte	0
 2056              	.LLST1:
 2057 0013 06000000 		.4byte	.LVL1
 2058 0017 1E000000 		.4byte	.LVL2
 2059 001b 0100     		.2byte	0x1
 2060 001d 50       		.byte	0x50
 2061 001e 1E000000 		.4byte	.LVL2
 2062 0022 22000000 		.4byte	.LVL3
 2063 0026 0300     		.2byte	0x3
 2064 0028 70       		.byte	0x70
 2065 0029 79       		.sleb128 -7
 2066 002a 9F       		.byte	0x9f
 2067 002b 22000000 		.4byte	.LVL3
 2068 002f 2A000000 		.4byte	.LVL5
 2069 0033 0100     		.2byte	0x1
 2070 0035 50       		.byte	0x50
 2071 0036 00000000 		.4byte	0
 2072 003a 00000000 		.4byte	0
 2073              	.LLST2:
 2074 003e 00000000 		.4byte	.LVL7
 2075 0042 18000000 		.4byte	.LVL8
 2076 0046 0100     		.2byte	0x1
 2077 0048 50       		.byte	0x50
 2078 0049 18000000 		.4byte	.LVL8
 2079 004d 1C000000 		.4byte	.LVL9
 2080 0051 0300     		.2byte	0x3
 2081 0053 70       		.byte	0x70
 2082 0054 79       		.sleb128 -7
 2083 0055 9F       		.byte	0x9f
 2084 0056 1C000000 		.4byte	.LVL9
 2085 005a 24000000 		.4byte	.LVL11
 2086 005e 0100     		.2byte	0x1
 2087 0060 50       		.byte	0x50
 2088 0061 00000000 		.4byte	0
 2089 0065 00000000 		.4byte	0
 2090              		.section	.debug_aranges,"",%progbits
 2091 0000 34000000 		.4byte	0x34
 2092 0004 0200     		.2byte	0x2
 2093 0006 00000000 		.4byte	.Ldebug_info0
 2094 000a 04       		.byte	0x4
 2095 000b 00       		.byte	0
 2096 000c 0000     		.2byte	0
 2097 000e 0000     		.2byte	0
 2098 0010 00000000 		.4byte	.LFB182
 2099 0014 2C000000 		.4byte	.LFE182-.LFB182
 2100 0018 00000000 		.4byte	.LFB183
 2101 001c 3A000000 		.4byte	.LFE183-.LFB183
 2102 0020 00000000 		.4byte	.LFB184
 2103 0024 2C000000 		.4byte	.LFE184-.LFB184
 2104 0028 00000000 		.4byte	.LFB185
 2105 002c 18000000 		.4byte	.LFE185-.LFB185
 2106 0030 00000000 		.4byte	0
 2107 0034 00000000 		.4byte	0
ARM GAS  /tmp/ccUOY3fv.s 			page 38


 2108              		.section	.debug_ranges,"",%progbits
 2109              	.Ldebug_ranges0:
 2110 0000 00000000 		.4byte	.LFB182
 2111 0004 2C000000 		.4byte	.LFE182
 2112 0008 00000000 		.4byte	.LFB183
 2113 000c 3A000000 		.4byte	.LFE183
 2114 0010 00000000 		.4byte	.LFB184
 2115 0014 2C000000 		.4byte	.LFE184
 2116 0018 00000000 		.4byte	.LFB185
 2117 001c 18000000 		.4byte	.LFE185
 2118 0020 00000000 		.4byte	0
 2119 0024 00000000 		.4byte	0
 2120              		.section	.debug_line,"",%progbits
 2121              	.Ldebug_line0:
 2122 0000 6F030000 		.section	.debug_str,"MS",%progbits,1
 2122      0200FA02 
 2122      00000201 
 2122      FB0E0D00 
 2122      01010101 
 2123              	.LASF45:
 2124 0000 63685F74 		.ascii	"ch_threads_list\000"
 2124      68726561 
 2124      64735F6C 
 2124      69737400 
 2125              	.LASF46:
 2126 0010 74687265 		.ascii	"threads_queue_t\000"
 2126      6164735F 
 2126      71756575 
 2126      655F7400 
 2127              	.LASF35:
 2128 0020 705F7761 		.ascii	"p_waiting\000"
 2128      6974696E 
 2128      6700
 2129              	.LASF87:
 2130 002a 77746D74 		.ascii	"wtmtxp\000"
 2130      787000
 2131              	.LASF81:
 2132 0031 746D5F63 		.ascii	"tm_calibration_t\000"
 2132      616C6962 
 2132      72617469 
 2132      6F6E5F74 
 2132      00
 2133              	.LASF96:
 2134 0042 63686172 		.ascii	"char\000"
 2134      00
 2135              	.LASF76:
 2136 0047 72656761 		.ascii	"regarm_t\000"
 2136      726D5F74 
 2136      00
 2137              	.LASF27:
 2138 0050 705F7072 		.ascii	"p_prio\000"
 2138      696F00
 2139              	.LASF23:
 2140 0057 73797374 		.ascii	"systime_t\000"
 2140      696D655F 
 2140      7400
 2141              	.LASF94:
ARM GAS  /tmp/ccUOY3fv.s 			page 39


 2142 0061 6D5F6F77 		.ascii	"m_owner\000"
 2142      6E657200 
 2143              	.LASF90:
 2144 0069 735F7175 		.ascii	"s_queue\000"
 2144      65756500 
 2145              	.LASF36:
 2146 0071 705F6D73 		.ascii	"p_msgqueue\000"
 2146      67717565 
 2146      756500
 2147              	.LASF0:
 2148 007c 756E7369 		.ascii	"unsigned int\000"
 2148      676E6564 
 2148      20696E74 
 2148      00
 2149              	.LASF43:
 2150 0089 74687265 		.ascii	"threads_list_t\000"
 2150      6164735F 
 2150      6C697374 
 2150      5F7400
 2151              	.LASF84:
 2152 0098 77746F62 		.ascii	"wtobjp\000"
 2152      6A7000
 2153              	.LASF99:
 2154 009f 706F7274 		.ascii	"port_lock\000"
 2154      5F6C6F63 
 2154      6B00
 2155              	.LASF73:
 2156 00a9 76746C69 		.ascii	"vtlist\000"
 2156      737400
 2157              	.LASF49:
 2158 00b0 63685F72 		.ascii	"ch_ready_list\000"
 2158      65616479 
 2158      5F6C6973 
 2158      7400
 2159              	.LASF75:
 2160 00be 69646C65 		.ascii	"idle_thread_wa\000"
 2160      5F746872 
 2160      6561645F 
 2160      776100
 2161              	.LASF88:
 2162 00cd 65776D61 		.ascii	"ewmask\000"
 2162      736B00
 2163              	.LASF47:
 2164 00d4 63685F74 		.ascii	"ch_threads_queue\000"
 2164      68726561 
 2164      64735F71 
 2164      75657565 
 2164      00
 2165              	.LASF56:
 2166 00e5 76746675 		.ascii	"vtfunc_t\000"
 2166      6E635F74 
 2166      00
 2167              	.LASF118:
 2168 00ee 6368436F 		.ascii	"chCoreGetStatusX\000"
 2168      72654765 
 2168      74537461 
 2168      74757358 
ARM GAS  /tmp/ccUOY3fv.s 			page 40


 2168      00
 2169              	.LASF91:
 2170 00ff 735F636E 		.ascii	"s_cnt\000"
 2170      7400
 2171              	.LASF68:
 2172 0105 63685F73 		.ascii	"ch_system_debug\000"
 2172      79737465 
 2172      6D5F6465 
 2172      62756700 
 2173              	.LASF10:
 2174 0115 75696E74 		.ascii	"uint32_t\000"
 2174      33325F74 
 2174      00
 2175              	.LASF21:
 2176 011e 6576656E 		.ascii	"eventmask_t\000"
 2176      746D6173 
 2176      6B5F7400 
 2177              	.LASF51:
 2178 012a 725F7072 		.ascii	"r_prio\000"
 2178      696F00
 2179              	.LASF63:
 2180 0131 76745F70 		.ascii	"vt_par\000"
 2180      617200
 2181              	.LASF89:
 2182 0138 63685F73 		.ascii	"ch_semaphore\000"
 2182      656D6170 
 2182      686F7265 
 2182      00
 2183              	.LASF19:
 2184 0145 74707269 		.ascii	"tprio_t\000"
 2184      6F5F7400 
 2185              	.LASF58:
 2186 014d 63685F76 		.ascii	"ch_virtual_timer\000"
 2186      69727475 
 2186      616C5F74 
 2186      696D6572 
 2186      00
 2187              	.LASF14:
 2188 015e 6C6F6E67 		.ascii	"long long unsigned int\000"
 2188      206C6F6E 
 2188      6720756E 
 2188      7369676E 
 2188      65642069 
 2189              	.LASF22:
 2190 0175 636E745F 		.ascii	"cnt_t\000"
 2190      7400
 2191              	.LASF105:
 2192 017b 63685379 		.ascii	"chSysUnlock\000"
 2192      73556E6C 
 2192      6F636B00 
 2193              	.LASF29:
 2194 0187 705F6E65 		.ascii	"p_newer\000"
 2194      77657200 
 2195              	.LASF102:
 2196 018f 76616C75 		.ascii	"value\000"
 2196      6500
 2197              	.LASF65:
ARM GAS  /tmp/ccUOY3fv.s 			page 41


 2198 0195 63685F76 		.ascii	"ch_virtual_timers_list\000"
 2198      69727475 
 2198      616C5F74 
 2198      696D6572 
 2198      735F6C69 
 2199              	.LASF24:
 2200 01ac 74687265 		.ascii	"thread_t\000"
 2200      61645F74 
 2200      00
 2201              	.LASF113:
 2202 01b5 2E2E2F2E 		.ascii	"../../../resources/chibios/ChibiOS_16.1.8/os/rt/src"
 2202      2E2F2E2E 
 2202      2F726573 
 2202      6F757263 
 2202      65732F63 
 2203 01e8 2F63686D 		.ascii	"/chmemcore.c\000"
 2203      656D636F 
 2203      72652E63 
 2203      00
 2204              	.LASF116:
 2205 01f5 5F636F72 		.ascii	"_core_init\000"
 2205      655F696E 
 2205      697400
 2206              	.LASF107:
 2207 0200 5F5F6865 		.ascii	"__heap_base__\000"
 2207      61705F62 
 2207      6173655F 
 2207      5F00
 2208              	.LASF2:
 2209 020e 73697A65 		.ascii	"size_t\000"
 2209      5F7400
 2210              	.LASF82:
 2211 0215 7264796D 		.ascii	"rdymsg\000"
 2211      736700
 2212              	.LASF80:
 2213 021c 6F666673 		.ascii	"offset\000"
 2213      657400
 2214              	.LASF98:
 2215 0223 5F426F6F 		.ascii	"_Bool\000"
 2215      6C00
 2216              	.LASF92:
 2217 0229 63685F6D 		.ascii	"ch_mutex\000"
 2217      75746578 
 2217      00
 2218              	.LASF101:
 2219 0232 63685379 		.ascii	"chSysLock\000"
 2219      734C6F63 
 2219      6B00
 2220              	.LASF31:
 2221 023c 705F6E61 		.ascii	"p_name\000"
 2221      6D6500
 2222              	.LASF61:
 2223 0243 76745F64 		.ascii	"vt_delta\000"
 2223      656C7461 
 2223      00
 2224              	.LASF42:
 2225 024c 74687265 		.ascii	"thread_reference_t\000"
ARM GAS  /tmp/ccUOY3fv.s 			page 42


 2225      61645F72 
 2225      65666572 
 2225      656E6365 
 2225      5F7400
 2226              	.LASF66:
 2227 025f 76745F6C 		.ascii	"vt_lasttime\000"
 2227      61737474 
 2227      696D6500 
 2228              	.LASF17:
 2229 026b 74737461 		.ascii	"tstate_t\000"
 2229      74655F74 
 2229      00
 2230              	.LASF30:
 2231 0274 705F6F6C 		.ascii	"p_older\000"
 2231      64657200 
 2232              	.LASF32:
 2233 027c 705F7374 		.ascii	"p_state\000"
 2233      61746500 
 2234              	.LASF117:
 2235 0284 6368436F 		.ascii	"chCoreAlloc\000"
 2235      7265416C 
 2235      6C6F6300 
 2236              	.LASF3:
 2237 0290 75696E74 		.ascii	"uint8_t\000"
 2237      385F7400 
 2238              	.LASF41:
 2239 0298 705F6D70 		.ascii	"p_mpool\000"
 2239      6F6F6C00 
 2240              	.LASF39:
 2241 02a0 705F6D74 		.ascii	"p_mtxlist\000"
 2241      786C6973 
 2241      7400
 2242              	.LASF44:
 2243 02aa 63685F74 		.ascii	"ch_thread\000"
 2243      68726561 
 2243      6400
 2244              	.LASF67:
 2245 02b4 73797374 		.ascii	"system_debug_t\000"
 2245      656D5F64 
 2245      65627567 
 2245      5F7400
 2246              	.LASF12:
 2247 02c3 6C6F6E67 		.ascii	"long long int\000"
 2247      206C6F6E 
 2247      6720696E 
 2247      7400
 2248              	.LASF50:
 2249 02d1 725F7175 		.ascii	"r_queue\000"
 2249      65756500 
 2250              	.LASF53:
 2251 02d9 725F6E65 		.ascii	"r_newer\000"
 2251      77657200 
 2252              	.LASF20:
 2253 02e1 6D73675F 		.ascii	"msg_t\000"
 2253      7400
 2254              	.LASF78:
 2255 02e7 636F6E74 		.ascii	"context\000"
ARM GAS  /tmp/ccUOY3fv.s 			page 43


 2255      65787400 
 2256              	.LASF33:
 2257 02ef 705F666C 		.ascii	"p_flags\000"
 2257      61677300 
 2258              	.LASF57:
 2259 02f7 76697274 		.ascii	"virtual_timer_t\000"
 2259      75616C5F 
 2259      74696D65 
 2259      725F7400 
 2260              	.LASF114:
 2261 0307 2F686F6D 		.ascii	"/home/madog/Documents/proyectos/CYCLE/repos/harvest"
 2261      652F6D61 
 2261      646F672F 
 2261      446F6375 
 2261      6D656E74 
 2262 033a 65722F73 		.ascii	"er/src\000"
 2262      726300
 2263              	.LASF103:
 2264 0341 73697A65 		.ascii	"size\000"
 2264      00
 2265              	.LASF54:
 2266 0346 725F6F6C 		.ascii	"r_older\000"
 2266      64657200 
 2267              	.LASF69:
 2268 034e 70616E69 		.ascii	"panic_msg\000"
 2268      635F6D73 
 2268      6700
 2269              	.LASF37:
 2270 0358 705F6D73 		.ascii	"p_msg\000"
 2270      6700
 2271              	.LASF16:
 2272 035e 746D6F64 		.ascii	"tmode_t\000"
 2272      655F7400 
 2273              	.LASF74:
 2274 0366 6D61696E 		.ascii	"mainthread\000"
 2274      74687265 
 2274      616400
 2275              	.LASF6:
 2276 0371 75696E74 		.ascii	"uint16_t\000"
 2276      31365F74 
 2276      00
 2277              	.LASF15:
 2278 037a 7274636E 		.ascii	"rtcnt_t\000"
 2278      745F7400 
 2279              	.LASF40:
 2280 0382 705F7265 		.ascii	"p_realprio\000"
 2280      616C7072 
 2280      696F00
 2281              	.LASF5:
 2282 038d 73686F72 		.ascii	"short int\000"
 2282      7420696E 
 2282      7400
 2283              	.LASF55:
 2284 0397 725F6375 		.ascii	"r_current\000"
 2284      7272656E 
 2284      7400
 2285              	.LASF38:
ARM GAS  /tmp/ccUOY3fv.s 			page 44


 2286 03a1 705F6570 		.ascii	"p_epending\000"
 2286      656E6469 
 2286      6E6700
 2287              	.LASF93:
 2288 03ac 6D5F7175 		.ascii	"m_queue\000"
 2288      65756500 
 2289              	.LASF9:
 2290 03b4 6C6F6E67 		.ascii	"long int\000"
 2290      20696E74 
 2290      00
 2291              	.LASF79:
 2292 03bd 706F7274 		.ascii	"port_intctx\000"
 2292      5F696E74 
 2292      63747800 
 2293              	.LASF109:
 2294 03c9 49544D5F 		.ascii	"ITM_RxBuffer\000"
 2294      52784275 
 2294      66666572 
 2294      00
 2295              	.LASF71:
 2296 03d6 63685F73 		.ascii	"ch_system\000"
 2296      79737465 
 2296      6D00
 2297              	.LASF104:
 2298 03e0 5F5F7365 		.ascii	"__set_BASEPRI\000"
 2298      745F4241 
 2298      53455052 
 2298      4900
 2299              	.LASF25:
 2300 03ee 705F6E65 		.ascii	"p_next\000"
 2300      787400
 2301              	.LASF13:
 2302 03f5 75696E74 		.ascii	"uint64_t\000"
 2302      36345F74 
 2302      00
 2303              	.LASF28:
 2304 03fe 705F6374 		.ascii	"p_ctx\000"
 2304      7800
 2305              	.LASF72:
 2306 0404 726C6973 		.ascii	"rlist\000"
 2306      7400
 2307              	.LASF26:
 2308 040a 705F7072 		.ascii	"p_prev\000"
 2308      657600
 2309              	.LASF18:
 2310 0411 74726566 		.ascii	"trefs_t\000"
 2310      735F7400 
 2311              	.LASF11:
 2312 0419 6C6F6E67 		.ascii	"long unsigned int\000"
 2312      20756E73 
 2312      69676E65 
 2312      6420696E 
 2312      7400
 2313              	.LASF48:
 2314 042b 72656164 		.ascii	"ready_list_t\000"
 2314      795F6C69 
 2314      73745F74 
ARM GAS  /tmp/ccUOY3fv.s 			page 45


 2314      00
 2315              	.LASF8:
 2316 0438 696E7433 		.ascii	"int32_t\000"
 2316      325F7400 
 2317              	.LASF86:
 2318 0440 77747365 		.ascii	"wtsemp\000"
 2318      6D7000
 2319              	.LASF112:
 2320 0447 474E5520 		.ascii	"GNU C 4.6.1\000"
 2320      4320342E 
 2320      362E3100 
 2321              	.LASF97:
 2322 0453 6D757465 		.ascii	"mutex_t\000"
 2322      785F7400 
 2323              	.LASF4:
 2324 045b 756E7369 		.ascii	"unsigned char\000"
 2324      676E6564 
 2324      20636861 
 2324      7200
 2325              	.LASF64:
 2326 0469 76697274 		.ascii	"virtual_timers_list_t\000"
 2326      75616C5F 
 2326      74696D65 
 2326      72735F6C 
 2326      6973745F 
 2327              	.LASF34:
 2328 047f 705F7265 		.ascii	"p_refs\000"
 2328      667300
 2329              	.LASF59:
 2330 0486 76745F6E 		.ascii	"vt_next\000"
 2330      65787400 
 2331              	.LASF70:
 2332 048e 63685F73 		.ascii	"ch_system_t\000"
 2332      79737465 
 2332      6D5F7400 
 2333              	.LASF85:
 2334 049a 77747472 		.ascii	"wttrp\000"
 2334      7000
 2335              	.LASF95:
 2336 04a0 6D5F6E65 		.ascii	"m_next\000"
 2336      787400
 2337              	.LASF1:
 2338 04a7 7369676E 		.ascii	"signed char\000"
 2338      65642063 
 2338      68617200 
 2339              	.LASF7:
 2340 04b3 73686F72 		.ascii	"short unsigned int\000"
 2340      7420756E 
 2340      7369676E 
 2340      65642069 
 2340      6E7400
 2341              	.LASF52:
 2342 04c6 725F6374 		.ascii	"r_ctx\000"
 2342      7800
 2343              	.LASF77:
 2344 04cc 73746B61 		.ascii	"stkalign_t\000"
 2344      6C69676E 
ARM GAS  /tmp/ccUOY3fv.s 			page 46


 2344      5F7400
 2345              	.LASF111:
 2346 04d7 656E646D 		.ascii	"endmem\000"
 2346      656D00
 2347              	.LASF106:
 2348 04de 5F5F6675 		.ascii	"__func__\000"
 2348      6E635F5F 
 2348      00
 2349              	.LASF62:
 2350 04e7 76745F66 		.ascii	"vt_func\000"
 2350      756E6300 
 2351              	.LASF100:
 2352 04ef 706F7274 		.ascii	"port_unlock\000"
 2352      5F756E6C 
 2352      6F636B00 
 2353              	.LASF60:
 2354 04fb 76745F70 		.ascii	"vt_prev\000"
 2354      72657600 
 2355              	.LASF115:
 2356 0503 6368436F 		.ascii	"chCoreAllocI\000"
 2356      7265416C 
 2356      6C6F6349 
 2356      00
 2357              	.LASF110:
 2358 0510 6E657874 		.ascii	"nextmem\000"
 2358      6D656D00 
 2359              	.LASF83:
 2360 0518 65786974 		.ascii	"exitcode\000"
 2360      636F6465 
 2360      00
 2361              	.LASF108:
 2362 0521 5F5F6865 		.ascii	"__heap_end__\000"
 2362      61705F65 
 2362      6E645F5F 
 2362      00
 2363              		.ident	"GCC: (Sourcery CodeBench Lite 2011.09-69) 4.6.1"
ARM GAS  /tmp/ccUOY3fv.s 			page 47


DEFINED SYMBOLS
                            *ABS*:00000000 chmemcore.c
     /tmp/ccUOY3fv.s:19     .text._core_init:00000000 $t
     /tmp/ccUOY3fv.s:25     .text._core_init:00000000 _core_init
     /tmp/ccUOY3fv.s:222    .bss.nextmem:00000000 .LANCHOR0
     /tmp/ccUOY3fv.s:215    .bss.endmem:00000000 .LANCHOR1
     /tmp/ccUOY3fv.s:57     .text._core_init:00000028 $d
     /tmp/ccUOY3fv.s:62     .text.chCoreAlloc:00000000 $t
     /tmp/ccUOY3fv.s:68     .text.chCoreAlloc:00000000 chCoreAlloc
     /tmp/ccUOY3fv.s:143    .text.chCoreAllocI:00000000 $t
     /tmp/ccUOY3fv.s:149    .text.chCoreAllocI:00000000 chCoreAllocI
     /tmp/ccUOY3fv.s:187    .text.chCoreGetStatusX:00000000 $t
     /tmp/ccUOY3fv.s:193    .text.chCoreGetStatusX:00000000 chCoreGetStatusX
     /tmp/ccUOY3fv.s:214    .bss.endmem:00000000 $d
     /tmp/ccUOY3fv.s:218    .bss.endmem:00000000 endmem
     /tmp/ccUOY3fv.s:221    .bss.nextmem:00000000 $d
     /tmp/ccUOY3fv.s:225    .bss.nextmem:00000000 nextmem
                     .debug_frame:00000010 $d
     /tmp/ccUOY3fv.s:61     .text._core_init:0000002c $t

UNDEFINED SYMBOLS
__heap_end__
__heap_base__
