ARM GAS  /tmp/cc0346rW.s 			page 1


   1              		.syntax unified
   2              		.cpu cortex-m3
   3              		.fpu softvfp
   4              		.eabi_attribute 20, 1
   5              		.eabi_attribute 21, 1
   6              		.eabi_attribute 23, 3
   7              		.eabi_attribute 24, 1
   8              		.eabi_attribute 25, 1
   9              		.eabi_attribute 26, 1
  10              		.eabi_attribute 30, 2
  11              		.eabi_attribute 34, 1
  12              		.eabi_attribute 18, 4
  13              		.thumb
  14              		.file	"hal.c"
  15              		.text
  16              	.Ltext0:
  17              		.cfi_sections	.debug_frame
  18              		.section	.text.halInit,"ax",%progbits
  19              		.align	2
  20              		.p2align 4,,15
  21              		.global	halInit
  22              		.thumb
  23              		.thumb_func
  24              		.type	halInit, %function
  25              	halInit:
  26              	.LFB213:
  27              		.file 1 "../../../resources/chibios/ChibiOS_16.1.8/os/hal/src/hal.c"
  28              		.loc 1 56 0
  29              		.cfi_startproc
  30              		@ args = 0, pretend = 0, frame = 0
  31              		@ frame_needed = 0, uses_anonymous_args = 0
  32 0000 08B5     		push	{r3, lr}
  33              	.LCFI0:
  34              		.cfi_def_cfa_offset 8
  35              		.cfi_offset 14, -4
  36              		.cfi_offset 3, -8
  37              		.loc 1 62 0
  38 0002 FFF7FEFF 		bl	hal_lld_init
  39              		.loc 1 65 0
  40 0006 40F20000 		movw	r0, #:lower16:pal_default_config
  41 000a C0F20000 		movt	r0, #:upper16:pal_default_config
  42 000e FFF7FEFF 		bl	_pal_lld_init
  43              		.loc 1 98 0
  44 0012 FFF7FEFF 		bl	sdInit
  45              		.loc 1 133 0
  46 0016 FFF7FEFF 		bl	boardInit
  47              		.loc 1 142 0
  48 001a BDE80840 		pop	{r3, lr}
  49              		.loc 1 140 0
  50 001e FFF7FEBF 		b	stInit
  51              		.cfi_endproc
  52              	.LFE213:
  53              		.size	halInit, .-halInit
  54 0022 00BFAFF3 		.text
  54      0080AFF3 
  54      0080AFF3 
  54      0080
ARM GAS  /tmp/cc0346rW.s 			page 2


  55              	.Letext0:
  56              		.file 2 "/home/madog/programs/CodeSourcery/Sourcery_CodeBench_Lite_for_ARM_EABI/bin/../lib/gcc/arm
  57              		.file 3 "../../../resources/chibios/ChibiOS_16.1.8/os/rt/ports/ARMCMx/compilers/GCC/chtypes.h"
  58              		.file 4 "../../../resources/chibios/ChibiOS_16.1.8/os/rt/include/chsystypes.h"
  59              		.file 5 "../../../resources/chibios/ChibiOS_16.1.8/os/rt/include/chschd.h"
  60              		.file 6 "../../../resources/chibios/ChibiOS_16.1.8/os/rt/ports/ARMCMx/chcore.h"
  61              		.file 7 "../../../resources/chibios/ChibiOS_16.1.8/os/rt/ports/ARMCMx/chcore_v7m.h"
  62              		.file 8 "../../../resources/chibios/ChibiOS_16.1.8/os/rt/include/chtm.h"
  63              		.file 9 "../../../resources/chibios/ChibiOS_16.1.8/os/rt/include/chsem.h"
  64              		.file 10 "../../../resources/chibios/ChibiOS_16.1.8/os/rt/include/chmtx.h"
  65              		.file 11 "../../../resources/chibios/ChibiOS_16.1.8/os/hal/ports/STM32/LLD/GPIOv1/pal_lld.h"
  66              		.file 12 "../../../resources/chibios/ChibiOS_16.1.8/os/ext/CMSIS/include/core_cm3.h"
  67              		.file 13 "../../../resources/chibios/ChibiOS_16.1.8/os/hal/osal/rt/osal.h"
  68              		.section	.debug_info,"",%progbits
  69              	.Ldebug_info0:
  70 0000 80070000 		.4byte	0x780
  71 0004 0200     		.2byte	0x2
  72 0006 00000000 		.4byte	.Ldebug_abbrev0
  73 000a 04       		.byte	0x4
  74 000b 01       		.uleb128 0x1
  75 000c 30040000 		.4byte	.LASF107
  76 0010 01       		.byte	0x1
  77 0011 61010000 		.4byte	.LASF108
  78 0015 DA020000 		.4byte	.LASF109
  79 0019 00000000 		.4byte	0
  80 001d 00000000 		.4byte	0
  81 0021 00000000 		.4byte	.Ldebug_ranges0+0
  82 0025 00000000 		.4byte	.Ldebug_line0
  83 0029 02       		.uleb128 0x2
  84 002a 04       		.byte	0x4
  85 002b 05       		.byte	0x5
  86 002c 696E7400 		.ascii	"int\000"
  87 0030 03       		.uleb128 0x3
  88 0031 04       		.byte	0x4
  89 0032 07       		.byte	0x7
  90 0033 83000000 		.4byte	.LASF0
  91 0037 03       		.uleb128 0x3
  92 0038 01       		.byte	0x1
  93 0039 06       		.byte	0x6
  94 003a 90040000 		.4byte	.LASF1
  95 003e 04       		.uleb128 0x4
  96 003f 63020000 		.4byte	.LASF4
  97 0043 02       		.byte	0x2
  98 0044 2A       		.byte	0x2a
  99 0045 49000000 		.4byte	0x49
 100 0049 03       		.uleb128 0x3
 101 004a 01       		.byte	0x1
 102 004b 08       		.byte	0x8
 103 004c 44040000 		.4byte	.LASF2
 104 0050 03       		.uleb128 0x3
 105 0051 02       		.byte	0x2
 106 0052 05       		.byte	0x5
 107 0053 62030000 		.4byte	.LASF3
 108 0057 04       		.uleb128 0x4
 109 0058 3F030000 		.4byte	.LASF5
 110 005c 02       		.byte	0x2
 111 005d 36       		.byte	0x36
ARM GAS  /tmp/cc0346rW.s 			page 3


 112 005e 62000000 		.4byte	0x62
 113 0062 03       		.uleb128 0x3
 114 0063 02       		.byte	0x2
 115 0064 07       		.byte	0x7
 116 0065 9C040000 		.4byte	.LASF6
 117 0069 04       		.uleb128 0x4
 118 006a 21040000 		.4byte	.LASF7
 119 006e 02       		.byte	0x2
 120 006f 4F       		.byte	0x4f
 121 0070 74000000 		.4byte	0x74
 122 0074 03       		.uleb128 0x3
 123 0075 04       		.byte	0x4
 124 0076 05       		.byte	0x5
 125 0077 89030000 		.4byte	.LASF8
 126 007b 04       		.uleb128 0x4
 127 007c 01010000 		.4byte	.LASF9
 128 0080 02       		.byte	0x2
 129 0081 50       		.byte	0x50
 130 0082 86000000 		.4byte	0x86
 131 0086 03       		.uleb128 0x3
 132 0087 04       		.byte	0x4
 133 0088 07       		.byte	0x7
 134 0089 02040000 		.4byte	.LASF10
 135 008d 03       		.uleb128 0x3
 136 008e 08       		.byte	0x8
 137 008f 05       		.byte	0x5
 138 0090 96020000 		.4byte	.LASF11
 139 0094 04       		.uleb128 0x4
 140 0095 C3030000 		.4byte	.LASF12
 141 0099 02       		.byte	0x2
 142 009a 78       		.byte	0x78
 143 009b 9F000000 		.4byte	0x9f
 144 009f 03       		.uleb128 0x3
 145 00a0 08       		.byte	0x8
 146 00a1 07       		.byte	0x7
 147 00a2 4A010000 		.4byte	.LASF13
 148 00a6 04       		.uleb128 0x4
 149 00a7 48030000 		.4byte	.LASF14
 150 00ab 03       		.byte	0x3
 151 00ac 39       		.byte	0x39
 152 00ad 7B000000 		.4byte	0x7b
 153 00b1 04       		.uleb128 0x4
 154 00b2 2C030000 		.4byte	.LASF15
 155 00b6 03       		.byte	0x3
 156 00b7 3C       		.byte	0x3c
 157 00b8 3E000000 		.4byte	0x3e
 158 00bc 04       		.uleb128 0x4
 159 00bd 4A020000 		.4byte	.LASF16
 160 00c1 03       		.byte	0x3
 161 00c2 3D       		.byte	0x3d
 162 00c3 3E000000 		.4byte	0x3e
 163 00c7 04       		.uleb128 0x4
 164 00c8 FA030000 		.4byte	.LASF17
 165 00cc 03       		.byte	0x3
 166 00cd 3E       		.byte	0x3e
 167 00ce 3E000000 		.4byte	0x3e
 168 00d2 04       		.uleb128 0x4
ARM GAS  /tmp/cc0346rW.s 			page 4


 169 00d3 31010000 		.4byte	.LASF18
 170 00d7 03       		.byte	0x3
 171 00d8 40       		.byte	0x40
 172 00d9 7B000000 		.4byte	0x7b
 173 00dd 04       		.uleb128 0x4
 174 00de B4020000 		.4byte	.LASF19
 175 00e2 03       		.byte	0x3
 176 00e3 41       		.byte	0x41
 177 00e4 69000000 		.4byte	0x69
 178 00e8 04       		.uleb128 0x4
 179 00e9 0A010000 		.4byte	.LASF20
 180 00ed 03       		.byte	0x3
 181 00ee 43       		.byte	0x43
 182 00ef 7B000000 		.4byte	0x7b
 183 00f3 04       		.uleb128 0x4
 184 00f4 9C010000 		.4byte	.LASF21
 185 00f8 03       		.byte	0x3
 186 00f9 45       		.byte	0x45
 187 00fa 69000000 		.4byte	0x69
 188 00fe 04       		.uleb128 0x4
 189 00ff 5E000000 		.4byte	.LASF22
 190 0103 04       		.byte	0x4
 191 0104 35       		.byte	0x35
 192 0105 57000000 		.4byte	0x57
 193 0109 04       		.uleb128 0x4
 194 010a D4010000 		.4byte	.LASF23
 195 010e 04       		.byte	0x4
 196 010f 3F       		.byte	0x3f
 197 0110 14010000 		.4byte	0x114
 198 0114 05       		.uleb128 0x5
 199 0115 7D020000 		.4byte	.LASF43
 200 0119 44       		.byte	0x44
 201 011a 05       		.byte	0x5
 202 011b C2       		.byte	0xc2
 203 011c 25020000 		.4byte	0x225
 204 0120 06       		.uleb128 0x6
 205 0121 BC030000 		.4byte	.LASF24
 206 0125 05       		.byte	0x5
 207 0126 C3       		.byte	0xc3
 208 0127 30020000 		.4byte	0x230
 209 012b 02       		.byte	0x2
 210 012c 23       		.byte	0x23
 211 012d 00       		.uleb128 0
 212 012e 06       		.uleb128 0x6
 213 012f F3030000 		.4byte	.LASF25
 214 0133 05       		.byte	0x5
 215 0134 C5       		.byte	0xc5
 216 0135 30020000 		.4byte	0x230
 217 0139 02       		.byte	0x2
 218 013a 23       		.byte	0x23
 219 013b 04       		.uleb128 0x4
 220 013c 06       		.uleb128 0x6
 221 013d 57000000 		.4byte	.LASF26
 222 0141 05       		.byte	0x5
 223 0142 C7       		.byte	0xc7
 224 0143 D2000000 		.4byte	0xd2
 225 0147 02       		.byte	0x2
ARM GAS  /tmp/cc0346rW.s 			page 5


 226 0148 23       		.byte	0x23
 227 0149 08       		.uleb128 0x8
 228 014a 06       		.uleb128 0x6
 229 014b CC030000 		.4byte	.LASF27
 230 014f 05       		.byte	0x5
 231 0150 C8       		.byte	0xc8
 232 0151 8C040000 		.4byte	0x48c
 233 0155 02       		.byte	0x2
 234 0156 23       		.byte	0x23
 235 0157 0C       		.uleb128 0xc
 236 0158 06       		.uleb128 0x6
 237 0159 B5010000 		.4byte	.LASF28
 238 015d 05       		.byte	0x5
 239 015e CA       		.byte	0xca
 240 015f 30020000 		.4byte	0x230
 241 0163 02       		.byte	0x2
 242 0164 23       		.byte	0x23
 243 0165 10       		.uleb128 0x10
 244 0166 06       		.uleb128 0x6
 245 0167 53020000 		.4byte	.LASF29
 246 016b 05       		.byte	0x5
 247 016c CB       		.byte	0xcb
 248 016d 30020000 		.4byte	0x230
 249 0171 02       		.byte	0x2
 250 0172 23       		.byte	0x23
 251 0173 14       		.uleb128 0x14
 252 0174 06       		.uleb128 0x6
 253 0175 1B020000 		.4byte	.LASF30
 254 0179 05       		.byte	0x5
 255 017a D2       		.byte	0xd2
 256 017b 2B060000 		.4byte	0x62b
 257 017f 02       		.byte	0x2
 258 0180 23       		.byte	0x23
 259 0181 18       		.uleb128 0x18
 260 0182 06       		.uleb128 0x6
 261 0183 5B020000 		.4byte	.LASF31
 262 0187 05       		.byte	0x5
 263 0188 DD       		.byte	0xdd
 264 0189 BC000000 		.4byte	0xbc
 265 018d 02       		.byte	0x2
 266 018e 23       		.byte	0x23
 267 018f 1C       		.uleb128 0x1c
 268 0190 06       		.uleb128 0x6
 269 0191 C2020000 		.4byte	.LASF32
 270 0195 05       		.byte	0x5
 271 0196 E1       		.byte	0xe1
 272 0197 B1000000 		.4byte	0xb1
 273 019b 02       		.byte	0x2
 274 019c 23       		.byte	0x23
 275 019d 1D       		.uleb128 0x1d
 276 019e 06       		.uleb128 0x6
 277 019f 68040000 		.4byte	.LASF33
 278 01a3 05       		.byte	0x5
 279 01a4 E6       		.byte	0xe6
 280 01a5 C7000000 		.4byte	0xc7
 281 01a9 02       		.byte	0x2
 282 01aa 23       		.byte	0x23
ARM GAS  /tmp/cc0346rW.s 			page 6


 283 01ab 1E       		.uleb128 0x1e
 284 01ac 07       		.uleb128 0x7
 285 01ad 705F7500 		.ascii	"p_u\000"
 286 01b1 05       		.byte	0x5
 287 01b2 3101     		.2byte	0x131
 288 01b4 5C050000 		.4byte	0x55c
 289 01b8 02       		.byte	0x2
 290 01b9 23       		.byte	0x23
 291 01ba 20       		.uleb128 0x20
 292 01bb 08       		.uleb128 0x8
 293 01bc 20000000 		.4byte	.LASF34
 294 01c0 05       		.byte	0x5
 295 01c1 3601     		.2byte	0x136
 296 01c3 36020000 		.4byte	0x236
 297 01c7 02       		.byte	0x2
 298 01c8 23       		.byte	0x23
 299 01c9 24       		.uleb128 0x24
 300 01ca 08       		.uleb128 0x8
 301 01cb 78000000 		.4byte	.LASF35
 302 01cf 05       		.byte	0x5
 303 01d0 3C01     		.2byte	0x13c
 304 01d2 5C020000 		.4byte	0x25c
 305 01d6 02       		.byte	0x2
 306 01d7 23       		.byte	0x23
 307 01d8 28       		.uleb128 0x28
 308 01d9 08       		.uleb128 0x8
 309 01da 26030000 		.4byte	.LASF36
 310 01de 05       		.byte	0x5
 311 01df 4001     		.2byte	0x140
 312 01e1 DD000000 		.4byte	0xdd
 313 01e5 02       		.byte	0x2
 314 01e6 23       		.byte	0x23
 315 01e7 30       		.uleb128 0x30
 316 01e8 08       		.uleb128 0x8
 317 01e9 76030000 		.4byte	.LASF37
 318 01ed 05       		.byte	0x5
 319 01ee 4601     		.2byte	0x146
 320 01f0 E8000000 		.4byte	0xe8
 321 01f4 02       		.byte	0x2
 322 01f5 23       		.byte	0x23
 323 01f6 34       		.uleb128 0x34
 324 01f7 08       		.uleb128 0x8
 325 01f8 73020000 		.4byte	.LASF38
 326 01fc 05       		.byte	0x5
 327 01fd 4D01     		.2byte	0x14d
 328 01ff 25060000 		.4byte	0x625
 329 0203 02       		.byte	0x2
 330 0204 23       		.byte	0x23
 331 0205 38       		.uleb128 0x38
 332 0206 08       		.uleb128 0x8
 333 0207 57030000 		.4byte	.LASF39
 334 020b 05       		.byte	0x5
 335 020c 5101     		.2byte	0x151
 336 020e D2000000 		.4byte	0xd2
 337 0212 02       		.byte	0x2
 338 0213 23       		.byte	0x23
 339 0214 3C       		.uleb128 0x3c
ARM GAS  /tmp/cc0346rW.s 			page 7


 340 0215 08       		.uleb128 0x8
 341 0216 6B020000 		.4byte	.LASF40
 342 021a 05       		.byte	0x5
 343 021b 5801     		.2byte	0x158
 344 021d 20030000 		.4byte	0x320
 345 0221 02       		.byte	0x2
 346 0222 23       		.byte	0x23
 347 0223 40       		.uleb128 0x40
 348 0224 00       		.byte	0
 349 0225 04       		.uleb128 0x4
 350 0226 2B020000 		.4byte	.LASF41
 351 022a 04       		.byte	0x4
 352 022b 44       		.byte	0x44
 353 022c 30020000 		.4byte	0x230
 354 0230 09       		.uleb128 0x9
 355 0231 04       		.byte	0x4
 356 0232 09010000 		.4byte	0x109
 357 0236 04       		.uleb128 0x4
 358 0237 90000000 		.4byte	.LASF42
 359 023b 04       		.byte	0x4
 360 023c 49       		.byte	0x49
 361 023d 41020000 		.4byte	0x241
 362 0241 05       		.uleb128 0x5
 363 0242 00000000 		.4byte	.LASF44
 364 0246 04       		.byte	0x4
 365 0247 05       		.byte	0x5
 366 0248 B0       		.byte	0xb0
 367 0249 5C020000 		.4byte	0x25c
 368 024d 06       		.uleb128 0x6
 369 024e BC030000 		.4byte	.LASF24
 370 0252 05       		.byte	0x5
 371 0253 B1       		.byte	0xb1
 372 0254 30020000 		.4byte	0x230
 373 0258 02       		.byte	0x2
 374 0259 23       		.byte	0x23
 375 025a 00       		.uleb128 0
 376 025b 00       		.byte	0
 377 025c 04       		.uleb128 0x4
 378 025d 10000000 		.4byte	.LASF45
 379 0261 04       		.byte	0x4
 380 0262 50       		.byte	0x50
 381 0263 67020000 		.4byte	0x267
 382 0267 05       		.uleb128 0x5
 383 0268 D1000000 		.4byte	.LASF46
 384 026c 08       		.byte	0x8
 385 026d 05       		.byte	0x5
 386 026e B7       		.byte	0xb7
 387 026f 90020000 		.4byte	0x290
 388 0273 06       		.uleb128 0x6
 389 0274 BC030000 		.4byte	.LASF24
 390 0278 05       		.byte	0x5
 391 0279 B8       		.byte	0xb8
 392 027a 30020000 		.4byte	0x230
 393 027e 02       		.byte	0x2
 394 027f 23       		.byte	0x23
 395 0280 00       		.uleb128 0
 396 0281 06       		.uleb128 0x6
ARM GAS  /tmp/cc0346rW.s 			page 8


 397 0282 F3030000 		.4byte	.LASF25
 398 0286 05       		.byte	0x5
 399 0287 B9       		.byte	0xb9
 400 0288 30020000 		.4byte	0x230
 401 028c 02       		.byte	0x2
 402 028d 23       		.byte	0x23
 403 028e 04       		.uleb128 0x4
 404 028f 00       		.byte	0
 405 0290 04       		.uleb128 0x4
 406 0291 14040000 		.4byte	.LASF47
 407 0295 04       		.byte	0x4
 408 0296 57       		.byte	0x57
 409 0297 9B020000 		.4byte	0x29b
 410 029b 0A       		.uleb128 0xa
 411 029c AD000000 		.4byte	.LASF48
 412 02a0 1C       		.byte	0x1c
 413 02a1 05       		.byte	0x5
 414 02a2 9001     		.2byte	0x190
 415 02a4 03030000 		.4byte	0x303
 416 02a8 08       		.uleb128 0x8
 417 02a9 A4020000 		.4byte	.LASF49
 418 02ad 05       		.byte	0x5
 419 02ae 9101     		.2byte	0x191
 420 02b0 5C020000 		.4byte	0x25c
 421 02b4 02       		.byte	0x2
 422 02b5 23       		.byte	0x23
 423 02b6 00       		.uleb128 0
 424 02b7 08       		.uleb128 0x8
 425 02b8 16010000 		.4byte	.LASF50
 426 02bc 05       		.byte	0x5
 427 02bd 9201     		.2byte	0x192
 428 02bf D2000000 		.4byte	0xd2
 429 02c3 02       		.byte	0x2
 430 02c4 23       		.byte	0x23
 431 02c5 08       		.uleb128 0x8
 432 02c6 08       		.uleb128 0x8
 433 02c7 AF040000 		.4byte	.LASF51
 434 02cb 05       		.byte	0x5
 435 02cc 9401     		.2byte	0x194
 436 02ce 8C040000 		.4byte	0x48c
 437 02d2 02       		.byte	0x2
 438 02d3 23       		.byte	0x23
 439 02d4 0C       		.uleb128 0xc
 440 02d5 08       		.uleb128 0x8
 441 02d6 AC020000 		.4byte	.LASF52
 442 02da 05       		.byte	0x5
 443 02db 9701     		.2byte	0x197
 444 02dd 30020000 		.4byte	0x230
 445 02e1 02       		.byte	0x2
 446 02e2 23       		.byte	0x23
 447 02e3 10       		.uleb128 0x10
 448 02e4 08       		.uleb128 0x8
 449 02e5 14030000 		.4byte	.LASF53
 450 02e9 05       		.byte	0x5
 451 02ea 9801     		.2byte	0x198
 452 02ec 30020000 		.4byte	0x230
 453 02f0 02       		.byte	0x2
ARM GAS  /tmp/cc0346rW.s 			page 9


 454 02f1 23       		.byte	0x23
 455 02f2 14       		.uleb128 0x14
 456 02f3 08       		.uleb128 0x8
 457 02f4 6C030000 		.4byte	.LASF54
 458 02f8 05       		.byte	0x5
 459 02f9 9B01     		.2byte	0x19b
 460 02fb 30020000 		.4byte	0x230
 461 02ff 02       		.byte	0x2
 462 0300 23       		.byte	0x23
 463 0301 18       		.uleb128 0x18
 464 0302 00       		.byte	0
 465 0303 04       		.uleb128 0x4
 466 0304 E2000000 		.4byte	.LASF55
 467 0308 04       		.byte	0x4
 468 0309 5C       		.byte	0x5c
 469 030a 0E030000 		.4byte	0x30e
 470 030e 09       		.uleb128 0x9
 471 030f 04       		.byte	0x4
 472 0310 14030000 		.4byte	0x314
 473 0314 0B       		.uleb128 0xb
 474 0315 01       		.byte	0x1
 475 0316 20030000 		.4byte	0x320
 476 031a 0C       		.uleb128 0xc
 477 031b 20030000 		.4byte	0x320
 478 031f 00       		.byte	0
 479 0320 0D       		.uleb128 0xd
 480 0321 04       		.byte	0x4
 481 0322 04       		.uleb128 0x4
 482 0323 CA020000 		.4byte	.LASF56
 483 0327 04       		.byte	0x4
 484 0328 61       		.byte	0x61
 485 0329 2D030000 		.4byte	0x32d
 486 032d 0A       		.uleb128 0xa
 487 032e 39010000 		.4byte	.LASF57
 488 0332 14       		.byte	0x14
 489 0333 05       		.byte	0x5
 490 0334 6B01     		.2byte	0x16b
 491 0336 86030000 		.4byte	0x386
 492 033a 08       		.uleb128 0x8
 493 033b 6F040000 		.4byte	.LASF58
 494 033f 05       		.byte	0x5
 495 0340 6C01     		.2byte	0x16c
 496 0342 3D060000 		.4byte	0x63d
 497 0346 02       		.byte	0x2
 498 0347 23       		.byte	0x23
 499 0348 00       		.uleb128 0
 500 0349 08       		.uleb128 0x8
 501 034a C8040000 		.4byte	.LASF59
 502 034e 05       		.byte	0x5
 503 034f 6D01     		.2byte	0x16d
 504 0351 3D060000 		.4byte	0x63d
 505 0355 02       		.byte	0x2
 506 0356 23       		.byte	0x23
 507 0357 04       		.uleb128 0x4
 508 0358 08       		.uleb128 0x8
 509 0359 22020000 		.4byte	.LASF60
 510 035d 05       		.byte	0x5
ARM GAS  /tmp/cc0346rW.s 			page 10


 511 035e 6E01     		.2byte	0x16e
 512 0360 FE000000 		.4byte	0xfe
 513 0364 02       		.byte	0x2
 514 0365 23       		.byte	0x23
 515 0366 08       		.uleb128 0x8
 516 0367 08       		.uleb128 0x8
 517 0368 C0040000 		.4byte	.LASF61
 518 036c 05       		.byte	0x5
 519 036d 6F01     		.2byte	0x16f
 520 036f 03030000 		.4byte	0x303
 521 0373 02       		.byte	0x2
 522 0374 23       		.byte	0x23
 523 0375 0C       		.uleb128 0xc
 524 0376 08       		.uleb128 0x8
 525 0377 1D010000 		.4byte	.LASF62
 526 037b 05       		.byte	0x5
 527 037c 7101     		.2byte	0x171
 528 037e 20030000 		.4byte	0x320
 529 0382 02       		.byte	0x2
 530 0383 23       		.byte	0x23
 531 0384 10       		.uleb128 0x10
 532 0385 00       		.byte	0
 533 0386 04       		.uleb128 0x4
 534 0387 52040000 		.4byte	.LASF63
 535 038b 04       		.byte	0x4
 536 038c 66       		.byte	0x66
 537 038d 91030000 		.4byte	0x391
 538 0391 0A       		.uleb128 0xa
 539 0392 BD010000 		.4byte	.LASF64
 540 0396 0C       		.byte	0xc
 541 0397 05       		.byte	0x5
 542 0398 7B01     		.2byte	0x17b
 543 039a DB030000 		.4byte	0x3db
 544 039e 08       		.uleb128 0x8
 545 039f 6F040000 		.4byte	.LASF58
 546 03a3 05       		.byte	0x5
 547 03a4 7C01     		.2byte	0x17c
 548 03a6 3D060000 		.4byte	0x63d
 549 03aa 02       		.byte	0x2
 550 03ab 23       		.byte	0x23
 551 03ac 00       		.uleb128 0
 552 03ad 08       		.uleb128 0x8
 553 03ae C8040000 		.4byte	.LASF59
 554 03b2 05       		.byte	0x5
 555 03b3 7E01     		.2byte	0x17e
 556 03b5 3D060000 		.4byte	0x63d
 557 03b9 02       		.byte	0x2
 558 03ba 23       		.byte	0x23
 559 03bb 04       		.uleb128 0x4
 560 03bc 08       		.uleb128 0x8
 561 03bd 22020000 		.4byte	.LASF60
 562 03c1 05       		.byte	0x5
 563 03c2 8001     		.2byte	0x180
 564 03c4 FE000000 		.4byte	0xfe
 565 03c8 02       		.byte	0x2
 566 03c9 23       		.byte	0x23
 567 03ca 08       		.uleb128 0x8
ARM GAS  /tmp/cc0346rW.s 			page 11


 568 03cb 08       		.uleb128 0x8
 569 03cc 3E020000 		.4byte	.LASF65
 570 03d0 05       		.byte	0x5
 571 03d1 8801     		.2byte	0x188
 572 03d3 FE000000 		.4byte	0xfe
 573 03d7 02       		.byte	0x2
 574 03d8 23       		.byte	0x23
 575 03d9 0A       		.uleb128 0xa
 576 03da 00       		.byte	0
 577 03db 04       		.uleb128 0x4
 578 03dc 87020000 		.4byte	.LASF66
 579 03e0 04       		.byte	0x4
 580 03e1 6B       		.byte	0x6b
 581 03e2 E6030000 		.4byte	0x3e6
 582 03e6 0A       		.uleb128 0xa
 583 03e7 F1000000 		.4byte	.LASF67
 584 03eb 04       		.byte	0x4
 585 03ec 05       		.byte	0x5
 586 03ed A201     		.2byte	0x1a2
 587 03ef 03040000 		.4byte	0x403
 588 03f3 08       		.uleb128 0x8
 589 03f4 1C030000 		.4byte	.LASF68
 590 03f8 05       		.byte	0x5
 591 03f9 AA01     		.2byte	0x1aa
 592 03fb 43060000 		.4byte	0x643
 593 03ff 02       		.byte	0x2
 594 0400 23       		.byte	0x23
 595 0401 00       		.uleb128 0
 596 0402 00       		.byte	0
 597 0403 04       		.uleb128 0x4
 598 0404 77040000 		.4byte	.LASF69
 599 0408 04       		.byte	0x4
 600 0409 70       		.byte	0x70
 601 040a 0E040000 		.4byte	0x40e
 602 040e 0E       		.uleb128 0xe
 603 040f B2030000 		.4byte	.LASF70
 604 0413 5001     		.2byte	0x150
 605 0415 05       		.byte	0x5
 606 0416 C201     		.2byte	0x1c2
 607 0418 76040000 		.4byte	0x476
 608 041c 08       		.uleb128 0x8
 609 041d DA030000 		.4byte	.LASF71
 610 0421 05       		.byte	0x5
 611 0422 C601     		.2byte	0x1c6
 612 0424 90020000 		.4byte	0x290
 613 0428 02       		.byte	0x2
 614 0429 23       		.byte	0x23
 615 042a 00       		.uleb128 0
 616 042b 08       		.uleb128 0x8
 617 042c A6000000 		.4byte	.LASF72
 618 0430 05       		.byte	0x5
 619 0431 CA01     		.2byte	0x1ca
 620 0433 86030000 		.4byte	0x386
 621 0437 02       		.byte	0x2
 622 0438 23       		.byte	0x23
 623 0439 1C       		.uleb128 0x1c
 624 043a 07       		.uleb128 0x7
ARM GAS  /tmp/cc0346rW.s 			page 12


 625 043b 64626700 		.ascii	"dbg\000"
 626 043f 05       		.byte	0x5
 627 0440 CE01     		.2byte	0x1ce
 628 0442 DB030000 		.4byte	0x3db
 629 0446 02       		.byte	0x2
 630 0447 23       		.byte	0x23
 631 0448 28       		.uleb128 0x28
 632 0449 08       		.uleb128 0x8
 633 044a 34030000 		.4byte	.LASF73
 634 044e 05       		.byte	0x5
 635 044f D201     		.2byte	0x1d2
 636 0451 09010000 		.4byte	0x109
 637 0455 02       		.byte	0x2
 638 0456 23       		.byte	0x23
 639 0457 2C       		.uleb128 0x2c
 640 0458 07       		.uleb128 0x7
 641 0459 746D00   		.ascii	"tm\000"
 642 045c 05       		.byte	0x5
 643 045d D701     		.2byte	0x1d7
 644 045f 51050000 		.4byte	0x551
 645 0463 02       		.byte	0x2
 646 0464 23       		.byte	0x23
 647 0465 70       		.uleb128 0x70
 648 0466 08       		.uleb128 0x8
 649 0467 BB000000 		.4byte	.LASF74
 650 046b 05       		.byte	0x5
 651 046c E301     		.2byte	0x1e3
 652 046e 48060000 		.4byte	0x648
 653 0472 02       		.byte	0x2
 654 0473 23       		.byte	0x23
 655 0474 78       		.uleb128 0x78
 656 0475 00       		.byte	0
 657 0476 04       		.uleb128 0x4
 658 0477 4E000000 		.4byte	.LASF75
 659 047b 06       		.byte	0x6
 660 047c 65       		.byte	0x65
 661 047d 20030000 		.4byte	0x320
 662 0481 04       		.uleb128 0x4
 663 0482 B5040000 		.4byte	.LASF76
 664 0486 06       		.byte	0x6
 665 0487 6D       		.byte	0x6d
 666 0488 94000000 		.4byte	0x94
 667 048c 05       		.uleb128 0x5
 668 048d BA020000 		.4byte	.LASF77
 669 0491 04       		.byte	0x4
 670 0492 06       		.byte	0x6
 671 0493 89       		.byte	0x89
 672 0494 A7040000 		.4byte	0x4a7
 673 0498 0F       		.uleb128 0xf
 674 0499 72313300 		.ascii	"r13\000"
 675 049d 06       		.byte	0x6
 676 049e 8A       		.byte	0x8a
 677 049f 34050000 		.4byte	0x534
 678 04a3 02       		.byte	0x2
 679 04a4 23       		.byte	0x23
 680 04a5 00       		.uleb128 0
 681 04a6 00       		.byte	0
ARM GAS  /tmp/cc0346rW.s 			page 13


 682 04a7 05       		.uleb128 0x5
 683 04a8 92030000 		.4byte	.LASF78
 684 04ac 24       		.byte	0x24
 685 04ad 07       		.byte	0x7
 686 04ae FD       		.byte	0xfd
 687 04af 34050000 		.4byte	0x534
 688 04b3 07       		.uleb128 0x7
 689 04b4 723400   		.ascii	"r4\000"
 690 04b7 07       		.byte	0x7
 691 04b8 1001     		.2byte	0x110
 692 04ba 76040000 		.4byte	0x476
 693 04be 02       		.byte	0x2
 694 04bf 23       		.byte	0x23
 695 04c0 00       		.uleb128 0
 696 04c1 07       		.uleb128 0x7
 697 04c2 723500   		.ascii	"r5\000"
 698 04c5 07       		.byte	0x7
 699 04c6 1101     		.2byte	0x111
 700 04c8 76040000 		.4byte	0x476
 701 04cc 02       		.byte	0x2
 702 04cd 23       		.byte	0x23
 703 04ce 04       		.uleb128 0x4
 704 04cf 07       		.uleb128 0x7
 705 04d0 723600   		.ascii	"r6\000"
 706 04d3 07       		.byte	0x7
 707 04d4 1201     		.2byte	0x112
 708 04d6 76040000 		.4byte	0x476
 709 04da 02       		.byte	0x2
 710 04db 23       		.byte	0x23
 711 04dc 08       		.uleb128 0x8
 712 04dd 07       		.uleb128 0x7
 713 04de 723700   		.ascii	"r7\000"
 714 04e1 07       		.byte	0x7
 715 04e2 1301     		.2byte	0x113
 716 04e4 76040000 		.4byte	0x476
 717 04e8 02       		.byte	0x2
 718 04e9 23       		.byte	0x23
 719 04ea 0C       		.uleb128 0xc
 720 04eb 07       		.uleb128 0x7
 721 04ec 723800   		.ascii	"r8\000"
 722 04ef 07       		.byte	0x7
 723 04f0 1401     		.2byte	0x114
 724 04f2 76040000 		.4byte	0x476
 725 04f6 02       		.byte	0x2
 726 04f7 23       		.byte	0x23
 727 04f8 10       		.uleb128 0x10
 728 04f9 07       		.uleb128 0x7
 729 04fa 723900   		.ascii	"r9\000"
 730 04fd 07       		.byte	0x7
 731 04fe 1501     		.2byte	0x115
 732 0500 76040000 		.4byte	0x476
 733 0504 02       		.byte	0x2
 734 0505 23       		.byte	0x23
 735 0506 14       		.uleb128 0x14
 736 0507 07       		.uleb128 0x7
 737 0508 72313000 		.ascii	"r10\000"
 738 050c 07       		.byte	0x7
ARM GAS  /tmp/cc0346rW.s 			page 14


 739 050d 1601     		.2byte	0x116
 740 050f 76040000 		.4byte	0x476
 741 0513 02       		.byte	0x2
 742 0514 23       		.byte	0x23
 743 0515 18       		.uleb128 0x18
 744 0516 07       		.uleb128 0x7
 745 0517 72313100 		.ascii	"r11\000"
 746 051b 07       		.byte	0x7
 747 051c 1701     		.2byte	0x117
 748 051e 76040000 		.4byte	0x476
 749 0522 02       		.byte	0x2
 750 0523 23       		.byte	0x23
 751 0524 1C       		.uleb128 0x1c
 752 0525 07       		.uleb128 0x7
 753 0526 6C7200   		.ascii	"lr\000"
 754 0529 07       		.byte	0x7
 755 052a 1801     		.2byte	0x118
 756 052c 76040000 		.4byte	0x476
 757 0530 02       		.byte	0x2
 758 0531 23       		.byte	0x23
 759 0532 20       		.uleb128 0x20
 760 0533 00       		.byte	0
 761 0534 09       		.uleb128 0x9
 762 0535 04       		.byte	0x4
 763 0536 A7040000 		.4byte	0x4a7
 764 053a 10       		.uleb128 0x10
 765 053b 04       		.byte	0x4
 766 053c 08       		.byte	0x8
 767 053d 38       		.byte	0x38
 768 053e 51050000 		.4byte	0x551
 769 0542 06       		.uleb128 0x6
 770 0543 EB010000 		.4byte	.LASF79
 771 0547 08       		.byte	0x8
 772 0548 3C       		.byte	0x3c
 773 0549 A6000000 		.4byte	0xa6
 774 054d 02       		.byte	0x2
 775 054e 23       		.byte	0x23
 776 054f 00       		.uleb128 0
 777 0550 00       		.byte	0
 778 0551 04       		.uleb128 0x4
 779 0552 38000000 		.4byte	.LASF80
 780 0556 08       		.byte	0x8
 781 0557 3D       		.byte	0x3d
 782 0558 3A050000 		.4byte	0x53a
 783 055c 11       		.uleb128 0x11
 784 055d 04       		.byte	0x4
 785 055e 05       		.byte	0x5
 786 055f FA       		.byte	0xfa
 787 0560 B9050000 		.4byte	0x5b9
 788 0564 12       		.uleb128 0x12
 789 0565 E4010000 		.4byte	.LASF81
 790 0569 05       		.byte	0x5
 791 056a 0101     		.2byte	0x101
 792 056c DD000000 		.4byte	0xdd
 793 0570 12       		.uleb128 0x12
 794 0571 D0040000 		.4byte	.LASF82
 795 0575 05       		.byte	0x5
ARM GAS  /tmp/cc0346rW.s 			page 15


 796 0576 0801     		.2byte	0x108
 797 0578 DD000000 		.4byte	0xdd
 798 057c 12       		.uleb128 0x12
 799 057d 9F000000 		.4byte	.LASF83
 800 0581 05       		.byte	0x5
 801 0582 0F01     		.2byte	0x10f
 802 0584 20030000 		.4byte	0x320
 803 0588 12       		.uleb128 0x12
 804 0589 83040000 		.4byte	.LASF84
 805 058d 05       		.byte	0x5
 806 058e 1601     		.2byte	0x116
 807 0590 B9050000 		.4byte	0x5b9
 808 0594 12       		.uleb128 0x12
 809 0595 29040000 		.4byte	.LASF85
 810 0599 05       		.byte	0x5
 811 059a 1E01     		.2byte	0x11e
 812 059c E8050000 		.4byte	0x5e8
 813 05a0 12       		.uleb128 0x12
 814 05a1 31000000 		.4byte	.LASF86
 815 05a5 05       		.byte	0x5
 816 05a6 2701     		.2byte	0x127
 817 05a8 25060000 		.4byte	0x625
 818 05ac 12       		.uleb128 0x12
 819 05ad CA000000 		.4byte	.LASF87
 820 05b1 05       		.byte	0x5
 821 05b2 2F01     		.2byte	0x12f
 822 05b4 E8000000 		.4byte	0xe8
 823 05b8 00       		.byte	0
 824 05b9 09       		.uleb128 0x9
 825 05ba 04       		.byte	0x4
 826 05bb 25020000 		.4byte	0x225
 827 05bf 05       		.uleb128 0x5
 828 05c0 24010000 		.4byte	.LASF88
 829 05c4 0C       		.byte	0xc
 830 05c5 09       		.byte	0x9
 831 05c6 34       		.byte	0x34
 832 05c7 E8050000 		.4byte	0x5e8
 833 05cb 06       		.uleb128 0x6
 834 05cc 70000000 		.4byte	.LASF89
 835 05d0 09       		.byte	0x9
 836 05d1 35       		.byte	0x35
 837 05d2 5C020000 		.4byte	0x25c
 838 05d6 02       		.byte	0x2
 839 05d7 23       		.byte	0x23
 840 05d8 00       		.uleb128 0
 841 05d9 06       		.uleb128 0x6
 842 05da EB000000 		.4byte	.LASF90
 843 05de 09       		.byte	0x9
 844 05df 37       		.byte	0x37
 845 05e0 F3000000 		.4byte	0xf3
 846 05e4 02       		.byte	0x2
 847 05e5 23       		.byte	0x23
 848 05e6 08       		.uleb128 0x8
 849 05e7 00       		.byte	0
 850 05e8 09       		.uleb128 0x9
 851 05e9 04       		.byte	0x4
 852 05ea BF050000 		.4byte	0x5bf
ARM GAS  /tmp/cc0346rW.s 			page 16


 853 05ee 05       		.uleb128 0x5
 854 05ef FF010000 		.4byte	.LASF91
 855 05f3 10       		.byte	0x10
 856 05f4 0A       		.byte	0xa
 857 05f5 39       		.byte	0x39
 858 05f6 25060000 		.4byte	0x625
 859 05fa 06       		.uleb128 0x6
 860 05fb 81030000 		.4byte	.LASF92
 861 05ff 0A       		.byte	0xa
 862 0600 3A       		.byte	0x3a
 863 0601 5C020000 		.4byte	0x25c
 864 0605 02       		.byte	0x2
 865 0606 23       		.byte	0x23
 866 0607 00       		.uleb128 0
 867 0608 06       		.uleb128 0x6
 868 0609 68000000 		.4byte	.LASF93
 869 060d 0A       		.byte	0xa
 870 060e 3C       		.byte	0x3c
 871 060f 30020000 		.4byte	0x230
 872 0613 02       		.byte	0x2
 873 0614 23       		.byte	0x23
 874 0615 08       		.uleb128 0x8
 875 0616 06       		.uleb128 0x6
 876 0617 89040000 		.4byte	.LASF94
 877 061b 0A       		.byte	0xa
 878 061c 3E       		.byte	0x3e
 879 061d 63060000 		.4byte	0x663
 880 0621 02       		.byte	0x2
 881 0622 23       		.byte	0x23
 882 0623 0C       		.uleb128 0xc
 883 0624 00       		.byte	0
 884 0625 09       		.uleb128 0x9
 885 0626 04       		.byte	0x4
 886 0627 EE050000 		.4byte	0x5ee
 887 062b 09       		.uleb128 0x9
 888 062c 04       		.byte	0x4
 889 062d 31060000 		.4byte	0x631
 890 0631 13       		.uleb128 0x13
 891 0632 36060000 		.4byte	0x636
 892 0636 03       		.uleb128 0x3
 893 0637 01       		.byte	0x1
 894 0638 08       		.byte	0x8
 895 0639 49000000 		.4byte	.LASF95
 896 063d 09       		.uleb128 0x9
 897 063e 04       		.byte	0x4
 898 063f 22030000 		.4byte	0x322
 899 0643 14       		.uleb128 0x14
 900 0644 2B060000 		.4byte	0x62b
 901 0648 15       		.uleb128 0x15
 902 0649 81040000 		.4byte	0x481
 903 064d 58060000 		.4byte	0x658
 904 0651 16       		.uleb128 0x16
 905 0652 30000000 		.4byte	0x30
 906 0656 1A       		.byte	0x1a
 907 0657 00       		.byte	0
 908 0658 04       		.uleb128 0x4
 909 0659 3C040000 		.4byte	.LASF96
ARM GAS  /tmp/cc0346rW.s 			page 17


 910 065d 0A       		.byte	0xa
 911 065e 34       		.byte	0x34
 912 065f EE050000 		.4byte	0x5ee
 913 0663 09       		.uleb128 0x9
 914 0664 04       		.byte	0x4
 915 0665 58060000 		.4byte	0x658
 916 0669 03       		.uleb128 0x3
 917 066a 01       		.byte	0x1
 918 066b 02       		.byte	0x2
 919 066c F2010000 		.4byte	.LASF97
 920 0670 10       		.uleb128 0x10
 921 0671 0C       		.byte	0xc
 922 0672 0B       		.byte	0xb
 923 0673 68       		.byte	0x68
 924 0674 A3060000 		.4byte	0x6a3
 925 0678 0F       		.uleb128 0xf
 926 0679 6F647200 		.ascii	"odr\000"
 927 067d 0B       		.byte	0xb
 928 067e 6A       		.byte	0x6a
 929 067f 7B000000 		.4byte	0x7b
 930 0683 02       		.byte	0x2
 931 0684 23       		.byte	0x23
 932 0685 00       		.uleb128 0
 933 0686 0F       		.uleb128 0xf
 934 0687 63726C00 		.ascii	"crl\000"
 935 068b 0B       		.byte	0xb
 936 068c 6C       		.byte	0x6c
 937 068d 7B000000 		.4byte	0x7b
 938 0691 02       		.byte	0x2
 939 0692 23       		.byte	0x23
 940 0693 04       		.uleb128 0x4
 941 0694 0F       		.uleb128 0xf
 942 0695 63726800 		.ascii	"crh\000"
 943 0699 0B       		.byte	0xb
 944 069a 6E       		.byte	0x6e
 945 069b 7B000000 		.4byte	0x7b
 946 069f 02       		.byte	0x2
 947 06a0 23       		.byte	0x23
 948 06a1 08       		.uleb128 0x8
 949 06a2 00       		.byte	0
 950 06a3 04       		.uleb128 0x4
 951 06a4 A2010000 		.4byte	.LASF98
 952 06a8 0B       		.byte	0xb
 953 06a9 6F       		.byte	0x6f
 954 06aa 70060000 		.4byte	0x670
 955 06ae 10       		.uleb128 0x10
 956 06af 3C       		.byte	0x3c
 957 06b0 0B       		.byte	0xb
 958 06b1 78       		.byte	0x78
 959 06b2 FD060000 		.4byte	0x6fd
 960 06b6 06       		.uleb128 0x6
 961 06b7 AB030000 		.4byte	.LASF99
 962 06bb 0B       		.byte	0xb
 963 06bc 7A       		.byte	0x7a
 964 06bd A3060000 		.4byte	0x6a3
 965 06c1 02       		.byte	0x2
 966 06c2 23       		.byte	0x23
ARM GAS  /tmp/cc0346rW.s 			page 18


 967 06c3 00       		.uleb128 0
 968 06c4 06       		.uleb128 0x6
 969 06c5 F8010000 		.4byte	.LASF100
 970 06c9 0B       		.byte	0xb
 971 06ca 7C       		.byte	0x7c
 972 06cb A3060000 		.4byte	0x6a3
 973 06cf 02       		.byte	0x2
 974 06d0 23       		.byte	0x23
 975 06d1 0C       		.uleb128 0xc
 976 06d2 06       		.uleb128 0x6
 977 06d3 2A000000 		.4byte	.LASF101
 978 06d7 0B       		.byte	0xb
 979 06d8 7E       		.byte	0x7e
 980 06d9 A3060000 		.4byte	0x6a3
 981 06dd 02       		.byte	0x2
 982 06de 23       		.byte	0x23
 983 06df 18       		.uleb128 0x18
 984 06e0 06       		.uleb128 0x6
 985 06e1 50030000 		.4byte	.LASF102
 986 06e5 0B       		.byte	0xb
 987 06e6 80       		.byte	0x80
 988 06e7 A3060000 		.4byte	0x6a3
 989 06eb 02       		.byte	0x2
 990 06ec 23       		.byte	0x23
 991 06ed 24       		.uleb128 0x24
 992 06ee 06       		.uleb128 0x6
 993 06ef DD010000 		.4byte	.LASF103
 994 06f3 0B       		.byte	0xb
 995 06f4 83       		.byte	0x83
 996 06f5 A3060000 		.4byte	0x6a3
 997 06f9 02       		.byte	0x2
 998 06fa 23       		.byte	0x23
 999 06fb 30       		.uleb128 0x30
 1000 06fc 00       		.byte	0
 1001 06fd 04       		.uleb128 0x4
 1002 06fe E9030000 		.4byte	.LASF104
 1003 0702 0B       		.byte	0xb
 1004 0703 8D       		.byte	0x8d
 1005 0704 AE060000 		.4byte	0x6ae
 1006 0708 17       		.uleb128 0x17
 1007 0709 E0030000 		.4byte	.LASF110
 1008 070d 0D       		.byte	0xd
 1009 070e C101     		.2byte	0x1c1
 1010 0710 01       		.byte	0x1
 1011 0711 03       		.byte	0x3
 1012 0712 18       		.uleb128 0x18
 1013 0713 01       		.byte	0x1
 1014 0714 D2030000 		.4byte	.LASF111
 1015 0718 01       		.byte	0x1
 1016 0719 38       		.byte	0x38
 1017 071a 01       		.byte	0x1
 1018 071b 00000000 		.4byte	.LFB213
 1019 071f 22000000 		.4byte	.LFE213
 1020 0723 00000000 		.4byte	.LLST0
 1021 0727 19       		.uleb128 0x19
 1022 0728 9E030000 		.4byte	.LASF105
 1023 072c 0C       		.byte	0xc
ARM GAS  /tmp/cc0346rW.s 			page 19


 1024 072d 5506     		.2byte	0x655
 1025 072f 35070000 		.4byte	0x735
 1026 0733 01       		.byte	0x1
 1027 0734 01       		.byte	0x1
 1028 0735 14       		.uleb128 0x14
 1029 0736 69000000 		.4byte	0x69
 1030 073a 1A       		.uleb128 0x1a
 1031 073b 636800   		.ascii	"ch\000"
 1032 073e 05       		.byte	0x5
 1033 073f 0902     		.2byte	0x209
 1034 0741 03040000 		.4byte	0x403
 1035 0745 01       		.byte	0x1
 1036 0746 01       		.byte	0x1
 1037 0747 19       		.uleb128 0x19
 1038 0748 08020000 		.4byte	.LASF106
 1039 074c 0B       		.byte	0xb
 1040 074d 6701     		.2byte	0x167
 1041 074f 55070000 		.4byte	0x755
 1042 0753 01       		.byte	0x1
 1043 0754 01       		.byte	0x1
 1044 0755 13       		.uleb128 0x13
 1045 0756 FD060000 		.4byte	0x6fd
 1046 075a 19       		.uleb128 0x19
 1047 075b 9E030000 		.4byte	.LASF105
 1048 075f 0C       		.byte	0xc
 1049 0760 5506     		.2byte	0x655
 1050 0762 35070000 		.4byte	0x735
 1051 0766 01       		.byte	0x1
 1052 0767 01       		.byte	0x1
 1053 0768 1A       		.uleb128 0x1a
 1054 0769 636800   		.ascii	"ch\000"
 1055 076c 05       		.byte	0x5
 1056 076d 0902     		.2byte	0x209
 1057 076f 03040000 		.4byte	0x403
 1058 0773 01       		.byte	0x1
 1059 0774 01       		.byte	0x1
 1060 0775 19       		.uleb128 0x19
 1061 0776 08020000 		.4byte	.LASF106
 1062 077a 0B       		.byte	0xb
 1063 077b 6701     		.2byte	0x167
 1064 077d 55070000 		.4byte	0x755
 1065 0781 01       		.byte	0x1
 1066 0782 01       		.byte	0x1
 1067 0783 00       		.byte	0
 1068              		.section	.debug_abbrev,"",%progbits
 1069              	.Ldebug_abbrev0:
 1070 0000 01       		.uleb128 0x1
 1071 0001 11       		.uleb128 0x11
 1072 0002 01       		.byte	0x1
 1073 0003 25       		.uleb128 0x25
 1074 0004 0E       		.uleb128 0xe
 1075 0005 13       		.uleb128 0x13
 1076 0006 0B       		.uleb128 0xb
 1077 0007 03       		.uleb128 0x3
 1078 0008 0E       		.uleb128 0xe
 1079 0009 1B       		.uleb128 0x1b
 1080 000a 0E       		.uleb128 0xe
ARM GAS  /tmp/cc0346rW.s 			page 20


 1081 000b 11       		.uleb128 0x11
 1082 000c 01       		.uleb128 0x1
 1083 000d 52       		.uleb128 0x52
 1084 000e 01       		.uleb128 0x1
 1085 000f 55       		.uleb128 0x55
 1086 0010 06       		.uleb128 0x6
 1087 0011 10       		.uleb128 0x10
 1088 0012 06       		.uleb128 0x6
 1089 0013 00       		.byte	0
 1090 0014 00       		.byte	0
 1091 0015 02       		.uleb128 0x2
 1092 0016 24       		.uleb128 0x24
 1093 0017 00       		.byte	0
 1094 0018 0B       		.uleb128 0xb
 1095 0019 0B       		.uleb128 0xb
 1096 001a 3E       		.uleb128 0x3e
 1097 001b 0B       		.uleb128 0xb
 1098 001c 03       		.uleb128 0x3
 1099 001d 08       		.uleb128 0x8
 1100 001e 00       		.byte	0
 1101 001f 00       		.byte	0
 1102 0020 03       		.uleb128 0x3
 1103 0021 24       		.uleb128 0x24
 1104 0022 00       		.byte	0
 1105 0023 0B       		.uleb128 0xb
 1106 0024 0B       		.uleb128 0xb
 1107 0025 3E       		.uleb128 0x3e
 1108 0026 0B       		.uleb128 0xb
 1109 0027 03       		.uleb128 0x3
 1110 0028 0E       		.uleb128 0xe
 1111 0029 00       		.byte	0
 1112 002a 00       		.byte	0
 1113 002b 04       		.uleb128 0x4
 1114 002c 16       		.uleb128 0x16
 1115 002d 00       		.byte	0
 1116 002e 03       		.uleb128 0x3
 1117 002f 0E       		.uleb128 0xe
 1118 0030 3A       		.uleb128 0x3a
 1119 0031 0B       		.uleb128 0xb
 1120 0032 3B       		.uleb128 0x3b
 1121 0033 0B       		.uleb128 0xb
 1122 0034 49       		.uleb128 0x49
 1123 0035 13       		.uleb128 0x13
 1124 0036 00       		.byte	0
 1125 0037 00       		.byte	0
 1126 0038 05       		.uleb128 0x5
 1127 0039 13       		.uleb128 0x13
 1128 003a 01       		.byte	0x1
 1129 003b 03       		.uleb128 0x3
 1130 003c 0E       		.uleb128 0xe
 1131 003d 0B       		.uleb128 0xb
 1132 003e 0B       		.uleb128 0xb
 1133 003f 3A       		.uleb128 0x3a
 1134 0040 0B       		.uleb128 0xb
 1135 0041 3B       		.uleb128 0x3b
 1136 0042 0B       		.uleb128 0xb
 1137 0043 01       		.uleb128 0x1
ARM GAS  /tmp/cc0346rW.s 			page 21


 1138 0044 13       		.uleb128 0x13
 1139 0045 00       		.byte	0
 1140 0046 00       		.byte	0
 1141 0047 06       		.uleb128 0x6
 1142 0048 0D       		.uleb128 0xd
 1143 0049 00       		.byte	0
 1144 004a 03       		.uleb128 0x3
 1145 004b 0E       		.uleb128 0xe
 1146 004c 3A       		.uleb128 0x3a
 1147 004d 0B       		.uleb128 0xb
 1148 004e 3B       		.uleb128 0x3b
 1149 004f 0B       		.uleb128 0xb
 1150 0050 49       		.uleb128 0x49
 1151 0051 13       		.uleb128 0x13
 1152 0052 38       		.uleb128 0x38
 1153 0053 0A       		.uleb128 0xa
 1154 0054 00       		.byte	0
 1155 0055 00       		.byte	0
 1156 0056 07       		.uleb128 0x7
 1157 0057 0D       		.uleb128 0xd
 1158 0058 00       		.byte	0
 1159 0059 03       		.uleb128 0x3
 1160 005a 08       		.uleb128 0x8
 1161 005b 3A       		.uleb128 0x3a
 1162 005c 0B       		.uleb128 0xb
 1163 005d 3B       		.uleb128 0x3b
 1164 005e 05       		.uleb128 0x5
 1165 005f 49       		.uleb128 0x49
 1166 0060 13       		.uleb128 0x13
 1167 0061 38       		.uleb128 0x38
 1168 0062 0A       		.uleb128 0xa
 1169 0063 00       		.byte	0
 1170 0064 00       		.byte	0
 1171 0065 08       		.uleb128 0x8
 1172 0066 0D       		.uleb128 0xd
 1173 0067 00       		.byte	0
 1174 0068 03       		.uleb128 0x3
 1175 0069 0E       		.uleb128 0xe
 1176 006a 3A       		.uleb128 0x3a
 1177 006b 0B       		.uleb128 0xb
 1178 006c 3B       		.uleb128 0x3b
 1179 006d 05       		.uleb128 0x5
 1180 006e 49       		.uleb128 0x49
 1181 006f 13       		.uleb128 0x13
 1182 0070 38       		.uleb128 0x38
 1183 0071 0A       		.uleb128 0xa
 1184 0072 00       		.byte	0
 1185 0073 00       		.byte	0
 1186 0074 09       		.uleb128 0x9
 1187 0075 0F       		.uleb128 0xf
 1188 0076 00       		.byte	0
 1189 0077 0B       		.uleb128 0xb
 1190 0078 0B       		.uleb128 0xb
 1191 0079 49       		.uleb128 0x49
 1192 007a 13       		.uleb128 0x13
 1193 007b 00       		.byte	0
 1194 007c 00       		.byte	0
ARM GAS  /tmp/cc0346rW.s 			page 22


 1195 007d 0A       		.uleb128 0xa
 1196 007e 13       		.uleb128 0x13
 1197 007f 01       		.byte	0x1
 1198 0080 03       		.uleb128 0x3
 1199 0081 0E       		.uleb128 0xe
 1200 0082 0B       		.uleb128 0xb
 1201 0083 0B       		.uleb128 0xb
 1202 0084 3A       		.uleb128 0x3a
 1203 0085 0B       		.uleb128 0xb
 1204 0086 3B       		.uleb128 0x3b
 1205 0087 05       		.uleb128 0x5
 1206 0088 01       		.uleb128 0x1
 1207 0089 13       		.uleb128 0x13
 1208 008a 00       		.byte	0
 1209 008b 00       		.byte	0
 1210 008c 0B       		.uleb128 0xb
 1211 008d 15       		.uleb128 0x15
 1212 008e 01       		.byte	0x1
 1213 008f 27       		.uleb128 0x27
 1214 0090 0C       		.uleb128 0xc
 1215 0091 01       		.uleb128 0x1
 1216 0092 13       		.uleb128 0x13
 1217 0093 00       		.byte	0
 1218 0094 00       		.byte	0
 1219 0095 0C       		.uleb128 0xc
 1220 0096 05       		.uleb128 0x5
 1221 0097 00       		.byte	0
 1222 0098 49       		.uleb128 0x49
 1223 0099 13       		.uleb128 0x13
 1224 009a 00       		.byte	0
 1225 009b 00       		.byte	0
 1226 009c 0D       		.uleb128 0xd
 1227 009d 0F       		.uleb128 0xf
 1228 009e 00       		.byte	0
 1229 009f 0B       		.uleb128 0xb
 1230 00a0 0B       		.uleb128 0xb
 1231 00a1 00       		.byte	0
 1232 00a2 00       		.byte	0
 1233 00a3 0E       		.uleb128 0xe
 1234 00a4 13       		.uleb128 0x13
 1235 00a5 01       		.byte	0x1
 1236 00a6 03       		.uleb128 0x3
 1237 00a7 0E       		.uleb128 0xe
 1238 00a8 0B       		.uleb128 0xb
 1239 00a9 05       		.uleb128 0x5
 1240 00aa 3A       		.uleb128 0x3a
 1241 00ab 0B       		.uleb128 0xb
 1242 00ac 3B       		.uleb128 0x3b
 1243 00ad 05       		.uleb128 0x5
 1244 00ae 01       		.uleb128 0x1
 1245 00af 13       		.uleb128 0x13
 1246 00b0 00       		.byte	0
 1247 00b1 00       		.byte	0
 1248 00b2 0F       		.uleb128 0xf
 1249 00b3 0D       		.uleb128 0xd
 1250 00b4 00       		.byte	0
 1251 00b5 03       		.uleb128 0x3
ARM GAS  /tmp/cc0346rW.s 			page 23


 1252 00b6 08       		.uleb128 0x8
 1253 00b7 3A       		.uleb128 0x3a
 1254 00b8 0B       		.uleb128 0xb
 1255 00b9 3B       		.uleb128 0x3b
 1256 00ba 0B       		.uleb128 0xb
 1257 00bb 49       		.uleb128 0x49
 1258 00bc 13       		.uleb128 0x13
 1259 00bd 38       		.uleb128 0x38
 1260 00be 0A       		.uleb128 0xa
 1261 00bf 00       		.byte	0
 1262 00c0 00       		.byte	0
 1263 00c1 10       		.uleb128 0x10
 1264 00c2 13       		.uleb128 0x13
 1265 00c3 01       		.byte	0x1
 1266 00c4 0B       		.uleb128 0xb
 1267 00c5 0B       		.uleb128 0xb
 1268 00c6 3A       		.uleb128 0x3a
 1269 00c7 0B       		.uleb128 0xb
 1270 00c8 3B       		.uleb128 0x3b
 1271 00c9 0B       		.uleb128 0xb
 1272 00ca 01       		.uleb128 0x1
 1273 00cb 13       		.uleb128 0x13
 1274 00cc 00       		.byte	0
 1275 00cd 00       		.byte	0
 1276 00ce 11       		.uleb128 0x11
 1277 00cf 17       		.uleb128 0x17
 1278 00d0 01       		.byte	0x1
 1279 00d1 0B       		.uleb128 0xb
 1280 00d2 0B       		.uleb128 0xb
 1281 00d3 3A       		.uleb128 0x3a
 1282 00d4 0B       		.uleb128 0xb
 1283 00d5 3B       		.uleb128 0x3b
 1284 00d6 0B       		.uleb128 0xb
 1285 00d7 01       		.uleb128 0x1
 1286 00d8 13       		.uleb128 0x13
 1287 00d9 00       		.byte	0
 1288 00da 00       		.byte	0
 1289 00db 12       		.uleb128 0x12
 1290 00dc 0D       		.uleb128 0xd
 1291 00dd 00       		.byte	0
 1292 00de 03       		.uleb128 0x3
 1293 00df 0E       		.uleb128 0xe
 1294 00e0 3A       		.uleb128 0x3a
 1295 00e1 0B       		.uleb128 0xb
 1296 00e2 3B       		.uleb128 0x3b
 1297 00e3 05       		.uleb128 0x5
 1298 00e4 49       		.uleb128 0x49
 1299 00e5 13       		.uleb128 0x13
 1300 00e6 00       		.byte	0
 1301 00e7 00       		.byte	0
 1302 00e8 13       		.uleb128 0x13
 1303 00e9 26       		.uleb128 0x26
 1304 00ea 00       		.byte	0
 1305 00eb 49       		.uleb128 0x49
 1306 00ec 13       		.uleb128 0x13
 1307 00ed 00       		.byte	0
 1308 00ee 00       		.byte	0
ARM GAS  /tmp/cc0346rW.s 			page 24


 1309 00ef 14       		.uleb128 0x14
 1310 00f0 35       		.uleb128 0x35
 1311 00f1 00       		.byte	0
 1312 00f2 49       		.uleb128 0x49
 1313 00f3 13       		.uleb128 0x13
 1314 00f4 00       		.byte	0
 1315 00f5 00       		.byte	0
 1316 00f6 15       		.uleb128 0x15
 1317 00f7 01       		.uleb128 0x1
 1318 00f8 01       		.byte	0x1
 1319 00f9 49       		.uleb128 0x49
 1320 00fa 13       		.uleb128 0x13
 1321 00fb 01       		.uleb128 0x1
 1322 00fc 13       		.uleb128 0x13
 1323 00fd 00       		.byte	0
 1324 00fe 00       		.byte	0
 1325 00ff 16       		.uleb128 0x16
 1326 0100 21       		.uleb128 0x21
 1327 0101 00       		.byte	0
 1328 0102 49       		.uleb128 0x49
 1329 0103 13       		.uleb128 0x13
 1330 0104 2F       		.uleb128 0x2f
 1331 0105 0B       		.uleb128 0xb
 1332 0106 00       		.byte	0
 1333 0107 00       		.byte	0
 1334 0108 17       		.uleb128 0x17
 1335 0109 2E       		.uleb128 0x2e
 1336 010a 00       		.byte	0
 1337 010b 03       		.uleb128 0x3
 1338 010c 0E       		.uleb128 0xe
 1339 010d 3A       		.uleb128 0x3a
 1340 010e 0B       		.uleb128 0xb
 1341 010f 3B       		.uleb128 0x3b
 1342 0110 05       		.uleb128 0x5
 1343 0111 27       		.uleb128 0x27
 1344 0112 0C       		.uleb128 0xc
 1345 0113 20       		.uleb128 0x20
 1346 0114 0B       		.uleb128 0xb
 1347 0115 00       		.byte	0
 1348 0116 00       		.byte	0
 1349 0117 18       		.uleb128 0x18
 1350 0118 2E       		.uleb128 0x2e
 1351 0119 00       		.byte	0
 1352 011a 3F       		.uleb128 0x3f
 1353 011b 0C       		.uleb128 0xc
 1354 011c 03       		.uleb128 0x3
 1355 011d 0E       		.uleb128 0xe
 1356 011e 3A       		.uleb128 0x3a
 1357 011f 0B       		.uleb128 0xb
 1358 0120 3B       		.uleb128 0x3b
 1359 0121 0B       		.uleb128 0xb
 1360 0122 27       		.uleb128 0x27
 1361 0123 0C       		.uleb128 0xc
 1362 0124 11       		.uleb128 0x11
 1363 0125 01       		.uleb128 0x1
 1364 0126 12       		.uleb128 0x12
 1365 0127 01       		.uleb128 0x1
ARM GAS  /tmp/cc0346rW.s 			page 25


 1366 0128 40       		.uleb128 0x40
 1367 0129 06       		.uleb128 0x6
 1368 012a 00       		.byte	0
 1369 012b 00       		.byte	0
 1370 012c 19       		.uleb128 0x19
 1371 012d 34       		.uleb128 0x34
 1372 012e 00       		.byte	0
 1373 012f 03       		.uleb128 0x3
 1374 0130 0E       		.uleb128 0xe
 1375 0131 3A       		.uleb128 0x3a
 1376 0132 0B       		.uleb128 0xb
 1377 0133 3B       		.uleb128 0x3b
 1378 0134 05       		.uleb128 0x5
 1379 0135 49       		.uleb128 0x49
 1380 0136 13       		.uleb128 0x13
 1381 0137 3F       		.uleb128 0x3f
 1382 0138 0C       		.uleb128 0xc
 1383 0139 3C       		.uleb128 0x3c
 1384 013a 0C       		.uleb128 0xc
 1385 013b 00       		.byte	0
 1386 013c 00       		.byte	0
 1387 013d 1A       		.uleb128 0x1a
 1388 013e 34       		.uleb128 0x34
 1389 013f 00       		.byte	0
 1390 0140 03       		.uleb128 0x3
 1391 0141 08       		.uleb128 0x8
 1392 0142 3A       		.uleb128 0x3a
 1393 0143 0B       		.uleb128 0xb
 1394 0144 3B       		.uleb128 0x3b
 1395 0145 05       		.uleb128 0x5
 1396 0146 49       		.uleb128 0x49
 1397 0147 13       		.uleb128 0x13
 1398 0148 3F       		.uleb128 0x3f
 1399 0149 0C       		.uleb128 0xc
 1400 014a 3C       		.uleb128 0x3c
 1401 014b 0C       		.uleb128 0xc
 1402 014c 00       		.byte	0
 1403 014d 00       		.byte	0
 1404 014e 00       		.byte	0
 1405              		.section	.debug_loc,"",%progbits
 1406              	.Ldebug_loc0:
 1407              	.LLST0:
 1408 0000 00000000 		.4byte	.LFB213
 1409 0004 02000000 		.4byte	.LCFI0
 1410 0008 0200     		.2byte	0x2
 1411 000a 7D       		.byte	0x7d
 1412 000b 00       		.sleb128 0
 1413 000c 02000000 		.4byte	.LCFI0
 1414 0010 22000000 		.4byte	.LFE213
 1415 0014 0200     		.2byte	0x2
 1416 0016 7D       		.byte	0x7d
 1417 0017 08       		.sleb128 8
 1418 0018 00000000 		.4byte	0
 1419 001c 00000000 		.4byte	0
 1420              		.section	.debug_aranges,"",%progbits
 1421 0000 1C000000 		.4byte	0x1c
 1422 0004 0200     		.2byte	0x2
ARM GAS  /tmp/cc0346rW.s 			page 26


 1423 0006 00000000 		.4byte	.Ldebug_info0
 1424 000a 04       		.byte	0x4
 1425 000b 00       		.byte	0
 1426 000c 0000     		.2byte	0
 1427 000e 0000     		.2byte	0
 1428 0010 00000000 		.4byte	.LFB213
 1429 0014 22000000 		.4byte	.LFE213-.LFB213
 1430 0018 00000000 		.4byte	0
 1431 001c 00000000 		.4byte	0
 1432              		.section	.debug_ranges,"",%progbits
 1433              	.Ldebug_ranges0:
 1434 0000 00000000 		.4byte	.LFB213
 1435 0004 22000000 		.4byte	.LFE213
 1436 0008 00000000 		.4byte	0
 1437 000c 00000000 		.4byte	0
 1438              		.section	.debug_line,"",%progbits
 1439              	.Ldebug_line0:
 1440 0000 14030000 		.section	.debug_str,"MS",%progbits,1
 1440      0200F302 
 1440      00000201 
 1440      FB0E0D00 
 1440      01010101 
 1441              	.LASF44:
 1442 0000 63685F74 		.ascii	"ch_threads_list\000"
 1442      68726561 
 1442      64735F6C 
 1442      69737400 
 1443              	.LASF45:
 1444 0010 74687265 		.ascii	"threads_queue_t\000"
 1444      6164735F 
 1444      71756575 
 1444      655F7400 
 1445              	.LASF34:
 1446 0020 705F7761 		.ascii	"p_waiting\000"
 1446      6974696E 
 1446      6700
 1447              	.LASF101:
 1448 002a 50434461 		.ascii	"PCData\000"
 1448      746100
 1449              	.LASF86:
 1450 0031 77746D74 		.ascii	"wtmtxp\000"
 1450      787000
 1451              	.LASF80:
 1452 0038 746D5F63 		.ascii	"tm_calibration_t\000"
 1452      616C6962 
 1452      72617469 
 1452      6F6E5F74 
 1452      00
 1453              	.LASF95:
 1454 0049 63686172 		.ascii	"char\000"
 1454      00
 1455              	.LASF75:
 1456 004e 72656761 		.ascii	"regarm_t\000"
 1456      726D5F74 
 1456      00
 1457              	.LASF26:
 1458 0057 705F7072 		.ascii	"p_prio\000"
ARM GAS  /tmp/cc0346rW.s 			page 27


 1458      696F00
 1459              	.LASF22:
 1460 005e 73797374 		.ascii	"systime_t\000"
 1460      696D655F 
 1460      7400
 1461              	.LASF93:
 1462 0068 6D5F6F77 		.ascii	"m_owner\000"
 1462      6E657200 
 1463              	.LASF89:
 1464 0070 735F7175 		.ascii	"s_queue\000"
 1464      65756500 
 1465              	.LASF35:
 1466 0078 705F6D73 		.ascii	"p_msgqueue\000"
 1466      67717565 
 1466      756500
 1467              	.LASF0:
 1468 0083 756E7369 		.ascii	"unsigned int\000"
 1468      676E6564 
 1468      20696E74 
 1468      00
 1469              	.LASF42:
 1470 0090 74687265 		.ascii	"threads_list_t\000"
 1470      6164735F 
 1470      6C697374 
 1470      5F7400
 1471              	.LASF83:
 1472 009f 77746F62 		.ascii	"wtobjp\000"
 1472      6A7000
 1473              	.LASF72:
 1474 00a6 76746C69 		.ascii	"vtlist\000"
 1474      737400
 1475              	.LASF48:
 1476 00ad 63685F72 		.ascii	"ch_ready_list\000"
 1476      65616479 
 1476      5F6C6973 
 1476      7400
 1477              	.LASF74:
 1478 00bb 69646C65 		.ascii	"idle_thread_wa\000"
 1478      5F746872 
 1478      6561645F 
 1478      776100
 1479              	.LASF87:
 1480 00ca 65776D61 		.ascii	"ewmask\000"
 1480      736B00
 1481              	.LASF46:
 1482 00d1 63685F74 		.ascii	"ch_threads_queue\000"
 1482      68726561 
 1482      64735F71 
 1482      75657565 
 1482      00
 1483              	.LASF55:
 1484 00e2 76746675 		.ascii	"vtfunc_t\000"
 1484      6E635F74 
 1484      00
 1485              	.LASF90:
 1486 00eb 735F636E 		.ascii	"s_cnt\000"
 1486      7400
ARM GAS  /tmp/cc0346rW.s 			page 28


 1487              	.LASF67:
 1488 00f1 63685F73 		.ascii	"ch_system_debug\000"
 1488      79737465 
 1488      6D5F6465 
 1488      62756700 
 1489              	.LASF9:
 1490 0101 75696E74 		.ascii	"uint32_t\000"
 1490      33325F74 
 1490      00
 1491              	.LASF20:
 1492 010a 6576656E 		.ascii	"eventmask_t\000"
 1492      746D6173 
 1492      6B5F7400 
 1493              	.LASF50:
 1494 0116 725F7072 		.ascii	"r_prio\000"
 1494      696F00
 1495              	.LASF62:
 1496 011d 76745F70 		.ascii	"vt_par\000"
 1496      617200
 1497              	.LASF88:
 1498 0124 63685F73 		.ascii	"ch_semaphore\000"
 1498      656D6170 
 1498      686F7265 
 1498      00
 1499              	.LASF18:
 1500 0131 74707269 		.ascii	"tprio_t\000"
 1500      6F5F7400 
 1501              	.LASF57:
 1502 0139 63685F76 		.ascii	"ch_virtual_timer\000"
 1502      69727475 
 1502      616C5F74 
 1502      696D6572 
 1502      00
 1503              	.LASF13:
 1504 014a 6C6F6E67 		.ascii	"long long unsigned int\000"
 1504      206C6F6E 
 1504      6720756E 
 1504      7369676E 
 1504      65642069 
 1505              	.LASF108:
 1506 0161 2E2E2F2E 		.ascii	"../../../resources/chibios/ChibiOS_16.1.8/os/hal/sr"
 1506      2E2F2E2E 
 1506      2F726573 
 1506      6F757263 
 1506      65732F63 
 1507 0194 632F6861 		.ascii	"c/hal.c\000"
 1507      6C2E6300 
 1508              	.LASF21:
 1509 019c 636E745F 		.ascii	"cnt_t\000"
 1509      7400
 1510              	.LASF98:
 1511 01a2 73746D33 		.ascii	"stm32_gpio_setup_t\000"
 1511      325F6770 
 1511      696F5F73 
 1511      65747570 
 1511      5F7400
 1512              	.LASF28:
ARM GAS  /tmp/cc0346rW.s 			page 29


 1513 01b5 705F6E65 		.ascii	"p_newer\000"
 1513      77657200 
 1514              	.LASF64:
 1515 01bd 63685F76 		.ascii	"ch_virtual_timers_list\000"
 1515      69727475 
 1515      616C5F74 
 1515      696D6572 
 1515      735F6C69 
 1516              	.LASF23:
 1517 01d4 74687265 		.ascii	"thread_t\000"
 1517      61645F74 
 1517      00
 1518              	.LASF103:
 1519 01dd 50454461 		.ascii	"PEData\000"
 1519      746100
 1520              	.LASF81:
 1521 01e4 7264796D 		.ascii	"rdymsg\000"
 1521      736700
 1522              	.LASF79:
 1523 01eb 6F666673 		.ascii	"offset\000"
 1523      657400
 1524              	.LASF97:
 1525 01f2 5F426F6F 		.ascii	"_Bool\000"
 1525      6C00
 1526              	.LASF100:
 1527 01f8 50424461 		.ascii	"PBData\000"
 1527      746100
 1528              	.LASF91:
 1529 01ff 63685F6D 		.ascii	"ch_mutex\000"
 1529      75746578 
 1529      00
 1530              	.LASF106:
 1531 0208 70616C5F 		.ascii	"pal_default_config\000"
 1531      64656661 
 1531      756C745F 
 1531      636F6E66 
 1531      696700
 1532              	.LASF30:
 1533 021b 705F6E61 		.ascii	"p_name\000"
 1533      6D6500
 1534              	.LASF60:
 1535 0222 76745F64 		.ascii	"vt_delta\000"
 1535      656C7461 
 1535      00
 1536              	.LASF41:
 1537 022b 74687265 		.ascii	"thread_reference_t\000"
 1537      61645F72 
 1537      65666572 
 1537      656E6365 
 1537      5F7400
 1538              	.LASF65:
 1539 023e 76745F6C 		.ascii	"vt_lasttime\000"
 1539      61737474 
 1539      696D6500 
 1540              	.LASF16:
 1541 024a 74737461 		.ascii	"tstate_t\000"
 1541      74655F74 
ARM GAS  /tmp/cc0346rW.s 			page 30


 1541      00
 1542              	.LASF29:
 1543 0253 705F6F6C 		.ascii	"p_older\000"
 1543      64657200 
 1544              	.LASF31:
 1545 025b 705F7374 		.ascii	"p_state\000"
 1545      61746500 
 1546              	.LASF4:
 1547 0263 75696E74 		.ascii	"uint8_t\000"
 1547      385F7400 
 1548              	.LASF40:
 1549 026b 705F6D70 		.ascii	"p_mpool\000"
 1549      6F6F6C00 
 1550              	.LASF38:
 1551 0273 705F6D74 		.ascii	"p_mtxlist\000"
 1551      786C6973 
 1551      7400
 1552              	.LASF43:
 1553 027d 63685F74 		.ascii	"ch_thread\000"
 1553      68726561 
 1553      6400
 1554              	.LASF66:
 1555 0287 73797374 		.ascii	"system_debug_t\000"
 1555      656D5F64 
 1555      65627567 
 1555      5F7400
 1556              	.LASF11:
 1557 0296 6C6F6E67 		.ascii	"long long int\000"
 1557      206C6F6E 
 1557      6720696E 
 1557      7400
 1558              	.LASF49:
 1559 02a4 725F7175 		.ascii	"r_queue\000"
 1559      65756500 
 1560              	.LASF52:
 1561 02ac 725F6E65 		.ascii	"r_newer\000"
 1561      77657200 
 1562              	.LASF19:
 1563 02b4 6D73675F 		.ascii	"msg_t\000"
 1563      7400
 1564              	.LASF77:
 1565 02ba 636F6E74 		.ascii	"context\000"
 1565      65787400 
 1566              	.LASF32:
 1567 02c2 705F666C 		.ascii	"p_flags\000"
 1567      61677300 
 1568              	.LASF56:
 1569 02ca 76697274 		.ascii	"virtual_timer_t\000"
 1569      75616C5F 
 1569      74696D65 
 1569      725F7400 
 1570              	.LASF109:
 1571 02da 2F686F6D 		.ascii	"/home/madog/Documents/proyectos/CYCLE/repos/harvest"
 1571      652F6D61 
 1571      646F672F 
 1571      446F6375 
 1571      6D656E74 
ARM GAS  /tmp/cc0346rW.s 			page 31


 1572 030d 65722F73 		.ascii	"er/src\000"
 1572      726300
 1573              	.LASF53:
 1574 0314 725F6F6C 		.ascii	"r_older\000"
 1574      64657200 
 1575              	.LASF68:
 1576 031c 70616E69 		.ascii	"panic_msg\000"
 1576      635F6D73 
 1576      6700
 1577              	.LASF36:
 1578 0326 705F6D73 		.ascii	"p_msg\000"
 1578      6700
 1579              	.LASF15:
 1580 032c 746D6F64 		.ascii	"tmode_t\000"
 1580      655F7400 
 1581              	.LASF73:
 1582 0334 6D61696E 		.ascii	"mainthread\000"
 1582      74687265 
 1582      616400
 1583              	.LASF5:
 1584 033f 75696E74 		.ascii	"uint16_t\000"
 1584      31365F74 
 1584      00
 1585              	.LASF14:
 1586 0348 7274636E 		.ascii	"rtcnt_t\000"
 1586      745F7400 
 1587              	.LASF102:
 1588 0350 50444461 		.ascii	"PDData\000"
 1588      746100
 1589              	.LASF39:
 1590 0357 705F7265 		.ascii	"p_realprio\000"
 1590      616C7072 
 1590      696F00
 1591              	.LASF3:
 1592 0362 73686F72 		.ascii	"short int\000"
 1592      7420696E 
 1592      7400
 1593              	.LASF54:
 1594 036c 725F6375 		.ascii	"r_current\000"
 1594      7272656E 
 1594      7400
 1595              	.LASF37:
 1596 0376 705F6570 		.ascii	"p_epending\000"
 1596      656E6469 
 1596      6E6700
 1597              	.LASF92:
 1598 0381 6D5F7175 		.ascii	"m_queue\000"
 1598      65756500 
 1599              	.LASF8:
 1600 0389 6C6F6E67 		.ascii	"long int\000"
 1600      20696E74 
 1600      00
 1601              	.LASF78:
 1602 0392 706F7274 		.ascii	"port_intctx\000"
 1602      5F696E74 
 1602      63747800 
 1603              	.LASF105:
ARM GAS  /tmp/cc0346rW.s 			page 32


 1604 039e 49544D5F 		.ascii	"ITM_RxBuffer\000"
 1604      52784275 
 1604      66666572 
 1604      00
 1605              	.LASF99:
 1606 03ab 50414461 		.ascii	"PAData\000"
 1606      746100
 1607              	.LASF70:
 1608 03b2 63685F73 		.ascii	"ch_system\000"
 1608      79737465 
 1608      6D00
 1609              	.LASF24:
 1610 03bc 705F6E65 		.ascii	"p_next\000"
 1610      787400
 1611              	.LASF12:
 1612 03c3 75696E74 		.ascii	"uint64_t\000"
 1612      36345F74 
 1612      00
 1613              	.LASF27:
 1614 03cc 705F6374 		.ascii	"p_ctx\000"
 1614      7800
 1615              	.LASF111:
 1616 03d2 68616C49 		.ascii	"halInit\000"
 1616      6E697400 
 1617              	.LASF71:
 1618 03da 726C6973 		.ascii	"rlist\000"
 1618      7400
 1619              	.LASF110:
 1620 03e0 6F73616C 		.ascii	"osalInit\000"
 1620      496E6974 
 1620      00
 1621              	.LASF104:
 1622 03e9 50414C43 		.ascii	"PALConfig\000"
 1622      6F6E6669 
 1622      6700
 1623              	.LASF25:
 1624 03f3 705F7072 		.ascii	"p_prev\000"
 1624      657600
 1625              	.LASF17:
 1626 03fa 74726566 		.ascii	"trefs_t\000"
 1626      735F7400 
 1627              	.LASF10:
 1628 0402 6C6F6E67 		.ascii	"long unsigned int\000"
 1628      20756E73 
 1628      69676E65 
 1628      6420696E 
 1628      7400
 1629              	.LASF47:
 1630 0414 72656164 		.ascii	"ready_list_t\000"
 1630      795F6C69 
 1630      73745F74 
 1630      00
 1631              	.LASF7:
 1632 0421 696E7433 		.ascii	"int32_t\000"
 1632      325F7400 
 1633              	.LASF85:
 1634 0429 77747365 		.ascii	"wtsemp\000"
ARM GAS  /tmp/cc0346rW.s 			page 33


 1634      6D7000
 1635              	.LASF107:
 1636 0430 474E5520 		.ascii	"GNU C 4.6.1\000"
 1636      4320342E 
 1636      362E3100 
 1637              	.LASF96:
 1638 043c 6D757465 		.ascii	"mutex_t\000"
 1638      785F7400 
 1639              	.LASF2:
 1640 0444 756E7369 		.ascii	"unsigned char\000"
 1640      676E6564 
 1640      20636861 
 1640      7200
 1641              	.LASF63:
 1642 0452 76697274 		.ascii	"virtual_timers_list_t\000"
 1642      75616C5F 
 1642      74696D65 
 1642      72735F6C 
 1642      6973745F 
 1643              	.LASF33:
 1644 0468 705F7265 		.ascii	"p_refs\000"
 1644      667300
 1645              	.LASF58:
 1646 046f 76745F6E 		.ascii	"vt_next\000"
 1646      65787400 
 1647              	.LASF69:
 1648 0477 63685F73 		.ascii	"ch_system_t\000"
 1648      79737465 
 1648      6D5F7400 
 1649              	.LASF84:
 1650 0483 77747472 		.ascii	"wttrp\000"
 1650      7000
 1651              	.LASF94:
 1652 0489 6D5F6E65 		.ascii	"m_next\000"
 1652      787400
 1653              	.LASF1:
 1654 0490 7369676E 		.ascii	"signed char\000"
 1654      65642063 
 1654      68617200 
 1655              	.LASF6:
 1656 049c 73686F72 		.ascii	"short unsigned int\000"
 1656      7420756E 
 1656      7369676E 
 1656      65642069 
 1656      6E7400
 1657              	.LASF51:
 1658 04af 725F6374 		.ascii	"r_ctx\000"
 1658      7800
 1659              	.LASF76:
 1660 04b5 73746B61 		.ascii	"stkalign_t\000"
 1660      6C69676E 
 1660      5F7400
 1661              	.LASF61:
 1662 04c0 76745F66 		.ascii	"vt_func\000"
 1662      756E6300 
 1663              	.LASF59:
 1664 04c8 76745F70 		.ascii	"vt_prev\000"
ARM GAS  /tmp/cc0346rW.s 			page 34


 1664      72657600 
 1665              	.LASF82:
 1666 04d0 65786974 		.ascii	"exitcode\000"
 1666      636F6465 
 1666      00
 1667              		.ident	"GCC: (Sourcery CodeBench Lite 2011.09-69) 4.6.1"
ARM GAS  /tmp/cc0346rW.s 			page 35


DEFINED SYMBOLS
                            *ABS*:00000000 hal.c
     /tmp/cc0346rW.s:19     .text.halInit:00000000 $t
     /tmp/cc0346rW.s:25     .text.halInit:00000000 halInit
                     .debug_frame:00000010 $d

UNDEFINED SYMBOLS
hal_lld_init
pal_default_config
_pal_lld_init
sdInit
boardInit
stInit
