ARM GAS  /tmp/ccPgYEkd.s 			page 1


   1              		.syntax unified
   2              		.cpu cortex-m3
   3              		.fpu softvfp
   4              		.eabi_attribute 20, 1
   5              		.eabi_attribute 21, 1
   6              		.eabi_attribute 23, 3
   7              		.eabi_attribute 24, 1
   8              		.eabi_attribute 25, 1
   9              		.eabi_attribute 26, 1
  10              		.eabi_attribute 30, 2
  11              		.eabi_attribute 34, 1
  12              		.eabi_attribute 18, 4
  13              		.thumb
  14              		.file	"hal_mmcsd.c"
  15              		.text
  16              	.Ltext0:
  17              		.cfi_sections	.debug_frame
  18              	.Letext0:
  19              		.file 1 "/home/madog/programs/CodeSourcery/Sourcery_CodeBench_Lite_for_ARM_EABI/bin/../lib/gcc/arm
  20              		.file 2 "../../../resources/chibios/ChibiOS_16.1.8/os/rt/ports/ARMCMx/compilers/GCC/chtypes.h"
  21              		.file 3 "../../../resources/chibios/ChibiOS_16.1.8/os/rt/include/chsystypes.h"
  22              		.file 4 "../../../resources/chibios/ChibiOS_16.1.8/os/rt/include/chschd.h"
  23              		.file 5 "../../../resources/chibios/ChibiOS_16.1.8/os/rt/ports/ARMCMx/chcore.h"
  24              		.file 6 "../../../resources/chibios/ChibiOS_16.1.8/os/rt/ports/ARMCMx/chcore_v7m.h"
  25              		.file 7 "../../../resources/chibios/ChibiOS_16.1.8/os/rt/include/chtm.h"
  26              		.file 8 "../../../resources/chibios/ChibiOS_16.1.8/os/rt/include/chsem.h"
  27              		.file 9 "../../../resources/chibios/ChibiOS_16.1.8/os/rt/include/chmtx.h"
  28              		.file 10 "../../../resources/chibios/ChibiOS_16.1.8/os/ext/CMSIS/include/core_cm3.h"
  29              		.section	.debug_info,"",%progbits
  30              	.Ldebug_info0:
  31 0000 A4060000 		.4byte	0x6a4
  32 0004 0200     		.2byte	0x2
  33 0006 00000000 		.4byte	.Ldebug_abbrev0
  34 000a 04       		.byte	0x4
  35 000b 01       		.uleb128 0x1
  36 000c F2020000 		.4byte	.LASF99
  37 0010 01       		.byte	0x1
  38 0011 2B040000 		.4byte	.LASF100
  39 0015 71000000 		.4byte	.LASF101
  40 0019 00000000 		.4byte	.Ltext0
  41 001d 00000000 		.4byte	.Letext0
  42 0021 00000000 		.4byte	.Ldebug_line0
  43 0025 02       		.uleb128 0x2
  44 0026 04       		.byte	0x4
  45 0027 05       		.byte	0x5
  46 0028 696E7400 		.ascii	"int\000"
  47 002c 03       		.uleb128 0x3
  48 002d 04       		.byte	0x4
  49 002e 07       		.byte	0x7
  50 002f 40020000 		.4byte	.LASF0
  51 0033 03       		.uleb128 0x3
  52 0034 01       		.byte	0x1
  53 0035 06       		.byte	0x6
  54 0036 0C020000 		.4byte	.LASF1
  55 003a 04       		.uleb128 0x4
  56 003b 23010000 		.4byte	.LASF4
  57 003f 01       		.byte	0x1
ARM GAS  /tmp/ccPgYEkd.s 			page 2


  58 0040 2A       		.byte	0x2a
  59 0041 45000000 		.4byte	0x45
  60 0045 03       		.uleb128 0x3
  61 0046 01       		.byte	0x1
  62 0047 08       		.byte	0x8
  63 0048 F7010000 		.4byte	.LASF2
  64 004c 03       		.uleb128 0x3
  65 004d 02       		.byte	0x2
  66 004e 05       		.byte	0x5
  67 004f 4D000000 		.4byte	.LASF3
  68 0053 04       		.uleb128 0x4
  69 0054 4D020000 		.4byte	.LASF5
  70 0058 01       		.byte	0x1
  71 0059 36       		.byte	0x36
  72 005a 5E000000 		.4byte	0x5e
  73 005e 03       		.uleb128 0x3
  74 005f 02       		.byte	0x2
  75 0060 07       		.byte	0x7
  76 0061 DF020000 		.4byte	.LASF6
  77 0065 04       		.uleb128 0x4
  78 0066 45010000 		.4byte	.LASF7
  79 006a 01       		.byte	0x1
  80 006b 4F       		.byte	0x4f
  81 006c 70000000 		.4byte	0x70
  82 0070 03       		.uleb128 0x3
  83 0071 04       		.byte	0x4
  84 0072 05       		.byte	0x5
  85 0073 9F010000 		.4byte	.LASF8
  86 0077 04       		.uleb128 0x4
  87 0078 37020000 		.4byte	.LASF9
  88 007c 01       		.byte	0x1
  89 007d 50       		.byte	0x50
  90 007e 82000000 		.4byte	0x82
  91 0082 03       		.uleb128 0x3
  92 0083 04       		.byte	0x4
  93 0084 07       		.byte	0x7
  94 0085 36030000 		.4byte	.LASF10
  95 0089 03       		.uleb128 0x3
  96 008a 08       		.byte	0x8
  97 008b 05       		.byte	0x5
  98 008c 6B010000 		.4byte	.LASF11
  99 0090 04       		.uleb128 0x4
 100 0091 39000000 		.4byte	.LASF12
 101 0095 01       		.byte	0x1
 102 0096 78       		.byte	0x78
 103 0097 9B000000 		.4byte	0x9b
 104 009b 03       		.uleb128 0x3
 105 009c 08       		.byte	0x8
 106 009d 07       		.byte	0x7
 107 009e 20020000 		.4byte	.LASF13
 108 00a2 04       		.uleb128 0x4
 109 00a3 48030000 		.4byte	.LASF14
 110 00a7 02       		.byte	0x2
 111 00a8 39       		.byte	0x39
 112 00a9 77000000 		.4byte	0x77
 113 00ad 04       		.uleb128 0x4
 114 00ae 63010000 		.4byte	.LASF15
ARM GAS  /tmp/ccPgYEkd.s 			page 3


 115 00b2 02       		.byte	0x2
 116 00b3 3C       		.byte	0x3c
 117 00b4 3A000000 		.4byte	0x3a
 118 00b8 04       		.uleb128 0x4
 119 00b9 96030000 		.4byte	.LASF16
 120 00bd 02       		.byte	0x2
 121 00be 3D       		.byte	0x3d
 122 00bf 3A000000 		.4byte	0x3a
 123 00c3 04       		.uleb128 0x4
 124 00c4 09000000 		.4byte	.LASF17
 125 00c8 02       		.byte	0x2
 126 00c9 3E       		.byte	0x3e
 127 00ca 3A000000 		.4byte	0x3a
 128 00ce 04       		.uleb128 0x4
 129 00cf 80010000 		.4byte	.LASF18
 130 00d3 02       		.byte	0x2
 131 00d4 40       		.byte	0x40
 132 00d5 77000000 		.4byte	0x77
 133 00d9 04       		.uleb128 0x4
 134 00da 1E040000 		.4byte	.LASF19
 135 00de 02       		.byte	0x2
 136 00df 41       		.byte	0x41
 137 00e0 65000000 		.4byte	0x65
 138 00e4 04       		.uleb128 0x4
 139 00e5 C1000000 		.4byte	.LASF20
 140 00e9 02       		.byte	0x2
 141 00ea 43       		.byte	0x43
 142 00eb 77000000 		.4byte	0x77
 143 00ef 04       		.uleb128 0x4
 144 00f0 D9020000 		.4byte	.LASF21
 145 00f4 02       		.byte	0x2
 146 00f5 45       		.byte	0x45
 147 00f6 65000000 		.4byte	0x65
 148 00fa 04       		.uleb128 0x4
 149 00fb 9C020000 		.4byte	.LASF22
 150 00ff 03       		.byte	0x3
 151 0100 35       		.byte	0x35
 152 0101 53000000 		.4byte	0x53
 153 0105 04       		.uleb128 0x4
 154 0106 00000000 		.4byte	.LASF23
 155 010a 03       		.byte	0x3
 156 010b 3F       		.byte	0x3f
 157 010c 10010000 		.4byte	0x110
 158 0110 05       		.uleb128 0x5
 159 0111 4D010000 		.4byte	.LASF43
 160 0115 44       		.byte	0x44
 161 0116 04       		.byte	0x4
 162 0117 C2       		.byte	0xc2
 163 0118 21020000 		.4byte	0x221
 164 011c 06       		.uleb128 0x6
 165 011d 6D030000 		.4byte	.LASF24
 166 0121 04       		.byte	0x4
 167 0122 C3       		.byte	0xc3
 168 0123 2C020000 		.4byte	0x22c
 169 0127 02       		.byte	0x2
 170 0128 23       		.byte	0x23
 171 0129 00       		.uleb128 0
ARM GAS  /tmp/ccPgYEkd.s 			page 4


 172 012a 06       		.uleb128 0x6
 173 012b AB000000 		.4byte	.LASF25
 174 012f 04       		.byte	0x4
 175 0130 C5       		.byte	0xc5
 176 0131 2C020000 		.4byte	0x22c
 177 0135 02       		.byte	0x2
 178 0136 23       		.byte	0x23
 179 0137 04       		.uleb128 0x4
 180 0138 06       		.uleb128 0x6
 181 0139 D8000000 		.4byte	.LASF26
 182 013d 04       		.byte	0x4
 183 013e C7       		.byte	0xc7
 184 013f CE000000 		.4byte	0xce
 185 0143 02       		.byte	0x2
 186 0144 23       		.byte	0x23
 187 0145 08       		.uleb128 0x8
 188 0146 06       		.uleb128 0x6
 189 0147 FC030000 		.4byte	.LASF27
 190 014b 04       		.byte	0x4
 191 014c C8       		.byte	0xc8
 192 014d 88040000 		.4byte	0x488
 193 0151 02       		.byte	0x2
 194 0152 23       		.byte	0x23
 195 0153 0C       		.uleb128 0xc
 196 0154 06       		.uleb128 0x6
 197 0155 18020000 		.4byte	.LASF28
 198 0159 04       		.byte	0x4
 199 015a CA       		.byte	0xca
 200 015b 2C020000 		.4byte	0x22c
 201 015f 02       		.byte	0x2
 202 0160 23       		.byte	0x23
 203 0161 10       		.uleb128 0x10
 204 0162 06       		.uleb128 0x6
 205 0163 BC030000 		.4byte	.LASF29
 206 0167 04       		.byte	0x4
 207 0168 CB       		.byte	0xcb
 208 0169 2C020000 		.4byte	0x22c
 209 016d 02       		.byte	0x2
 210 016e 23       		.byte	0x23
 211 016f 14       		.uleb128 0x14
 212 0170 06       		.uleb128 0x6
 213 0171 79010000 		.4byte	.LASF30
 214 0175 04       		.byte	0x4
 215 0176 D2       		.byte	0xd2
 216 0177 27060000 		.4byte	0x627
 217 017b 02       		.byte	0x2
 218 017c 23       		.byte	0x23
 219 017d 18       		.uleb128 0x18
 220 017e 06       		.uleb128 0x6
 221 017f CA020000 		.4byte	.LASF31
 222 0183 04       		.byte	0x4
 223 0184 DD       		.byte	0xdd
 224 0185 B8000000 		.4byte	0xb8
 225 0189 02       		.byte	0x2
 226 018a 23       		.byte	0x23
 227 018b 1C       		.uleb128 0x1c
 228 018c 06       		.uleb128 0x6
ARM GAS  /tmp/ccPgYEkd.s 			page 5


 229 018d 80020000 		.4byte	.LASF32
 230 0191 04       		.byte	0x4
 231 0192 E1       		.byte	0xe1
 232 0193 AD000000 		.4byte	0xad
 233 0197 02       		.byte	0x2
 234 0198 23       		.byte	0x23
 235 0199 1D       		.uleb128 0x1d
 236 019a 06       		.uleb128 0x6
 237 019b E7030000 		.4byte	.LASF33
 238 019f 04       		.byte	0x4
 239 01a0 E6       		.byte	0xe6
 240 01a1 C3000000 		.4byte	0xc3
 241 01a5 02       		.byte	0x2
 242 01a6 23       		.byte	0x23
 243 01a7 1E       		.uleb128 0x1e
 244 01a8 07       		.uleb128 0x7
 245 01a9 705F7500 		.ascii	"p_u\000"
 246 01ad 04       		.byte	0x4
 247 01ae 3101     		.2byte	0x131
 248 01b0 58050000 		.4byte	0x558
 249 01b4 02       		.byte	0x2
 250 01b5 23       		.byte	0x23
 251 01b6 20       		.uleb128 0x20
 252 01b7 08       		.uleb128 0x8
 253 01b8 04030000 		.4byte	.LASF34
 254 01bc 04       		.byte	0x4
 255 01bd 3601     		.2byte	0x136
 256 01bf 32020000 		.4byte	0x232
 257 01c3 02       		.byte	0x2
 258 01c4 23       		.byte	0x23
 259 01c5 24       		.uleb128 0x24
 260 01c6 08       		.uleb128 0x8
 261 01c7 CD000000 		.4byte	.LASF35
 262 01cb 04       		.byte	0x4
 263 01cc 3C01     		.2byte	0x13c
 264 01ce 58020000 		.4byte	0x258
 265 01d2 02       		.byte	0x2
 266 01d3 23       		.byte	0x23
 267 01d4 28       		.uleb128 0x28
 268 01d5 08       		.uleb128 0x8
 269 01d6 E3010000 		.4byte	.LASF36
 270 01da 04       		.byte	0x4
 271 01db 4001     		.2byte	0x140
 272 01dd D9000000 		.4byte	0xd9
 273 01e1 02       		.byte	0x2
 274 01e2 23       		.byte	0x23
 275 01e3 30       		.uleb128 0x30
 276 01e4 08       		.uleb128 0x8
 277 01e5 66000000 		.4byte	.LASF37
 278 01e9 04       		.byte	0x4
 279 01ea 4601     		.2byte	0x146
 280 01ec E4000000 		.4byte	0xe4
 281 01f0 02       		.byte	0x2
 282 01f1 23       		.byte	0x23
 283 01f2 34       		.uleb128 0x34
 284 01f3 08       		.uleb128 0x8
 285 01f4 16030000 		.4byte	.LASF38
ARM GAS  /tmp/ccPgYEkd.s 			page 6


 286 01f8 04       		.byte	0x4
 287 01f9 4D01     		.2byte	0x14d
 288 01fb 21060000 		.4byte	0x621
 289 01ff 02       		.byte	0x2
 290 0200 23       		.byte	0x23
 291 0201 38       		.uleb128 0x38
 292 0202 08       		.uleb128 0x8
 293 0203 91020000 		.4byte	.LASF39
 294 0207 04       		.byte	0x4
 295 0208 5101     		.2byte	0x151
 296 020a CE000000 		.4byte	0xce
 297 020e 02       		.byte	0x2
 298 020f 23       		.byte	0x23
 299 0210 3C       		.uleb128 0x3c
 300 0211 08       		.uleb128 0x8
 301 0212 6A020000 		.4byte	.LASF40
 302 0216 04       		.byte	0x4
 303 0217 5801     		.2byte	0x158
 304 0219 1C030000 		.4byte	0x31c
 305 021d 02       		.byte	0x2
 306 021e 23       		.byte	0x23
 307 021f 40       		.uleb128 0x40
 308 0220 00       		.byte	0
 309 0221 04       		.uleb128 0x4
 310 0222 74030000 		.4byte	.LASF41
 311 0226 03       		.byte	0x3
 312 0227 44       		.byte	0x44
 313 0228 2C020000 		.4byte	0x22c
 314 022c 09       		.uleb128 0x9
 315 022d 04       		.byte	0x4
 316 022e 05010000 		.4byte	0x105
 317 0232 04       		.uleb128 0x4
 318 0233 6C040000 		.4byte	.LASF42
 319 0237 03       		.byte	0x3
 320 0238 49       		.byte	0x49
 321 0239 3D020000 		.4byte	0x23d
 322 023d 05       		.uleb128 0x5
 323 023e DF000000 		.4byte	.LASF44
 324 0242 04       		.byte	0x4
 325 0243 04       		.byte	0x4
 326 0244 B0       		.byte	0xb0
 327 0245 58020000 		.4byte	0x258
 328 0249 06       		.uleb128 0x6
 329 024a 6D030000 		.4byte	.LASF24
 330 024e 04       		.byte	0x4
 331 024f B1       		.byte	0xb1
 332 0250 2C020000 		.4byte	0x22c
 333 0254 02       		.byte	0x2
 334 0255 23       		.byte	0x23
 335 0256 00       		.uleb128 0
 336 0257 00       		.byte	0
 337 0258 04       		.uleb128 0x4
 338 0259 19000000 		.4byte	.LASF45
 339 025d 03       		.byte	0x3
 340 025e 50       		.byte	0x50
 341 025f 63020000 		.4byte	0x263
 342 0263 05       		.uleb128 0x5
ARM GAS  /tmp/ccPgYEkd.s 			page 7


 343 0264 2B010000 		.4byte	.LASF46
 344 0268 08       		.byte	0x8
 345 0269 04       		.byte	0x4
 346 026a B7       		.byte	0xb7
 347 026b 8C020000 		.4byte	0x28c
 348 026f 06       		.uleb128 0x6
 349 0270 6D030000 		.4byte	.LASF24
 350 0274 04       		.byte	0x4
 351 0275 B8       		.byte	0xb8
 352 0276 2C020000 		.4byte	0x22c
 353 027a 02       		.byte	0x2
 354 027b 23       		.byte	0x23
 355 027c 00       		.uleb128 0
 356 027d 06       		.uleb128 0x6
 357 027e AB000000 		.4byte	.LASF25
 358 0282 04       		.byte	0x4
 359 0283 B9       		.byte	0xb9
 360 0284 2C020000 		.4byte	0x22c
 361 0288 02       		.byte	0x2
 362 0289 23       		.byte	0x23
 363 028a 04       		.uleb128 0x4
 364 028b 00       		.byte	0
 365 028c 04       		.uleb128 0x4
 366 028d C4030000 		.4byte	.LASF47
 367 0291 03       		.byte	0x3
 368 0292 57       		.byte	0x57
 369 0293 97020000 		.4byte	0x297
 370 0297 0A       		.uleb128 0xa
 371 0298 EE030000 		.4byte	.LASF48
 372 029c 1C       		.byte	0x1c
 373 029d 04       		.byte	0x4
 374 029e 9001     		.2byte	0x190
 375 02a0 FF020000 		.4byte	0x2ff
 376 02a4 08       		.uleb128 0x8
 377 02a5 57000000 		.4byte	.LASF49
 378 02a9 04       		.byte	0x4
 379 02aa 9101     		.2byte	0x191
 380 02ac 58020000 		.4byte	0x258
 381 02b0 02       		.byte	0x2
 382 02b1 23       		.byte	0x23
 383 02b2 00       		.uleb128 0
 384 02b3 08       		.uleb128 0x8
 385 02b4 D2020000 		.4byte	.LASF50
 386 02b8 04       		.byte	0x4
 387 02b9 9201     		.2byte	0x192
 388 02bb CE000000 		.4byte	0xce
 389 02bf 02       		.byte	0x2
 390 02c0 23       		.byte	0x23
 391 02c1 08       		.uleb128 0x8
 392 02c2 08       		.uleb128 0x8
 393 02c3 72020000 		.4byte	.LASF51
 394 02c7 04       		.byte	0x4
 395 02c8 9401     		.2byte	0x194
 396 02ca 88040000 		.4byte	0x488
 397 02ce 02       		.byte	0x2
 398 02cf 23       		.byte	0x23
 399 02d0 0C       		.uleb128 0xc
ARM GAS  /tmp/ccPgYEkd.s 			page 8


 400 02d1 08       		.uleb128 0x8
 401 02d2 78020000 		.4byte	.LASF52
 402 02d6 04       		.byte	0x4
 403 02d7 9701     		.2byte	0x197
 404 02d9 2C020000 		.4byte	0x22c
 405 02dd 02       		.byte	0x2
 406 02de 23       		.byte	0x23
 407 02df 10       		.uleb128 0x10
 408 02e0 08       		.uleb128 0x8
 409 02e1 11000000 		.4byte	.LASF53
 410 02e5 04       		.byte	0x4
 411 02e6 9801     		.2byte	0x198
 412 02e8 2C020000 		.4byte	0x22c
 413 02ec 02       		.byte	0x2
 414 02ed 23       		.byte	0x23
 415 02ee 14       		.uleb128 0x14
 416 02ef 08       		.uleb128 0x8
 417 02f0 D9010000 		.4byte	.LASF54
 418 02f4 04       		.byte	0x4
 419 02f5 9B01     		.2byte	0x19b
 420 02f7 2C020000 		.4byte	0x22c
 421 02fb 02       		.byte	0x2
 422 02fc 23       		.byte	0x23
 423 02fd 18       		.uleb128 0x18
 424 02fe 00       		.byte	0
 425 02ff 04       		.uleb128 0x4
 426 0300 B3030000 		.4byte	.LASF55
 427 0304 03       		.byte	0x3
 428 0305 5C       		.byte	0x5c
 429 0306 0A030000 		.4byte	0x30a
 430 030a 09       		.uleb128 0x9
 431 030b 04       		.byte	0x4
 432 030c 10030000 		.4byte	0x310
 433 0310 0B       		.uleb128 0xb
 434 0311 01       		.byte	0x1
 435 0312 1C030000 		.4byte	0x31c
 436 0316 0C       		.uleb128 0xc
 437 0317 1C030000 		.4byte	0x31c
 438 031b 00       		.byte	0
 439 031c 0D       		.uleb128 0xd
 440 031d 04       		.byte	0x4
 441 031e 04       		.uleb128 0x4
 442 031f B9010000 		.4byte	.LASF56
 443 0323 03       		.byte	0x3
 444 0324 61       		.byte	0x61
 445 0325 29030000 		.4byte	0x329
 446 0329 0A       		.uleb128 0xa
 447 032a B9020000 		.4byte	.LASF57
 448 032e 14       		.byte	0x14
 449 032f 04       		.byte	0x4
 450 0330 6B01     		.2byte	0x16b
 451 0332 82030000 		.4byte	0x382
 452 0336 08       		.uleb128 0x8
 453 0337 56020000 		.4byte	.LASF58
 454 033b 04       		.byte	0x4
 455 033c 6C01     		.2byte	0x16c
 456 033e 39060000 		.4byte	0x639
ARM GAS  /tmp/ccPgYEkd.s 			page 9


 457 0342 02       		.byte	0x2
 458 0343 23       		.byte	0x23
 459 0344 00       		.uleb128 0
 460 0345 08       		.uleb128 0x8
 461 0346 0E030000 		.4byte	.LASF59
 462 034a 04       		.byte	0x4
 463 034b 6D01     		.2byte	0x16d
 464 034d 39060000 		.4byte	0x639
 465 0351 02       		.byte	0x2
 466 0352 23       		.byte	0x23
 467 0353 04       		.uleb128 0x4
 468 0354 08       		.uleb128 0x8
 469 0355 88020000 		.4byte	.LASF60
 470 0359 04       		.byte	0x4
 471 035a 6E01     		.2byte	0x16e
 472 035c FA000000 		.4byte	0xfa
 473 0360 02       		.byte	0x2
 474 0361 23       		.byte	0x23
 475 0362 08       		.uleb128 0x8
 476 0363 08       		.uleb128 0x8
 477 0364 8E030000 		.4byte	.LASF61
 478 0368 04       		.byte	0x4
 479 0369 6F01     		.2byte	0x16f
 480 036b FF020000 		.4byte	0x2ff
 481 036f 02       		.byte	0x2
 482 0370 23       		.byte	0x23
 483 0371 0C       		.uleb128 0xc
 484 0372 08       		.uleb128 0x8
 485 0373 07010000 		.4byte	.LASF62
 486 0377 04       		.byte	0x4
 487 0378 7101     		.2byte	0x171
 488 037a 1C030000 		.4byte	0x31c
 489 037e 02       		.byte	0x2
 490 037f 23       		.byte	0x23
 491 0380 10       		.uleb128 0x10
 492 0381 00       		.byte	0
 493 0382 04       		.uleb128 0x4
 494 0383 D1030000 		.4byte	.LASF63
 495 0387 03       		.byte	0x3
 496 0388 66       		.byte	0x66
 497 0389 8D030000 		.4byte	0x38d
 498 038d 0A       		.uleb128 0xa
 499 038e 88010000 		.4byte	.LASF64
 500 0392 0C       		.byte	0xc
 501 0393 04       		.byte	0x4
 502 0394 7B01     		.2byte	0x17b
 503 0396 D7030000 		.4byte	0x3d7
 504 039a 08       		.uleb128 0x8
 505 039b 56020000 		.4byte	.LASF58
 506 039f 04       		.byte	0x4
 507 03a0 7C01     		.2byte	0x17c
 508 03a2 39060000 		.4byte	0x639
 509 03a6 02       		.byte	0x2
 510 03a7 23       		.byte	0x23
 511 03a8 00       		.uleb128 0
 512 03a9 08       		.uleb128 0x8
 513 03aa 0E030000 		.4byte	.LASF59
ARM GAS  /tmp/ccPgYEkd.s 			page 10


 514 03ae 04       		.byte	0x4
 515 03af 7E01     		.2byte	0x17e
 516 03b1 39060000 		.4byte	0x639
 517 03b5 02       		.byte	0x2
 518 03b6 23       		.byte	0x23
 519 03b7 04       		.uleb128 0x4
 520 03b8 08       		.uleb128 0x8
 521 03b9 88020000 		.4byte	.LASF60
 522 03bd 04       		.byte	0x4
 523 03be 8001     		.2byte	0x180
 524 03c0 FA000000 		.4byte	0xfa
 525 03c4 02       		.byte	0x2
 526 03c5 23       		.byte	0x23
 527 03c6 08       		.uleb128 0x8
 528 03c7 08       		.uleb128 0x8
 529 03c8 57010000 		.4byte	.LASF65
 530 03cc 04       		.byte	0x4
 531 03cd 8801     		.2byte	0x188
 532 03cf FA000000 		.4byte	0xfa
 533 03d3 02       		.byte	0x2
 534 03d4 23       		.byte	0x23
 535 03d5 0A       		.uleb128 0xa
 536 03d6 00       		.byte	0
 537 03d7 04       		.uleb128 0x4
 538 03d8 B2000000 		.4byte	.LASF66
 539 03dc 03       		.byte	0x3
 540 03dd 6B       		.byte	0x6b
 541 03de E2030000 		.4byte	0x3e2
 542 03e2 0A       		.uleb128 0xa
 543 03e3 29000000 		.4byte	.LASF67
 544 03e7 04       		.byte	0x4
 545 03e8 04       		.byte	0x4
 546 03e9 A201     		.2byte	0x1a2
 547 03eb FF030000 		.4byte	0x3ff
 548 03ef 08       		.uleb128 0x8
 549 03f0 50030000 		.4byte	.LASF68
 550 03f4 04       		.byte	0x4
 551 03f5 AA01     		.2byte	0x1aa
 552 03f7 3F060000 		.4byte	0x63f
 553 03fb 02       		.byte	0x2
 554 03fc 23       		.byte	0x23
 555 03fd 00       		.uleb128 0
 556 03fe 00       		.byte	0
 557 03ff 04       		.uleb128 0x4
 558 0400 0E010000 		.4byte	.LASF69
 559 0404 03       		.byte	0x3
 560 0405 70       		.byte	0x70
 561 0406 0A040000 		.4byte	0x40a
 562 040a 0E       		.uleb128 0xe
 563 040b A8010000 		.4byte	.LASF70
 564 040f 5001     		.2byte	0x150
 565 0411 04       		.byte	0x4
 566 0412 C201     		.2byte	0x1c2
 567 0414 72040000 		.4byte	0x472
 568 0418 08       		.uleb128 0x8
 569 0419 A6020000 		.4byte	.LASF71
 570 041d 04       		.byte	0x4
ARM GAS  /tmp/ccPgYEkd.s 			page 11


 571 041e C601     		.2byte	0x1c6
 572 0420 8C020000 		.4byte	0x28c
 573 0424 02       		.byte	0x2
 574 0425 23       		.byte	0x23
 575 0426 00       		.uleb128 0
 576 0427 08       		.uleb128 0x8
 577 0428 EF000000 		.4byte	.LASF72
 578 042c 04       		.byte	0x4
 579 042d CA01     		.2byte	0x1ca
 580 042f 82030000 		.4byte	0x382
 581 0433 02       		.byte	0x2
 582 0434 23       		.byte	0x23
 583 0435 1C       		.uleb128 0x1c
 584 0436 07       		.uleb128 0x7
 585 0437 64626700 		.ascii	"dbg\000"
 586 043b 04       		.byte	0x4
 587 043c CE01     		.2byte	0x1ce
 588 043e D7030000 		.4byte	0x3d7
 589 0442 02       		.byte	0x2
 590 0443 23       		.byte	0x23
 591 0444 28       		.uleb128 0x28
 592 0445 08       		.uleb128 0x8
 593 0446 42000000 		.4byte	.LASF73
 594 044a 04       		.byte	0x4
 595 044b D201     		.2byte	0x1d2
 596 044d 05010000 		.4byte	0x105
 597 0451 02       		.byte	0x2
 598 0452 23       		.byte	0x23
 599 0453 2C       		.uleb128 0x2c
 600 0454 07       		.uleb128 0x7
 601 0455 746D00   		.ascii	"tm\000"
 602 0458 04       		.byte	0x4
 603 0459 D701     		.2byte	0x1d7
 604 045b 4D050000 		.4byte	0x54d
 605 045f 02       		.byte	0x2
 606 0460 23       		.byte	0x23
 607 0461 70       		.uleb128 0x70
 608 0462 08       		.uleb128 0x8
 609 0463 20030000 		.4byte	.LASF74
 610 0467 04       		.byte	0x4
 611 0468 E301     		.2byte	0x1e3
 612 046a 44060000 		.4byte	0x644
 613 046e 02       		.byte	0x2
 614 046f 23       		.byte	0x23
 615 0470 78       		.uleb128 0x78
 616 0471 00       		.byte	0
 617 0472 04       		.uleb128 0x4
 618 0473 1A010000 		.4byte	.LASF75
 619 0477 05       		.byte	0x5
 620 0478 65       		.byte	0x65
 621 0479 1C030000 		.4byte	0x31c
 622 047d 04       		.uleb128 0x4
 623 047e 9F030000 		.4byte	.LASF76
 624 0482 05       		.byte	0x5
 625 0483 6D       		.byte	0x6d
 626 0484 90000000 		.4byte	0x90
 627 0488 05       		.uleb128 0x5
ARM GAS  /tmp/ccPgYEkd.s 			page 12


 628 0489 D1010000 		.4byte	.LASF77
 629 048d 04       		.byte	0x4
 630 048e 05       		.byte	0x5
 631 048f 89       		.byte	0x89
 632 0490 A3040000 		.4byte	0x4a3
 633 0494 0F       		.uleb128 0xf
 634 0495 72313300 		.ascii	"r13\000"
 635 0499 05       		.byte	0x5
 636 049a 8A       		.byte	0x8a
 637 049b 30050000 		.4byte	0x530
 638 049f 02       		.byte	0x2
 639 04a0 23       		.byte	0x23
 640 04a1 00       		.uleb128 0
 641 04a2 00       		.byte	0
 642 04a3 05       		.uleb128 0x5
 643 04a4 5E020000 		.4byte	.LASF78
 644 04a8 24       		.byte	0x24
 645 04a9 06       		.byte	0x6
 646 04aa FD       		.byte	0xfd
 647 04ab 30050000 		.4byte	0x530
 648 04af 07       		.uleb128 0x7
 649 04b0 723400   		.ascii	"r4\000"
 650 04b3 06       		.byte	0x6
 651 04b4 1001     		.2byte	0x110
 652 04b6 72040000 		.4byte	0x472
 653 04ba 02       		.byte	0x2
 654 04bb 23       		.byte	0x23
 655 04bc 00       		.uleb128 0
 656 04bd 07       		.uleb128 0x7
 657 04be 723500   		.ascii	"r5\000"
 658 04c1 06       		.byte	0x6
 659 04c2 1101     		.2byte	0x111
 660 04c4 72040000 		.4byte	0x472
 661 04c8 02       		.byte	0x2
 662 04c9 23       		.byte	0x23
 663 04ca 04       		.uleb128 0x4
 664 04cb 07       		.uleb128 0x7
 665 04cc 723600   		.ascii	"r6\000"
 666 04cf 06       		.byte	0x6
 667 04d0 1201     		.2byte	0x112
 668 04d2 72040000 		.4byte	0x472
 669 04d6 02       		.byte	0x2
 670 04d7 23       		.byte	0x23
 671 04d8 08       		.uleb128 0x8
 672 04d9 07       		.uleb128 0x7
 673 04da 723700   		.ascii	"r7\000"
 674 04dd 06       		.byte	0x6
 675 04de 1301     		.2byte	0x113
 676 04e0 72040000 		.4byte	0x472
 677 04e4 02       		.byte	0x2
 678 04e5 23       		.byte	0x23
 679 04e6 0C       		.uleb128 0xc
 680 04e7 07       		.uleb128 0x7
 681 04e8 723800   		.ascii	"r8\000"
 682 04eb 06       		.byte	0x6
 683 04ec 1401     		.2byte	0x114
 684 04ee 72040000 		.4byte	0x472
ARM GAS  /tmp/ccPgYEkd.s 			page 13


 685 04f2 02       		.byte	0x2
 686 04f3 23       		.byte	0x23
 687 04f4 10       		.uleb128 0x10
 688 04f5 07       		.uleb128 0x7
 689 04f6 723900   		.ascii	"r9\000"
 690 04f9 06       		.byte	0x6
 691 04fa 1501     		.2byte	0x115
 692 04fc 72040000 		.4byte	0x472
 693 0500 02       		.byte	0x2
 694 0501 23       		.byte	0x23
 695 0502 14       		.uleb128 0x14
 696 0503 07       		.uleb128 0x7
 697 0504 72313000 		.ascii	"r10\000"
 698 0508 06       		.byte	0x6
 699 0509 1601     		.2byte	0x116
 700 050b 72040000 		.4byte	0x472
 701 050f 02       		.byte	0x2
 702 0510 23       		.byte	0x23
 703 0511 18       		.uleb128 0x18
 704 0512 07       		.uleb128 0x7
 705 0513 72313100 		.ascii	"r11\000"
 706 0517 06       		.byte	0x6
 707 0518 1701     		.2byte	0x117
 708 051a 72040000 		.4byte	0x472
 709 051e 02       		.byte	0x2
 710 051f 23       		.byte	0x23
 711 0520 1C       		.uleb128 0x1c
 712 0521 07       		.uleb128 0x7
 713 0522 6C7200   		.ascii	"lr\000"
 714 0525 06       		.byte	0x6
 715 0526 1801     		.2byte	0x118
 716 0528 72040000 		.4byte	0x472
 717 052c 02       		.byte	0x2
 718 052d 23       		.byte	0x23
 719 052e 20       		.uleb128 0x20
 720 052f 00       		.byte	0
 721 0530 09       		.uleb128 0x9
 722 0531 04       		.byte	0x4
 723 0532 A3040000 		.4byte	0x4a3
 724 0536 10       		.uleb128 0x10
 725 0537 04       		.byte	0x4
 726 0538 07       		.byte	0x7
 727 0539 38       		.byte	0x38
 728 053a 4D050000 		.4byte	0x54d
 729 053e 06       		.uleb128 0x6
 730 053f B2010000 		.4byte	.LASF79
 731 0543 07       		.byte	0x7
 732 0544 3C       		.byte	0x3c
 733 0545 A2000000 		.4byte	0xa2
 734 0549 02       		.byte	0x2
 735 054a 23       		.byte	0x23
 736 054b 00       		.uleb128 0
 737 054c 00       		.byte	0
 738 054d 04       		.uleb128 0x4
 739 054e F6000000 		.4byte	.LASF80
 740 0552 07       		.byte	0x7
 741 0553 3D       		.byte	0x3d
ARM GAS  /tmp/ccPgYEkd.s 			page 14


 742 0554 36050000 		.4byte	0x536
 743 0558 11       		.uleb128 0x11
 744 0559 04       		.byte	0x4
 745 055a 04       		.byte	0x4
 746 055b FA       		.byte	0xfa
 747 055c B5050000 		.4byte	0x5b5
 748 0560 12       		.uleb128 0x12
 749 0561 17040000 		.4byte	.LASF81
 750 0565 04       		.byte	0x4
 751 0566 0101     		.2byte	0x101
 752 0568 D9000000 		.4byte	0xd9
 753 056c 12       		.uleb128 0x12
 754 056d AA030000 		.4byte	.LASF82
 755 0571 04       		.byte	0x4
 756 0572 0801     		.2byte	0x108
 757 0574 D9000000 		.4byte	0xd9
 758 0578 12       		.uleb128 0x12
 759 0579 87030000 		.4byte	.LASF83
 760 057d 04       		.byte	0x4
 761 057e 0F01     		.2byte	0x10f
 762 0580 1C030000 		.4byte	0x31c
 763 0584 12       		.uleb128 0x12
 764 0585 5A030000 		.4byte	.LASF84
 765 0589 04       		.byte	0x4
 766 058a 1601     		.2byte	0x116
 767 058c B5050000 		.4byte	0x5b5
 768 0590 12       		.uleb128 0x12
 769 0591 2F030000 		.4byte	.LASF85
 770 0595 04       		.byte	0x4
 771 0596 1E01     		.2byte	0x11e
 772 0598 E4050000 		.4byte	0x5e4
 773 059c 12       		.uleb128 0x12
 774 059d 24040000 		.4byte	.LASF86
 775 05a1 04       		.byte	0x4
 776 05a2 2701     		.2byte	0x127
 777 05a4 21060000 		.4byte	0x621
 778 05a8 12       		.uleb128 0x12
 779 05a9 05020000 		.4byte	.LASF87
 780 05ad 04       		.byte	0x4
 781 05ae 2F01     		.2byte	0x12f
 782 05b0 E4000000 		.4byte	0xe4
 783 05b4 00       		.byte	0
 784 05b5 09       		.uleb128 0x9
 785 05b6 04       		.byte	0x4
 786 05b7 21020000 		.4byte	0x221
 787 05bb 05       		.uleb128 0x5
 788 05bc 60030000 		.4byte	.LASF88
 789 05c0 0C       		.byte	0xc
 790 05c1 08       		.byte	0x8
 791 05c2 34       		.byte	0x34
 792 05c3 E4050000 		.4byte	0x5e4
 793 05c7 06       		.uleb128 0x6
 794 05c8 B1020000 		.4byte	.LASF89
 795 05cc 08       		.byte	0x8
 796 05cd 35       		.byte	0x35
 797 05ce 58020000 		.4byte	0x258
 798 05d2 02       		.byte	0x2
ARM GAS  /tmp/ccPgYEkd.s 			page 15


 799 05d3 23       		.byte	0x23
 800 05d4 00       		.uleb128 0
 801 05d5 06       		.uleb128 0x6
 802 05d6 F1010000 		.4byte	.LASF90
 803 05da 08       		.byte	0x8
 804 05db 37       		.byte	0x37
 805 05dc EF000000 		.4byte	0xef
 806 05e0 02       		.byte	0x2
 807 05e1 23       		.byte	0x23
 808 05e2 08       		.uleb128 0x8
 809 05e3 00       		.byte	0
 810 05e4 09       		.uleb128 0x9
 811 05e5 04       		.byte	0x4
 812 05e6 BB050000 		.4byte	0x5bb
 813 05ea 05       		.uleb128 0x5
 814 05eb 3C010000 		.4byte	.LASF91
 815 05ef 10       		.byte	0x10
 816 05f0 09       		.byte	0x9
 817 05f1 39       		.byte	0x39
 818 05f2 21060000 		.4byte	0x621
 819 05f6 06       		.uleb128 0x6
 820 05f7 C9010000 		.4byte	.LASF92
 821 05fb 09       		.byte	0x9
 822 05fc 3A       		.byte	0x3a
 823 05fd 58020000 		.4byte	0x258
 824 0601 02       		.byte	0x2
 825 0602 23       		.byte	0x23
 826 0603 00       		.uleb128 0
 827 0604 06       		.uleb128 0x6
 828 0605 0F040000 		.4byte	.LASF93
 829 0609 09       		.byte	0x9
 830 060a 3C       		.byte	0x3c
 831 060b 2C020000 		.4byte	0x22c
 832 060f 02       		.byte	0x2
 833 0610 23       		.byte	0x23
 834 0611 08       		.uleb128 0x8
 835 0612 06       		.uleb128 0x6
 836 0613 5F000000 		.4byte	.LASF94
 837 0617 09       		.byte	0x9
 838 0618 3E       		.byte	0x3e
 839 0619 5F060000 		.4byte	0x65f
 840 061d 02       		.byte	0x2
 841 061e 23       		.byte	0x23
 842 061f 0C       		.uleb128 0xc
 843 0620 00       		.byte	0
 844 0621 09       		.uleb128 0x9
 845 0622 04       		.byte	0x4
 846 0623 EA050000 		.4byte	0x5ea
 847 0627 09       		.uleb128 0x9
 848 0628 04       		.byte	0x4
 849 0629 2D060000 		.4byte	0x62d
 850 062d 13       		.uleb128 0x13
 851 062e 32060000 		.4byte	0x632
 852 0632 03       		.uleb128 0x3
 853 0633 01       		.byte	0x1
 854 0634 08       		.byte	0x8
 855 0635 AC020000 		.4byte	.LASF95
ARM GAS  /tmp/ccPgYEkd.s 			page 16


 856 0639 09       		.uleb128 0x9
 857 063a 04       		.byte	0x4
 858 063b 1E030000 		.4byte	0x31e
 859 063f 14       		.uleb128 0x14
 860 0640 27060000 		.4byte	0x627
 861 0644 15       		.uleb128 0x15
 862 0645 7D040000 		.4byte	0x47d
 863 0649 54060000 		.4byte	0x654
 864 064d 16       		.uleb128 0x16
 865 064e 2C000000 		.4byte	0x2c
 866 0652 1A       		.byte	0x1a
 867 0653 00       		.byte	0
 868 0654 04       		.uleb128 0x4
 869 0655 E9010000 		.4byte	.LASF96
 870 0659 09       		.byte	0x9
 871 065a 34       		.byte	0x34
 872 065b EA050000 		.4byte	0x5ea
 873 065f 09       		.uleb128 0x9
 874 0660 04       		.byte	0x4
 875 0661 54060000 		.4byte	0x654
 876 0665 03       		.uleb128 0x3
 877 0666 01       		.byte	0x1
 878 0667 02       		.byte	0x2
 879 0668 FE020000 		.4byte	.LASF97
 880 066c 17       		.uleb128 0x17
 881 066d 02040000 		.4byte	.LASF98
 882 0671 0A       		.byte	0xa
 883 0672 5506     		.2byte	0x655
 884 0674 7A060000 		.4byte	0x67a
 885 0678 01       		.byte	0x1
 886 0679 01       		.byte	0x1
 887 067a 14       		.uleb128 0x14
 888 067b 65000000 		.4byte	0x65
 889 067f 18       		.uleb128 0x18
 890 0680 636800   		.ascii	"ch\000"
 891 0683 04       		.byte	0x4
 892 0684 0902     		.2byte	0x209
 893 0686 FF030000 		.4byte	0x3ff
 894 068a 01       		.byte	0x1
 895 068b 01       		.byte	0x1
 896 068c 17       		.uleb128 0x17
 897 068d 02040000 		.4byte	.LASF98
 898 0691 0A       		.byte	0xa
 899 0692 5506     		.2byte	0x655
 900 0694 7A060000 		.4byte	0x67a
 901 0698 01       		.byte	0x1
 902 0699 01       		.byte	0x1
 903 069a 18       		.uleb128 0x18
 904 069b 636800   		.ascii	"ch\000"
 905 069e 04       		.byte	0x4
 906 069f 0902     		.2byte	0x209
 907 06a1 FF030000 		.4byte	0x3ff
 908 06a5 01       		.byte	0x1
 909 06a6 01       		.byte	0x1
 910 06a7 00       		.byte	0
 911              		.section	.debug_abbrev,"",%progbits
 912              	.Ldebug_abbrev0:
ARM GAS  /tmp/ccPgYEkd.s 			page 17


 913 0000 01       		.uleb128 0x1
 914 0001 11       		.uleb128 0x11
 915 0002 01       		.byte	0x1
 916 0003 25       		.uleb128 0x25
 917 0004 0E       		.uleb128 0xe
 918 0005 13       		.uleb128 0x13
 919 0006 0B       		.uleb128 0xb
 920 0007 03       		.uleb128 0x3
 921 0008 0E       		.uleb128 0xe
 922 0009 1B       		.uleb128 0x1b
 923 000a 0E       		.uleb128 0xe
 924 000b 11       		.uleb128 0x11
 925 000c 01       		.uleb128 0x1
 926 000d 12       		.uleb128 0x12
 927 000e 01       		.uleb128 0x1
 928 000f 10       		.uleb128 0x10
 929 0010 06       		.uleb128 0x6
 930 0011 00       		.byte	0
 931 0012 00       		.byte	0
 932 0013 02       		.uleb128 0x2
 933 0014 24       		.uleb128 0x24
 934 0015 00       		.byte	0
 935 0016 0B       		.uleb128 0xb
 936 0017 0B       		.uleb128 0xb
 937 0018 3E       		.uleb128 0x3e
 938 0019 0B       		.uleb128 0xb
 939 001a 03       		.uleb128 0x3
 940 001b 08       		.uleb128 0x8
 941 001c 00       		.byte	0
 942 001d 00       		.byte	0
 943 001e 03       		.uleb128 0x3
 944 001f 24       		.uleb128 0x24
 945 0020 00       		.byte	0
 946 0021 0B       		.uleb128 0xb
 947 0022 0B       		.uleb128 0xb
 948 0023 3E       		.uleb128 0x3e
 949 0024 0B       		.uleb128 0xb
 950 0025 03       		.uleb128 0x3
 951 0026 0E       		.uleb128 0xe
 952 0027 00       		.byte	0
 953 0028 00       		.byte	0
 954 0029 04       		.uleb128 0x4
 955 002a 16       		.uleb128 0x16
 956 002b 00       		.byte	0
 957 002c 03       		.uleb128 0x3
 958 002d 0E       		.uleb128 0xe
 959 002e 3A       		.uleb128 0x3a
 960 002f 0B       		.uleb128 0xb
 961 0030 3B       		.uleb128 0x3b
 962 0031 0B       		.uleb128 0xb
 963 0032 49       		.uleb128 0x49
 964 0033 13       		.uleb128 0x13
 965 0034 00       		.byte	0
 966 0035 00       		.byte	0
 967 0036 05       		.uleb128 0x5
 968 0037 13       		.uleb128 0x13
 969 0038 01       		.byte	0x1
ARM GAS  /tmp/ccPgYEkd.s 			page 18


 970 0039 03       		.uleb128 0x3
 971 003a 0E       		.uleb128 0xe
 972 003b 0B       		.uleb128 0xb
 973 003c 0B       		.uleb128 0xb
 974 003d 3A       		.uleb128 0x3a
 975 003e 0B       		.uleb128 0xb
 976 003f 3B       		.uleb128 0x3b
 977 0040 0B       		.uleb128 0xb
 978 0041 01       		.uleb128 0x1
 979 0042 13       		.uleb128 0x13
 980 0043 00       		.byte	0
 981 0044 00       		.byte	0
 982 0045 06       		.uleb128 0x6
 983 0046 0D       		.uleb128 0xd
 984 0047 00       		.byte	0
 985 0048 03       		.uleb128 0x3
 986 0049 0E       		.uleb128 0xe
 987 004a 3A       		.uleb128 0x3a
 988 004b 0B       		.uleb128 0xb
 989 004c 3B       		.uleb128 0x3b
 990 004d 0B       		.uleb128 0xb
 991 004e 49       		.uleb128 0x49
 992 004f 13       		.uleb128 0x13
 993 0050 38       		.uleb128 0x38
 994 0051 0A       		.uleb128 0xa
 995 0052 00       		.byte	0
 996 0053 00       		.byte	0
 997 0054 07       		.uleb128 0x7
 998 0055 0D       		.uleb128 0xd
 999 0056 00       		.byte	0
 1000 0057 03       		.uleb128 0x3
 1001 0058 08       		.uleb128 0x8
 1002 0059 3A       		.uleb128 0x3a
 1003 005a 0B       		.uleb128 0xb
 1004 005b 3B       		.uleb128 0x3b
 1005 005c 05       		.uleb128 0x5
 1006 005d 49       		.uleb128 0x49
 1007 005e 13       		.uleb128 0x13
 1008 005f 38       		.uleb128 0x38
 1009 0060 0A       		.uleb128 0xa
 1010 0061 00       		.byte	0
 1011 0062 00       		.byte	0
 1012 0063 08       		.uleb128 0x8
 1013 0064 0D       		.uleb128 0xd
 1014 0065 00       		.byte	0
 1015 0066 03       		.uleb128 0x3
 1016 0067 0E       		.uleb128 0xe
 1017 0068 3A       		.uleb128 0x3a
 1018 0069 0B       		.uleb128 0xb
 1019 006a 3B       		.uleb128 0x3b
 1020 006b 05       		.uleb128 0x5
 1021 006c 49       		.uleb128 0x49
 1022 006d 13       		.uleb128 0x13
 1023 006e 38       		.uleb128 0x38
 1024 006f 0A       		.uleb128 0xa
 1025 0070 00       		.byte	0
 1026 0071 00       		.byte	0
ARM GAS  /tmp/ccPgYEkd.s 			page 19


 1027 0072 09       		.uleb128 0x9
 1028 0073 0F       		.uleb128 0xf
 1029 0074 00       		.byte	0
 1030 0075 0B       		.uleb128 0xb
 1031 0076 0B       		.uleb128 0xb
 1032 0077 49       		.uleb128 0x49
 1033 0078 13       		.uleb128 0x13
 1034 0079 00       		.byte	0
 1035 007a 00       		.byte	0
 1036 007b 0A       		.uleb128 0xa
 1037 007c 13       		.uleb128 0x13
 1038 007d 01       		.byte	0x1
 1039 007e 03       		.uleb128 0x3
 1040 007f 0E       		.uleb128 0xe
 1041 0080 0B       		.uleb128 0xb
 1042 0081 0B       		.uleb128 0xb
 1043 0082 3A       		.uleb128 0x3a
 1044 0083 0B       		.uleb128 0xb
 1045 0084 3B       		.uleb128 0x3b
 1046 0085 05       		.uleb128 0x5
 1047 0086 01       		.uleb128 0x1
 1048 0087 13       		.uleb128 0x13
 1049 0088 00       		.byte	0
 1050 0089 00       		.byte	0
 1051 008a 0B       		.uleb128 0xb
 1052 008b 15       		.uleb128 0x15
 1053 008c 01       		.byte	0x1
 1054 008d 27       		.uleb128 0x27
 1055 008e 0C       		.uleb128 0xc
 1056 008f 01       		.uleb128 0x1
 1057 0090 13       		.uleb128 0x13
 1058 0091 00       		.byte	0
 1059 0092 00       		.byte	0
 1060 0093 0C       		.uleb128 0xc
 1061 0094 05       		.uleb128 0x5
 1062 0095 00       		.byte	0
 1063 0096 49       		.uleb128 0x49
 1064 0097 13       		.uleb128 0x13
 1065 0098 00       		.byte	0
 1066 0099 00       		.byte	0
 1067 009a 0D       		.uleb128 0xd
 1068 009b 0F       		.uleb128 0xf
 1069 009c 00       		.byte	0
 1070 009d 0B       		.uleb128 0xb
 1071 009e 0B       		.uleb128 0xb
 1072 009f 00       		.byte	0
 1073 00a0 00       		.byte	0
 1074 00a1 0E       		.uleb128 0xe
 1075 00a2 13       		.uleb128 0x13
 1076 00a3 01       		.byte	0x1
 1077 00a4 03       		.uleb128 0x3
 1078 00a5 0E       		.uleb128 0xe
 1079 00a6 0B       		.uleb128 0xb
 1080 00a7 05       		.uleb128 0x5
 1081 00a8 3A       		.uleb128 0x3a
 1082 00a9 0B       		.uleb128 0xb
 1083 00aa 3B       		.uleb128 0x3b
ARM GAS  /tmp/ccPgYEkd.s 			page 20


 1084 00ab 05       		.uleb128 0x5
 1085 00ac 01       		.uleb128 0x1
 1086 00ad 13       		.uleb128 0x13
 1087 00ae 00       		.byte	0
 1088 00af 00       		.byte	0
 1089 00b0 0F       		.uleb128 0xf
 1090 00b1 0D       		.uleb128 0xd
 1091 00b2 00       		.byte	0
 1092 00b3 03       		.uleb128 0x3
 1093 00b4 08       		.uleb128 0x8
 1094 00b5 3A       		.uleb128 0x3a
 1095 00b6 0B       		.uleb128 0xb
 1096 00b7 3B       		.uleb128 0x3b
 1097 00b8 0B       		.uleb128 0xb
 1098 00b9 49       		.uleb128 0x49
 1099 00ba 13       		.uleb128 0x13
 1100 00bb 38       		.uleb128 0x38
 1101 00bc 0A       		.uleb128 0xa
 1102 00bd 00       		.byte	0
 1103 00be 00       		.byte	0
 1104 00bf 10       		.uleb128 0x10
 1105 00c0 13       		.uleb128 0x13
 1106 00c1 01       		.byte	0x1
 1107 00c2 0B       		.uleb128 0xb
 1108 00c3 0B       		.uleb128 0xb
 1109 00c4 3A       		.uleb128 0x3a
 1110 00c5 0B       		.uleb128 0xb
 1111 00c6 3B       		.uleb128 0x3b
 1112 00c7 0B       		.uleb128 0xb
 1113 00c8 01       		.uleb128 0x1
 1114 00c9 13       		.uleb128 0x13
 1115 00ca 00       		.byte	0
 1116 00cb 00       		.byte	0
 1117 00cc 11       		.uleb128 0x11
 1118 00cd 17       		.uleb128 0x17
 1119 00ce 01       		.byte	0x1
 1120 00cf 0B       		.uleb128 0xb
 1121 00d0 0B       		.uleb128 0xb
 1122 00d1 3A       		.uleb128 0x3a
 1123 00d2 0B       		.uleb128 0xb
 1124 00d3 3B       		.uleb128 0x3b
 1125 00d4 0B       		.uleb128 0xb
 1126 00d5 01       		.uleb128 0x1
 1127 00d6 13       		.uleb128 0x13
 1128 00d7 00       		.byte	0
 1129 00d8 00       		.byte	0
 1130 00d9 12       		.uleb128 0x12
 1131 00da 0D       		.uleb128 0xd
 1132 00db 00       		.byte	0
 1133 00dc 03       		.uleb128 0x3
 1134 00dd 0E       		.uleb128 0xe
 1135 00de 3A       		.uleb128 0x3a
 1136 00df 0B       		.uleb128 0xb
 1137 00e0 3B       		.uleb128 0x3b
 1138 00e1 05       		.uleb128 0x5
 1139 00e2 49       		.uleb128 0x49
 1140 00e3 13       		.uleb128 0x13
ARM GAS  /tmp/ccPgYEkd.s 			page 21


 1141 00e4 00       		.byte	0
 1142 00e5 00       		.byte	0
 1143 00e6 13       		.uleb128 0x13
 1144 00e7 26       		.uleb128 0x26
 1145 00e8 00       		.byte	0
 1146 00e9 49       		.uleb128 0x49
 1147 00ea 13       		.uleb128 0x13
 1148 00eb 00       		.byte	0
 1149 00ec 00       		.byte	0
 1150 00ed 14       		.uleb128 0x14
 1151 00ee 35       		.uleb128 0x35
 1152 00ef 00       		.byte	0
 1153 00f0 49       		.uleb128 0x49
 1154 00f1 13       		.uleb128 0x13
 1155 00f2 00       		.byte	0
 1156 00f3 00       		.byte	0
 1157 00f4 15       		.uleb128 0x15
 1158 00f5 01       		.uleb128 0x1
 1159 00f6 01       		.byte	0x1
 1160 00f7 49       		.uleb128 0x49
 1161 00f8 13       		.uleb128 0x13
 1162 00f9 01       		.uleb128 0x1
 1163 00fa 13       		.uleb128 0x13
 1164 00fb 00       		.byte	0
 1165 00fc 00       		.byte	0
 1166 00fd 16       		.uleb128 0x16
 1167 00fe 21       		.uleb128 0x21
 1168 00ff 00       		.byte	0
 1169 0100 49       		.uleb128 0x49
 1170 0101 13       		.uleb128 0x13
 1171 0102 2F       		.uleb128 0x2f
 1172 0103 0B       		.uleb128 0xb
 1173 0104 00       		.byte	0
 1174 0105 00       		.byte	0
 1175 0106 17       		.uleb128 0x17
 1176 0107 34       		.uleb128 0x34
 1177 0108 00       		.byte	0
 1178 0109 03       		.uleb128 0x3
 1179 010a 0E       		.uleb128 0xe
 1180 010b 3A       		.uleb128 0x3a
 1181 010c 0B       		.uleb128 0xb
 1182 010d 3B       		.uleb128 0x3b
 1183 010e 05       		.uleb128 0x5
 1184 010f 49       		.uleb128 0x49
 1185 0110 13       		.uleb128 0x13
 1186 0111 3F       		.uleb128 0x3f
 1187 0112 0C       		.uleb128 0xc
 1188 0113 3C       		.uleb128 0x3c
 1189 0114 0C       		.uleb128 0xc
 1190 0115 00       		.byte	0
 1191 0116 00       		.byte	0
 1192 0117 18       		.uleb128 0x18
 1193 0118 34       		.uleb128 0x34
 1194 0119 00       		.byte	0
 1195 011a 03       		.uleb128 0x3
 1196 011b 08       		.uleb128 0x8
 1197 011c 3A       		.uleb128 0x3a
ARM GAS  /tmp/ccPgYEkd.s 			page 22


 1198 011d 0B       		.uleb128 0xb
 1199 011e 3B       		.uleb128 0x3b
 1200 011f 05       		.uleb128 0x5
 1201 0120 49       		.uleb128 0x49
 1202 0121 13       		.uleb128 0x13
 1203 0122 3F       		.uleb128 0x3f
 1204 0123 0C       		.uleb128 0xc
 1205 0124 3C       		.uleb128 0x3c
 1206 0125 0C       		.uleb128 0xc
 1207 0126 00       		.byte	0
 1208 0127 00       		.byte	0
 1209 0128 00       		.byte	0
 1210              		.section	.debug_line,"",%progbits
 1211              	.Ldebug_line0:
 1212 0000 23020000 		.section	.debug_str,"MS",%progbits,1
 1212      02001D02 
 1212      00000201 
 1212      FB0E0D00 
 1212      01010101 
 1213              	.LASF23:
 1214 0000 74687265 		.ascii	"thread_t\000"
 1214      61645F74 
 1214      00
 1215              	.LASF17:
 1216 0009 74726566 		.ascii	"trefs_t\000"
 1216      735F7400 
 1217              	.LASF53:
 1218 0011 725F6F6C 		.ascii	"r_older\000"
 1218      64657200 
 1219              	.LASF45:
 1220 0019 74687265 		.ascii	"threads_queue_t\000"
 1220      6164735F 
 1220      71756575 
 1220      655F7400 
 1221              	.LASF67:
 1222 0029 63685F73 		.ascii	"ch_system_debug\000"
 1222      79737465 
 1222      6D5F6465 
 1222      62756700 
 1223              	.LASF12:
 1224 0039 75696E74 		.ascii	"uint64_t\000"
 1224      36345F74 
 1224      00
 1225              	.LASF73:
 1226 0042 6D61696E 		.ascii	"mainthread\000"
 1226      74687265 
 1226      616400
 1227              	.LASF3:
 1228 004d 73686F72 		.ascii	"short int\000"
 1228      7420696E 
 1228      7400
 1229              	.LASF49:
 1230 0057 725F7175 		.ascii	"r_queue\000"
 1230      65756500 
 1231              	.LASF94:
 1232 005f 6D5F6E65 		.ascii	"m_next\000"
 1232      787400
ARM GAS  /tmp/ccPgYEkd.s 			page 23


 1233              	.LASF37:
 1234 0066 705F6570 		.ascii	"p_epending\000"
 1234      656E6469 
 1234      6E6700
 1235              	.LASF101:
 1236 0071 2F686F6D 		.ascii	"/home/madog/Documents/proyectos/CYCLE/repos/harvest"
 1236      652F6D61 
 1236      646F672F 
 1236      446F6375 
 1236      6D656E74 
 1237 00a4 65722F73 		.ascii	"er/src\000"
 1237      726300
 1238              	.LASF25:
 1239 00ab 705F7072 		.ascii	"p_prev\000"
 1239      657600
 1240              	.LASF66:
 1241 00b2 73797374 		.ascii	"system_debug_t\000"
 1241      656D5F64 
 1241      65627567 
 1241      5F7400
 1242              	.LASF20:
 1243 00c1 6576656E 		.ascii	"eventmask_t\000"
 1243      746D6173 
 1243      6B5F7400 
 1244              	.LASF35:
 1245 00cd 705F6D73 		.ascii	"p_msgqueue\000"
 1245      67717565 
 1245      756500
 1246              	.LASF26:
 1247 00d8 705F7072 		.ascii	"p_prio\000"
 1247      696F00
 1248              	.LASF44:
 1249 00df 63685F74 		.ascii	"ch_threads_list\000"
 1249      68726561 
 1249      64735F6C 
 1249      69737400 
 1250              	.LASF72:
 1251 00ef 76746C69 		.ascii	"vtlist\000"
 1251      737400
 1252              	.LASF80:
 1253 00f6 746D5F63 		.ascii	"tm_calibration_t\000"
 1253      616C6962 
 1253      72617469 
 1253      6F6E5F74 
 1253      00
 1254              	.LASF62:
 1255 0107 76745F70 		.ascii	"vt_par\000"
 1255      617200
 1256              	.LASF69:
 1257 010e 63685F73 		.ascii	"ch_system_t\000"
 1257      79737465 
 1257      6D5F7400 
 1258              	.LASF75:
 1259 011a 72656761 		.ascii	"regarm_t\000"
 1259      726D5F74 
 1259      00
 1260              	.LASF4:
ARM GAS  /tmp/ccPgYEkd.s 			page 24


 1261 0123 75696E74 		.ascii	"uint8_t\000"
 1261      385F7400 
 1262              	.LASF46:
 1263 012b 63685F74 		.ascii	"ch_threads_queue\000"
 1263      68726561 
 1263      64735F71 
 1263      75657565 
 1263      00
 1264              	.LASF91:
 1265 013c 63685F6D 		.ascii	"ch_mutex\000"
 1265      75746578 
 1265      00
 1266              	.LASF7:
 1267 0145 696E7433 		.ascii	"int32_t\000"
 1267      325F7400 
 1268              	.LASF43:
 1269 014d 63685F74 		.ascii	"ch_thread\000"
 1269      68726561 
 1269      6400
 1270              	.LASF65:
 1271 0157 76745F6C 		.ascii	"vt_lasttime\000"
 1271      61737474 
 1271      696D6500 
 1272              	.LASF15:
 1273 0163 746D6F64 		.ascii	"tmode_t\000"
 1273      655F7400 
 1274              	.LASF11:
 1275 016b 6C6F6E67 		.ascii	"long long int\000"
 1275      206C6F6E 
 1275      6720696E 
 1275      7400
 1276              	.LASF30:
 1277 0179 705F6E61 		.ascii	"p_name\000"
 1277      6D6500
 1278              	.LASF18:
 1279 0180 74707269 		.ascii	"tprio_t\000"
 1279      6F5F7400 
 1280              	.LASF64:
 1281 0188 63685F76 		.ascii	"ch_virtual_timers_list\000"
 1281      69727475 
 1281      616C5F74 
 1281      696D6572 
 1281      735F6C69 
 1282              	.LASF8:
 1283 019f 6C6F6E67 		.ascii	"long int\000"
 1283      20696E74 
 1283      00
 1284              	.LASF70:
 1285 01a8 63685F73 		.ascii	"ch_system\000"
 1285      79737465 
 1285      6D00
 1286              	.LASF79:
 1287 01b2 6F666673 		.ascii	"offset\000"
 1287      657400
 1288              	.LASF56:
 1289 01b9 76697274 		.ascii	"virtual_timer_t\000"
 1289      75616C5F 
ARM GAS  /tmp/ccPgYEkd.s 			page 25


 1289      74696D65 
 1289      725F7400 
 1290              	.LASF92:
 1291 01c9 6D5F7175 		.ascii	"m_queue\000"
 1291      65756500 
 1292              	.LASF77:
 1293 01d1 636F6E74 		.ascii	"context\000"
 1293      65787400 
 1294              	.LASF54:
 1295 01d9 725F6375 		.ascii	"r_current\000"
 1295      7272656E 
 1295      7400
 1296              	.LASF36:
 1297 01e3 705F6D73 		.ascii	"p_msg\000"
 1297      6700
 1298              	.LASF96:
 1299 01e9 6D757465 		.ascii	"mutex_t\000"
 1299      785F7400 
 1300              	.LASF90:
 1301 01f1 735F636E 		.ascii	"s_cnt\000"
 1301      7400
 1302              	.LASF2:
 1303 01f7 756E7369 		.ascii	"unsigned char\000"
 1303      676E6564 
 1303      20636861 
 1303      7200
 1304              	.LASF87:
 1305 0205 65776D61 		.ascii	"ewmask\000"
 1305      736B00
 1306              	.LASF1:
 1307 020c 7369676E 		.ascii	"signed char\000"
 1307      65642063 
 1307      68617200 
 1308              	.LASF28:
 1309 0218 705F6E65 		.ascii	"p_newer\000"
 1309      77657200 
 1310              	.LASF13:
 1311 0220 6C6F6E67 		.ascii	"long long unsigned int\000"
 1311      206C6F6E 
 1311      6720756E 
 1311      7369676E 
 1311      65642069 
 1312              	.LASF9:
 1313 0237 75696E74 		.ascii	"uint32_t\000"
 1313      33325F74 
 1313      00
 1314              	.LASF0:
 1315 0240 756E7369 		.ascii	"unsigned int\000"
 1315      676E6564 
 1315      20696E74 
 1315      00
 1316              	.LASF5:
 1317 024d 75696E74 		.ascii	"uint16_t\000"
 1317      31365F74 
 1317      00
 1318              	.LASF58:
 1319 0256 76745F6E 		.ascii	"vt_next\000"
ARM GAS  /tmp/ccPgYEkd.s 			page 26


 1319      65787400 
 1320              	.LASF78:
 1321 025e 706F7274 		.ascii	"port_intctx\000"
 1321      5F696E74 
 1321      63747800 
 1322              	.LASF40:
 1323 026a 705F6D70 		.ascii	"p_mpool\000"
 1323      6F6F6C00 
 1324              	.LASF51:
 1325 0272 725F6374 		.ascii	"r_ctx\000"
 1325      7800
 1326              	.LASF52:
 1327 0278 725F6E65 		.ascii	"r_newer\000"
 1327      77657200 
 1328              	.LASF32:
 1329 0280 705F666C 		.ascii	"p_flags\000"
 1329      61677300 
 1330              	.LASF60:
 1331 0288 76745F64 		.ascii	"vt_delta\000"
 1331      656C7461 
 1331      00
 1332              	.LASF39:
 1333 0291 705F7265 		.ascii	"p_realprio\000"
 1333      616C7072 
 1333      696F00
 1334              	.LASF22:
 1335 029c 73797374 		.ascii	"systime_t\000"
 1335      696D655F 
 1335      7400
 1336              	.LASF71:
 1337 02a6 726C6973 		.ascii	"rlist\000"
 1337      7400
 1338              	.LASF95:
 1339 02ac 63686172 		.ascii	"char\000"
 1339      00
 1340              	.LASF89:
 1341 02b1 735F7175 		.ascii	"s_queue\000"
 1341      65756500 
 1342              	.LASF57:
 1343 02b9 63685F76 		.ascii	"ch_virtual_timer\000"
 1343      69727475 
 1343      616C5F74 
 1343      696D6572 
 1343      00
 1344              	.LASF31:
 1345 02ca 705F7374 		.ascii	"p_state\000"
 1345      61746500 
 1346              	.LASF50:
 1347 02d2 725F7072 		.ascii	"r_prio\000"
 1347      696F00
 1348              	.LASF21:
 1349 02d9 636E745F 		.ascii	"cnt_t\000"
 1349      7400
 1350              	.LASF6:
 1351 02df 73686F72 		.ascii	"short unsigned int\000"
 1351      7420756E 
 1351      7369676E 
ARM GAS  /tmp/ccPgYEkd.s 			page 27


 1351      65642069 
 1351      6E7400
 1352              	.LASF99:
 1353 02f2 474E5520 		.ascii	"GNU C 4.6.1\000"
 1353      4320342E 
 1353      362E3100 
 1354              	.LASF97:
 1355 02fe 5F426F6F 		.ascii	"_Bool\000"
 1355      6C00
 1356              	.LASF34:
 1357 0304 705F7761 		.ascii	"p_waiting\000"
 1357      6974696E 
 1357      6700
 1358              	.LASF59:
 1359 030e 76745F70 		.ascii	"vt_prev\000"
 1359      72657600 
 1360              	.LASF38:
 1361 0316 705F6D74 		.ascii	"p_mtxlist\000"
 1361      786C6973 
 1361      7400
 1362              	.LASF74:
 1363 0320 69646C65 		.ascii	"idle_thread_wa\000"
 1363      5F746872 
 1363      6561645F 
 1363      776100
 1364              	.LASF85:
 1365 032f 77747365 		.ascii	"wtsemp\000"
 1365      6D7000
 1366              	.LASF10:
 1367 0336 6C6F6E67 		.ascii	"long unsigned int\000"
 1367      20756E73 
 1367      69676E65 
 1367      6420696E 
 1367      7400
 1368              	.LASF14:
 1369 0348 7274636E 		.ascii	"rtcnt_t\000"
 1369      745F7400 
 1370              	.LASF68:
 1371 0350 70616E69 		.ascii	"panic_msg\000"
 1371      635F6D73 
 1371      6700
 1372              	.LASF84:
 1373 035a 77747472 		.ascii	"wttrp\000"
 1373      7000
 1374              	.LASF88:
 1375 0360 63685F73 		.ascii	"ch_semaphore\000"
 1375      656D6170 
 1375      686F7265 
 1375      00
 1376              	.LASF24:
 1377 036d 705F6E65 		.ascii	"p_next\000"
 1377      787400
 1378              	.LASF41:
 1379 0374 74687265 		.ascii	"thread_reference_t\000"
 1379      61645F72 
 1379      65666572 
 1379      656E6365 
ARM GAS  /tmp/ccPgYEkd.s 			page 28


 1379      5F7400
 1380              	.LASF83:
 1381 0387 77746F62 		.ascii	"wtobjp\000"
 1381      6A7000
 1382              	.LASF61:
 1383 038e 76745F66 		.ascii	"vt_func\000"
 1383      756E6300 
 1384              	.LASF16:
 1385 0396 74737461 		.ascii	"tstate_t\000"
 1385      74655F74 
 1385      00
 1386              	.LASF76:
 1387 039f 73746B61 		.ascii	"stkalign_t\000"
 1387      6C69676E 
 1387      5F7400
 1388              	.LASF82:
 1389 03aa 65786974 		.ascii	"exitcode\000"
 1389      636F6465 
 1389      00
 1390              	.LASF55:
 1391 03b3 76746675 		.ascii	"vtfunc_t\000"
 1391      6E635F74 
 1391      00
 1392              	.LASF29:
 1393 03bc 705F6F6C 		.ascii	"p_older\000"
 1393      64657200 
 1394              	.LASF47:
 1395 03c4 72656164 		.ascii	"ready_list_t\000"
 1395      795F6C69 
 1395      73745F74 
 1395      00
 1396              	.LASF63:
 1397 03d1 76697274 		.ascii	"virtual_timers_list_t\000"
 1397      75616C5F 
 1397      74696D65 
 1397      72735F6C 
 1397      6973745F 
 1398              	.LASF33:
 1399 03e7 705F7265 		.ascii	"p_refs\000"
 1399      667300
 1400              	.LASF48:
 1401 03ee 63685F72 		.ascii	"ch_ready_list\000"
 1401      65616479 
 1401      5F6C6973 
 1401      7400
 1402              	.LASF27:
 1403 03fc 705F6374 		.ascii	"p_ctx\000"
 1403      7800
 1404              	.LASF98:
 1405 0402 49544D5F 		.ascii	"ITM_RxBuffer\000"
 1405      52784275 
 1405      66666572 
 1405      00
 1406              	.LASF93:
 1407 040f 6D5F6F77 		.ascii	"m_owner\000"
 1407      6E657200 
 1408              	.LASF81:
ARM GAS  /tmp/ccPgYEkd.s 			page 29


 1409 0417 7264796D 		.ascii	"rdymsg\000"
 1409      736700
 1410              	.LASF19:
 1411 041e 6D73675F 		.ascii	"msg_t\000"
 1411      7400
 1412              	.LASF86:
 1413 0424 77746D74 		.ascii	"wtmtxp\000"
 1413      787000
 1414              	.LASF100:
 1415 042b 2E2E2F2E 		.ascii	"../../../resources/chibios/ChibiOS_16.1.8/os/hal/sr"
 1415      2E2F2E2E 
 1415      2F726573 
 1415      6F757263 
 1415      65732F63 
 1416 045e 632F6861 		.ascii	"c/hal_mmcsd.c\000"
 1416      6C5F6D6D 
 1416      6373642E 
 1416      6300
 1417              	.LASF42:
 1418 046c 74687265 		.ascii	"threads_list_t\000"
 1418      6164735F 
 1418      6C697374 
 1418      5F7400
 1419              		.ident	"GCC: (Sourcery CodeBench Lite 2011.09-69) 4.6.1"
ARM GAS  /tmp/ccPgYEkd.s 			page 30


DEFINED SYMBOLS
                            *ABS*:00000000 hal_mmcsd.c

NO UNDEFINED SYMBOLS
