ARM GAS  /tmp/ccfuA86A.s 			page 1


   1              		.syntax unified
   2              		.cpu cortex-m3
   3              		.fpu softvfp
   4              		.eabi_attribute 20, 1
   5              		.eabi_attribute 21, 1
   6              		.eabi_attribute 23, 3
   7              		.eabi_attribute 24, 1
   8              		.eabi_attribute 25, 1
   9              		.eabi_attribute 26, 1
  10              		.eabi_attribute 30, 2
  11              		.eabi_attribute 34, 1
  12              		.eabi_attribute 18, 4
  13              		.thumb
  14              		.file	"hal_lld.c"
  15              		.text
  16              	.Ltext0:
  17              		.cfi_sections	.debug_frame
  18              		.section	.text.hal_lld_init,"ax",%progbits
  19              		.align	2
  20              		.p2align 4,,15
  21              		.global	hal_lld_init
  22              		.thumb
  23              		.thumb_func
  24              		.type	hal_lld_init, %function
  25              	hal_lld_init:
  26              	.LFB214:
  27              		.file 1 "../../../resources/chibios/ChibiOS_16.1.8/os/hal/ports/STM32/STM32F1xx/hal_lld.c"
  28              		.loc 1 126 0
  29              		.cfi_startproc
  30              		@ args = 0, pretend = 0, frame = 0
  31              		@ frame_needed = 0, uses_anonymous_args = 0
  32              		@ link register save eliminated.
  33              		.loc 1 129 0
  34 0000 4FF4805C 		mov	ip, #4096
  35 0004 C4F2020C 		movt	ip, 16386
  36 0008 4FF0FF33 		mov	r3, #-1
  37 000c 0022     		movs	r2, #0
  38 000e DCF81000 		ldr	r0, [ip, #16]
  39 0012 CCF81030 		str	r3, [ip, #16]
  40 0016 CCF81020 		str	r2, [ip, #16]
  41              		.loc 1 130 0
  42 001a DCF80C00 		ldr	r0, [ip, #12]
  43 001e CCF80C30 		str	r3, [ip, #12]
  44 0022 CCF80C20 		str	r2, [ip, #12]
  45              		.loc 1 133 0
  46 0026 DCF81C10 		ldr	r1, [ip, #28]
  47              	.LBB4:
  48              	.LBB5:
  49              		.loc 1 57 0
  50 002a 4FF4E042 		mov	r2, #28672
  51              	.LBE5:
  52              	.LBE4:
  53              		.loc 1 133 0
  54 002e 41F08050 		orr	r0, r1, #268435456
  55 0032 CCF81C00 		str	r0, [ip, #28]
  56              		.loc 1 134 0
  57 0036 DCF81C30 		ldr	r3, [ip, #28]
ARM GAS  /tmp/ccfuA86A.s 			page 2


  58              	.LBB8:
  59              	.LBB6:
  60              		.loc 1 57 0
  61 003a C4F20002 		movt	r2, 16384
  62              	.LBE6:
  63              	.LBE8:
  64              		.loc 1 134 0
  65 003e 43F00061 		orr	r1, r3, #134217728
  66 0042 CCF81C10 		str	r1, [ip, #28]
  67              	.LBB9:
  68              	.LBB7:
  69              		.loc 1 57 0
  70 0046 1068     		ldr	r0, [r2, #0]
  71 0048 40F48073 		orr	r3, r0, #256
  72 004c 1360     		str	r3, [r2, #0]
  73              	.LBE7:
  74              	.LBE9:
  75              		.loc 1 147 0
  76 004e 7047     		bx	lr
  77              		.cfi_endproc
  78              	.LFE214:
  79              		.size	hal_lld_init, .-hal_lld_init
  80              		.section	.text.stm32_clock_init,"ax",%progbits
  81              		.align	2
  82              		.p2align 4,,15
  83              		.global	stm32_clock_init
  84              		.thumb
  85              		.thumb_func
  86              		.type	stm32_clock_init, %function
  87              	stm32_clock_init:
  88              	.LFB215:
  89              		.loc 1 163 0
  90              		.cfi_startproc
  91              		@ args = 0, pretend = 0, frame = 0
  92              		@ frame_needed = 0, uses_anonymous_args = 0
  93              		@ link register save eliminated.
  94              		.loc 1 168 0
  95 0000 4FF48053 		mov	r3, #4096
  96 0004 C4F20203 		movt	r3, 16386
  97 0008 1868     		ldr	r0, [r3, #0]
  98              		.loc 1 169 0
  99 000a 1946     		mov	r1, r3
 100              		.loc 1 168 0
 101 000c 40F00102 		orr	r2, r0, #1
 102 0010 1A60     		str	r2, [r3, #0]
 103              	.L3:
 104              		.loc 1 169 0 discriminator 1
 105 0012 0A68     		ldr	r2, [r1, #0]
 106 0014 4FF48053 		mov	r3, #4096
 107 0018 9207     		lsls	r2, r2, #30
 108 001a C4F20203 		movt	r3, 16386
 109 001e F8D5     		bpl	.L3
 110              		.loc 1 171 0
 111 0020 1A68     		ldr	r2, [r3, #0]
 112              		.loc 1 172 0
 113 0022 0020     		movs	r0, #0
 114              		.loc 1 171 0
ARM GAS  /tmp/ccfuA86A.s 			page 3


 115 0024 02F0F901 		and	r1, r2, #249
 116 0028 1960     		str	r1, [r3, #0]
 117              		.loc 1 173 0
 118 002a 1946     		mov	r1, r3
 119              		.loc 1 172 0
 120 002c 5860     		str	r0, [r3, #4]
 121              	.L4:
 122              		.loc 1 173 0 discriminator 1
 123 002e 4868     		ldr	r0, [r1, #4]
 124 0030 4FF48053 		mov	r3, #4096
 125 0034 10F00C0F 		tst	r0, #12
 126 0038 C4F20203 		movt	r3, 16386
 127 003c F7D1     		bne	.L4
 128              		.loc 1 182 0
 129 003e 1868     		ldr	r0, [r3, #0]
 130              		.loc 1 183 0
 131 0040 1946     		mov	r1, r3
 132              		.loc 1 182 0
 133 0042 40F48032 		orr	r2, r0, #65536
 134 0046 1A60     		str	r2, [r3, #0]
 135              	.L5:
 136              		.loc 1 183 0 discriminator 1
 137 0048 0A68     		ldr	r2, [r1, #0]
 138 004a 4FF48053 		mov	r3, #4096
 139 004e 9003     		lsls	r0, r2, #14
 140 0050 C4F20203 		movt	r3, 16386
 141 0054 F8D5     		bpl	.L5
 142              		.loc 1 196 0
 143 0056 5A68     		ldr	r2, [r3, #4]
 144              		.loc 1 198 0
 145 0058 1946     		mov	r1, r3
 146              		.loc 1 196 0
 147 005a 42F48030 		orr	r0, r2, #65536
 148 005e 5860     		str	r0, [r3, #4]
 149              		.loc 1 197 0
 150 0060 1A68     		ldr	r2, [r3, #0]
 151 0062 42F08070 		orr	r0, r2, #16777216
 152 0066 1860     		str	r0, [r3, #0]
 153              	.L6:
 154              		.loc 1 198 0 discriminator 1
 155 0068 0868     		ldr	r0, [r1, #0]
 156 006a 4FF48053 		mov	r3, #4096
 157 006e 8201     		lsls	r2, r0, #6
 158 0070 C4F20203 		movt	r3, 16386
 159 0074 F8D5     		bpl	.L6
 160              		.loc 1 214 0
 161 0076 4FF4005C 		mov	ip, #8192
 162              		.loc 1 208 0
 163 007a 4FF48032 		mov	r2, #65536
 164              		.loc 1 214 0
 165 007e 1021     		movs	r1, #16
 166 0080 C4F2020C 		movt	ip, 16386
 167              		.loc 1 208 0
 168 0084 5A60     		str	r2, [r3, #4]
 169              		.loc 1 214 0
 170 0086 CCF80010 		str	r1, [ip, #0]
 171              		.loc 1 219 0
ARM GAS  /tmp/ccfuA86A.s 			page 4


 172 008a 5868     		ldr	r0, [r3, #4]
 173              		.loc 1 220 0
 174 008c 1A46     		mov	r2, r3
 175              		.loc 1 219 0
 176 008e 40F00201 		orr	r1, r0, #2
 177 0092 5960     		str	r1, [r3, #4]
 178              	.L7:
 179              		.loc 1 220 0 discriminator 1
 180 0094 5068     		ldr	r0, [r2, #4]
 181 0096 00F00C03 		and	r3, r0, #12
 182 009a 082B     		cmp	r3, #8
 183 009c FAD1     		bne	.L7
 184              		.loc 1 228 0
 185 009e 7047     		bx	lr
 186              		.cfi_endproc
 187              	.LFE215:
 188              		.size	stm32_clock_init, .-stm32_clock_init
 189              		.global	SystemCoreClock
 190              		.section	.data.SystemCoreClock,"aw",%progbits
 191              		.align	2
 192              		.type	SystemCoreClock, %object
 193              		.size	SystemCoreClock, 4
 194              	SystemCoreClock:
 195 0000 00366E01 		.word	24000000
 196              		.text
 197              	.Letext0:
 198              		.file 2 "/home/madog/programs/CodeSourcery/Sourcery_CodeBench_Lite_for_ARM_EABI/bin/../lib/gcc/arm
 199              		.file 3 "/home/madog/programs/CodeSourcery/Sourcery_CodeBench_Lite_for_ARM_EABI/bin/../lib/gcc/arm
 200              		.file 4 "../../../resources/chibios/ChibiOS_16.1.8/os/rt/ports/ARMCMx/compilers/GCC/chtypes.h"
 201              		.file 5 "../../../resources/chibios/ChibiOS_16.1.8/os/rt/include/chsystypes.h"
 202              		.file 6 "../../../resources/chibios/ChibiOS_16.1.8/os/rt/include/chschd.h"
 203              		.file 7 "../../../resources/chibios/ChibiOS_16.1.8/os/ext/CMSIS/ST/STM32F1xx/stm32f100xb.h"
 204              		.file 8 "../../../resources/chibios/ChibiOS_16.1.8/os/rt/ports/ARMCMx/chcore.h"
 205              		.file 9 "../../../resources/chibios/ChibiOS_16.1.8/os/rt/ports/ARMCMx/chcore_v7m.h"
 206              		.file 10 "../../../resources/chibios/ChibiOS_16.1.8/os/rt/include/chtm.h"
 207              		.file 11 "../../../resources/chibios/ChibiOS_16.1.8/os/rt/include/chsem.h"
 208              		.file 12 "../../../resources/chibios/ChibiOS_16.1.8/os/rt/include/chmtx.h"
 209              		.file 13 "../../../resources/chibios/ChibiOS_16.1.8/os/ext/CMSIS/include/core_cm3.h"
 210              		.section	.debug_info,"",%progbits
 211              	.Ldebug_info0:
 212 0000 A5080000 		.4byte	0x8a5
 213 0004 0200     		.2byte	0x2
 214 0006 00000000 		.4byte	.Ldebug_abbrev0
 215 000a 04       		.byte	0x4
 216 000b 01       		.uleb128 0x1
 217 000c 9B040000 		.4byte	.LASF117
 218 0010 01       		.byte	0x1
 219 0011 29000000 		.4byte	.LASF118
 220 0015 44030000 		.4byte	.LASF119
 221 0019 00000000 		.4byte	0
 222 001d 00000000 		.4byte	0
 223 0021 20000000 		.4byte	.Ldebug_ranges0+0x20
 224 0025 00000000 		.4byte	.Ldebug_line0
 225 0029 02       		.uleb128 0x2
 226 002a 04       		.byte	0x4
 227 002b 05       		.byte	0x5
 228 002c 696E7400 		.ascii	"int\000"
ARM GAS  /tmp/ccfuA86A.s 			page 5


 229 0030 03       		.uleb128 0x3
 230 0031 44020000 		.4byte	.LASF2
 231 0035 02       		.byte	0x2
 232 0036 D4       		.byte	0xd4
 233 0037 3B000000 		.4byte	0x3b
 234 003b 04       		.uleb128 0x4
 235 003c 04       		.byte	0x4
 236 003d 07       		.byte	0x7
 237 003e F7000000 		.4byte	.LASF0
 238 0042 04       		.uleb128 0x4
 239 0043 01       		.byte	0x1
 240 0044 06       		.byte	0x6
 241 0045 FB040000 		.4byte	.LASF1
 242 0049 03       		.uleb128 0x3
 243 004a CD020000 		.4byte	.LASF3
 244 004e 03       		.byte	0x3
 245 004f 2A       		.byte	0x2a
 246 0050 54000000 		.4byte	0x54
 247 0054 04       		.uleb128 0x4
 248 0055 01       		.byte	0x1
 249 0056 08       		.byte	0x8
 250 0057 AF040000 		.4byte	.LASF4
 251 005b 04       		.uleb128 0x4
 252 005c 02       		.byte	0x2
 253 005d 05       		.byte	0x5
 254 005e D9030000 		.4byte	.LASF5
 255 0062 03       		.uleb128 0x3
 256 0063 BD030000 		.4byte	.LASF6
 257 0067 03       		.byte	0x3
 258 0068 36       		.byte	0x36
 259 0069 6D000000 		.4byte	0x6d
 260 006d 04       		.uleb128 0x4
 261 006e 02       		.byte	0x2
 262 006f 07       		.byte	0x7
 263 0070 07050000 		.4byte	.LASF7
 264 0074 03       		.uleb128 0x3
 265 0075 8C040000 		.4byte	.LASF8
 266 0079 03       		.byte	0x3
 267 007a 4F       		.byte	0x4f
 268 007b 7F000000 		.4byte	0x7f
 269 007f 04       		.uleb128 0x4
 270 0080 04       		.byte	0x4
 271 0081 05       		.byte	0x5
 272 0082 04040000 		.4byte	.LASF9
 273 0086 03       		.uleb128 0x3
 274 0087 9D010000 		.4byte	.LASF10
 275 008b 03       		.byte	0x3
 276 008c 50       		.byte	0x50
 277 008d 91000000 		.4byte	0x91
 278 0091 04       		.uleb128 0x4
 279 0092 04       		.byte	0x4
 280 0093 07       		.byte	0x7
 281 0094 60040000 		.4byte	.LASF11
 282 0098 04       		.uleb128 0x4
 283 0099 08       		.byte	0x8
 284 009a 05       		.byte	0x5
 285 009b 00030000 		.4byte	.LASF12
ARM GAS  /tmp/ccfuA86A.s 			page 6


 286 009f 03       		.uleb128 0x3
 287 00a0 37040000 		.4byte	.LASF13
 288 00a4 03       		.byte	0x3
 289 00a5 78       		.byte	0x78
 290 00a6 AA000000 		.4byte	0xaa
 291 00aa 04       		.uleb128 0x4
 292 00ab 08       		.byte	0x8
 293 00ac 07       		.byte	0x7
 294 00ad E6010000 		.4byte	.LASF14
 295 00b1 03       		.uleb128 0x3
 296 00b2 C6030000 		.4byte	.LASF15
 297 00b6 04       		.byte	0x4
 298 00b7 39       		.byte	0x39
 299 00b8 86000000 		.4byte	0x86
 300 00bc 03       		.uleb128 0x3
 301 00bd AA030000 		.4byte	.LASF16
 302 00c1 04       		.byte	0x4
 303 00c2 3C       		.byte	0x3c
 304 00c3 49000000 		.4byte	0x49
 305 00c7 03       		.uleb128 0x3
 306 00c8 AD020000 		.4byte	.LASF17
 307 00cc 04       		.byte	0x4
 308 00cd 3D       		.byte	0x3d
 309 00ce 49000000 		.4byte	0x49
 310 00d2 03       		.uleb128 0x3
 311 00d3 58040000 		.4byte	.LASF18
 312 00d7 04       		.byte	0x4
 313 00d8 3E       		.byte	0x3e
 314 00d9 49000000 		.4byte	0x49
 315 00dd 03       		.uleb128 0x3
 316 00de CD010000 		.4byte	.LASF19
 317 00e2 04       		.byte	0x4
 318 00e3 40       		.byte	0x40
 319 00e4 86000000 		.4byte	0x86
 320 00e8 03       		.uleb128 0x3
 321 00e9 1E030000 		.4byte	.LASF20
 322 00ed 04       		.byte	0x4
 323 00ee 41       		.byte	0x41
 324 00ef 74000000 		.4byte	0x74
 325 00f3 03       		.uleb128 0x3
 326 00f4 A6010000 		.4byte	.LASF21
 327 00f8 04       		.byte	0x4
 328 00f9 43       		.byte	0x43
 329 00fa 86000000 		.4byte	0x86
 330 00fe 03       		.uleb128 0x3
 331 00ff 0C020000 		.4byte	.LASF22
 332 0103 04       		.byte	0x4
 333 0104 45       		.byte	0x45
 334 0105 74000000 		.4byte	0x74
 335 0109 03       		.uleb128 0x3
 336 010a D2000000 		.4byte	.LASF23
 337 010e 05       		.byte	0x5
 338 010f 35       		.byte	0x35
 339 0110 62000000 		.4byte	0x62
 340 0114 03       		.uleb128 0x3
 341 0115 36020000 		.4byte	.LASF24
 342 0119 05       		.byte	0x5
ARM GAS  /tmp/ccfuA86A.s 			page 7


 343 011a 3F       		.byte	0x3f
 344 011b 1F010000 		.4byte	0x11f
 345 011f 05       		.uleb128 0x5
 346 0120 E7020000 		.4byte	.LASF44
 347 0124 44       		.byte	0x44
 348 0125 06       		.byte	0x6
 349 0126 C2       		.byte	0xc2
 350 0127 30020000 		.4byte	0x230
 351 012b 06       		.uleb128 0x6
 352 012c 30040000 		.4byte	.LASF25
 353 0130 06       		.byte	0x6
 354 0131 C3       		.byte	0xc3
 355 0132 3B020000 		.4byte	0x23b
 356 0136 02       		.byte	0x2
 357 0137 23       		.byte	0x23
 358 0138 00       		.uleb128 0
 359 0139 06       		.uleb128 0x6
 360 013a 51040000 		.4byte	.LASF26
 361 013e 06       		.byte	0x6
 362 013f C5       		.byte	0xc5
 363 0140 3B020000 		.4byte	0x23b
 364 0144 02       		.byte	0x2
 365 0145 23       		.byte	0x23
 366 0146 04       		.uleb128 0x4
 367 0147 06       		.uleb128 0x6
 368 0148 C2000000 		.4byte	.LASF27
 369 014c 06       		.byte	0x6
 370 014d C7       		.byte	0xc7
 371 014e DD000000 		.4byte	0xdd
 372 0152 02       		.byte	0x2
 373 0153 23       		.byte	0x23
 374 0154 08       		.uleb128 0x8
 375 0155 06       		.uleb128 0x6
 376 0156 40040000 		.4byte	.LASF28
 377 015a 06       		.byte	0x6
 378 015b C8       		.byte	0xc8
 379 015c 32060000 		.4byte	0x632
 380 0160 02       		.byte	0x2
 381 0161 23       		.byte	0x23
 382 0162 0C       		.uleb128 0xc
 383 0163 06       		.uleb128 0x6
 384 0164 17020000 		.4byte	.LASF29
 385 0168 06       		.byte	0x6
 386 0169 CA       		.byte	0xca
 387 016a 3B020000 		.4byte	0x23b
 388 016e 02       		.byte	0x2
 389 016f 23       		.byte	0x23
 390 0170 10       		.uleb128 0x10
 391 0171 06       		.uleb128 0x6
 392 0172 BD020000 		.4byte	.LASF30
 393 0176 06       		.byte	0x6
 394 0177 CB       		.byte	0xcb
 395 0178 3B020000 		.4byte	0x23b
 396 017c 02       		.byte	0x2
 397 017d 23       		.byte	0x23
 398 017e 14       		.uleb128 0x14
 399 017f 06       		.uleb128 0x6
ARM GAS  /tmp/ccfuA86A.s 			page 8


 400 0180 75020000 		.4byte	.LASF31
 401 0184 06       		.byte	0x6
 402 0185 D2       		.byte	0xd2
 403 0186 D1070000 		.4byte	0x7d1
 404 018a 02       		.byte	0x2
 405 018b 23       		.byte	0x23
 406 018c 18       		.uleb128 0x18
 407 018d 06       		.uleb128 0x6
 408 018e C5020000 		.4byte	.LASF32
 409 0192 06       		.byte	0x6
 410 0193 DD       		.byte	0xdd
 411 0194 C7000000 		.4byte	0xc7
 412 0198 02       		.byte	0x2
 413 0199 23       		.byte	0x23
 414 019a 1C       		.uleb128 0x1c
 415 019b 06       		.uleb128 0x6
 416 019c 2C030000 		.4byte	.LASF33
 417 01a0 06       		.byte	0x6
 418 01a1 E1       		.byte	0xe1
 419 01a2 BC000000 		.4byte	0xbc
 420 01a6 02       		.byte	0x2
 421 01a7 23       		.byte	0x23
 422 01a8 1D       		.uleb128 0x1d
 423 01a9 06       		.uleb128 0x6
 424 01aa D3040000 		.4byte	.LASF34
 425 01ae 06       		.byte	0x6
 426 01af E6       		.byte	0xe6
 427 01b0 D2000000 		.4byte	0xd2
 428 01b4 02       		.byte	0x2
 429 01b5 23       		.byte	0x23
 430 01b6 1E       		.uleb128 0x1e
 431 01b7 07       		.uleb128 0x7
 432 01b8 705F7500 		.ascii	"p_u\000"
 433 01bc 06       		.byte	0x6
 434 01bd 3101     		.2byte	0x131
 435 01bf 02070000 		.4byte	0x702
 436 01c3 02       		.byte	0x2
 437 01c4 23       		.byte	0x23
 438 01c5 20       		.uleb128 0x20
 439 01c6 08       		.uleb128 0x8
 440 01c7 7A000000 		.4byte	.LASF35
 441 01cb 06       		.byte	0x6
 442 01cc 3601     		.2byte	0x136
 443 01ce 41020000 		.4byte	0x241
 444 01d2 02       		.byte	0x2
 445 01d3 23       		.byte	0x23
 446 01d4 24       		.uleb128 0x24
 447 01d5 08       		.uleb128 0x8
 448 01d6 EC000000 		.4byte	.LASF36
 449 01da 06       		.byte	0x6
 450 01db 3C01     		.2byte	0x13c
 451 01dd 67020000 		.4byte	0x267
 452 01e1 02       		.byte	0x2
 453 01e2 23       		.byte	0x23
 454 01e3 28       		.uleb128 0x28
 455 01e4 08       		.uleb128 0x8
 456 01e5 A4030000 		.4byte	.LASF37
ARM GAS  /tmp/ccfuA86A.s 			page 9


 457 01e9 06       		.byte	0x6
 458 01ea 4001     		.2byte	0x140
 459 01ec E8000000 		.4byte	0xe8
 460 01f0 02       		.byte	0x2
 461 01f1 23       		.byte	0x23
 462 01f2 30       		.uleb128 0x30
 463 01f3 08       		.uleb128 0x8
 464 01f4 ED030000 		.4byte	.LASF38
 465 01f8 06       		.byte	0x6
 466 01f9 4601     		.2byte	0x146
 467 01fb F3000000 		.4byte	0xf3
 468 01ff 02       		.byte	0x2
 469 0200 23       		.byte	0x23
 470 0201 34       		.uleb128 0x34
 471 0202 08       		.uleb128 0x8
 472 0203 DD020000 		.4byte	.LASF39
 473 0207 06       		.byte	0x6
 474 0208 4D01     		.2byte	0x14d
 475 020a CB070000 		.4byte	0x7cb
 476 020e 02       		.byte	0x2
 477 020f 23       		.byte	0x23
 478 0210 38       		.uleb128 0x38
 479 0211 08       		.uleb128 0x8
 480 0212 CE030000 		.4byte	.LASF40
 481 0216 06       		.byte	0x6
 482 0217 5101     		.2byte	0x151
 483 0219 DD000000 		.4byte	0xdd
 484 021d 02       		.byte	0x2
 485 021e 23       		.byte	0x23
 486 021f 3C       		.uleb128 0x3c
 487 0220 08       		.uleb128 0x8
 488 0221 D5020000 		.4byte	.LASF41
 489 0225 06       		.byte	0x6
 490 0226 5801     		.2byte	0x158
 491 0228 2B030000 		.4byte	0x32b
 492 022c 02       		.byte	0x2
 493 022d 23       		.byte	0x23
 494 022e 40       		.uleb128 0x40
 495 022f 00       		.byte	0
 496 0230 03       		.uleb128 0x3
 497 0231 8E020000 		.4byte	.LASF42
 498 0235 05       		.byte	0x5
 499 0236 44       		.byte	0x44
 500 0237 3B020000 		.4byte	0x23b
 501 023b 09       		.uleb128 0x9
 502 023c 04       		.byte	0x4
 503 023d 14010000 		.4byte	0x114
 504 0241 03       		.uleb128 0x3
 505 0242 04010000 		.4byte	.LASF43
 506 0246 05       		.byte	0x5
 507 0247 49       		.byte	0x49
 508 0248 4C020000 		.4byte	0x24c
 509 024c 05       		.uleb128 0x5
 510 024d 00000000 		.4byte	.LASF45
 511 0251 04       		.byte	0x4
 512 0252 06       		.byte	0x6
 513 0253 B0       		.byte	0xb0
ARM GAS  /tmp/ccfuA86A.s 			page 10


 514 0254 67020000 		.4byte	0x267
 515 0258 06       		.uleb128 0x6
 516 0259 30040000 		.4byte	.LASF25
 517 025d 06       		.byte	0x6
 518 025e B1       		.byte	0xb1
 519 025f 3B020000 		.4byte	0x23b
 520 0263 02       		.byte	0x2
 521 0264 23       		.byte	0x23
 522 0265 00       		.uleb128 0
 523 0266 00       		.byte	0
 524 0267 03       		.uleb128 0x3
 525 0268 10000000 		.4byte	.LASF46
 526 026c 05       		.byte	0x5
 527 026d 50       		.byte	0x50
 528 026e 72020000 		.4byte	0x272
 529 0272 05       		.uleb128 0x5
 530 0273 4A010000 		.4byte	.LASF47
 531 0277 08       		.byte	0x8
 532 0278 06       		.byte	0x6
 533 0279 B7       		.byte	0xb7
 534 027a 9B020000 		.4byte	0x29b
 535 027e 06       		.uleb128 0x6
 536 027f 30040000 		.4byte	.LASF25
 537 0283 06       		.byte	0x6
 538 0284 B8       		.byte	0xb8
 539 0285 3B020000 		.4byte	0x23b
 540 0289 02       		.byte	0x2
 541 028a 23       		.byte	0x23
 542 028b 00       		.uleb128 0
 543 028c 06       		.uleb128 0x6
 544 028d 51040000 		.4byte	.LASF26
 545 0291 06       		.byte	0x6
 546 0292 B9       		.byte	0xb9
 547 0293 3B020000 		.4byte	0x23b
 548 0297 02       		.byte	0x2
 549 0298 23       		.byte	0x23
 550 0299 04       		.uleb128 0x4
 551 029a 00       		.byte	0
 552 029b 03       		.uleb128 0x3
 553 029c 7F040000 		.4byte	.LASF48
 554 02a0 05       		.byte	0x5
 555 02a1 57       		.byte	0x57
 556 02a2 A6020000 		.4byte	0x2a6
 557 02a6 0A       		.uleb128 0xa
 558 02a7 26010000 		.4byte	.LASF49
 559 02ab 1C       		.byte	0x1c
 560 02ac 06       		.byte	0x6
 561 02ad 9001     		.2byte	0x190
 562 02af 0E030000 		.4byte	0x30e
 563 02b3 08       		.uleb128 0x8
 564 02b4 0E030000 		.4byte	.LASF50
 565 02b8 06       		.byte	0x6
 566 02b9 9101     		.2byte	0x191
 567 02bb 67020000 		.4byte	0x267
 568 02bf 02       		.byte	0x2
 569 02c0 23       		.byte	0x23
 570 02c1 00       		.uleb128 0
ARM GAS  /tmp/ccfuA86A.s 			page 11


 571 02c2 08       		.uleb128 0x8
 572 02c3 B2010000 		.4byte	.LASF51
 573 02c7 06       		.byte	0x6
 574 02c8 9201     		.2byte	0x192
 575 02ca DD000000 		.4byte	0xdd
 576 02ce 02       		.byte	0x2
 577 02cf 23       		.byte	0x23
 578 02d0 08       		.uleb128 0x8
 579 02d1 08       		.uleb128 0x8
 580 02d2 1A050000 		.4byte	.LASF52
 581 02d6 06       		.byte	0x6
 582 02d7 9401     		.2byte	0x194
 583 02d9 32060000 		.4byte	0x632
 584 02dd 02       		.byte	0x2
 585 02de 23       		.byte	0x23
 586 02df 0C       		.uleb128 0xc
 587 02e0 08       		.uleb128 0x8
 588 02e1 16030000 		.4byte	.LASF53
 589 02e5 06       		.byte	0x6
 590 02e6 9701     		.2byte	0x197
 591 02e8 3B020000 		.4byte	0x23b
 592 02ec 02       		.byte	0x2
 593 02ed 23       		.byte	0x23
 594 02ee 10       		.uleb128 0x10
 595 02ef 08       		.uleb128 0x8
 596 02f0 7E030000 		.4byte	.LASF54
 597 02f4 06       		.byte	0x6
 598 02f5 9801     		.2byte	0x198
 599 02f7 3B020000 		.4byte	0x23b
 600 02fb 02       		.byte	0x2
 601 02fc 23       		.byte	0x23
 602 02fd 14       		.uleb128 0x14
 603 02fe 08       		.uleb128 0x8
 604 02ff E3030000 		.4byte	.LASF55
 605 0303 06       		.byte	0x6
 606 0304 9B01     		.2byte	0x19b
 607 0306 3B020000 		.4byte	0x23b
 608 030a 02       		.byte	0x2
 609 030b 23       		.byte	0x23
 610 030c 18       		.uleb128 0x18
 611 030d 00       		.byte	0
 612 030e 03       		.uleb128 0x3
 613 030f 5B010000 		.4byte	.LASF56
 614 0313 05       		.byte	0x5
 615 0314 5C       		.byte	0x5c
 616 0315 19030000 		.4byte	0x319
 617 0319 09       		.uleb128 0x9
 618 031a 04       		.byte	0x4
 619 031b 1F030000 		.4byte	0x31f
 620 031f 0B       		.uleb128 0xb
 621 0320 01       		.byte	0x1
 622 0321 2B030000 		.4byte	0x32b
 623 0325 0C       		.uleb128 0xc
 624 0326 2B030000 		.4byte	0x32b
 625 032a 00       		.byte	0
 626 032b 0D       		.uleb128 0xd
 627 032c 04       		.byte	0x4
ARM GAS  /tmp/ccfuA86A.s 			page 12


 628 032d 03       		.uleb128 0x3
 629 032e 34030000 		.4byte	.LASF57
 630 0332 05       		.byte	0x5
 631 0333 61       		.byte	0x61
 632 0334 38030000 		.4byte	0x338
 633 0338 0A       		.uleb128 0xa
 634 0339 D5010000 		.4byte	.LASF58
 635 033d 14       		.byte	0x14
 636 033e 06       		.byte	0x6
 637 033f 6B01     		.2byte	0x16b
 638 0341 91030000 		.4byte	0x391
 639 0345 08       		.uleb128 0x8
 640 0346 DA040000 		.4byte	.LASF59
 641 034a 06       		.byte	0x6
 642 034b 6C01     		.2byte	0x16c
 643 034d E3070000 		.4byte	0x7e3
 644 0351 02       		.byte	0x2
 645 0352 23       		.byte	0x23
 646 0353 00       		.uleb128 0
 647 0354 08       		.uleb128 0x8
 648 0355 33050000 		.4byte	.LASF60
 649 0359 06       		.byte	0x6
 650 035a 6D01     		.2byte	0x16d
 651 035c E3070000 		.4byte	0x7e3
 652 0360 02       		.byte	0x2
 653 0361 23       		.byte	0x23
 654 0362 04       		.uleb128 0x4
 655 0363 08       		.uleb128 0x8
 656 0364 85020000 		.4byte	.LASF61
 657 0368 06       		.byte	0x6
 658 0369 6E01     		.2byte	0x16e
 659 036b 09010000 		.4byte	0x109
 660 036f 02       		.byte	0x2
 661 0370 23       		.byte	0x23
 662 0371 08       		.uleb128 0x8
 663 0372 08       		.uleb128 0x8
 664 0373 2B050000 		.4byte	.LASF62
 665 0377 06       		.byte	0x6
 666 0378 6F01     		.2byte	0x16f
 667 037a 0E030000 		.4byte	0x30e
 668 037e 02       		.byte	0x2
 669 037f 23       		.byte	0x23
 670 0380 0C       		.uleb128 0xc
 671 0381 08       		.uleb128 0x8
 672 0382 B9010000 		.4byte	.LASF63
 673 0386 06       		.byte	0x6
 674 0387 7101     		.2byte	0x171
 675 0389 2B030000 		.4byte	0x32b
 676 038d 02       		.byte	0x2
 677 038e 23       		.byte	0x23
 678 038f 10       		.uleb128 0x10
 679 0390 00       		.byte	0
 680 0391 03       		.uleb128 0x3
 681 0392 BD040000 		.4byte	.LASF64
 682 0396 05       		.byte	0x5
 683 0397 66       		.byte	0x66
 684 0398 9C030000 		.4byte	0x39c
ARM GAS  /tmp/ccfuA86A.s 			page 13


 685 039c 0A       		.uleb128 0xa
 686 039d 1F020000 		.4byte	.LASF65
 687 03a1 0C       		.byte	0xc
 688 03a2 06       		.byte	0x6
 689 03a3 7B01     		.2byte	0x17b
 690 03a5 E6030000 		.4byte	0x3e6
 691 03a9 08       		.uleb128 0x8
 692 03aa DA040000 		.4byte	.LASF59
 693 03ae 06       		.byte	0x6
 694 03af 7C01     		.2byte	0x17c
 695 03b1 E3070000 		.4byte	0x7e3
 696 03b5 02       		.byte	0x2
 697 03b6 23       		.byte	0x23
 698 03b7 00       		.uleb128 0
 699 03b8 08       		.uleb128 0x8
 700 03b9 33050000 		.4byte	.LASF60
 701 03bd 06       		.byte	0x6
 702 03be 7E01     		.2byte	0x17e
 703 03c0 E3070000 		.4byte	0x7e3
 704 03c4 02       		.byte	0x2
 705 03c5 23       		.byte	0x23
 706 03c6 04       		.uleb128 0x4
 707 03c7 08       		.uleb128 0x8
 708 03c8 85020000 		.4byte	.LASF61
 709 03cc 06       		.byte	0x6
 710 03cd 8001     		.2byte	0x180
 711 03cf 09010000 		.4byte	0x109
 712 03d3 02       		.byte	0x2
 713 03d4 23       		.byte	0x23
 714 03d5 08       		.uleb128 0x8
 715 03d6 08       		.uleb128 0x8
 716 03d7 A1020000 		.4byte	.LASF66
 717 03db 06       		.byte	0x6
 718 03dc 8801     		.2byte	0x188
 719 03de 09010000 		.4byte	0x109
 720 03e2 02       		.byte	0x2
 721 03e3 23       		.byte	0x23
 722 03e4 0A       		.uleb128 0xa
 723 03e5 00       		.byte	0
 724 03e6 03       		.uleb128 0x3
 725 03e7 F1020000 		.4byte	.LASF67
 726 03eb 05       		.byte	0x5
 727 03ec 6B       		.byte	0x6b
 728 03ed F1030000 		.4byte	0x3f1
 729 03f1 0A       		.uleb128 0xa
 730 03f2 6A010000 		.4byte	.LASF68
 731 03f6 04       		.byte	0x4
 732 03f7 06       		.byte	0x6
 733 03f8 A201     		.2byte	0x1a2
 734 03fa 0E040000 		.4byte	0x40e
 735 03fe 08       		.uleb128 0x8
 736 03ff 94030000 		.4byte	.LASF69
 737 0403 06       		.byte	0x6
 738 0404 AA01     		.2byte	0x1aa
 739 0406 E9070000 		.4byte	0x7e9
 740 040a 02       		.byte	0x2
 741 040b 23       		.byte	0x23
ARM GAS  /tmp/ccfuA86A.s 			page 14


 742 040c 00       		.uleb128 0
 743 040d 00       		.byte	0
 744 040e 03       		.uleb128 0x3
 745 040f E2040000 		.4byte	.LASF70
 746 0413 05       		.byte	0x5
 747 0414 70       		.byte	0x70
 748 0415 19040000 		.4byte	0x419
 749 0419 0E       		.uleb128 0xe
 750 041a 26040000 		.4byte	.LASF71
 751 041e 5001     		.2byte	0x150
 752 0420 06       		.byte	0x6
 753 0421 C201     		.2byte	0x1c2
 754 0423 81040000 		.4byte	0x481
 755 0427 08       		.uleb128 0x8
 756 0428 4B040000 		.4byte	.LASF72
 757 042c 06       		.byte	0x6
 758 042d C601     		.2byte	0x1c6
 759 042f 9B020000 		.4byte	0x29b
 760 0433 02       		.byte	0x2
 761 0434 23       		.byte	0x23
 762 0435 00       		.uleb128 0
 763 0436 08       		.uleb128 0x8
 764 0437 1F010000 		.4byte	.LASF73
 765 043b 06       		.byte	0x6
 766 043c CA01     		.2byte	0x1ca
 767 043e 91030000 		.4byte	0x391
 768 0442 02       		.byte	0x2
 769 0443 23       		.byte	0x23
 770 0444 1C       		.uleb128 0x1c
 771 0445 07       		.uleb128 0x7
 772 0446 64626700 		.ascii	"dbg\000"
 773 044a 06       		.byte	0x6
 774 044b CE01     		.2byte	0x1ce
 775 044d E6030000 		.4byte	0x3e6
 776 0451 02       		.byte	0x2
 777 0452 23       		.byte	0x23
 778 0453 28       		.uleb128 0x28
 779 0454 08       		.uleb128 0x8
 780 0455 B2030000 		.4byte	.LASF74
 781 0459 06       		.byte	0x6
 782 045a D201     		.2byte	0x1d2
 783 045c 14010000 		.4byte	0x114
 784 0460 02       		.byte	0x2
 785 0461 23       		.byte	0x23
 786 0462 2C       		.uleb128 0x2c
 787 0463 07       		.uleb128 0x7
 788 0464 746D00   		.ascii	"tm\000"
 789 0467 06       		.byte	0x6
 790 0468 D701     		.2byte	0x1d7
 791 046a F7060000 		.4byte	0x6f7
 792 046e 02       		.byte	0x2
 793 046f 23       		.byte	0x23
 794 0470 70       		.uleb128 0x70
 795 0471 08       		.uleb128 0x8
 796 0472 34010000 		.4byte	.LASF75
 797 0476 06       		.byte	0x6
 798 0477 E301     		.2byte	0x1e3
ARM GAS  /tmp/ccfuA86A.s 			page 15


 799 0479 EE070000 		.4byte	0x7ee
 800 047d 02       		.byte	0x2
 801 047e 23       		.byte	0x23
 802 047f 78       		.uleb128 0x78
 803 0480 00       		.byte	0
 804 0481 0F       		.uleb128 0xf
 805 0482 86000000 		.4byte	0x86
 806 0486 10       		.uleb128 0x10
 807 0487 24       		.byte	0x24
 808 0488 07       		.byte	0x7
 809 0489 3001     		.2byte	0x130
 810 048b 14050000 		.4byte	0x514
 811 048f 07       		.uleb128 0x7
 812 0490 41435200 		.ascii	"ACR\000"
 813 0494 07       		.byte	0x7
 814 0495 3201     		.2byte	0x132
 815 0497 81040000 		.4byte	0x481
 816 049b 02       		.byte	0x2
 817 049c 23       		.byte	0x23
 818 049d 00       		.uleb128 0
 819 049e 08       		.uleb128 0x8
 820 049f 12020000 		.4byte	.LASF76
 821 04a3 07       		.byte	0x7
 822 04a4 3301     		.2byte	0x133
 823 04a6 81040000 		.4byte	0x481
 824 04aa 02       		.byte	0x2
 825 04ab 23       		.byte	0x23
 826 04ac 04       		.uleb128 0x4
 827 04ad 08       		.uleb128 0x8
 828 04ae 04020000 		.4byte	.LASF77
 829 04b2 07       		.byte	0x7
 830 04b3 3401     		.2byte	0x134
 831 04b5 81040000 		.4byte	0x481
 832 04b9 02       		.byte	0x2
 833 04ba 23       		.byte	0x23
 834 04bb 08       		.uleb128 0x8
 835 04bc 07       		.uleb128 0x7
 836 04bd 535200   		.ascii	"SR\000"
 837 04c0 07       		.byte	0x7
 838 04c1 3501     		.2byte	0x135
 839 04c3 81040000 		.4byte	0x481
 840 04c7 02       		.byte	0x2
 841 04c8 23       		.byte	0x23
 842 04c9 0C       		.uleb128 0xc
 843 04ca 07       		.uleb128 0x7
 844 04cb 435200   		.ascii	"CR\000"
 845 04ce 07       		.byte	0x7
 846 04cf 3601     		.2byte	0x136
 847 04d1 81040000 		.4byte	0x481
 848 04d5 02       		.byte	0x2
 849 04d6 23       		.byte	0x23
 850 04d7 10       		.uleb128 0x10
 851 04d8 07       		.uleb128 0x7
 852 04d9 415200   		.ascii	"AR\000"
 853 04dc 07       		.byte	0x7
 854 04dd 3701     		.2byte	0x137
 855 04df 81040000 		.4byte	0x481
ARM GAS  /tmp/ccfuA86A.s 			page 16


 856 04e3 02       		.byte	0x2
 857 04e4 23       		.byte	0x23
 858 04e5 14       		.uleb128 0x14
 859 04e6 08       		.uleb128 0x8
 860 04e7 20000000 		.4byte	.LASF78
 861 04eb 07       		.byte	0x7
 862 04ec 3801     		.2byte	0x138
 863 04ee 81040000 		.4byte	0x481
 864 04f2 02       		.byte	0x2
 865 04f3 23       		.byte	0x23
 866 04f4 18       		.uleb128 0x18
 867 04f5 07       		.uleb128 0x7
 868 04f6 4F425200 		.ascii	"OBR\000"
 869 04fa 07       		.byte	0x7
 870 04fb 3901     		.2byte	0x139
 871 04fd 81040000 		.4byte	0x481
 872 0501 02       		.byte	0x2
 873 0502 23       		.byte	0x23
 874 0503 1C       		.uleb128 0x1c
 875 0504 08       		.uleb128 0x8
 876 0505 3F020000 		.4byte	.LASF79
 877 0509 07       		.byte	0x7
 878 050a 3A01     		.2byte	0x13a
 879 050c 81040000 		.4byte	0x481
 880 0510 02       		.byte	0x2
 881 0511 23       		.byte	0x23
 882 0512 20       		.uleb128 0x20
 883 0513 00       		.byte	0
 884 0514 11       		.uleb128 0x11
 885 0515 52020000 		.4byte	.LASF80
 886 0519 07       		.byte	0x7
 887 051a 3B01     		.2byte	0x13b
 888 051c 86040000 		.4byte	0x486
 889 0520 10       		.uleb128 0x10
 890 0521 08       		.byte	0x8
 891 0522 07       		.byte	0x7
 892 0523 8901     		.2byte	0x189
 893 0525 47050000 		.4byte	0x547
 894 0529 07       		.uleb128 0x7
 895 052a 435200   		.ascii	"CR\000"
 896 052d 07       		.byte	0x7
 897 052e 8B01     		.2byte	0x18b
 898 0530 81040000 		.4byte	0x481
 899 0534 02       		.byte	0x2
 900 0535 23       		.byte	0x23
 901 0536 00       		.uleb128 0
 902 0537 07       		.uleb128 0x7
 903 0538 43535200 		.ascii	"CSR\000"
 904 053c 07       		.byte	0x7
 905 053d 8C01     		.2byte	0x18c
 906 053f 81040000 		.4byte	0x481
 907 0543 02       		.byte	0x2
 908 0544 23       		.byte	0x23
 909 0545 04       		.uleb128 0x4
 910 0546 00       		.byte	0
 911 0547 11       		.uleb128 0x11
 912 0548 F8030000 		.4byte	.LASF81
ARM GAS  /tmp/ccfuA86A.s 			page 17


 913 054c 07       		.byte	0x7
 914 054d 8D01     		.2byte	0x18d
 915 054f 20050000 		.4byte	0x520
 916 0553 10       		.uleb128 0x10
 917 0554 30       		.byte	0x30
 918 0555 07       		.byte	0x7
 919 0556 9301     		.2byte	0x193
 920 0558 10060000 		.4byte	0x610
 921 055c 07       		.uleb128 0x7
 922 055d 435200   		.ascii	"CR\000"
 923 0560 07       		.byte	0x7
 924 0561 9501     		.2byte	0x195
 925 0563 81040000 		.4byte	0x481
 926 0567 02       		.byte	0x2
 927 0568 23       		.byte	0x23
 928 0569 00       		.uleb128 0
 929 056a 08       		.uleb128 0x8
 930 056b 46040000 		.4byte	.LASF82
 931 056f 07       		.byte	0x7
 932 0570 9601     		.2byte	0x196
 933 0572 81040000 		.4byte	0x481
 934 0576 02       		.byte	0x2
 935 0577 23       		.byte	0x23
 936 0578 04       		.uleb128 0x4
 937 0579 07       		.uleb128 0x7
 938 057a 43495200 		.ascii	"CIR\000"
 939 057e 07       		.byte	0x7
 940 057f 9701     		.2byte	0x197
 941 0581 81040000 		.4byte	0x481
 942 0585 02       		.byte	0x2
 943 0586 23       		.byte	0x23
 944 0587 08       		.uleb128 0x8
 945 0588 08       		.uleb128 0x8
 946 0589 C9000000 		.4byte	.LASF83
 947 058d 07       		.byte	0x7
 948 058e 9801     		.2byte	0x198
 949 0590 81040000 		.4byte	0x481
 950 0594 02       		.byte	0x2
 951 0595 23       		.byte	0x23
 952 0596 0C       		.uleb128 0xc
 953 0597 08       		.uleb128 0x8
 954 0598 7C020000 		.4byte	.LASF84
 955 059c 07       		.byte	0x7
 956 059d 9901     		.2byte	0x199
 957 059f 81040000 		.4byte	0x481
 958 05a3 02       		.byte	0x2
 959 05a4 23       		.byte	0x23
 960 05a5 10       		.uleb128 0x10
 961 05a6 08       		.uleb128 0x8
 962 05a7 B6020000 		.4byte	.LASF85
 963 05ab 07       		.byte	0x7
 964 05ac 9A01     		.2byte	0x19a
 965 05ae 81040000 		.4byte	0x481
 966 05b2 02       		.byte	0x2
 967 05b3 23       		.byte	0x23
 968 05b4 14       		.uleb128 0x14
 969 05b5 08       		.uleb128 0x8
ARM GAS  /tmp/ccfuA86A.s 			page 18


 970 05b6 8C030000 		.4byte	.LASF86
 971 05ba 07       		.byte	0x7
 972 05bb 9B01     		.2byte	0x19b
 973 05bd 81040000 		.4byte	0x481
 974 05c1 02       		.byte	0x2
 975 05c2 23       		.byte	0x23
 976 05c3 18       		.uleb128 0x18
 977 05c4 08       		.uleb128 0x8
 978 05c5 84000000 		.4byte	.LASF87
 979 05c9 07       		.byte	0x7
 980 05ca 9C01     		.2byte	0x19c
 981 05cc 81040000 		.4byte	0x481
 982 05d0 02       		.byte	0x2
 983 05d1 23       		.byte	0x23
 984 05d2 1C       		.uleb128 0x1c
 985 05d3 08       		.uleb128 0x8
 986 05d4 13010000 		.4byte	.LASF88
 987 05d8 07       		.byte	0x7
 988 05d9 9D01     		.2byte	0x19d
 989 05db 81040000 		.4byte	0x481
 990 05df 02       		.byte	0x2
 991 05e0 23       		.byte	0x23
 992 05e1 20       		.uleb128 0x20
 993 05e2 07       		.uleb128 0x7
 994 05e3 43535200 		.ascii	"CSR\000"
 995 05e7 07       		.byte	0x7
 996 05e8 9E01     		.2byte	0x19e
 997 05ea 81040000 		.4byte	0x481
 998 05ee 02       		.byte	0x2
 999 05ef 23       		.byte	0x23
 1000 05f0 24       		.uleb128 0x24
 1001 05f1 08       		.uleb128 0x8
 1002 05f2 3B050000 		.4byte	.LASF89
 1003 05f6 07       		.byte	0x7
 1004 05f7 A101     		.2byte	0x1a1
 1005 05f9 86000000 		.4byte	0x86
 1006 05fd 02       		.byte	0x2
 1007 05fe 23       		.byte	0x23
 1008 05ff 28       		.uleb128 0x28
 1009 0600 08       		.uleb128 0x8
 1010 0601 86030000 		.4byte	.LASF90
 1011 0605 07       		.byte	0x7
 1012 0606 A201     		.2byte	0x1a2
 1013 0608 81040000 		.4byte	0x481
 1014 060c 02       		.byte	0x2
 1015 060d 23       		.byte	0x23
 1016 060e 2C       		.uleb128 0x2c
 1017 060f 00       		.byte	0
 1018 0610 11       		.uleb128 0x11
 1019 0611 60020000 		.4byte	.LASF91
 1020 0615 07       		.byte	0x7
 1021 0616 A301     		.2byte	0x1a3
 1022 0618 53050000 		.4byte	0x553
 1023 061c 03       		.uleb128 0x3
 1024 061d B9000000 		.4byte	.LASF92
 1025 0621 08       		.byte	0x8
 1026 0622 65       		.byte	0x65
ARM GAS  /tmp/ccfuA86A.s 			page 19


 1027 0623 2B030000 		.4byte	0x32b
 1028 0627 03       		.uleb128 0x3
 1029 0628 20050000 		.4byte	.LASF93
 1030 062c 08       		.byte	0x8
 1031 062d 6D       		.byte	0x6d
 1032 062e 9F000000 		.4byte	0x9f
 1033 0632 05       		.uleb128 0x5
 1034 0633 24030000 		.4byte	.LASF94
 1035 0637 04       		.byte	0x4
 1036 0638 08       		.byte	0x8
 1037 0639 89       		.byte	0x89
 1038 063a 4D060000 		.4byte	0x64d
 1039 063e 12       		.uleb128 0x12
 1040 063f 72313300 		.ascii	"r13\000"
 1041 0643 08       		.byte	0x8
 1042 0644 8A       		.byte	0x8a
 1043 0645 DA060000 		.4byte	0x6da
 1044 0649 02       		.byte	0x2
 1045 064a 23       		.byte	0x23
 1046 064b 00       		.uleb128 0
 1047 064c 00       		.byte	0
 1048 064d 05       		.uleb128 0x5
 1049 064e 0D040000 		.4byte	.LASF95
 1050 0652 24       		.byte	0x24
 1051 0653 09       		.byte	0x9
 1052 0654 FD       		.byte	0xfd
 1053 0655 DA060000 		.4byte	0x6da
 1054 0659 07       		.uleb128 0x7
 1055 065a 723400   		.ascii	"r4\000"
 1056 065d 09       		.byte	0x9
 1057 065e 1001     		.2byte	0x110
 1058 0660 1C060000 		.4byte	0x61c
 1059 0664 02       		.byte	0x2
 1060 0665 23       		.byte	0x23
 1061 0666 00       		.uleb128 0
 1062 0667 07       		.uleb128 0x7
 1063 0668 723500   		.ascii	"r5\000"
 1064 066b 09       		.byte	0x9
 1065 066c 1101     		.2byte	0x111
 1066 066e 1C060000 		.4byte	0x61c
 1067 0672 02       		.byte	0x2
 1068 0673 23       		.byte	0x23
 1069 0674 04       		.uleb128 0x4
 1070 0675 07       		.uleb128 0x7
 1071 0676 723600   		.ascii	"r6\000"
 1072 0679 09       		.byte	0x9
 1073 067a 1201     		.2byte	0x112
 1074 067c 1C060000 		.4byte	0x61c
 1075 0680 02       		.byte	0x2
 1076 0681 23       		.byte	0x23
 1077 0682 08       		.uleb128 0x8
 1078 0683 07       		.uleb128 0x7
 1079 0684 723700   		.ascii	"r7\000"
 1080 0687 09       		.byte	0x9
 1081 0688 1301     		.2byte	0x113
 1082 068a 1C060000 		.4byte	0x61c
 1083 068e 02       		.byte	0x2
ARM GAS  /tmp/ccfuA86A.s 			page 20


 1084 068f 23       		.byte	0x23
 1085 0690 0C       		.uleb128 0xc
 1086 0691 07       		.uleb128 0x7
 1087 0692 723800   		.ascii	"r8\000"
 1088 0695 09       		.byte	0x9
 1089 0696 1401     		.2byte	0x114
 1090 0698 1C060000 		.4byte	0x61c
 1091 069c 02       		.byte	0x2
 1092 069d 23       		.byte	0x23
 1093 069e 10       		.uleb128 0x10
 1094 069f 07       		.uleb128 0x7
 1095 06a0 723900   		.ascii	"r9\000"
 1096 06a3 09       		.byte	0x9
 1097 06a4 1501     		.2byte	0x115
 1098 06a6 1C060000 		.4byte	0x61c
 1099 06aa 02       		.byte	0x2
 1100 06ab 23       		.byte	0x23
 1101 06ac 14       		.uleb128 0x14
 1102 06ad 07       		.uleb128 0x7
 1103 06ae 72313000 		.ascii	"r10\000"
 1104 06b2 09       		.byte	0x9
 1105 06b3 1601     		.2byte	0x116
 1106 06b5 1C060000 		.4byte	0x61c
 1107 06b9 02       		.byte	0x2
 1108 06ba 23       		.byte	0x23
 1109 06bb 18       		.uleb128 0x18
 1110 06bc 07       		.uleb128 0x7
 1111 06bd 72313100 		.ascii	"r11\000"
 1112 06c1 09       		.byte	0x9
 1113 06c2 1701     		.2byte	0x117
 1114 06c4 1C060000 		.4byte	0x61c
 1115 06c8 02       		.byte	0x2
 1116 06c9 23       		.byte	0x23
 1117 06ca 1C       		.uleb128 0x1c
 1118 06cb 07       		.uleb128 0x7
 1119 06cc 6C7200   		.ascii	"lr\000"
 1120 06cf 09       		.byte	0x9
 1121 06d0 1801     		.2byte	0x118
 1122 06d2 1C060000 		.4byte	0x61c
 1123 06d6 02       		.byte	0x2
 1124 06d7 23       		.byte	0x23
 1125 06d8 20       		.uleb128 0x20
 1126 06d9 00       		.byte	0
 1127 06da 09       		.uleb128 0x9
 1128 06db 04       		.byte	0x4
 1129 06dc 4D060000 		.4byte	0x64d
 1130 06e0 13       		.uleb128 0x13
 1131 06e1 04       		.byte	0x4
 1132 06e2 0A       		.byte	0xa
 1133 06e3 38       		.byte	0x38
 1134 06e4 F7060000 		.4byte	0x6f7
 1135 06e8 06       		.uleb128 0x6
 1136 06e9 FD010000 		.4byte	.LASF96
 1137 06ed 0A       		.byte	0xa
 1138 06ee 3C       		.byte	0x3c
 1139 06ef B1000000 		.4byte	0xb1
 1140 06f3 02       		.byte	0x2
ARM GAS  /tmp/ccfuA86A.s 			page 21


 1141 06f4 23       		.byte	0x23
 1142 06f5 00       		.uleb128 0
 1143 06f6 00       		.byte	0
 1144 06f7 03       		.uleb128 0x3
 1145 06f8 A3000000 		.4byte	.LASF97
 1146 06fc 0A       		.byte	0xa
 1147 06fd 3D       		.byte	0x3d
 1148 06fe E0060000 		.4byte	0x6e0
 1149 0702 14       		.uleb128 0x14
 1150 0703 04       		.byte	0x4
 1151 0704 06       		.byte	0x6
 1152 0705 FA       		.byte	0xfa
 1153 0706 5F070000 		.4byte	0x75f
 1154 070a 15       		.uleb128 0x15
 1155 070b 4B020000 		.4byte	.LASF98
 1156 070f 06       		.byte	0x6
 1157 0710 0101     		.2byte	0x101
 1158 0712 E8000000 		.4byte	0xe8
 1159 0716 15       		.uleb128 0x15
 1160 0717 56050000 		.4byte	.LASF99
 1161 071b 06       		.byte	0x6
 1162 071c 0801     		.2byte	0x108
 1163 071e E8000000 		.4byte	0xe8
 1164 0722 15       		.uleb128 0x15
 1165 0723 18010000 		.4byte	.LASF100
 1166 0727 06       		.byte	0x6
 1167 0728 0F01     		.2byte	0x10f
 1168 072a 2B030000 		.4byte	0x32b
 1169 072e 15       		.uleb128 0x15
 1170 072f EE040000 		.4byte	.LASF101
 1171 0733 06       		.byte	0x6
 1172 0734 1601     		.2byte	0x116
 1173 0736 5F070000 		.4byte	0x75f
 1174 073a 15       		.uleb128 0x15
 1175 073b 94040000 		.4byte	.LASF102
 1176 073f 06       		.byte	0x6
 1177 0740 1E01     		.2byte	0x11e
 1178 0742 8E070000 		.4byte	0x78e
 1179 0746 15       		.uleb128 0x15
 1180 0747 9C000000 		.4byte	.LASF103
 1181 074b 06       		.byte	0x6
 1182 074c 2701     		.2byte	0x127
 1183 074e CB070000 		.4byte	0x7cb
 1184 0752 15       		.uleb128 0x15
 1185 0753 43010000 		.4byte	.LASF104
 1186 0757 06       		.byte	0x6
 1187 0758 2F01     		.2byte	0x12f
 1188 075a F3000000 		.4byte	0xf3
 1189 075e 00       		.byte	0
 1190 075f 09       		.uleb128 0x9
 1191 0760 04       		.byte	0x4
 1192 0761 30020000 		.4byte	0x230
 1193 0765 05       		.uleb128 0x5
 1194 0766 C0010000 		.4byte	.LASF105
 1195 076a 0C       		.byte	0xc
 1196 076b 0B       		.byte	0xb
 1197 076c 34       		.byte	0x34
ARM GAS  /tmp/ccfuA86A.s 			page 22


 1198 076d 8E070000 		.4byte	0x78e
 1199 0771 06       		.uleb128 0x6
 1200 0772 E4000000 		.4byte	.LASF106
 1201 0776 0B       		.byte	0xb
 1202 0777 35       		.byte	0x35
 1203 0778 67020000 		.4byte	0x267
 1204 077c 02       		.byte	0x2
 1205 077d 23       		.byte	0x23
 1206 077e 00       		.uleb128 0
 1207 077f 06       		.uleb128 0x6
 1208 0780 64010000 		.4byte	.LASF107
 1209 0784 0B       		.byte	0xb
 1210 0785 37       		.byte	0x37
 1211 0786 FE000000 		.4byte	0xfe
 1212 078a 02       		.byte	0x2
 1213 078b 23       		.byte	0x23
 1214 078c 08       		.uleb128 0x8
 1215 078d 00       		.byte	0
 1216 078e 09       		.uleb128 0x9
 1217 078f 04       		.byte	0x4
 1218 0790 65070000 		.4byte	0x765
 1219 0794 05       		.uleb128 0x5
 1220 0795 6C020000 		.4byte	.LASF108
 1221 0799 10       		.byte	0x10
 1222 079a 0C       		.byte	0xc
 1223 079b 39       		.byte	0x39
 1224 079c CB070000 		.4byte	0x7cb
 1225 07a0 06       		.uleb128 0x6
 1226 07a1 7A010000 		.4byte	.LASF109
 1227 07a5 0C       		.byte	0xc
 1228 07a6 3A       		.byte	0x3a
 1229 07a7 67020000 		.4byte	0x267
 1230 07ab 02       		.byte	0x2
 1231 07ac 23       		.byte	0x23
 1232 07ad 00       		.uleb128 0
 1233 07ae 06       		.uleb128 0x6
 1234 07af DC000000 		.4byte	.LASF110
 1235 07b3 0C       		.byte	0xc
 1236 07b4 3C       		.byte	0x3c
 1237 07b5 3B020000 		.4byte	0x23b
 1238 07b9 02       		.byte	0x2
 1239 07ba 23       		.byte	0x23
 1240 07bb 08       		.uleb128 0x8
 1241 07bc 06       		.uleb128 0x6
 1242 07bd F4040000 		.4byte	.LASF111
 1243 07c1 0C       		.byte	0xc
 1244 07c2 3E       		.byte	0x3e
 1245 07c3 09080000 		.4byte	0x809
 1246 07c7 02       		.byte	0x2
 1247 07c8 23       		.byte	0x23
 1248 07c9 0C       		.uleb128 0xc
 1249 07ca 00       		.byte	0
 1250 07cb 09       		.uleb128 0x9
 1251 07cc 04       		.byte	0x4
 1252 07cd 94070000 		.4byte	0x794
 1253 07d1 09       		.uleb128 0x9
 1254 07d2 04       		.byte	0x4
ARM GAS  /tmp/ccfuA86A.s 			page 23


 1255 07d3 D7070000 		.4byte	0x7d7
 1256 07d7 16       		.uleb128 0x16
 1257 07d8 DC070000 		.4byte	0x7dc
 1258 07dc 04       		.uleb128 0x4
 1259 07dd 01       		.byte	0x1
 1260 07de 08       		.byte	0x8
 1261 07df B4000000 		.4byte	.LASF112
 1262 07e3 09       		.uleb128 0x9
 1263 07e4 04       		.byte	0x4
 1264 07e5 2D030000 		.4byte	0x32d
 1265 07e9 0F       		.uleb128 0xf
 1266 07ea D1070000 		.4byte	0x7d1
 1267 07ee 17       		.uleb128 0x17
 1268 07ef 27060000 		.4byte	0x627
 1269 07f3 FE070000 		.4byte	0x7fe
 1270 07f7 18       		.uleb128 0x18
 1271 07f8 3B000000 		.4byte	0x3b
 1272 07fc 1A       		.byte	0x1a
 1273 07fd 00       		.byte	0
 1274 07fe 03       		.uleb128 0x3
 1275 07ff A7040000 		.4byte	.LASF113
 1276 0803 0C       		.byte	0xc
 1277 0804 34       		.byte	0x34
 1278 0805 94070000 		.4byte	0x794
 1279 0809 09       		.uleb128 0x9
 1280 080a 04       		.byte	0x4
 1281 080b FE070000 		.4byte	0x7fe
 1282 080f 04       		.uleb128 0x4
 1283 0810 01       		.byte	0x1
 1284 0811 02       		.byte	0x2
 1285 0812 9E030000 		.4byte	.LASF114
 1286 0816 19       		.uleb128 0x19
 1287 0817 82010000 		.4byte	.LASF120
 1288 081b 01       		.byte	0x1
 1289 081c 36       		.byte	0x36
 1290 081d 01       		.byte	0x1
 1291 081e 01       		.byte	0x1
 1292 081f 1A       		.uleb128 0x1a
 1293 0820 01       		.byte	0x1
 1294 0821 72040000 		.4byte	.LASF121
 1295 0825 01       		.byte	0x1
 1296 0826 7E       		.byte	0x7e
 1297 0827 01       		.byte	0x1
 1298 0828 00000000 		.4byte	.LFB214
 1299 082c 50000000 		.4byte	.LFE214
 1300 0830 02       		.byte	0x2
 1301 0831 7D       		.byte	0x7d
 1302 0832 00       		.sleb128 0
 1303 0833 47080000 		.4byte	0x847
 1304 0837 1B       		.uleb128 0x1b
 1305 0838 16080000 		.4byte	0x816
 1306 083c 2A000000 		.4byte	.LBB4
 1307 0840 00000000 		.4byte	.Ldebug_ranges0+0
 1308 0844 01       		.byte	0x1
 1309 0845 89       		.byte	0x89
 1310 0846 00       		.byte	0
 1311 0847 1C       		.uleb128 0x1c
ARM GAS  /tmp/ccfuA86A.s 			page 24


 1312 0848 01       		.byte	0x1
 1313 0849 45050000 		.4byte	.LASF122
 1314 084d 01       		.byte	0x1
 1315 084e A3       		.byte	0xa3
 1316 084f 01       		.byte	0x1
 1317 0850 00000000 		.4byte	.LFB215
 1318 0854 A0000000 		.4byte	.LFE215
 1319 0858 02       		.byte	0x2
 1320 0859 7D       		.byte	0x7d
 1321 085a 00       		.sleb128 0
 1322 085b 1D       		.uleb128 0x1d
 1323 085c 19040000 		.4byte	.LASF115
 1324 0860 0D       		.byte	0xd
 1325 0861 5506     		.2byte	0x655
 1326 0863 69080000 		.4byte	0x869
 1327 0867 01       		.byte	0x1
 1328 0868 01       		.byte	0x1
 1329 0869 0F       		.uleb128 0xf
 1330 086a 74000000 		.4byte	0x74
 1331 086e 1E       		.uleb128 0x1e
 1332 086f 636800   		.ascii	"ch\000"
 1333 0872 06       		.byte	0x6
 1334 0873 0902     		.2byte	0x209
 1335 0875 0E040000 		.4byte	0x40e
 1336 0879 01       		.byte	0x1
 1337 087a 01       		.byte	0x1
 1338 087b 1D       		.uleb128 0x1d
 1339 087c 19040000 		.4byte	.LASF115
 1340 0880 0D       		.byte	0xd
 1341 0881 5506     		.2byte	0x655
 1342 0883 69080000 		.4byte	0x869
 1343 0887 01       		.byte	0x1
 1344 0888 01       		.byte	0x1
 1345 0889 1F       		.uleb128 0x1f
 1346 088a 8C000000 		.4byte	.LASF116
 1347 088e 01       		.byte	0x1
 1348 088f 27       		.byte	0x27
 1349 0890 86000000 		.4byte	0x86
 1350 0894 01       		.byte	0x1
 1351 0895 05       		.byte	0x5
 1352 0896 03       		.byte	0x3
 1353 0897 00000000 		.4byte	SystemCoreClock
 1354 089b 1E       		.uleb128 0x1e
 1355 089c 636800   		.ascii	"ch\000"
 1356 089f 06       		.byte	0x6
 1357 08a0 0902     		.2byte	0x209
 1358 08a2 0E040000 		.4byte	0x40e
 1359 08a6 01       		.byte	0x1
 1360 08a7 01       		.byte	0x1
 1361 08a8 00       		.byte	0
 1362              		.section	.debug_abbrev,"",%progbits
 1363              	.Ldebug_abbrev0:
 1364 0000 01       		.uleb128 0x1
 1365 0001 11       		.uleb128 0x11
 1366 0002 01       		.byte	0x1
 1367 0003 25       		.uleb128 0x25
 1368 0004 0E       		.uleb128 0xe
ARM GAS  /tmp/ccfuA86A.s 			page 25


 1369 0005 13       		.uleb128 0x13
 1370 0006 0B       		.uleb128 0xb
 1371 0007 03       		.uleb128 0x3
 1372 0008 0E       		.uleb128 0xe
 1373 0009 1B       		.uleb128 0x1b
 1374 000a 0E       		.uleb128 0xe
 1375 000b 11       		.uleb128 0x11
 1376 000c 01       		.uleb128 0x1
 1377 000d 52       		.uleb128 0x52
 1378 000e 01       		.uleb128 0x1
 1379 000f 55       		.uleb128 0x55
 1380 0010 06       		.uleb128 0x6
 1381 0011 10       		.uleb128 0x10
 1382 0012 06       		.uleb128 0x6
 1383 0013 00       		.byte	0
 1384 0014 00       		.byte	0
 1385 0015 02       		.uleb128 0x2
 1386 0016 24       		.uleb128 0x24
 1387 0017 00       		.byte	0
 1388 0018 0B       		.uleb128 0xb
 1389 0019 0B       		.uleb128 0xb
 1390 001a 3E       		.uleb128 0x3e
 1391 001b 0B       		.uleb128 0xb
 1392 001c 03       		.uleb128 0x3
 1393 001d 08       		.uleb128 0x8
 1394 001e 00       		.byte	0
 1395 001f 00       		.byte	0
 1396 0020 03       		.uleb128 0x3
 1397 0021 16       		.uleb128 0x16
 1398 0022 00       		.byte	0
 1399 0023 03       		.uleb128 0x3
 1400 0024 0E       		.uleb128 0xe
 1401 0025 3A       		.uleb128 0x3a
 1402 0026 0B       		.uleb128 0xb
 1403 0027 3B       		.uleb128 0x3b
 1404 0028 0B       		.uleb128 0xb
 1405 0029 49       		.uleb128 0x49
 1406 002a 13       		.uleb128 0x13
 1407 002b 00       		.byte	0
 1408 002c 00       		.byte	0
 1409 002d 04       		.uleb128 0x4
 1410 002e 24       		.uleb128 0x24
 1411 002f 00       		.byte	0
 1412 0030 0B       		.uleb128 0xb
 1413 0031 0B       		.uleb128 0xb
 1414 0032 3E       		.uleb128 0x3e
 1415 0033 0B       		.uleb128 0xb
 1416 0034 03       		.uleb128 0x3
 1417 0035 0E       		.uleb128 0xe
 1418 0036 00       		.byte	0
 1419 0037 00       		.byte	0
 1420 0038 05       		.uleb128 0x5
 1421 0039 13       		.uleb128 0x13
 1422 003a 01       		.byte	0x1
 1423 003b 03       		.uleb128 0x3
 1424 003c 0E       		.uleb128 0xe
 1425 003d 0B       		.uleb128 0xb
ARM GAS  /tmp/ccfuA86A.s 			page 26


 1426 003e 0B       		.uleb128 0xb
 1427 003f 3A       		.uleb128 0x3a
 1428 0040 0B       		.uleb128 0xb
 1429 0041 3B       		.uleb128 0x3b
 1430 0042 0B       		.uleb128 0xb
 1431 0043 01       		.uleb128 0x1
 1432 0044 13       		.uleb128 0x13
 1433 0045 00       		.byte	0
 1434 0046 00       		.byte	0
 1435 0047 06       		.uleb128 0x6
 1436 0048 0D       		.uleb128 0xd
 1437 0049 00       		.byte	0
 1438 004a 03       		.uleb128 0x3
 1439 004b 0E       		.uleb128 0xe
 1440 004c 3A       		.uleb128 0x3a
 1441 004d 0B       		.uleb128 0xb
 1442 004e 3B       		.uleb128 0x3b
 1443 004f 0B       		.uleb128 0xb
 1444 0050 49       		.uleb128 0x49
 1445 0051 13       		.uleb128 0x13
 1446 0052 38       		.uleb128 0x38
 1447 0053 0A       		.uleb128 0xa
 1448 0054 00       		.byte	0
 1449 0055 00       		.byte	0
 1450 0056 07       		.uleb128 0x7
 1451 0057 0D       		.uleb128 0xd
 1452 0058 00       		.byte	0
 1453 0059 03       		.uleb128 0x3
 1454 005a 08       		.uleb128 0x8
 1455 005b 3A       		.uleb128 0x3a
 1456 005c 0B       		.uleb128 0xb
 1457 005d 3B       		.uleb128 0x3b
 1458 005e 05       		.uleb128 0x5
 1459 005f 49       		.uleb128 0x49
 1460 0060 13       		.uleb128 0x13
 1461 0061 38       		.uleb128 0x38
 1462 0062 0A       		.uleb128 0xa
 1463 0063 00       		.byte	0
 1464 0064 00       		.byte	0
 1465 0065 08       		.uleb128 0x8
 1466 0066 0D       		.uleb128 0xd
 1467 0067 00       		.byte	0
 1468 0068 03       		.uleb128 0x3
 1469 0069 0E       		.uleb128 0xe
 1470 006a 3A       		.uleb128 0x3a
 1471 006b 0B       		.uleb128 0xb
 1472 006c 3B       		.uleb128 0x3b
 1473 006d 05       		.uleb128 0x5
 1474 006e 49       		.uleb128 0x49
 1475 006f 13       		.uleb128 0x13
 1476 0070 38       		.uleb128 0x38
 1477 0071 0A       		.uleb128 0xa
 1478 0072 00       		.byte	0
 1479 0073 00       		.byte	0
 1480 0074 09       		.uleb128 0x9
 1481 0075 0F       		.uleb128 0xf
 1482 0076 00       		.byte	0
ARM GAS  /tmp/ccfuA86A.s 			page 27


 1483 0077 0B       		.uleb128 0xb
 1484 0078 0B       		.uleb128 0xb
 1485 0079 49       		.uleb128 0x49
 1486 007a 13       		.uleb128 0x13
 1487 007b 00       		.byte	0
 1488 007c 00       		.byte	0
 1489 007d 0A       		.uleb128 0xa
 1490 007e 13       		.uleb128 0x13
 1491 007f 01       		.byte	0x1
 1492 0080 03       		.uleb128 0x3
 1493 0081 0E       		.uleb128 0xe
 1494 0082 0B       		.uleb128 0xb
 1495 0083 0B       		.uleb128 0xb
 1496 0084 3A       		.uleb128 0x3a
 1497 0085 0B       		.uleb128 0xb
 1498 0086 3B       		.uleb128 0x3b
 1499 0087 05       		.uleb128 0x5
 1500 0088 01       		.uleb128 0x1
 1501 0089 13       		.uleb128 0x13
 1502 008a 00       		.byte	0
 1503 008b 00       		.byte	0
 1504 008c 0B       		.uleb128 0xb
 1505 008d 15       		.uleb128 0x15
 1506 008e 01       		.byte	0x1
 1507 008f 27       		.uleb128 0x27
 1508 0090 0C       		.uleb128 0xc
 1509 0091 01       		.uleb128 0x1
 1510 0092 13       		.uleb128 0x13
 1511 0093 00       		.byte	0
 1512 0094 00       		.byte	0
 1513 0095 0C       		.uleb128 0xc
 1514 0096 05       		.uleb128 0x5
 1515 0097 00       		.byte	0
 1516 0098 49       		.uleb128 0x49
 1517 0099 13       		.uleb128 0x13
 1518 009a 00       		.byte	0
 1519 009b 00       		.byte	0
 1520 009c 0D       		.uleb128 0xd
 1521 009d 0F       		.uleb128 0xf
 1522 009e 00       		.byte	0
 1523 009f 0B       		.uleb128 0xb
 1524 00a0 0B       		.uleb128 0xb
 1525 00a1 00       		.byte	0
 1526 00a2 00       		.byte	0
 1527 00a3 0E       		.uleb128 0xe
 1528 00a4 13       		.uleb128 0x13
 1529 00a5 01       		.byte	0x1
 1530 00a6 03       		.uleb128 0x3
 1531 00a7 0E       		.uleb128 0xe
 1532 00a8 0B       		.uleb128 0xb
 1533 00a9 05       		.uleb128 0x5
 1534 00aa 3A       		.uleb128 0x3a
 1535 00ab 0B       		.uleb128 0xb
 1536 00ac 3B       		.uleb128 0x3b
 1537 00ad 05       		.uleb128 0x5
 1538 00ae 01       		.uleb128 0x1
 1539 00af 13       		.uleb128 0x13
ARM GAS  /tmp/ccfuA86A.s 			page 28


 1540 00b0 00       		.byte	0
 1541 00b1 00       		.byte	0
 1542 00b2 0F       		.uleb128 0xf
 1543 00b3 35       		.uleb128 0x35
 1544 00b4 00       		.byte	0
 1545 00b5 49       		.uleb128 0x49
 1546 00b6 13       		.uleb128 0x13
 1547 00b7 00       		.byte	0
 1548 00b8 00       		.byte	0
 1549 00b9 10       		.uleb128 0x10
 1550 00ba 13       		.uleb128 0x13
 1551 00bb 01       		.byte	0x1
 1552 00bc 0B       		.uleb128 0xb
 1553 00bd 0B       		.uleb128 0xb
 1554 00be 3A       		.uleb128 0x3a
 1555 00bf 0B       		.uleb128 0xb
 1556 00c0 3B       		.uleb128 0x3b
 1557 00c1 05       		.uleb128 0x5
 1558 00c2 01       		.uleb128 0x1
 1559 00c3 13       		.uleb128 0x13
 1560 00c4 00       		.byte	0
 1561 00c5 00       		.byte	0
 1562 00c6 11       		.uleb128 0x11
 1563 00c7 16       		.uleb128 0x16
 1564 00c8 00       		.byte	0
 1565 00c9 03       		.uleb128 0x3
 1566 00ca 0E       		.uleb128 0xe
 1567 00cb 3A       		.uleb128 0x3a
 1568 00cc 0B       		.uleb128 0xb
 1569 00cd 3B       		.uleb128 0x3b
 1570 00ce 05       		.uleb128 0x5
 1571 00cf 49       		.uleb128 0x49
 1572 00d0 13       		.uleb128 0x13
 1573 00d1 00       		.byte	0
 1574 00d2 00       		.byte	0
 1575 00d3 12       		.uleb128 0x12
 1576 00d4 0D       		.uleb128 0xd
 1577 00d5 00       		.byte	0
 1578 00d6 03       		.uleb128 0x3
 1579 00d7 08       		.uleb128 0x8
 1580 00d8 3A       		.uleb128 0x3a
 1581 00d9 0B       		.uleb128 0xb
 1582 00da 3B       		.uleb128 0x3b
 1583 00db 0B       		.uleb128 0xb
 1584 00dc 49       		.uleb128 0x49
 1585 00dd 13       		.uleb128 0x13
 1586 00de 38       		.uleb128 0x38
 1587 00df 0A       		.uleb128 0xa
 1588 00e0 00       		.byte	0
 1589 00e1 00       		.byte	0
 1590 00e2 13       		.uleb128 0x13
 1591 00e3 13       		.uleb128 0x13
 1592 00e4 01       		.byte	0x1
 1593 00e5 0B       		.uleb128 0xb
 1594 00e6 0B       		.uleb128 0xb
 1595 00e7 3A       		.uleb128 0x3a
 1596 00e8 0B       		.uleb128 0xb
ARM GAS  /tmp/ccfuA86A.s 			page 29


 1597 00e9 3B       		.uleb128 0x3b
 1598 00ea 0B       		.uleb128 0xb
 1599 00eb 01       		.uleb128 0x1
 1600 00ec 13       		.uleb128 0x13
 1601 00ed 00       		.byte	0
 1602 00ee 00       		.byte	0
 1603 00ef 14       		.uleb128 0x14
 1604 00f0 17       		.uleb128 0x17
 1605 00f1 01       		.byte	0x1
 1606 00f2 0B       		.uleb128 0xb
 1607 00f3 0B       		.uleb128 0xb
 1608 00f4 3A       		.uleb128 0x3a
 1609 00f5 0B       		.uleb128 0xb
 1610 00f6 3B       		.uleb128 0x3b
 1611 00f7 0B       		.uleb128 0xb
 1612 00f8 01       		.uleb128 0x1
 1613 00f9 13       		.uleb128 0x13
 1614 00fa 00       		.byte	0
 1615 00fb 00       		.byte	0
 1616 00fc 15       		.uleb128 0x15
 1617 00fd 0D       		.uleb128 0xd
 1618 00fe 00       		.byte	0
 1619 00ff 03       		.uleb128 0x3
 1620 0100 0E       		.uleb128 0xe
 1621 0101 3A       		.uleb128 0x3a
 1622 0102 0B       		.uleb128 0xb
 1623 0103 3B       		.uleb128 0x3b
 1624 0104 05       		.uleb128 0x5
 1625 0105 49       		.uleb128 0x49
 1626 0106 13       		.uleb128 0x13
 1627 0107 00       		.byte	0
 1628 0108 00       		.byte	0
 1629 0109 16       		.uleb128 0x16
 1630 010a 26       		.uleb128 0x26
 1631 010b 00       		.byte	0
 1632 010c 49       		.uleb128 0x49
 1633 010d 13       		.uleb128 0x13
 1634 010e 00       		.byte	0
 1635 010f 00       		.byte	0
 1636 0110 17       		.uleb128 0x17
 1637 0111 01       		.uleb128 0x1
 1638 0112 01       		.byte	0x1
 1639 0113 49       		.uleb128 0x49
 1640 0114 13       		.uleb128 0x13
 1641 0115 01       		.uleb128 0x1
 1642 0116 13       		.uleb128 0x13
 1643 0117 00       		.byte	0
 1644 0118 00       		.byte	0
 1645 0119 18       		.uleb128 0x18
 1646 011a 21       		.uleb128 0x21
 1647 011b 00       		.byte	0
 1648 011c 49       		.uleb128 0x49
 1649 011d 13       		.uleb128 0x13
 1650 011e 2F       		.uleb128 0x2f
 1651 011f 0B       		.uleb128 0xb
 1652 0120 00       		.byte	0
 1653 0121 00       		.byte	0
ARM GAS  /tmp/ccfuA86A.s 			page 30


 1654 0122 19       		.uleb128 0x19
 1655 0123 2E       		.uleb128 0x2e
 1656 0124 00       		.byte	0
 1657 0125 03       		.uleb128 0x3
 1658 0126 0E       		.uleb128 0xe
 1659 0127 3A       		.uleb128 0x3a
 1660 0128 0B       		.uleb128 0xb
 1661 0129 3B       		.uleb128 0x3b
 1662 012a 0B       		.uleb128 0xb
 1663 012b 27       		.uleb128 0x27
 1664 012c 0C       		.uleb128 0xc
 1665 012d 20       		.uleb128 0x20
 1666 012e 0B       		.uleb128 0xb
 1667 012f 00       		.byte	0
 1668 0130 00       		.byte	0
 1669 0131 1A       		.uleb128 0x1a
 1670 0132 2E       		.uleb128 0x2e
 1671 0133 01       		.byte	0x1
 1672 0134 3F       		.uleb128 0x3f
 1673 0135 0C       		.uleb128 0xc
 1674 0136 03       		.uleb128 0x3
 1675 0137 0E       		.uleb128 0xe
 1676 0138 3A       		.uleb128 0x3a
 1677 0139 0B       		.uleb128 0xb
 1678 013a 3B       		.uleb128 0x3b
 1679 013b 0B       		.uleb128 0xb
 1680 013c 27       		.uleb128 0x27
 1681 013d 0C       		.uleb128 0xc
 1682 013e 11       		.uleb128 0x11
 1683 013f 01       		.uleb128 0x1
 1684 0140 12       		.uleb128 0x12
 1685 0141 01       		.uleb128 0x1
 1686 0142 40       		.uleb128 0x40
 1687 0143 0A       		.uleb128 0xa
 1688 0144 01       		.uleb128 0x1
 1689 0145 13       		.uleb128 0x13
 1690 0146 00       		.byte	0
 1691 0147 00       		.byte	0
 1692 0148 1B       		.uleb128 0x1b
 1693 0149 1D       		.uleb128 0x1d
 1694 014a 00       		.byte	0
 1695 014b 31       		.uleb128 0x31
 1696 014c 13       		.uleb128 0x13
 1697 014d 52       		.uleb128 0x52
 1698 014e 01       		.uleb128 0x1
 1699 014f 55       		.uleb128 0x55
 1700 0150 06       		.uleb128 0x6
 1701 0151 58       		.uleb128 0x58
 1702 0152 0B       		.uleb128 0xb
 1703 0153 59       		.uleb128 0x59
 1704 0154 0B       		.uleb128 0xb
 1705 0155 00       		.byte	0
 1706 0156 00       		.byte	0
 1707 0157 1C       		.uleb128 0x1c
 1708 0158 2E       		.uleb128 0x2e
 1709 0159 00       		.byte	0
 1710 015a 3F       		.uleb128 0x3f
ARM GAS  /tmp/ccfuA86A.s 			page 31


 1711 015b 0C       		.uleb128 0xc
 1712 015c 03       		.uleb128 0x3
 1713 015d 0E       		.uleb128 0xe
 1714 015e 3A       		.uleb128 0x3a
 1715 015f 0B       		.uleb128 0xb
 1716 0160 3B       		.uleb128 0x3b
 1717 0161 0B       		.uleb128 0xb
 1718 0162 27       		.uleb128 0x27
 1719 0163 0C       		.uleb128 0xc
 1720 0164 11       		.uleb128 0x11
 1721 0165 01       		.uleb128 0x1
 1722 0166 12       		.uleb128 0x12
 1723 0167 01       		.uleb128 0x1
 1724 0168 40       		.uleb128 0x40
 1725 0169 0A       		.uleb128 0xa
 1726 016a 00       		.byte	0
 1727 016b 00       		.byte	0
 1728 016c 1D       		.uleb128 0x1d
 1729 016d 34       		.uleb128 0x34
 1730 016e 00       		.byte	0
 1731 016f 03       		.uleb128 0x3
 1732 0170 0E       		.uleb128 0xe
 1733 0171 3A       		.uleb128 0x3a
 1734 0172 0B       		.uleb128 0xb
 1735 0173 3B       		.uleb128 0x3b
 1736 0174 05       		.uleb128 0x5
 1737 0175 49       		.uleb128 0x49
 1738 0176 13       		.uleb128 0x13
 1739 0177 3F       		.uleb128 0x3f
 1740 0178 0C       		.uleb128 0xc
 1741 0179 3C       		.uleb128 0x3c
 1742 017a 0C       		.uleb128 0xc
 1743 017b 00       		.byte	0
 1744 017c 00       		.byte	0
 1745 017d 1E       		.uleb128 0x1e
 1746 017e 34       		.uleb128 0x34
 1747 017f 00       		.byte	0
 1748 0180 03       		.uleb128 0x3
 1749 0181 08       		.uleb128 0x8
 1750 0182 3A       		.uleb128 0x3a
 1751 0183 0B       		.uleb128 0xb
 1752 0184 3B       		.uleb128 0x3b
 1753 0185 05       		.uleb128 0x5
 1754 0186 49       		.uleb128 0x49
 1755 0187 13       		.uleb128 0x13
 1756 0188 3F       		.uleb128 0x3f
 1757 0189 0C       		.uleb128 0xc
 1758 018a 3C       		.uleb128 0x3c
 1759 018b 0C       		.uleb128 0xc
 1760 018c 00       		.byte	0
 1761 018d 00       		.byte	0
 1762 018e 1F       		.uleb128 0x1f
 1763 018f 34       		.uleb128 0x34
 1764 0190 00       		.byte	0
 1765 0191 03       		.uleb128 0x3
 1766 0192 0E       		.uleb128 0xe
 1767 0193 3A       		.uleb128 0x3a
ARM GAS  /tmp/ccfuA86A.s 			page 32


 1768 0194 0B       		.uleb128 0xb
 1769 0195 3B       		.uleb128 0x3b
 1770 0196 0B       		.uleb128 0xb
 1771 0197 49       		.uleb128 0x49
 1772 0198 13       		.uleb128 0x13
 1773 0199 3F       		.uleb128 0x3f
 1774 019a 0C       		.uleb128 0xc
 1775 019b 02       		.uleb128 0x2
 1776 019c 0A       		.uleb128 0xa
 1777 019d 00       		.byte	0
 1778 019e 00       		.byte	0
 1779 019f 00       		.byte	0
 1780              		.section	.debug_aranges,"",%progbits
 1781 0000 24000000 		.4byte	0x24
 1782 0004 0200     		.2byte	0x2
 1783 0006 00000000 		.4byte	.Ldebug_info0
 1784 000a 04       		.byte	0x4
 1785 000b 00       		.byte	0
 1786 000c 0000     		.2byte	0
 1787 000e 0000     		.2byte	0
 1788 0010 00000000 		.4byte	.LFB214
 1789 0014 50000000 		.4byte	.LFE214-.LFB214
 1790 0018 00000000 		.4byte	.LFB215
 1791 001c A0000000 		.4byte	.LFE215-.LFB215
 1792 0020 00000000 		.4byte	0
 1793 0024 00000000 		.4byte	0
 1794              		.section	.debug_ranges,"",%progbits
 1795              	.Ldebug_ranges0:
 1796 0000 2A000000 		.4byte	.LBB4
 1797 0004 2E000000 		.4byte	.LBE4
 1798 0008 3A000000 		.4byte	.LBB8
 1799 000c 3E000000 		.4byte	.LBE8
 1800 0010 46000000 		.4byte	.LBB9
 1801 0014 4E000000 		.4byte	.LBE9
 1802 0018 00000000 		.4byte	0
 1803 001c 00000000 		.4byte	0
 1804 0020 00000000 		.4byte	.LFB214
 1805 0024 50000000 		.4byte	.LFE214
 1806 0028 00000000 		.4byte	.LFB215
 1807 002c A0000000 		.4byte	.LFE215
 1808 0030 00000000 		.4byte	0
 1809 0034 00000000 		.4byte	0
 1810              		.section	.debug_line,"",%progbits
 1811              	.Ldebug_line0:
 1812 0000 C1030000 		.section	.debug_str,"MS",%progbits,1
 1812      02004403 
 1812      00000201 
 1812      FB0E0D00 
 1812      01010101 
 1813              	.LASF45:
 1814 0000 63685F74 		.ascii	"ch_threads_list\000"
 1814      68726561 
 1814      64735F6C 
 1814      69737400 
 1815              	.LASF46:
 1816 0010 74687265 		.ascii	"threads_queue_t\000"
 1816      6164735F 
ARM GAS  /tmp/ccfuA86A.s 			page 33


 1816      71756575 
 1816      655F7400 
 1817              	.LASF78:
 1818 0020 52455345 		.ascii	"RESERVED\000"
 1818      52564544 
 1818      00
 1819              	.LASF118:
 1820 0029 2E2E2F2E 		.ascii	"../../../resources/chibios/ChibiOS_16.1.8/os/hal/po"
 1820      2E2F2E2E 
 1820      2F726573 
 1820      6F757263 
 1820      65732F63 
 1821 005c 7274732F 		.ascii	"rts/STM32/STM32F1xx/hal_lld.c\000"
 1821      53544D33 
 1821      322F5354 
 1821      4D333246 
 1821      3178782F 
 1822              	.LASF35:
 1823 007a 705F7761 		.ascii	"p_waiting\000"
 1823      6974696E 
 1823      6700
 1824              	.LASF87:
 1825 0084 41504231 		.ascii	"APB1ENR\000"
 1825      454E5200 
 1826              	.LASF116:
 1827 008c 53797374 		.ascii	"SystemCoreClock\000"
 1827      656D436F 
 1827      7265436C 
 1827      6F636B00 
 1828              	.LASF103:
 1829 009c 77746D74 		.ascii	"wtmtxp\000"
 1829      787000
 1830              	.LASF97:
 1831 00a3 746D5F63 		.ascii	"tm_calibration_t\000"
 1831      616C6962 
 1831      72617469 
 1831      6F6E5F74 
 1831      00
 1832              	.LASF112:
 1833 00b4 63686172 		.ascii	"char\000"
 1833      00
 1834              	.LASF92:
 1835 00b9 72656761 		.ascii	"regarm_t\000"
 1835      726D5F74 
 1835      00
 1836              	.LASF27:
 1837 00c2 705F7072 		.ascii	"p_prio\000"
 1837      696F00
 1838              	.LASF83:
 1839 00c9 41504232 		.ascii	"APB2RSTR\000"
 1839      52535452 
 1839      00
 1840              	.LASF23:
 1841 00d2 73797374 		.ascii	"systime_t\000"
 1841      696D655F 
 1841      7400
 1842              	.LASF110:
ARM GAS  /tmp/ccfuA86A.s 			page 34


 1843 00dc 6D5F6F77 		.ascii	"m_owner\000"
 1843      6E657200 
 1844              	.LASF106:
 1845 00e4 735F7175 		.ascii	"s_queue\000"
 1845      65756500 
 1846              	.LASF36:
 1847 00ec 705F6D73 		.ascii	"p_msgqueue\000"
 1847      67717565 
 1847      756500
 1848              	.LASF0:
 1849 00f7 756E7369 		.ascii	"unsigned int\000"
 1849      676E6564 
 1849      20696E74 
 1849      00
 1850              	.LASF43:
 1851 0104 74687265 		.ascii	"threads_list_t\000"
 1851      6164735F 
 1851      6C697374 
 1851      5F7400
 1852              	.LASF88:
 1853 0113 42444352 		.ascii	"BDCR\000"
 1853      00
 1854              	.LASF100:
 1855 0118 77746F62 		.ascii	"wtobjp\000"
 1855      6A7000
 1856              	.LASF73:
 1857 011f 76746C69 		.ascii	"vtlist\000"
 1857      737400
 1858              	.LASF49:
 1859 0126 63685F72 		.ascii	"ch_ready_list\000"
 1859      65616479 
 1859      5F6C6973 
 1859      7400
 1860              	.LASF75:
 1861 0134 69646C65 		.ascii	"idle_thread_wa\000"
 1861      5F746872 
 1861      6561645F 
 1861      776100
 1862              	.LASF104:
 1863 0143 65776D61 		.ascii	"ewmask\000"
 1863      736B00
 1864              	.LASF47:
 1865 014a 63685F74 		.ascii	"ch_threads_queue\000"
 1865      68726561 
 1865      64735F71 
 1865      75657565 
 1865      00
 1866              	.LASF56:
 1867 015b 76746675 		.ascii	"vtfunc_t\000"
 1867      6E635F74 
 1867      00
 1868              	.LASF107:
 1869 0164 735F636E 		.ascii	"s_cnt\000"
 1869      7400
 1870              	.LASF68:
 1871 016a 63685F73 		.ascii	"ch_system_debug\000"
 1871      79737465 
ARM GAS  /tmp/ccfuA86A.s 			page 35


 1871      6D5F6465 
 1871      62756700 
 1872              	.LASF109:
 1873 017a 6D5F7175 		.ascii	"m_queue\000"
 1873      65756500 
 1874              	.LASF120:
 1875 0182 68616C5F 		.ascii	"hal_lld_backup_domain_init\000"
 1875      6C6C645F 
 1875      6261636B 
 1875      75705F64 
 1875      6F6D6169 
 1876              	.LASF10:
 1877 019d 75696E74 		.ascii	"uint32_t\000"
 1877      33325F74 
 1877      00
 1878              	.LASF21:
 1879 01a6 6576656E 		.ascii	"eventmask_t\000"
 1879      746D6173 
 1879      6B5F7400 
 1880              	.LASF51:
 1881 01b2 725F7072 		.ascii	"r_prio\000"
 1881      696F00
 1882              	.LASF63:
 1883 01b9 76745F70 		.ascii	"vt_par\000"
 1883      617200
 1884              	.LASF105:
 1885 01c0 63685F73 		.ascii	"ch_semaphore\000"
 1885      656D6170 
 1885      686F7265 
 1885      00
 1886              	.LASF19:
 1887 01cd 74707269 		.ascii	"tprio_t\000"
 1887      6F5F7400 
 1888              	.LASF58:
 1889 01d5 63685F76 		.ascii	"ch_virtual_timer\000"
 1889      69727475 
 1889      616C5F74 
 1889      696D6572 
 1889      00
 1890              	.LASF14:
 1891 01e6 6C6F6E67 		.ascii	"long long unsigned int\000"
 1891      206C6F6E 
 1891      6720756E 
 1891      7369676E 
 1891      65642069 
 1892              	.LASF96:
 1893 01fd 6F666673 		.ascii	"offset\000"
 1893      657400
 1894              	.LASF77:
 1895 0204 4F50544B 		.ascii	"OPTKEYR\000"
 1895      45595200 
 1896              	.LASF22:
 1897 020c 636E745F 		.ascii	"cnt_t\000"
 1897      7400
 1898              	.LASF76:
 1899 0212 4B455952 		.ascii	"KEYR\000"
 1899      00
ARM GAS  /tmp/ccfuA86A.s 			page 36


 1900              	.LASF29:
 1901 0217 705F6E65 		.ascii	"p_newer\000"
 1901      77657200 
 1902              	.LASF65:
 1903 021f 63685F76 		.ascii	"ch_virtual_timers_list\000"
 1903      69727475 
 1903      616C5F74 
 1903      696D6572 
 1903      735F6C69 
 1904              	.LASF24:
 1905 0236 74687265 		.ascii	"thread_t\000"
 1905      61645F74 
 1905      00
 1906              	.LASF79:
 1907 023f 57525052 		.ascii	"WRPR\000"
 1907      00
 1908              	.LASF2:
 1909 0244 73697A65 		.ascii	"size_t\000"
 1909      5F7400
 1910              	.LASF98:
 1911 024b 7264796D 		.ascii	"rdymsg\000"
 1911      736700
 1912              	.LASF80:
 1913 0252 464C4153 		.ascii	"FLASH_TypeDef\000"
 1913      485F5479 
 1913      70654465 
 1913      6600
 1914              	.LASF91:
 1915 0260 5243435F 		.ascii	"RCC_TypeDef\000"
 1915      54797065 
 1915      44656600 
 1916              	.LASF108:
 1917 026c 63685F6D 		.ascii	"ch_mutex\000"
 1917      75746578 
 1917      00
 1918              	.LASF31:
 1919 0275 705F6E61 		.ascii	"p_name\000"
 1919      6D6500
 1920              	.LASF84:
 1921 027c 41504231 		.ascii	"APB1RSTR\000"
 1921      52535452 
 1921      00
 1922              	.LASF61:
 1923 0285 76745F64 		.ascii	"vt_delta\000"
 1923      656C7461 
 1923      00
 1924              	.LASF42:
 1925 028e 74687265 		.ascii	"thread_reference_t\000"
 1925      61645F72 
 1925      65666572 
 1925      656E6365 
 1925      5F7400
 1926              	.LASF66:
 1927 02a1 76745F6C 		.ascii	"vt_lasttime\000"
 1927      61737474 
 1927      696D6500 
 1928              	.LASF17:
ARM GAS  /tmp/ccfuA86A.s 			page 37


 1929 02ad 74737461 		.ascii	"tstate_t\000"
 1929      74655F74 
 1929      00
 1930              	.LASF85:
 1931 02b6 41484245 		.ascii	"AHBENR\000"
 1931      4E5200
 1932              	.LASF30:
 1933 02bd 705F6F6C 		.ascii	"p_older\000"
 1933      64657200 
 1934              	.LASF32:
 1935 02c5 705F7374 		.ascii	"p_state\000"
 1935      61746500 
 1936              	.LASF3:
 1937 02cd 75696E74 		.ascii	"uint8_t\000"
 1937      385F7400 
 1938              	.LASF41:
 1939 02d5 705F6D70 		.ascii	"p_mpool\000"
 1939      6F6F6C00 
 1940              	.LASF39:
 1941 02dd 705F6D74 		.ascii	"p_mtxlist\000"
 1941      786C6973 
 1941      7400
 1942              	.LASF44:
 1943 02e7 63685F74 		.ascii	"ch_thread\000"
 1943      68726561 
 1943      6400
 1944              	.LASF67:
 1945 02f1 73797374 		.ascii	"system_debug_t\000"
 1945      656D5F64 
 1945      65627567 
 1945      5F7400
 1946              	.LASF12:
 1947 0300 6C6F6E67 		.ascii	"long long int\000"
 1947      206C6F6E 
 1947      6720696E 
 1947      7400
 1948              	.LASF50:
 1949 030e 725F7175 		.ascii	"r_queue\000"
 1949      65756500 
 1950              	.LASF53:
 1951 0316 725F6E65 		.ascii	"r_newer\000"
 1951      77657200 
 1952              	.LASF20:
 1953 031e 6D73675F 		.ascii	"msg_t\000"
 1953      7400
 1954              	.LASF94:
 1955 0324 636F6E74 		.ascii	"context\000"
 1955      65787400 
 1956              	.LASF33:
 1957 032c 705F666C 		.ascii	"p_flags\000"
 1957      61677300 
 1958              	.LASF57:
 1959 0334 76697274 		.ascii	"virtual_timer_t\000"
 1959      75616C5F 
 1959      74696D65 
 1959      725F7400 
 1960              	.LASF119:
ARM GAS  /tmp/ccfuA86A.s 			page 38


 1961 0344 2F686F6D 		.ascii	"/home/madog/Documents/proyectos/CYCLE/repos/harvest"
 1961      652F6D61 
 1961      646F672F 
 1961      446F6375 
 1961      6D656E74 
 1962 0377 65722F73 		.ascii	"er/src\000"
 1962      726300
 1963              	.LASF54:
 1964 037e 725F6F6C 		.ascii	"r_older\000"
 1964      64657200 
 1965              	.LASF90:
 1966 0386 43464752 		.ascii	"CFGR2\000"
 1966      3200
 1967              	.LASF86:
 1968 038c 41504232 		.ascii	"APB2ENR\000"
 1968      454E5200 
 1969              	.LASF69:
 1970 0394 70616E69 		.ascii	"panic_msg\000"
 1970      635F6D73 
 1970      6700
 1971              	.LASF114:
 1972 039e 5F426F6F 		.ascii	"_Bool\000"
 1972      6C00
 1973              	.LASF37:
 1974 03a4 705F6D73 		.ascii	"p_msg\000"
 1974      6700
 1975              	.LASF16:
 1976 03aa 746D6F64 		.ascii	"tmode_t\000"
 1976      655F7400 
 1977              	.LASF74:
 1978 03b2 6D61696E 		.ascii	"mainthread\000"
 1978      74687265 
 1978      616400
 1979              	.LASF6:
 1980 03bd 75696E74 		.ascii	"uint16_t\000"
 1980      31365F74 
 1980      00
 1981              	.LASF15:
 1982 03c6 7274636E 		.ascii	"rtcnt_t\000"
 1982      745F7400 
 1983              	.LASF40:
 1984 03ce 705F7265 		.ascii	"p_realprio\000"
 1984      616C7072 
 1984      696F00
 1985              	.LASF5:
 1986 03d9 73686F72 		.ascii	"short int\000"
 1986      7420696E 
 1986      7400
 1987              	.LASF55:
 1988 03e3 725F6375 		.ascii	"r_current\000"
 1988      7272656E 
 1988      7400
 1989              	.LASF38:
 1990 03ed 705F6570 		.ascii	"p_epending\000"
 1990      656E6469 
 1990      6E6700
 1991              	.LASF81:
ARM GAS  /tmp/ccfuA86A.s 			page 39


 1992 03f8 5057525F 		.ascii	"PWR_TypeDef\000"
 1992      54797065 
 1992      44656600 
 1993              	.LASF9:
 1994 0404 6C6F6E67 		.ascii	"long int\000"
 1994      20696E74 
 1994      00
 1995              	.LASF95:
 1996 040d 706F7274 		.ascii	"port_intctx\000"
 1996      5F696E74 
 1996      63747800 
 1997              	.LASF115:
 1998 0419 49544D5F 		.ascii	"ITM_RxBuffer\000"
 1998      52784275 
 1998      66666572 
 1998      00
 1999              	.LASF71:
 2000 0426 63685F73 		.ascii	"ch_system\000"
 2000      79737465 
 2000      6D00
 2001              	.LASF25:
 2002 0430 705F6E65 		.ascii	"p_next\000"
 2002      787400
 2003              	.LASF13:
 2004 0437 75696E74 		.ascii	"uint64_t\000"
 2004      36345F74 
 2004      00
 2005              	.LASF28:
 2006 0440 705F6374 		.ascii	"p_ctx\000"
 2006      7800
 2007              	.LASF82:
 2008 0446 43464752 		.ascii	"CFGR\000"
 2008      00
 2009              	.LASF72:
 2010 044b 726C6973 		.ascii	"rlist\000"
 2010      7400
 2011              	.LASF26:
 2012 0451 705F7072 		.ascii	"p_prev\000"
 2012      657600
 2013              	.LASF18:
 2014 0458 74726566 		.ascii	"trefs_t\000"
 2014      735F7400 
 2015              	.LASF11:
 2016 0460 6C6F6E67 		.ascii	"long unsigned int\000"
 2016      20756E73 
 2016      69676E65 
 2016      6420696E 
 2016      7400
 2017              	.LASF121:
 2018 0472 68616C5F 		.ascii	"hal_lld_init\000"
 2018      6C6C645F 
 2018      696E6974 
 2018      00
 2019              	.LASF48:
 2020 047f 72656164 		.ascii	"ready_list_t\000"
 2020      795F6C69 
 2020      73745F74 
ARM GAS  /tmp/ccfuA86A.s 			page 40


 2020      00
 2021              	.LASF8:
 2022 048c 696E7433 		.ascii	"int32_t\000"
 2022      325F7400 
 2023              	.LASF102:
 2024 0494 77747365 		.ascii	"wtsemp\000"
 2024      6D7000
 2025              	.LASF117:
 2026 049b 474E5520 		.ascii	"GNU C 4.6.1\000"
 2026      4320342E 
 2026      362E3100 
 2027              	.LASF113:
 2028 04a7 6D757465 		.ascii	"mutex_t\000"
 2028      785F7400 
 2029              	.LASF4:
 2030 04af 756E7369 		.ascii	"unsigned char\000"
 2030      676E6564 
 2030      20636861 
 2030      7200
 2031              	.LASF64:
 2032 04bd 76697274 		.ascii	"virtual_timers_list_t\000"
 2032      75616C5F 
 2032      74696D65 
 2032      72735F6C 
 2032      6973745F 
 2033              	.LASF34:
 2034 04d3 705F7265 		.ascii	"p_refs\000"
 2034      667300
 2035              	.LASF59:
 2036 04da 76745F6E 		.ascii	"vt_next\000"
 2036      65787400 
 2037              	.LASF70:
 2038 04e2 63685F73 		.ascii	"ch_system_t\000"
 2038      79737465 
 2038      6D5F7400 
 2039              	.LASF101:
 2040 04ee 77747472 		.ascii	"wttrp\000"
 2040      7000
 2041              	.LASF111:
 2042 04f4 6D5F6E65 		.ascii	"m_next\000"
 2042      787400
 2043              	.LASF1:
 2044 04fb 7369676E 		.ascii	"signed char\000"
 2044      65642063 
 2044      68617200 
 2045              	.LASF7:
 2046 0507 73686F72 		.ascii	"short unsigned int\000"
 2046      7420756E 
 2046      7369676E 
 2046      65642069 
 2046      6E7400
 2047              	.LASF52:
 2048 051a 725F6374 		.ascii	"r_ctx\000"
 2048      7800
 2049              	.LASF93:
 2050 0520 73746B61 		.ascii	"stkalign_t\000"
 2050      6C69676E 
ARM GAS  /tmp/ccfuA86A.s 			page 41


 2050      5F7400
 2051              	.LASF62:
 2052 052b 76745F66 		.ascii	"vt_func\000"
 2052      756E6300 
 2053              	.LASF60:
 2054 0533 76745F70 		.ascii	"vt_prev\000"
 2054      72657600 
 2055              	.LASF89:
 2056 053b 52455345 		.ascii	"RESERVED0\000"
 2056      52564544 
 2056      3000
 2057              	.LASF122:
 2058 0545 73746D33 		.ascii	"stm32_clock_init\000"
 2058      325F636C 
 2058      6F636B5F 
 2058      696E6974 
 2058      00
 2059              	.LASF99:
 2060 0556 65786974 		.ascii	"exitcode\000"
 2060      636F6465 
 2060      00
 2061              		.ident	"GCC: (Sourcery CodeBench Lite 2011.09-69) 4.6.1"
ARM GAS  /tmp/ccfuA86A.s 			page 42


DEFINED SYMBOLS
                            *ABS*:00000000 hal_lld.c
     /tmp/ccfuA86A.s:19     .text.hal_lld_init:00000000 $t
     /tmp/ccfuA86A.s:25     .text.hal_lld_init:00000000 hal_lld_init
     /tmp/ccfuA86A.s:81     .text.stm32_clock_init:00000000 $t
     /tmp/ccfuA86A.s:87     .text.stm32_clock_init:00000000 stm32_clock_init
     /tmp/ccfuA86A.s:194    .data.SystemCoreClock:00000000 SystemCoreClock
     /tmp/ccfuA86A.s:191    .data.SystemCoreClock:00000000 $d
                     .debug_frame:00000010 $d

NO UNDEFINED SYMBOLS
