ARM GAS  /tmp/cc752nZh.s 			page 1


   1              		.syntax unified
   2              		.cpu cortex-m3
   3              		.fpu softvfp
   4              		.eabi_attribute 20, 1
   5              		.eabi_attribute 21, 1
   6              		.eabi_attribute 23, 3
   7              		.eabi_attribute 24, 1
   8              		.eabi_attribute 25, 1
   9              		.eabi_attribute 26, 1
  10              		.eabi_attribute 30, 2
  11              		.eabi_attribute 34, 1
  12              		.eabi_attribute 18, 4
  13              		.thumb
  14              		.file	"pal.c"
  15              		.text
  16              	.Ltext0:
  17              		.cfi_sections	.debug_frame
  18              		.section	.text.palReadBus,"ax",%progbits
  19              		.align	2
  20              		.p2align 4,,15
  21              		.global	palReadBus
  22              		.thumb
  23              		.thumb_func
  24              		.type	palReadBus, %function
  25              	palReadBus:
  26              	.LFB213:
  27              		.file 1 "../../../resources/chibios/ChibiOS_16.1.8/os/hal/src/pal.c"
  28              		.loc 1 65 0
  29              		.cfi_startproc
  30              		@ args = 0, pretend = 0, frame = 0
  31              		@ frame_needed = 0, uses_anonymous_args = 0
  32              		@ link register save eliminated.
  33              	.LVL0:
  34              		.loc 1 69 0
  35 0000 0368     		ldr	r3, [r0, #0]
  36 0002 8268     		ldr	r2, [r0, #8]
  37 0004 9968     		ldr	r1, [r3, #8]
  38 0006 4368     		ldr	r3, [r0, #4]
  39 0008 31FA02F0 		lsrs	r0, r1, r2
  40              	.LVL1:
  41              		.loc 1 70 0
  42 000c 1840     		ands	r0, r0, r3
  43 000e 7047     		bx	lr
  44              		.cfi_endproc
  45              	.LFE213:
  46              		.size	palReadBus, .-palReadBus
  47              		.section	.text.palWriteBus,"ax",%progbits
  48              		.align	2
  49              		.p2align 4,,15
  50              		.global	palWriteBus
  51              		.thumb
  52              		.thumb_func
  53              		.type	palWriteBus, %function
  54              	palWriteBus:
  55              	.LFB214:
  56              		.loc 1 90 0
  57              		.cfi_startproc
ARM GAS  /tmp/cc752nZh.s 			page 2


  58              		@ args = 0, pretend = 0, frame = 0
  59              		@ frame_needed = 0, uses_anonymous_args = 0
  60              		@ link register save eliminated.
  61              	.LVL2:
  62              		.loc 1 94 0
  63 0000 8368     		ldr	r3, [r0, #8]
  64 0002 4268     		ldr	r2, [r0, #4]
  65              		.loc 1 90 0
  66 0004 30B4     		push	{r4, r5}
  67              	.LCFI0:
  68              		.cfi_def_cfa_offset 8
  69              		.cfi_offset 5, -4
  70              		.cfi_offset 4, -8
  71              		.loc 1 94 0
  72 0006 22EA0105 		bic	r5, r2, r1
  73 000a 03F11004 		add	r4, r3, #16
  74 000e 0A40     		ands	r2, r2, r1
  75 0010 15FA04F4 		lsls	r4, r5, r4
  76 0014 12FA03F1 		lsls	r1, r2, r3
  77              	.LVL3:
  78 0018 0068     		ldr	r0, [r0, #0]
  79              	.LVL4:
  80 001a 44EA0103 		orr	r3, r4, r1
  81 001e 0361     		str	r3, [r0, #16]
  82              		.loc 1 95 0
  83 0020 30BC     		pop	{r4, r5}
  84 0022 7047     		bx	lr
  85              		.cfi_endproc
  86              	.LFE214:
  87              		.size	palWriteBus, .-palWriteBus
  88 0024 AFF30080 		.section	.text.palSetBusMode,"ax",%progbits
  88      AFF30080 
  88      AFF30080 
  89              		.align	2
  90              		.p2align 4,,15
  91              		.global	palSetBusMode
  92              		.thumb
  93              		.thumb_func
  94              		.type	palSetBusMode, %function
  95              	palSetBusMode:
  96              	.LFB215:
  97              		.loc 1 113 0
  98              		.cfi_startproc
  99              		@ args = 0, pretend = 0, frame = 0
 100              		@ frame_needed = 0, uses_anonymous_args = 0
 101              		@ link register save eliminated.
 102              	.LVL5:
 103              		.loc 1 117 0
 104 0000 8368     		ldr	r3, [r0, #8]
 105              		.loc 1 113 0
 106 0002 10B4     		push	{r4}
 107              	.LCFI1:
 108              		.cfi_def_cfa_offset 4
 109              		.cfi_offset 4, -4
 110              		.loc 1 117 0
 111 0004 4468     		ldr	r4, [r0, #4]
 112              		.loc 1 113 0
ARM GAS  /tmp/cc752nZh.s 			page 3


 113 0006 0A46     		mov	r2, r1
 114              		.loc 1 117 0
 115 0008 14FA03F1 		lsls	r1, r4, r3
 116              	.LVL6:
 117 000c 0068     		ldr	r0, [r0, #0]
 118              	.LVL7:
 119              		.loc 1 118 0
 120 000e 10BC     		pop	{r4}
 121              		.loc 1 117 0
 122 0010 FFF7FEBF 		b	_pal_lld_setgroupmode
 123              	.LVL8:
 124              		.cfi_endproc
 125              	.LFE215:
 126              		.size	palSetBusMode, .-palSetBusMode
 127 0014 AFF30080 		.text
 127      AFF30080 
 127      AFF30080 
 128              	.Letext0:
 129              		.file 2 "/home/madog/programs/CodeSourcery/Sourcery_CodeBench_Lite_for_ARM_EABI/bin/../lib/gcc/arm
 130              		.file 3 "../../../resources/chibios/ChibiOS_16.1.8/os/rt/ports/ARMCMx/compilers/GCC/chtypes.h"
 131              		.file 4 "../../../resources/chibios/ChibiOS_16.1.8/os/rt/include/chsystypes.h"
 132              		.file 5 "../../../resources/chibios/ChibiOS_16.1.8/os/rt/include/chschd.h"
 133              		.file 6 "../../../resources/chibios/ChibiOS_16.1.8/os/ext/CMSIS/ST/STM32F1xx/stm32f100xb.h"
 134              		.file 7 "../../../resources/chibios/ChibiOS_16.1.8/os/rt/ports/ARMCMx/chcore.h"
 135              		.file 8 "../../../resources/chibios/ChibiOS_16.1.8/os/rt/ports/ARMCMx/chcore_v7m.h"
 136              		.file 9 "../../../resources/chibios/ChibiOS_16.1.8/os/rt/include/chtm.h"
 137              		.file 10 "../../../resources/chibios/ChibiOS_16.1.8/os/rt/include/chsem.h"
 138              		.file 11 "../../../resources/chibios/ChibiOS_16.1.8/os/rt/include/chmtx.h"
 139              		.file 12 "../../../resources/chibios/ChibiOS_16.1.8/os/hal/ports/STM32/LLD/GPIOv1/pal_lld.h"
 140              		.file 13 "../../../resources/chibios/ChibiOS_16.1.8/os/hal/include/pal.h"
 141              		.file 14 "../../../resources/chibios/ChibiOS_16.1.8/os/ext/CMSIS/include/core_cm3.h"
 142              		.section	.debug_info,"",%progbits
 143              	.Ldebug_info0:
 144 0000 9B080000 		.4byte	0x89b
 145 0004 0200     		.2byte	0x2
 146 0006 00000000 		.4byte	.Ldebug_abbrev0
 147 000a 04       		.byte	0x4
 148 000b 01       		.uleb128 0x1
 149 000c 2C040000 		.4byte	.LASF114
 150 0010 01       		.byte	0x1
 151 0011 0C020000 		.4byte	.LASF115
 152 0015 D7020000 		.4byte	.LASF116
 153 0019 00000000 		.4byte	0
 154 001d 00000000 		.4byte	0
 155 0021 00000000 		.4byte	.Ldebug_ranges0+0
 156 0025 00000000 		.4byte	.Ldebug_line0
 157 0029 02       		.uleb128 0x2
 158 002a 04       		.byte	0x4
 159 002b 05       		.byte	0x5
 160 002c 696E7400 		.ascii	"int\000"
 161 0030 03       		.uleb128 0x3
 162 0031 04       		.byte	0x4
 163 0032 07       		.byte	0x7
 164 0033 87000000 		.4byte	.LASF0
 165 0037 03       		.uleb128 0x3
 166 0038 01       		.byte	0x1
 167 0039 06       		.byte	0x6
ARM GAS  /tmp/cc752nZh.s 			page 4


 168 003a A1040000 		.4byte	.LASF1
 169 003e 04       		.uleb128 0x4
 170 003f 04020000 		.4byte	.LASF4
 171 0043 02       		.byte	0x2
 172 0044 2A       		.byte	0x2a
 173 0045 49000000 		.4byte	0x49
 174 0049 03       		.uleb128 0x3
 175 004a 01       		.byte	0x1
 176 004b 08       		.byte	0x8
 177 004c 40040000 		.4byte	.LASF2
 178 0050 03       		.uleb128 0x3
 179 0051 02       		.byte	0x2
 180 0052 05       		.byte	0x5
 181 0053 68030000 		.4byte	.LASF3
 182 0057 04       		.uleb128 0x4
 183 0058 4C030000 		.4byte	.LASF5
 184 005c 02       		.byte	0x2
 185 005d 36       		.byte	0x36
 186 005e 62000000 		.4byte	0x62
 187 0062 03       		.uleb128 0x3
 188 0063 02       		.byte	0x2
 189 0064 07       		.byte	0x7
 190 0065 AD040000 		.4byte	.LASF6
 191 0069 04       		.uleb128 0x4
 192 006a 1D040000 		.4byte	.LASF7
 193 006e 02       		.byte	0x2
 194 006f 4F       		.byte	0x4f
 195 0070 74000000 		.4byte	0x74
 196 0074 03       		.uleb128 0x3
 197 0075 04       		.byte	0x4
 198 0076 05       		.byte	0x5
 199 0077 8F030000 		.4byte	.LASF8
 200 007b 04       		.uleb128 0x4
 201 007c 0A010000 		.4byte	.LASF9
 202 0080 02       		.byte	0x2
 203 0081 50       		.byte	0x50
 204 0082 86000000 		.4byte	0x86
 205 0086 03       		.uleb128 0x3
 206 0087 04       		.byte	0x4
 207 0088 07       		.byte	0x7
 208 0089 FE030000 		.4byte	.LASF10
 209 008d 03       		.uleb128 0x3
 210 008e 08       		.byte	0x8
 211 008f 05       		.byte	0x5
 212 0090 7D020000 		.4byte	.LASF11
 213 0094 04       		.uleb128 0x4
 214 0095 C2030000 		.4byte	.LASF12
 215 0099 02       		.byte	0x2
 216 009a 78       		.byte	0x78
 217 009b 9F000000 		.4byte	0x9f
 218 009f 03       		.uleb128 0x3
 219 00a0 08       		.byte	0x8
 220 00a1 07       		.byte	0x7
 221 00a2 53010000 		.4byte	.LASF13
 222 00a6 04       		.uleb128 0x4
 223 00a7 6B040000 		.4byte	.LASF14
 224 00ab 02       		.byte	0x2
ARM GAS  /tmp/cc752nZh.s 			page 5


 225 00ac A0       		.byte	0xa0
 226 00ad 30000000 		.4byte	0x30
 227 00b1 04       		.uleb128 0x4
 228 00b2 55030000 		.4byte	.LASF15
 229 00b6 03       		.byte	0x3
 230 00b7 39       		.byte	0x39
 231 00b8 7B000000 		.4byte	0x7b
 232 00bc 04       		.uleb128 0x4
 233 00bd 39030000 		.4byte	.LASF16
 234 00c1 03       		.byte	0x3
 235 00c2 3C       		.byte	0x3c
 236 00c3 3E000000 		.4byte	0x3e
 237 00c7 04       		.uleb128 0x4
 238 00c8 EB010000 		.4byte	.LASF17
 239 00cc 03       		.byte	0x3
 240 00cd 3D       		.byte	0x3d
 241 00ce 3E000000 		.4byte	0x3e
 242 00d2 04       		.uleb128 0x4
 243 00d3 F6030000 		.4byte	.LASF18
 244 00d7 03       		.byte	0x3
 245 00d8 3E       		.byte	0x3e
 246 00d9 3E000000 		.4byte	0x3e
 247 00dd 04       		.uleb128 0x4
 248 00de 3A010000 		.4byte	.LASF19
 249 00e2 03       		.byte	0x3
 250 00e3 40       		.byte	0x40
 251 00e4 7B000000 		.4byte	0x7b
 252 00e8 04       		.uleb128 0x4
 253 00e9 9B020000 		.4byte	.LASF20
 254 00ed 03       		.byte	0x3
 255 00ee 41       		.byte	0x41
 256 00ef 69000000 		.4byte	0x69
 257 00f3 04       		.uleb128 0x4
 258 00f4 13010000 		.4byte	.LASF21
 259 00f8 03       		.byte	0x3
 260 00f9 43       		.byte	0x43
 261 00fa 7B000000 		.4byte	0x7b
 262 00fe 04       		.uleb128 0x4
 263 00ff 6A010000 		.4byte	.LASF22
 264 0103 03       		.byte	0x3
 265 0104 45       		.byte	0x45
 266 0105 69000000 		.4byte	0x69
 267 0109 04       		.uleb128 0x4
 268 010a 5C000000 		.4byte	.LASF23
 269 010e 04       		.byte	0x4
 270 010f 35       		.byte	0x35
 271 0110 57000000 		.4byte	0x57
 272 0114 04       		.uleb128 0x4
 273 0115 8F010000 		.4byte	.LASF24
 274 0119 04       		.byte	0x4
 275 011a 3F       		.byte	0x3f
 276 011b 1F010000 		.4byte	0x11f
 277 011f 05       		.uleb128 0x5
 278 0120 51020000 		.4byte	.LASF44
 279 0124 44       		.byte	0x44
 280 0125 05       		.byte	0x5
 281 0126 C2       		.byte	0xc2
ARM GAS  /tmp/cc752nZh.s 			page 6


 282 0127 30020000 		.4byte	0x230
 283 012b 06       		.uleb128 0x6
 284 012c BB030000 		.4byte	.LASF25
 285 0130 05       		.byte	0x5
 286 0131 C3       		.byte	0xc3
 287 0132 3B020000 		.4byte	0x23b
 288 0136 02       		.byte	0x2
 289 0137 23       		.byte	0x23
 290 0138 00       		.uleb128 0
 291 0139 06       		.uleb128 0x6
 292 013a EF030000 		.4byte	.LASF26
 293 013e 05       		.byte	0x5
 294 013f C5       		.byte	0xc5
 295 0140 3B020000 		.4byte	0x23b
 296 0144 02       		.byte	0x2
 297 0145 23       		.byte	0x23
 298 0146 04       		.uleb128 0x4
 299 0147 06       		.uleb128 0x6
 300 0148 55000000 		.4byte	.LASF27
 301 014c 05       		.byte	0x5
 302 014d C7       		.byte	0xc7
 303 014e DD000000 		.4byte	0xdd
 304 0152 02       		.byte	0x2
 305 0153 23       		.byte	0x23
 306 0154 08       		.uleb128 0x8
 307 0155 06       		.uleb128 0x6
 308 0156 CB030000 		.4byte	.LASF28
 309 015a 05       		.byte	0x5
 310 015b C8       		.byte	0xc8
 311 015c 1B050000 		.4byte	0x51b
 312 0160 02       		.byte	0x2
 313 0161 23       		.byte	0x23
 314 0162 0C       		.uleb128 0xc
 315 0163 06       		.uleb128 0x6
 316 0164 70010000 		.4byte	.LASF29
 317 0168 05       		.byte	0x5
 318 0169 CA       		.byte	0xca
 319 016a 3B020000 		.4byte	0x23b
 320 016e 02       		.byte	0x2
 321 016f 23       		.byte	0x23
 322 0170 10       		.uleb128 0x10
 323 0171 06       		.uleb128 0x6
 324 0172 F4010000 		.4byte	.LASF30
 325 0176 05       		.byte	0x5
 326 0177 CB       		.byte	0xcb
 327 0178 3B020000 		.4byte	0x23b
 328 017c 02       		.byte	0x2
 329 017d 23       		.byte	0x23
 330 017e 14       		.uleb128 0x14
 331 017f 06       		.uleb128 0x6
 332 0180 B5010000 		.4byte	.LASF31
 333 0184 05       		.byte	0x5
 334 0185 D2       		.byte	0xd2
 335 0186 BA060000 		.4byte	0x6ba
 336 018a 02       		.byte	0x2
 337 018b 23       		.byte	0x23
 338 018c 18       		.uleb128 0x18
ARM GAS  /tmp/cc752nZh.s 			page 7


 339 018d 06       		.uleb128 0x6
 340 018e FC010000 		.4byte	.LASF32
 341 0192 05       		.byte	0x5
 342 0193 DD       		.byte	0xdd
 343 0194 C7000000 		.4byte	0xc7
 344 0198 02       		.byte	0x2
 345 0199 23       		.byte	0x23
 346 019a 1C       		.uleb128 0x1c
 347 019b 06       		.uleb128 0x6
 348 019c A9020000 		.4byte	.LASF33
 349 01a0 05       		.byte	0x5
 350 01a1 E1       		.byte	0xe1
 351 01a2 BC000000 		.4byte	0xbc
 352 01a6 02       		.byte	0x2
 353 01a7 23       		.byte	0x23
 354 01a8 1D       		.uleb128 0x1d
 355 01a9 06       		.uleb128 0x6
 356 01aa 64040000 		.4byte	.LASF34
 357 01ae 05       		.byte	0x5
 358 01af E6       		.byte	0xe6
 359 01b0 D2000000 		.4byte	0xd2
 360 01b4 02       		.byte	0x2
 361 01b5 23       		.byte	0x23
 362 01b6 1E       		.uleb128 0x1e
 363 01b7 07       		.uleb128 0x7
 364 01b8 705F7500 		.ascii	"p_u\000"
 365 01bc 05       		.byte	0x5
 366 01bd 3101     		.2byte	0x131
 367 01bf EB050000 		.4byte	0x5eb
 368 01c3 02       		.byte	0x2
 369 01c4 23       		.byte	0x23
 370 01c5 20       		.uleb128 0x20
 371 01c6 08       		.uleb128 0x8
 372 01c7 20000000 		.4byte	.LASF35
 373 01cb 05       		.byte	0x5
 374 01cc 3601     		.2byte	0x136
 375 01ce 41020000 		.4byte	0x241
 376 01d2 02       		.byte	0x2
 377 01d3 23       		.byte	0x23
 378 01d4 24       		.uleb128 0x24
 379 01d5 08       		.uleb128 0x8
 380 01d6 7C000000 		.4byte	.LASF36
 381 01da 05       		.byte	0x5
 382 01db 3C01     		.2byte	0x13c
 383 01dd 67020000 		.4byte	0x267
 384 01e1 02       		.byte	0x2
 385 01e2 23       		.byte	0x23
 386 01e3 28       		.uleb128 0x28
 387 01e4 08       		.uleb128 0x8
 388 01e5 33030000 		.4byte	.LASF37
 389 01e9 05       		.byte	0x5
 390 01ea 4001     		.2byte	0x140
 391 01ec E8000000 		.4byte	0xe8
 392 01f0 02       		.byte	0x2
 393 01f1 23       		.byte	0x23
 394 01f2 30       		.uleb128 0x30
 395 01f3 08       		.uleb128 0x8
ARM GAS  /tmp/cc752nZh.s 			page 8


 396 01f4 7C030000 		.4byte	.LASF38
 397 01f8 05       		.byte	0x5
 398 01f9 4601     		.2byte	0x146
 399 01fb F3000000 		.4byte	0xf3
 400 01ff 02       		.byte	0x2
 401 0200 23       		.byte	0x23
 402 0201 34       		.uleb128 0x34
 403 0202 08       		.uleb128 0x8
 404 0203 47020000 		.4byte	.LASF39
 405 0207 05       		.byte	0x5
 406 0208 4D01     		.2byte	0x14d
 407 020a B4060000 		.4byte	0x6b4
 408 020e 02       		.byte	0x2
 409 020f 23       		.byte	0x23
 410 0210 38       		.uleb128 0x38
 411 0211 08       		.uleb128 0x8
 412 0212 5D030000 		.4byte	.LASF40
 413 0216 05       		.byte	0x5
 414 0217 5101     		.2byte	0x151
 415 0219 DD000000 		.4byte	0xdd
 416 021d 02       		.byte	0x2
 417 021e 23       		.byte	0x23
 418 021f 3C       		.uleb128 0x3c
 419 0220 08       		.uleb128 0x8
 420 0221 80040000 		.4byte	.LASF41
 421 0225 05       		.byte	0x5
 422 0226 5801     		.2byte	0x158
 423 0228 2B030000 		.4byte	0x32b
 424 022c 02       		.byte	0x2
 425 022d 23       		.byte	0x23
 426 022e 40       		.uleb128 0x40
 427 022f 00       		.byte	0
 428 0230 04       		.uleb128 0x4
 429 0231 CC010000 		.4byte	.LASF42
 430 0235 04       		.byte	0x4
 431 0236 44       		.byte	0x44
 432 0237 3B020000 		.4byte	0x23b
 433 023b 09       		.uleb128 0x9
 434 023c 04       		.byte	0x4
 435 023d 14010000 		.4byte	0x114
 436 0241 04       		.uleb128 0x4
 437 0242 94000000 		.4byte	.LASF43
 438 0246 04       		.byte	0x4
 439 0247 49       		.byte	0x49
 440 0248 4C020000 		.4byte	0x24c
 441 024c 05       		.uleb128 0x5
 442 024d 00000000 		.4byte	.LASF45
 443 0251 04       		.byte	0x4
 444 0252 05       		.byte	0x5
 445 0253 B0       		.byte	0xb0
 446 0254 67020000 		.4byte	0x267
 447 0258 06       		.uleb128 0x6
 448 0259 BB030000 		.4byte	.LASF25
 449 025d 05       		.byte	0x5
 450 025e B1       		.byte	0xb1
 451 025f 3B020000 		.4byte	0x23b
 452 0263 02       		.byte	0x2
ARM GAS  /tmp/cc752nZh.s 			page 9


 453 0264 23       		.byte	0x23
 454 0265 00       		.uleb128 0
 455 0266 00       		.byte	0
 456 0267 04       		.uleb128 0x4
 457 0268 10000000 		.4byte	.LASF46
 458 026c 04       		.byte	0x4
 459 026d 50       		.byte	0x50
 460 026e 72020000 		.4byte	0x272
 461 0272 05       		.uleb128 0x5
 462 0273 DA000000 		.4byte	.LASF47
 463 0277 08       		.byte	0x8
 464 0278 05       		.byte	0x5
 465 0279 B7       		.byte	0xb7
 466 027a 9B020000 		.4byte	0x29b
 467 027e 06       		.uleb128 0x6
 468 027f BB030000 		.4byte	.LASF25
 469 0283 05       		.byte	0x5
 470 0284 B8       		.byte	0xb8
 471 0285 3B020000 		.4byte	0x23b
 472 0289 02       		.byte	0x2
 473 028a 23       		.byte	0x23
 474 028b 00       		.uleb128 0
 475 028c 06       		.uleb128 0x6
 476 028d EF030000 		.4byte	.LASF26
 477 0291 05       		.byte	0x5
 478 0292 B9       		.byte	0xb9
 479 0293 3B020000 		.4byte	0x23b
 480 0297 02       		.byte	0x2
 481 0298 23       		.byte	0x23
 482 0299 04       		.uleb128 0x4
 483 029a 00       		.byte	0
 484 029b 04       		.uleb128 0x4
 485 029c 10040000 		.4byte	.LASF48
 486 02a0 04       		.byte	0x4
 487 02a1 57       		.byte	0x57
 488 02a2 A6020000 		.4byte	0x2a6
 489 02a6 0A       		.uleb128 0xa
 490 02a7 B1000000 		.4byte	.LASF49
 491 02ab 1C       		.byte	0x1c
 492 02ac 05       		.byte	0x5
 493 02ad 9001     		.2byte	0x190
 494 02af 0E030000 		.4byte	0x30e
 495 02b3 08       		.uleb128 0x8
 496 02b4 8B020000 		.4byte	.LASF50
 497 02b8 05       		.byte	0x5
 498 02b9 9101     		.2byte	0x191
 499 02bb 67020000 		.4byte	0x267
 500 02bf 02       		.byte	0x2
 501 02c0 23       		.byte	0x23
 502 02c1 00       		.uleb128 0
 503 02c2 08       		.uleb128 0x8
 504 02c3 1F010000 		.4byte	.LASF51
 505 02c7 05       		.byte	0x5
 506 02c8 9201     		.2byte	0x192
 507 02ca DD000000 		.4byte	0xdd
 508 02ce 02       		.byte	0x2
 509 02cf 23       		.byte	0x23
ARM GAS  /tmp/cc752nZh.s 			page 10


 510 02d0 08       		.uleb128 0x8
 511 02d1 08       		.uleb128 0x8
 512 02d2 C0040000 		.4byte	.LASF52
 513 02d6 05       		.byte	0x5
 514 02d7 9401     		.2byte	0x194
 515 02d9 1B050000 		.4byte	0x51b
 516 02dd 02       		.byte	0x2
 517 02de 23       		.byte	0x23
 518 02df 0C       		.uleb128 0xc
 519 02e0 08       		.uleb128 0x8
 520 02e1 93020000 		.4byte	.LASF53
 521 02e5 05       		.byte	0x5
 522 02e6 9701     		.2byte	0x197
 523 02e8 3B020000 		.4byte	0x23b
 524 02ec 02       		.byte	0x2
 525 02ed 23       		.byte	0x23
 526 02ee 10       		.uleb128 0x10
 527 02ef 08       		.uleb128 0x8
 528 02f0 11030000 		.4byte	.LASF54
 529 02f4 05       		.byte	0x5
 530 02f5 9801     		.2byte	0x198
 531 02f7 3B020000 		.4byte	0x23b
 532 02fb 02       		.byte	0x2
 533 02fc 23       		.byte	0x23
 534 02fd 14       		.uleb128 0x14
 535 02fe 08       		.uleb128 0x8
 536 02ff 72030000 		.4byte	.LASF55
 537 0303 05       		.byte	0x5
 538 0304 9B01     		.2byte	0x19b
 539 0306 3B020000 		.4byte	0x23b
 540 030a 02       		.byte	0x2
 541 030b 23       		.byte	0x23
 542 030c 18       		.uleb128 0x18
 543 030d 00       		.byte	0
 544 030e 04       		.uleb128 0x4
 545 030f EB000000 		.4byte	.LASF56
 546 0313 04       		.byte	0x4
 547 0314 5C       		.byte	0x5c
 548 0315 19030000 		.4byte	0x319
 549 0319 09       		.uleb128 0x9
 550 031a 04       		.byte	0x4
 551 031b 1F030000 		.4byte	0x31f
 552 031f 0B       		.uleb128 0xb
 553 0320 01       		.byte	0x1
 554 0321 2B030000 		.4byte	0x32b
 555 0325 0C       		.uleb128 0xc
 556 0326 2B030000 		.4byte	0x32b
 557 032a 00       		.byte	0
 558 032b 0D       		.uleb128 0xd
 559 032c 04       		.byte	0x4
 560 032d 04       		.uleb128 0x4
 561 032e B1020000 		.4byte	.LASF57
 562 0332 04       		.byte	0x4
 563 0333 61       		.byte	0x61
 564 0334 38030000 		.4byte	0x338
 565 0338 0A       		.uleb128 0xa
 566 0339 42010000 		.4byte	.LASF58
ARM GAS  /tmp/cc752nZh.s 			page 11


 567 033d 14       		.byte	0x14
 568 033e 05       		.byte	0x5
 569 033f 6B01     		.2byte	0x16b
 570 0341 91030000 		.4byte	0x391
 571 0345 08       		.uleb128 0x8
 572 0346 78040000 		.4byte	.LASF59
 573 034a 05       		.byte	0x5
 574 034b 6C01     		.2byte	0x16c
 575 034d CC060000 		.4byte	0x6cc
 576 0351 02       		.byte	0x2
 577 0352 23       		.byte	0x23
 578 0353 00       		.uleb128 0
 579 0354 08       		.uleb128 0x8
 580 0355 E2040000 		.4byte	.LASF60
 581 0359 05       		.byte	0x5
 582 035a 6D01     		.2byte	0x16d
 583 035c CC060000 		.4byte	0x6cc
 584 0360 02       		.byte	0x2
 585 0361 23       		.byte	0x23
 586 0362 04       		.uleb128 0x4
 587 0363 08       		.uleb128 0x8
 588 0364 C3010000 		.4byte	.LASF61
 589 0368 05       		.byte	0x5
 590 0369 6E01     		.2byte	0x16e
 591 036b 09010000 		.4byte	0x109
 592 036f 02       		.byte	0x2
 593 0370 23       		.byte	0x23
 594 0371 08       		.uleb128 0x8
 595 0372 08       		.uleb128 0x8
 596 0373 DA040000 		.4byte	.LASF62
 597 0377 05       		.byte	0x5
 598 0378 6F01     		.2byte	0x16f
 599 037a 0E030000 		.4byte	0x30e
 600 037e 02       		.byte	0x2
 601 037f 23       		.byte	0x23
 602 0380 0C       		.uleb128 0xc
 603 0381 08       		.uleb128 0x8
 604 0382 26010000 		.4byte	.LASF63
 605 0386 05       		.byte	0x5
 606 0387 7101     		.2byte	0x171
 607 0389 2B030000 		.4byte	0x32b
 608 038d 02       		.byte	0x2
 609 038e 23       		.byte	0x23
 610 038f 10       		.uleb128 0x10
 611 0390 00       		.byte	0
 612 0391 04       		.uleb128 0x4
 613 0392 4E040000 		.4byte	.LASF64
 614 0396 04       		.byte	0x4
 615 0397 66       		.byte	0x66
 616 0398 9C030000 		.4byte	0x39c
 617 039c 0A       		.uleb128 0xa
 618 039d 78010000 		.4byte	.LASF65
 619 03a1 0C       		.byte	0xc
 620 03a2 05       		.byte	0x5
 621 03a3 7B01     		.2byte	0x17b
 622 03a5 E6030000 		.4byte	0x3e6
 623 03a9 08       		.uleb128 0x8
ARM GAS  /tmp/cc752nZh.s 			page 12


 624 03aa 78040000 		.4byte	.LASF59
 625 03ae 05       		.byte	0x5
 626 03af 7C01     		.2byte	0x17c
 627 03b1 CC060000 		.4byte	0x6cc
 628 03b5 02       		.byte	0x2
 629 03b6 23       		.byte	0x23
 630 03b7 00       		.uleb128 0
 631 03b8 08       		.uleb128 0x8
 632 03b9 E2040000 		.4byte	.LASF60
 633 03bd 05       		.byte	0x5
 634 03be 7E01     		.2byte	0x17e
 635 03c0 CC060000 		.4byte	0x6cc
 636 03c4 02       		.byte	0x2
 637 03c5 23       		.byte	0x23
 638 03c6 04       		.uleb128 0x4
 639 03c7 08       		.uleb128 0x8
 640 03c8 C3010000 		.4byte	.LASF61
 641 03cc 05       		.byte	0x5
 642 03cd 8001     		.2byte	0x180
 643 03cf 09010000 		.4byte	0x109
 644 03d3 02       		.byte	0x2
 645 03d4 23       		.byte	0x23
 646 03d5 08       		.uleb128 0x8
 647 03d6 08       		.uleb128 0x8
 648 03d7 DF010000 		.4byte	.LASF66
 649 03db 05       		.byte	0x5
 650 03dc 8801     		.2byte	0x188
 651 03de 09010000 		.4byte	0x109
 652 03e2 02       		.byte	0x2
 653 03e3 23       		.byte	0x23
 654 03e4 0A       		.uleb128 0xa
 655 03e5 00       		.byte	0
 656 03e6 04       		.uleb128 0x4
 657 03e7 6E020000 		.4byte	.LASF67
 658 03eb 04       		.byte	0x4
 659 03ec 6B       		.byte	0x6b
 660 03ed F1030000 		.4byte	0x3f1
 661 03f1 0A       		.uleb128 0xa
 662 03f2 FA000000 		.4byte	.LASF68
 663 03f6 04       		.byte	0x4
 664 03f7 05       		.byte	0x5
 665 03f8 A201     		.2byte	0x1a2
 666 03fa 0E040000 		.4byte	0x40e
 667 03fe 08       		.uleb128 0x8
 668 03ff 29030000 		.4byte	.LASF69
 669 0403 05       		.byte	0x5
 670 0404 AA01     		.2byte	0x1aa
 671 0406 D2060000 		.4byte	0x6d2
 672 040a 02       		.byte	0x2
 673 040b 23       		.byte	0x23
 674 040c 00       		.uleb128 0
 675 040d 00       		.byte	0
 676 040e 04       		.uleb128 0x4
 677 040f 88040000 		.4byte	.LASF70
 678 0413 04       		.byte	0x4
 679 0414 70       		.byte	0x70
 680 0415 19040000 		.4byte	0x419
ARM GAS  /tmp/cc752nZh.s 			page 13


 681 0419 0E       		.uleb128 0xe
 682 041a B1030000 		.4byte	.LASF71
 683 041e 5001     		.2byte	0x150
 684 0420 05       		.byte	0x5
 685 0421 C201     		.2byte	0x1c2
 686 0423 81040000 		.4byte	0x481
 687 0427 08       		.uleb128 0x8
 688 0428 D1030000 		.4byte	.LASF72
 689 042c 05       		.byte	0x5
 690 042d C601     		.2byte	0x1c6
 691 042f 9B020000 		.4byte	0x29b
 692 0433 02       		.byte	0x2
 693 0434 23       		.byte	0x23
 694 0435 00       		.uleb128 0
 695 0436 08       		.uleb128 0x8
 696 0437 AA000000 		.4byte	.LASF73
 697 043b 05       		.byte	0x5
 698 043c CA01     		.2byte	0x1ca
 699 043e 91030000 		.4byte	0x391
 700 0442 02       		.byte	0x2
 701 0443 23       		.byte	0x23
 702 0444 1C       		.uleb128 0x1c
 703 0445 07       		.uleb128 0x7
 704 0446 64626700 		.ascii	"dbg\000"
 705 044a 05       		.byte	0x5
 706 044b CE01     		.2byte	0x1ce
 707 044d E6030000 		.4byte	0x3e6
 708 0451 02       		.byte	0x2
 709 0452 23       		.byte	0x23
 710 0453 28       		.uleb128 0x28
 711 0454 08       		.uleb128 0x8
 712 0455 41030000 		.4byte	.LASF74
 713 0459 05       		.byte	0x5
 714 045a D201     		.2byte	0x1d2
 715 045c 14010000 		.4byte	0x114
 716 0460 02       		.byte	0x2
 717 0461 23       		.byte	0x23
 718 0462 2C       		.uleb128 0x2c
 719 0463 07       		.uleb128 0x7
 720 0464 746D00   		.ascii	"tm\000"
 721 0467 05       		.byte	0x5
 722 0468 D701     		.2byte	0x1d7
 723 046a E0050000 		.4byte	0x5e0
 724 046e 02       		.byte	0x2
 725 046f 23       		.byte	0x23
 726 0470 70       		.uleb128 0x70
 727 0471 08       		.uleb128 0x8
 728 0472 BF000000 		.4byte	.LASF75
 729 0476 05       		.byte	0x5
 730 0477 E301     		.2byte	0x1e3
 731 0479 D7060000 		.4byte	0x6d7
 732 047d 02       		.byte	0x2
 733 047e 23       		.byte	0x23
 734 047f 78       		.uleb128 0x78
 735 0480 00       		.byte	0
 736 0481 0F       		.uleb128 0xf
 737 0482 7B000000 		.4byte	0x7b
ARM GAS  /tmp/cc752nZh.s 			page 14


 738 0486 10       		.uleb128 0x10
 739 0487 1C       		.byte	0x1c
 740 0488 06       		.byte	0x6
 741 0489 5101     		.2byte	0x151
 742 048b F9040000 		.4byte	0x4f9
 743 048f 07       		.uleb128 0x7
 744 0490 43524C00 		.ascii	"CRL\000"
 745 0494 06       		.byte	0x6
 746 0495 5301     		.2byte	0x153
 747 0497 81040000 		.4byte	0x481
 748 049b 02       		.byte	0x2
 749 049c 23       		.byte	0x23
 750 049d 00       		.uleb128 0
 751 049e 07       		.uleb128 0x7
 752 049f 43524800 		.ascii	"CRH\000"
 753 04a3 06       		.byte	0x6
 754 04a4 5401     		.2byte	0x154
 755 04a6 81040000 		.4byte	0x481
 756 04aa 02       		.byte	0x2
 757 04ab 23       		.byte	0x23
 758 04ac 04       		.uleb128 0x4
 759 04ad 07       		.uleb128 0x7
 760 04ae 49445200 		.ascii	"IDR\000"
 761 04b2 06       		.byte	0x6
 762 04b3 5501     		.2byte	0x155
 763 04b5 81040000 		.4byte	0x481
 764 04b9 02       		.byte	0x2
 765 04ba 23       		.byte	0x23
 766 04bb 08       		.uleb128 0x8
 767 04bc 07       		.uleb128 0x7
 768 04bd 4F445200 		.ascii	"ODR\000"
 769 04c1 06       		.byte	0x6
 770 04c2 5601     		.2byte	0x156
 771 04c4 81040000 		.4byte	0x481
 772 04c8 02       		.byte	0x2
 773 04c9 23       		.byte	0x23
 774 04ca 0C       		.uleb128 0xc
 775 04cb 08       		.uleb128 0x8
 776 04cc 42000000 		.4byte	.LASF76
 777 04d0 06       		.byte	0x6
 778 04d1 5701     		.2byte	0x157
 779 04d3 81040000 		.4byte	0x481
 780 04d7 02       		.byte	0x2
 781 04d8 23       		.byte	0x23
 782 04d9 10       		.uleb128 0x10
 783 04da 07       		.uleb128 0x7
 784 04db 42525200 		.ascii	"BRR\000"
 785 04df 06       		.byte	0x6
 786 04e0 5801     		.2byte	0x158
 787 04e2 81040000 		.4byte	0x481
 788 04e6 02       		.byte	0x2
 789 04e7 23       		.byte	0x23
 790 04e8 14       		.uleb128 0x14
 791 04e9 08       		.uleb128 0x8
 792 04ea FF040000 		.4byte	.LASF77
 793 04ee 06       		.byte	0x6
 794 04ef 5901     		.2byte	0x159
ARM GAS  /tmp/cc752nZh.s 			page 15


 795 04f1 81040000 		.4byte	0x481
 796 04f5 02       		.byte	0x2
 797 04f6 23       		.byte	0x23
 798 04f7 18       		.uleb128 0x18
 799 04f8 00       		.byte	0
 800 04f9 11       		.uleb128 0x11
 801 04fa E2030000 		.4byte	.LASF78
 802 04fe 06       		.byte	0x6
 803 04ff 5A01     		.2byte	0x15a
 804 0501 86040000 		.4byte	0x486
 805 0505 04       		.uleb128 0x4
 806 0506 4C000000 		.4byte	.LASF79
 807 050a 07       		.byte	0x7
 808 050b 65       		.byte	0x65
 809 050c 2B030000 		.4byte	0x32b
 810 0510 04       		.uleb128 0x4
 811 0511 C6040000 		.4byte	.LASF80
 812 0515 07       		.byte	0x7
 813 0516 6D       		.byte	0x6d
 814 0517 94000000 		.4byte	0x94
 815 051b 05       		.uleb128 0x5
 816 051c A1020000 		.4byte	.LASF81
 817 0520 04       		.byte	0x4
 818 0521 07       		.byte	0x7
 819 0522 89       		.byte	0x89
 820 0523 36050000 		.4byte	0x536
 821 0527 12       		.uleb128 0x12
 822 0528 72313300 		.ascii	"r13\000"
 823 052c 07       		.byte	0x7
 824 052d 8A       		.byte	0x8a
 825 052e C3050000 		.4byte	0x5c3
 826 0532 02       		.byte	0x2
 827 0533 23       		.byte	0x23
 828 0534 00       		.uleb128 0
 829 0535 00       		.byte	0
 830 0536 05       		.uleb128 0x5
 831 0537 98030000 		.4byte	.LASF82
 832 053b 24       		.byte	0x24
 833 053c 08       		.byte	0x8
 834 053d FD       		.byte	0xfd
 835 053e C3050000 		.4byte	0x5c3
 836 0542 07       		.uleb128 0x7
 837 0543 723400   		.ascii	"r4\000"
 838 0546 08       		.byte	0x8
 839 0547 1001     		.2byte	0x110
 840 0549 05050000 		.4byte	0x505
 841 054d 02       		.byte	0x2
 842 054e 23       		.byte	0x23
 843 054f 00       		.uleb128 0
 844 0550 07       		.uleb128 0x7
 845 0551 723500   		.ascii	"r5\000"
 846 0554 08       		.byte	0x8
 847 0555 1101     		.2byte	0x111
 848 0557 05050000 		.4byte	0x505
 849 055b 02       		.byte	0x2
 850 055c 23       		.byte	0x23
 851 055d 04       		.uleb128 0x4
ARM GAS  /tmp/cc752nZh.s 			page 16


 852 055e 07       		.uleb128 0x7
 853 055f 723600   		.ascii	"r6\000"
 854 0562 08       		.byte	0x8
 855 0563 1201     		.2byte	0x112
 856 0565 05050000 		.4byte	0x505
 857 0569 02       		.byte	0x2
 858 056a 23       		.byte	0x23
 859 056b 08       		.uleb128 0x8
 860 056c 07       		.uleb128 0x7
 861 056d 723700   		.ascii	"r7\000"
 862 0570 08       		.byte	0x8
 863 0571 1301     		.2byte	0x113
 864 0573 05050000 		.4byte	0x505
 865 0577 02       		.byte	0x2
 866 0578 23       		.byte	0x23
 867 0579 0C       		.uleb128 0xc
 868 057a 07       		.uleb128 0x7
 869 057b 723800   		.ascii	"r8\000"
 870 057e 08       		.byte	0x8
 871 057f 1401     		.2byte	0x114
 872 0581 05050000 		.4byte	0x505
 873 0585 02       		.byte	0x2
 874 0586 23       		.byte	0x23
 875 0587 10       		.uleb128 0x10
 876 0588 07       		.uleb128 0x7
 877 0589 723900   		.ascii	"r9\000"
 878 058c 08       		.byte	0x8
 879 058d 1501     		.2byte	0x115
 880 058f 05050000 		.4byte	0x505
 881 0593 02       		.byte	0x2
 882 0594 23       		.byte	0x23
 883 0595 14       		.uleb128 0x14
 884 0596 07       		.uleb128 0x7
 885 0597 72313000 		.ascii	"r10\000"
 886 059b 08       		.byte	0x8
 887 059c 1601     		.2byte	0x116
 888 059e 05050000 		.4byte	0x505
 889 05a2 02       		.byte	0x2
 890 05a3 23       		.byte	0x23
 891 05a4 18       		.uleb128 0x18
 892 05a5 07       		.uleb128 0x7
 893 05a6 72313100 		.ascii	"r11\000"
 894 05aa 08       		.byte	0x8
 895 05ab 1701     		.2byte	0x117
 896 05ad 05050000 		.4byte	0x505
 897 05b1 02       		.byte	0x2
 898 05b2 23       		.byte	0x23
 899 05b3 1C       		.uleb128 0x1c
 900 05b4 07       		.uleb128 0x7
 901 05b5 6C7200   		.ascii	"lr\000"
 902 05b8 08       		.byte	0x8
 903 05b9 1801     		.2byte	0x118
 904 05bb 05050000 		.4byte	0x505
 905 05bf 02       		.byte	0x2
 906 05c0 23       		.byte	0x23
 907 05c1 20       		.uleb128 0x20
 908 05c2 00       		.byte	0
ARM GAS  /tmp/cc752nZh.s 			page 17


 909 05c3 09       		.uleb128 0x9
 910 05c4 04       		.byte	0x4
 911 05c5 36050000 		.4byte	0x536
 912 05c9 13       		.uleb128 0x13
 913 05ca 04       		.byte	0x4
 914 05cb 09       		.byte	0x9
 915 05cc 38       		.byte	0x38
 916 05cd E0050000 		.4byte	0x5e0
 917 05d1 06       		.uleb128 0x6
 918 05d2 9F010000 		.4byte	.LASF83
 919 05d6 09       		.byte	0x9
 920 05d7 3C       		.byte	0x3c
 921 05d8 B1000000 		.4byte	0xb1
 922 05dc 02       		.byte	0x2
 923 05dd 23       		.byte	0x23
 924 05de 00       		.uleb128 0
 925 05df 00       		.byte	0
 926 05e0 04       		.uleb128 0x4
 927 05e1 31000000 		.4byte	.LASF84
 928 05e5 09       		.byte	0x9
 929 05e6 3D       		.byte	0x3d
 930 05e7 C9050000 		.4byte	0x5c9
 931 05eb 14       		.uleb128 0x14
 932 05ec 04       		.byte	0x4
 933 05ed 05       		.byte	0x5
 934 05ee FA       		.byte	0xfa
 935 05ef 48060000 		.4byte	0x648
 936 05f3 15       		.uleb128 0x15
 937 05f4 98010000 		.4byte	.LASF85
 938 05f8 05       		.byte	0x5
 939 05f9 0101     		.2byte	0x101
 940 05fb E8000000 		.4byte	0xe8
 941 05ff 15       		.uleb128 0x15
 942 0600 F6040000 		.4byte	.LASF86
 943 0604 05       		.byte	0x5
 944 0605 0801     		.2byte	0x108
 945 0607 E8000000 		.4byte	0xe8
 946 060b 15       		.uleb128 0x15
 947 060c A3000000 		.4byte	.LASF87
 948 0610 05       		.byte	0x5
 949 0611 0F01     		.2byte	0x10f
 950 0613 2B030000 		.4byte	0x32b
 951 0617 15       		.uleb128 0x15
 952 0618 94040000 		.4byte	.LASF88
 953 061c 05       		.byte	0x5
 954 061d 1601     		.2byte	0x116
 955 061f 48060000 		.4byte	0x648
 956 0623 15       		.uleb128 0x15
 957 0624 25040000 		.4byte	.LASF89
 958 0628 05       		.byte	0x5
 959 0629 1E01     		.2byte	0x11e
 960 062b 77060000 		.4byte	0x677
 961 062f 15       		.uleb128 0x15
 962 0630 2A000000 		.4byte	.LASF90
 963 0634 05       		.byte	0x5
 964 0635 2701     		.2byte	0x127
 965 0637 B4060000 		.4byte	0x6b4
ARM GAS  /tmp/cc752nZh.s 			page 18


 966 063b 15       		.uleb128 0x15
 967 063c CE000000 		.4byte	.LASF91
 968 0640 05       		.byte	0x5
 969 0641 2F01     		.2byte	0x12f
 970 0643 F3000000 		.4byte	0xf3
 971 0647 00       		.byte	0
 972 0648 09       		.uleb128 0x9
 973 0649 04       		.byte	0x4
 974 064a 30020000 		.4byte	0x230
 975 064e 05       		.uleb128 0x5
 976 064f 2D010000 		.4byte	.LASF92
 977 0653 0C       		.byte	0xc
 978 0654 0A       		.byte	0xa
 979 0655 34       		.byte	0x34
 980 0656 77060000 		.4byte	0x677
 981 065a 06       		.uleb128 0x6
 982 065b 74000000 		.4byte	.LASF93
 983 065f 0A       		.byte	0xa
 984 0660 35       		.byte	0x35
 985 0661 67020000 		.4byte	0x267
 986 0665 02       		.byte	0x2
 987 0666 23       		.byte	0x23
 988 0667 00       		.uleb128 0
 989 0668 06       		.uleb128 0x6
 990 0669 F4000000 		.4byte	.LASF94
 991 066d 0A       		.byte	0xa
 992 066e 37       		.byte	0x37
 993 066f FE000000 		.4byte	0xfe
 994 0673 02       		.byte	0x2
 995 0674 23       		.byte	0x23
 996 0675 08       		.uleb128 0x8
 997 0676 00       		.byte	0
 998 0677 09       		.uleb128 0x9
 999 0678 04       		.byte	0x4
 1000 0679 4E060000 		.4byte	0x64e
 1001 067d 05       		.uleb128 0x5
 1002 067e AC010000 		.4byte	.LASF95
 1003 0682 10       		.byte	0x10
 1004 0683 0B       		.byte	0xb
 1005 0684 39       		.byte	0x39
 1006 0685 B4060000 		.4byte	0x6b4
 1007 0689 06       		.uleb128 0x6
 1008 068a 87030000 		.4byte	.LASF96
 1009 068e 0B       		.byte	0xb
 1010 068f 3A       		.byte	0x3a
 1011 0690 67020000 		.4byte	0x267
 1012 0694 02       		.byte	0x2
 1013 0695 23       		.byte	0x23
 1014 0696 00       		.uleb128 0
 1015 0697 06       		.uleb128 0x6
 1016 0698 6C000000 		.4byte	.LASF97
 1017 069c 0B       		.byte	0xb
 1018 069d 3C       		.byte	0x3c
 1019 069e 3B020000 		.4byte	0x23b
 1020 06a2 02       		.byte	0x2
 1021 06a3 23       		.byte	0x23
 1022 06a4 08       		.uleb128 0x8
ARM GAS  /tmp/cc752nZh.s 			page 19


 1023 06a5 06       		.uleb128 0x6
 1024 06a6 9A040000 		.4byte	.LASF98
 1025 06aa 0B       		.byte	0xb
 1026 06ab 3E       		.byte	0x3e
 1027 06ac F2060000 		.4byte	0x6f2
 1028 06b0 02       		.byte	0x2
 1029 06b1 23       		.byte	0x23
 1030 06b2 0C       		.uleb128 0xc
 1031 06b3 00       		.byte	0
 1032 06b4 09       		.uleb128 0x9
 1033 06b5 04       		.byte	0x4
 1034 06b6 7D060000 		.4byte	0x67d
 1035 06ba 09       		.uleb128 0x9
 1036 06bb 04       		.byte	0x4
 1037 06bc C0060000 		.4byte	0x6c0
 1038 06c0 16       		.uleb128 0x16
 1039 06c1 C5060000 		.4byte	0x6c5
 1040 06c5 03       		.uleb128 0x3
 1041 06c6 01       		.byte	0x1
 1042 06c7 08       		.byte	0x8
 1043 06c8 47000000 		.4byte	.LASF99
 1044 06cc 09       		.uleb128 0x9
 1045 06cd 04       		.byte	0x4
 1046 06ce 2D030000 		.4byte	0x32d
 1047 06d2 0F       		.uleb128 0xf
 1048 06d3 BA060000 		.4byte	0x6ba
 1049 06d7 17       		.uleb128 0x17
 1050 06d8 10050000 		.4byte	0x510
 1051 06dc E7060000 		.4byte	0x6e7
 1052 06e0 18       		.uleb128 0x18
 1053 06e1 30000000 		.4byte	0x30
 1054 06e5 1A       		.byte	0x1a
 1055 06e6 00       		.byte	0
 1056 06e7 04       		.uleb128 0x4
 1057 06e8 38040000 		.4byte	.LASF100
 1058 06ec 0B       		.byte	0xb
 1059 06ed 34       		.byte	0x34
 1060 06ee 7D060000 		.4byte	0x67d
 1061 06f2 09       		.uleb128 0x9
 1062 06f3 04       		.byte	0x4
 1063 06f4 E7060000 		.4byte	0x6e7
 1064 06f8 03       		.uleb128 0x3
 1065 06f9 01       		.byte	0x1
 1066 06fa 02       		.byte	0x2
 1067 06fb A6010000 		.4byte	.LASF101
 1068 06ff 04       		.uleb128 0x4
 1069 0700 C1020000 		.4byte	.LASF102
 1070 0704 0C       		.byte	0xc
 1071 0705 92       		.byte	0x92
 1072 0706 7B000000 		.4byte	0x7b
 1073 070a 04       		.uleb128 0x4
 1074 070b CE020000 		.4byte	.LASF103
 1075 070f 0C       		.byte	0xc
 1076 0710 97       		.byte	0x97
 1077 0711 7B000000 		.4byte	0x7b
 1078 0715 04       		.uleb128 0x4
 1079 0716 D7030000 		.4byte	.LASF104
ARM GAS  /tmp/cc752nZh.s 			page 20


 1080 071a 0C       		.byte	0xc
 1081 071b A4       		.byte	0xa4
 1082 071c 20070000 		.4byte	0x720
 1083 0720 09       		.uleb128 0x9
 1084 0721 04       		.byte	0x4
 1085 0722 F9040000 		.4byte	0x4f9
 1086 0726 13       		.uleb128 0x13
 1087 0727 0C       		.byte	0xc
 1088 0728 0D       		.byte	0xd
 1089 0729 7A       		.byte	0x7a
 1090 072a 59070000 		.4byte	0x759
 1091 072e 06       		.uleb128 0x6
 1092 072f BC010000 		.4byte	.LASF105
 1093 0733 0D       		.byte	0xd
 1094 0734 7E       		.byte	0x7e
 1095 0735 15070000 		.4byte	0x715
 1096 0739 02       		.byte	0x2
 1097 073a 23       		.byte	0x23
 1098 073b 00       		.uleb128 0
 1099 073c 06       		.uleb128 0x6
 1100 073d 19030000 		.4byte	.LASF106
 1101 0741 0D       		.byte	0xd
 1102 0742 84       		.byte	0x84
 1103 0743 FF060000 		.4byte	0x6ff
 1104 0747 02       		.byte	0x2
 1105 0748 23       		.byte	0x23
 1106 0749 04       		.uleb128 0x4
 1107 074a 06       		.uleb128 0x6
 1108 074b 9F010000 		.4byte	.LASF83
 1109 074f 0D       		.byte	0xd
 1110 0750 88       		.byte	0x88
 1111 0751 A6000000 		.4byte	0xa6
 1112 0755 02       		.byte	0x2
 1113 0756 23       		.byte	0x23
 1114 0757 08       		.uleb128 0x8
 1115 0758 00       		.byte	0
 1116 0759 04       		.uleb128 0x4
 1117 075a 66000000 		.4byte	.LASF107
 1118 075e 0D       		.byte	0xd
 1119 075f 89       		.byte	0x89
 1120 0760 26070000 		.4byte	0x726
 1121 0764 19       		.uleb128 0x19
 1122 0765 01       		.byte	0x1
 1123 0766 1E030000 		.4byte	.LASF117
 1124 076a 01       		.byte	0x1
 1125 076b 41       		.byte	0x41
 1126 076c 01       		.byte	0x1
 1127 076d FF060000 		.4byte	0x6ff
 1128 0771 00000000 		.4byte	.LFB213
 1129 0775 10000000 		.4byte	.LFE213
 1130 0779 02       		.byte	0x2
 1131 077a 7D       		.byte	0x7d
 1132 077b 00       		.sleb128 0
 1133 077c 9A070000 		.4byte	0x79a
 1134 0780 1A       		.uleb128 0x1a
 1135 0781 62757300 		.ascii	"bus\000"
 1136 0785 01       		.byte	0x1
ARM GAS  /tmp/cc752nZh.s 			page 21


 1137 0786 41       		.byte	0x41
 1138 0787 9A070000 		.4byte	0x79a
 1139 078b 00000000 		.4byte	.LLST0
 1140 078f 1B       		.uleb128 0x1b
 1141 0790 D1040000 		.4byte	.LASF109
 1142 0794 B0070000 		.4byte	0x7b0
 1143 0798 01       		.byte	0x1
 1144 0799 00       		.byte	0
 1145 079a 09       		.uleb128 0x9
 1146 079b 04       		.byte	0x4
 1147 079c 59070000 		.4byte	0x759
 1148 07a0 17       		.uleb128 0x17
 1149 07a1 C5060000 		.4byte	0x6c5
 1150 07a5 B0070000 		.4byte	0x7b0
 1151 07a9 18       		.uleb128 0x18
 1152 07aa 30000000 		.4byte	0x30
 1153 07ae 0A       		.byte	0xa
 1154 07af 00       		.byte	0
 1155 07b0 16       		.uleb128 0x16
 1156 07b1 A0070000 		.4byte	0x7a0
 1157 07b5 1C       		.uleb128 0x1c
 1158 07b6 01       		.byte	0x1
 1159 07b7 EA040000 		.4byte	.LASF110
 1160 07bb 01       		.byte	0x1
 1161 07bc 5A       		.byte	0x5a
 1162 07bd 01       		.byte	0x1
 1163 07be 00000000 		.4byte	.LFB214
 1164 07c2 24000000 		.4byte	.LFE214
 1165 07c6 13000000 		.4byte	.LLST1
 1166 07ca F7070000 		.4byte	0x7f7
 1167 07ce 1A       		.uleb128 0x1a
 1168 07cf 62757300 		.ascii	"bus\000"
 1169 07d3 01       		.byte	0x1
 1170 07d4 5A       		.byte	0x5a
 1171 07d5 9A070000 		.4byte	0x79a
 1172 07d9 33000000 		.4byte	.LLST2
 1173 07dd 1D       		.uleb128 0x1d
 1174 07de 5B020000 		.4byte	.LASF108
 1175 07e2 01       		.byte	0x1
 1176 07e3 5A       		.byte	0x5a
 1177 07e4 FF060000 		.4byte	0x6ff
 1178 07e8 46000000 		.4byte	.LLST3
 1179 07ec 1B       		.uleb128 0x1b
 1180 07ed D1040000 		.4byte	.LASF109
 1181 07f1 07080000 		.4byte	0x807
 1182 07f5 01       		.byte	0x1
 1183 07f6 00       		.byte	0
 1184 07f7 17       		.uleb128 0x17
 1185 07f8 C5060000 		.4byte	0x6c5
 1186 07fc 07080000 		.4byte	0x807
 1187 0800 18       		.uleb128 0x18
 1188 0801 30000000 		.4byte	0x30
 1189 0805 0B       		.byte	0xb
 1190 0806 00       		.byte	0
 1191 0807 16       		.uleb128 0x16
 1192 0808 F7070000 		.4byte	0x7f7
 1193 080c 1C       		.uleb128 0x1c
ARM GAS  /tmp/cc752nZh.s 			page 22


 1194 080d 01       		.byte	0x1
 1195 080e 60020000 		.4byte	.LASF111
 1196 0812 01       		.byte	0x1
 1197 0813 71       		.byte	0x71
 1198 0814 01       		.byte	0x1
 1199 0815 00000000 		.4byte	.LFB215
 1200 0819 14000000 		.4byte	.LFE215
 1201 081d 59000000 		.4byte	.LLST4
 1202 0821 4E080000 		.4byte	0x84e
 1203 0825 1A       		.uleb128 0x1a
 1204 0826 62757300 		.ascii	"bus\000"
 1205 082a 01       		.byte	0x1
 1206 082b 71       		.byte	0x71
 1207 082c 9A070000 		.4byte	0x79a
 1208 0830 79000000 		.4byte	.LLST5
 1209 0834 1D       		.uleb128 0x1d
 1210 0835 D5000000 		.4byte	.LASF112
 1211 0839 01       		.byte	0x1
 1212 083a 71       		.byte	0x71
 1213 083b 0A070000 		.4byte	0x70a
 1214 083f 8C000000 		.4byte	.LLST6
 1215 0843 1B       		.uleb128 0x1b
 1216 0844 D1040000 		.4byte	.LASF109
 1217 0848 5E080000 		.4byte	0x85e
 1218 084c 01       		.byte	0x1
 1219 084d 00       		.byte	0
 1220 084e 17       		.uleb128 0x17
 1221 084f C5060000 		.4byte	0x6c5
 1222 0853 5E080000 		.4byte	0x85e
 1223 0857 18       		.uleb128 0x18
 1224 0858 30000000 		.4byte	0x30
 1225 085c 0D       		.byte	0xd
 1226 085d 00       		.byte	0
 1227 085e 16       		.uleb128 0x16
 1228 085f 4E080000 		.4byte	0x84e
 1229 0863 1E       		.uleb128 0x1e
 1230 0864 A4030000 		.4byte	.LASF113
 1231 0868 0E       		.byte	0xe
 1232 0869 5506     		.2byte	0x655
 1233 086b 71080000 		.4byte	0x871
 1234 086f 01       		.byte	0x1
 1235 0870 01       		.byte	0x1
 1236 0871 0F       		.uleb128 0xf
 1237 0872 69000000 		.4byte	0x69
 1238 0876 1F       		.uleb128 0x1f
 1239 0877 636800   		.ascii	"ch\000"
 1240 087a 05       		.byte	0x5
 1241 087b 0902     		.2byte	0x209
 1242 087d 0E040000 		.4byte	0x40e
 1243 0881 01       		.byte	0x1
 1244 0882 01       		.byte	0x1
 1245 0883 1E       		.uleb128 0x1e
 1246 0884 A4030000 		.4byte	.LASF113
 1247 0888 0E       		.byte	0xe
 1248 0889 5506     		.2byte	0x655
 1249 088b 71080000 		.4byte	0x871
 1250 088f 01       		.byte	0x1
ARM GAS  /tmp/cc752nZh.s 			page 23


 1251 0890 01       		.byte	0x1
 1252 0891 1F       		.uleb128 0x1f
 1253 0892 636800   		.ascii	"ch\000"
 1254 0895 05       		.byte	0x5
 1255 0896 0902     		.2byte	0x209
 1256 0898 0E040000 		.4byte	0x40e
 1257 089c 01       		.byte	0x1
 1258 089d 01       		.byte	0x1
 1259 089e 00       		.byte	0
 1260              		.section	.debug_abbrev,"",%progbits
 1261              	.Ldebug_abbrev0:
 1262 0000 01       		.uleb128 0x1
 1263 0001 11       		.uleb128 0x11
 1264 0002 01       		.byte	0x1
 1265 0003 25       		.uleb128 0x25
 1266 0004 0E       		.uleb128 0xe
 1267 0005 13       		.uleb128 0x13
 1268 0006 0B       		.uleb128 0xb
 1269 0007 03       		.uleb128 0x3
 1270 0008 0E       		.uleb128 0xe
 1271 0009 1B       		.uleb128 0x1b
 1272 000a 0E       		.uleb128 0xe
 1273 000b 11       		.uleb128 0x11
 1274 000c 01       		.uleb128 0x1
 1275 000d 52       		.uleb128 0x52
 1276 000e 01       		.uleb128 0x1
 1277 000f 55       		.uleb128 0x55
 1278 0010 06       		.uleb128 0x6
 1279 0011 10       		.uleb128 0x10
 1280 0012 06       		.uleb128 0x6
 1281 0013 00       		.byte	0
 1282 0014 00       		.byte	0
 1283 0015 02       		.uleb128 0x2
 1284 0016 24       		.uleb128 0x24
 1285 0017 00       		.byte	0
 1286 0018 0B       		.uleb128 0xb
 1287 0019 0B       		.uleb128 0xb
 1288 001a 3E       		.uleb128 0x3e
 1289 001b 0B       		.uleb128 0xb
 1290 001c 03       		.uleb128 0x3
 1291 001d 08       		.uleb128 0x8
 1292 001e 00       		.byte	0
 1293 001f 00       		.byte	0
 1294 0020 03       		.uleb128 0x3
 1295 0021 24       		.uleb128 0x24
 1296 0022 00       		.byte	0
 1297 0023 0B       		.uleb128 0xb
 1298 0024 0B       		.uleb128 0xb
 1299 0025 3E       		.uleb128 0x3e
 1300 0026 0B       		.uleb128 0xb
 1301 0027 03       		.uleb128 0x3
 1302 0028 0E       		.uleb128 0xe
 1303 0029 00       		.byte	0
 1304 002a 00       		.byte	0
 1305 002b 04       		.uleb128 0x4
 1306 002c 16       		.uleb128 0x16
 1307 002d 00       		.byte	0
ARM GAS  /tmp/cc752nZh.s 			page 24


 1308 002e 03       		.uleb128 0x3
 1309 002f 0E       		.uleb128 0xe
 1310 0030 3A       		.uleb128 0x3a
 1311 0031 0B       		.uleb128 0xb
 1312 0032 3B       		.uleb128 0x3b
 1313 0033 0B       		.uleb128 0xb
 1314 0034 49       		.uleb128 0x49
 1315 0035 13       		.uleb128 0x13
 1316 0036 00       		.byte	0
 1317 0037 00       		.byte	0
 1318 0038 05       		.uleb128 0x5
 1319 0039 13       		.uleb128 0x13
 1320 003a 01       		.byte	0x1
 1321 003b 03       		.uleb128 0x3
 1322 003c 0E       		.uleb128 0xe
 1323 003d 0B       		.uleb128 0xb
 1324 003e 0B       		.uleb128 0xb
 1325 003f 3A       		.uleb128 0x3a
 1326 0040 0B       		.uleb128 0xb
 1327 0041 3B       		.uleb128 0x3b
 1328 0042 0B       		.uleb128 0xb
 1329 0043 01       		.uleb128 0x1
 1330 0044 13       		.uleb128 0x13
 1331 0045 00       		.byte	0
 1332 0046 00       		.byte	0
 1333 0047 06       		.uleb128 0x6
 1334 0048 0D       		.uleb128 0xd
 1335 0049 00       		.byte	0
 1336 004a 03       		.uleb128 0x3
 1337 004b 0E       		.uleb128 0xe
 1338 004c 3A       		.uleb128 0x3a
 1339 004d 0B       		.uleb128 0xb
 1340 004e 3B       		.uleb128 0x3b
 1341 004f 0B       		.uleb128 0xb
 1342 0050 49       		.uleb128 0x49
 1343 0051 13       		.uleb128 0x13
 1344 0052 38       		.uleb128 0x38
 1345 0053 0A       		.uleb128 0xa
 1346 0054 00       		.byte	0
 1347 0055 00       		.byte	0
 1348 0056 07       		.uleb128 0x7
 1349 0057 0D       		.uleb128 0xd
 1350 0058 00       		.byte	0
 1351 0059 03       		.uleb128 0x3
 1352 005a 08       		.uleb128 0x8
 1353 005b 3A       		.uleb128 0x3a
 1354 005c 0B       		.uleb128 0xb
 1355 005d 3B       		.uleb128 0x3b
 1356 005e 05       		.uleb128 0x5
 1357 005f 49       		.uleb128 0x49
 1358 0060 13       		.uleb128 0x13
 1359 0061 38       		.uleb128 0x38
 1360 0062 0A       		.uleb128 0xa
 1361 0063 00       		.byte	0
 1362 0064 00       		.byte	0
 1363 0065 08       		.uleb128 0x8
 1364 0066 0D       		.uleb128 0xd
ARM GAS  /tmp/cc752nZh.s 			page 25


 1365 0067 00       		.byte	0
 1366 0068 03       		.uleb128 0x3
 1367 0069 0E       		.uleb128 0xe
 1368 006a 3A       		.uleb128 0x3a
 1369 006b 0B       		.uleb128 0xb
 1370 006c 3B       		.uleb128 0x3b
 1371 006d 05       		.uleb128 0x5
 1372 006e 49       		.uleb128 0x49
 1373 006f 13       		.uleb128 0x13
 1374 0070 38       		.uleb128 0x38
 1375 0071 0A       		.uleb128 0xa
 1376 0072 00       		.byte	0
 1377 0073 00       		.byte	0
 1378 0074 09       		.uleb128 0x9
 1379 0075 0F       		.uleb128 0xf
 1380 0076 00       		.byte	0
 1381 0077 0B       		.uleb128 0xb
 1382 0078 0B       		.uleb128 0xb
 1383 0079 49       		.uleb128 0x49
 1384 007a 13       		.uleb128 0x13
 1385 007b 00       		.byte	0
 1386 007c 00       		.byte	0
 1387 007d 0A       		.uleb128 0xa
 1388 007e 13       		.uleb128 0x13
 1389 007f 01       		.byte	0x1
 1390 0080 03       		.uleb128 0x3
 1391 0081 0E       		.uleb128 0xe
 1392 0082 0B       		.uleb128 0xb
 1393 0083 0B       		.uleb128 0xb
 1394 0084 3A       		.uleb128 0x3a
 1395 0085 0B       		.uleb128 0xb
 1396 0086 3B       		.uleb128 0x3b
 1397 0087 05       		.uleb128 0x5
 1398 0088 01       		.uleb128 0x1
 1399 0089 13       		.uleb128 0x13
 1400 008a 00       		.byte	0
 1401 008b 00       		.byte	0
 1402 008c 0B       		.uleb128 0xb
 1403 008d 15       		.uleb128 0x15
 1404 008e 01       		.byte	0x1
 1405 008f 27       		.uleb128 0x27
 1406 0090 0C       		.uleb128 0xc
 1407 0091 01       		.uleb128 0x1
 1408 0092 13       		.uleb128 0x13
 1409 0093 00       		.byte	0
 1410 0094 00       		.byte	0
 1411 0095 0C       		.uleb128 0xc
 1412 0096 05       		.uleb128 0x5
 1413 0097 00       		.byte	0
 1414 0098 49       		.uleb128 0x49
 1415 0099 13       		.uleb128 0x13
 1416 009a 00       		.byte	0
 1417 009b 00       		.byte	0
 1418 009c 0D       		.uleb128 0xd
 1419 009d 0F       		.uleb128 0xf
 1420 009e 00       		.byte	0
 1421 009f 0B       		.uleb128 0xb
ARM GAS  /tmp/cc752nZh.s 			page 26


 1422 00a0 0B       		.uleb128 0xb
 1423 00a1 00       		.byte	0
 1424 00a2 00       		.byte	0
 1425 00a3 0E       		.uleb128 0xe
 1426 00a4 13       		.uleb128 0x13
 1427 00a5 01       		.byte	0x1
 1428 00a6 03       		.uleb128 0x3
 1429 00a7 0E       		.uleb128 0xe
 1430 00a8 0B       		.uleb128 0xb
 1431 00a9 05       		.uleb128 0x5
 1432 00aa 3A       		.uleb128 0x3a
 1433 00ab 0B       		.uleb128 0xb
 1434 00ac 3B       		.uleb128 0x3b
 1435 00ad 05       		.uleb128 0x5
 1436 00ae 01       		.uleb128 0x1
 1437 00af 13       		.uleb128 0x13
 1438 00b0 00       		.byte	0
 1439 00b1 00       		.byte	0
 1440 00b2 0F       		.uleb128 0xf
 1441 00b3 35       		.uleb128 0x35
 1442 00b4 00       		.byte	0
 1443 00b5 49       		.uleb128 0x49
 1444 00b6 13       		.uleb128 0x13
 1445 00b7 00       		.byte	0
 1446 00b8 00       		.byte	0
 1447 00b9 10       		.uleb128 0x10
 1448 00ba 13       		.uleb128 0x13
 1449 00bb 01       		.byte	0x1
 1450 00bc 0B       		.uleb128 0xb
 1451 00bd 0B       		.uleb128 0xb
 1452 00be 3A       		.uleb128 0x3a
 1453 00bf 0B       		.uleb128 0xb
 1454 00c0 3B       		.uleb128 0x3b
 1455 00c1 05       		.uleb128 0x5
 1456 00c2 01       		.uleb128 0x1
 1457 00c3 13       		.uleb128 0x13
 1458 00c4 00       		.byte	0
 1459 00c5 00       		.byte	0
 1460 00c6 11       		.uleb128 0x11
 1461 00c7 16       		.uleb128 0x16
 1462 00c8 00       		.byte	0
 1463 00c9 03       		.uleb128 0x3
 1464 00ca 0E       		.uleb128 0xe
 1465 00cb 3A       		.uleb128 0x3a
 1466 00cc 0B       		.uleb128 0xb
 1467 00cd 3B       		.uleb128 0x3b
 1468 00ce 05       		.uleb128 0x5
 1469 00cf 49       		.uleb128 0x49
 1470 00d0 13       		.uleb128 0x13
 1471 00d1 00       		.byte	0
 1472 00d2 00       		.byte	0
 1473 00d3 12       		.uleb128 0x12
 1474 00d4 0D       		.uleb128 0xd
 1475 00d5 00       		.byte	0
 1476 00d6 03       		.uleb128 0x3
 1477 00d7 08       		.uleb128 0x8
 1478 00d8 3A       		.uleb128 0x3a
ARM GAS  /tmp/cc752nZh.s 			page 27


 1479 00d9 0B       		.uleb128 0xb
 1480 00da 3B       		.uleb128 0x3b
 1481 00db 0B       		.uleb128 0xb
 1482 00dc 49       		.uleb128 0x49
 1483 00dd 13       		.uleb128 0x13
 1484 00de 38       		.uleb128 0x38
 1485 00df 0A       		.uleb128 0xa
 1486 00e0 00       		.byte	0
 1487 00e1 00       		.byte	0
 1488 00e2 13       		.uleb128 0x13
 1489 00e3 13       		.uleb128 0x13
 1490 00e4 01       		.byte	0x1
 1491 00e5 0B       		.uleb128 0xb
 1492 00e6 0B       		.uleb128 0xb
 1493 00e7 3A       		.uleb128 0x3a
 1494 00e8 0B       		.uleb128 0xb
 1495 00e9 3B       		.uleb128 0x3b
 1496 00ea 0B       		.uleb128 0xb
 1497 00eb 01       		.uleb128 0x1
 1498 00ec 13       		.uleb128 0x13
 1499 00ed 00       		.byte	0
 1500 00ee 00       		.byte	0
 1501 00ef 14       		.uleb128 0x14
 1502 00f0 17       		.uleb128 0x17
 1503 00f1 01       		.byte	0x1
 1504 00f2 0B       		.uleb128 0xb
 1505 00f3 0B       		.uleb128 0xb
 1506 00f4 3A       		.uleb128 0x3a
 1507 00f5 0B       		.uleb128 0xb
 1508 00f6 3B       		.uleb128 0x3b
 1509 00f7 0B       		.uleb128 0xb
 1510 00f8 01       		.uleb128 0x1
 1511 00f9 13       		.uleb128 0x13
 1512 00fa 00       		.byte	0
 1513 00fb 00       		.byte	0
 1514 00fc 15       		.uleb128 0x15
 1515 00fd 0D       		.uleb128 0xd
 1516 00fe 00       		.byte	0
 1517 00ff 03       		.uleb128 0x3
 1518 0100 0E       		.uleb128 0xe
 1519 0101 3A       		.uleb128 0x3a
 1520 0102 0B       		.uleb128 0xb
 1521 0103 3B       		.uleb128 0x3b
 1522 0104 05       		.uleb128 0x5
 1523 0105 49       		.uleb128 0x49
 1524 0106 13       		.uleb128 0x13
 1525 0107 00       		.byte	0
 1526 0108 00       		.byte	0
 1527 0109 16       		.uleb128 0x16
 1528 010a 26       		.uleb128 0x26
 1529 010b 00       		.byte	0
 1530 010c 49       		.uleb128 0x49
 1531 010d 13       		.uleb128 0x13
 1532 010e 00       		.byte	0
 1533 010f 00       		.byte	0
 1534 0110 17       		.uleb128 0x17
 1535 0111 01       		.uleb128 0x1
ARM GAS  /tmp/cc752nZh.s 			page 28


 1536 0112 01       		.byte	0x1
 1537 0113 49       		.uleb128 0x49
 1538 0114 13       		.uleb128 0x13
 1539 0115 01       		.uleb128 0x1
 1540 0116 13       		.uleb128 0x13
 1541 0117 00       		.byte	0
 1542 0118 00       		.byte	0
 1543 0119 18       		.uleb128 0x18
 1544 011a 21       		.uleb128 0x21
 1545 011b 00       		.byte	0
 1546 011c 49       		.uleb128 0x49
 1547 011d 13       		.uleb128 0x13
 1548 011e 2F       		.uleb128 0x2f
 1549 011f 0B       		.uleb128 0xb
 1550 0120 00       		.byte	0
 1551 0121 00       		.byte	0
 1552 0122 19       		.uleb128 0x19
 1553 0123 2E       		.uleb128 0x2e
 1554 0124 01       		.byte	0x1
 1555 0125 3F       		.uleb128 0x3f
 1556 0126 0C       		.uleb128 0xc
 1557 0127 03       		.uleb128 0x3
 1558 0128 0E       		.uleb128 0xe
 1559 0129 3A       		.uleb128 0x3a
 1560 012a 0B       		.uleb128 0xb
 1561 012b 3B       		.uleb128 0x3b
 1562 012c 0B       		.uleb128 0xb
 1563 012d 27       		.uleb128 0x27
 1564 012e 0C       		.uleb128 0xc
 1565 012f 49       		.uleb128 0x49
 1566 0130 13       		.uleb128 0x13
 1567 0131 11       		.uleb128 0x11
 1568 0132 01       		.uleb128 0x1
 1569 0133 12       		.uleb128 0x12
 1570 0134 01       		.uleb128 0x1
 1571 0135 40       		.uleb128 0x40
 1572 0136 0A       		.uleb128 0xa
 1573 0137 01       		.uleb128 0x1
 1574 0138 13       		.uleb128 0x13
 1575 0139 00       		.byte	0
 1576 013a 00       		.byte	0
 1577 013b 1A       		.uleb128 0x1a
 1578 013c 05       		.uleb128 0x5
 1579 013d 00       		.byte	0
 1580 013e 03       		.uleb128 0x3
 1581 013f 08       		.uleb128 0x8
 1582 0140 3A       		.uleb128 0x3a
 1583 0141 0B       		.uleb128 0xb
 1584 0142 3B       		.uleb128 0x3b
 1585 0143 0B       		.uleb128 0xb
 1586 0144 49       		.uleb128 0x49
 1587 0145 13       		.uleb128 0x13
 1588 0146 02       		.uleb128 0x2
 1589 0147 06       		.uleb128 0x6
 1590 0148 00       		.byte	0
 1591 0149 00       		.byte	0
 1592 014a 1B       		.uleb128 0x1b
ARM GAS  /tmp/cc752nZh.s 			page 29


 1593 014b 34       		.uleb128 0x34
 1594 014c 00       		.byte	0
 1595 014d 03       		.uleb128 0x3
 1596 014e 0E       		.uleb128 0xe
 1597 014f 49       		.uleb128 0x49
 1598 0150 13       		.uleb128 0x13
 1599 0151 34       		.uleb128 0x34
 1600 0152 0C       		.uleb128 0xc
 1601 0153 00       		.byte	0
 1602 0154 00       		.byte	0
 1603 0155 1C       		.uleb128 0x1c
 1604 0156 2E       		.uleb128 0x2e
 1605 0157 01       		.byte	0x1
 1606 0158 3F       		.uleb128 0x3f
 1607 0159 0C       		.uleb128 0xc
 1608 015a 03       		.uleb128 0x3
 1609 015b 0E       		.uleb128 0xe
 1610 015c 3A       		.uleb128 0x3a
 1611 015d 0B       		.uleb128 0xb
 1612 015e 3B       		.uleb128 0x3b
 1613 015f 0B       		.uleb128 0xb
 1614 0160 27       		.uleb128 0x27
 1615 0161 0C       		.uleb128 0xc
 1616 0162 11       		.uleb128 0x11
 1617 0163 01       		.uleb128 0x1
 1618 0164 12       		.uleb128 0x12
 1619 0165 01       		.uleb128 0x1
 1620 0166 40       		.uleb128 0x40
 1621 0167 06       		.uleb128 0x6
 1622 0168 01       		.uleb128 0x1
 1623 0169 13       		.uleb128 0x13
 1624 016a 00       		.byte	0
 1625 016b 00       		.byte	0
 1626 016c 1D       		.uleb128 0x1d
 1627 016d 05       		.uleb128 0x5
 1628 016e 00       		.byte	0
 1629 016f 03       		.uleb128 0x3
 1630 0170 0E       		.uleb128 0xe
 1631 0171 3A       		.uleb128 0x3a
 1632 0172 0B       		.uleb128 0xb
 1633 0173 3B       		.uleb128 0x3b
 1634 0174 0B       		.uleb128 0xb
 1635 0175 49       		.uleb128 0x49
 1636 0176 13       		.uleb128 0x13
 1637 0177 02       		.uleb128 0x2
 1638 0178 06       		.uleb128 0x6
 1639 0179 00       		.byte	0
 1640 017a 00       		.byte	0
 1641 017b 1E       		.uleb128 0x1e
 1642 017c 34       		.uleb128 0x34
 1643 017d 00       		.byte	0
 1644 017e 03       		.uleb128 0x3
 1645 017f 0E       		.uleb128 0xe
 1646 0180 3A       		.uleb128 0x3a
 1647 0181 0B       		.uleb128 0xb
 1648 0182 3B       		.uleb128 0x3b
 1649 0183 05       		.uleb128 0x5
ARM GAS  /tmp/cc752nZh.s 			page 30


 1650 0184 49       		.uleb128 0x49
 1651 0185 13       		.uleb128 0x13
 1652 0186 3F       		.uleb128 0x3f
 1653 0187 0C       		.uleb128 0xc
 1654 0188 3C       		.uleb128 0x3c
 1655 0189 0C       		.uleb128 0xc
 1656 018a 00       		.byte	0
 1657 018b 00       		.byte	0
 1658 018c 1F       		.uleb128 0x1f
 1659 018d 34       		.uleb128 0x34
 1660 018e 00       		.byte	0
 1661 018f 03       		.uleb128 0x3
 1662 0190 08       		.uleb128 0x8
 1663 0191 3A       		.uleb128 0x3a
 1664 0192 0B       		.uleb128 0xb
 1665 0193 3B       		.uleb128 0x3b
 1666 0194 05       		.uleb128 0x5
 1667 0195 49       		.uleb128 0x49
 1668 0196 13       		.uleb128 0x13
 1669 0197 3F       		.uleb128 0x3f
 1670 0198 0C       		.uleb128 0xc
 1671 0199 3C       		.uleb128 0x3c
 1672 019a 0C       		.uleb128 0xc
 1673 019b 00       		.byte	0
 1674 019c 00       		.byte	0
 1675 019d 00       		.byte	0
 1676              		.section	.debug_loc,"",%progbits
 1677              	.Ldebug_loc0:
 1678              	.LLST0:
 1679 0000 00000000 		.4byte	.LVL0
 1680 0004 0C000000 		.4byte	.LVL1
 1681 0008 0100     		.2byte	0x1
 1682 000a 50       		.byte	0x50
 1683 000b 00000000 		.4byte	0
 1684 000f 00000000 		.4byte	0
 1685              	.LLST1:
 1686 0013 00000000 		.4byte	.LFB214
 1687 0017 06000000 		.4byte	.LCFI0
 1688 001b 0200     		.2byte	0x2
 1689 001d 7D       		.byte	0x7d
 1690 001e 00       		.sleb128 0
 1691 001f 06000000 		.4byte	.LCFI0
 1692 0023 24000000 		.4byte	.LFE214
 1693 0027 0200     		.2byte	0x2
 1694 0029 7D       		.byte	0x7d
 1695 002a 08       		.sleb128 8
 1696 002b 00000000 		.4byte	0
 1697 002f 00000000 		.4byte	0
 1698              	.LLST2:
 1699 0033 00000000 		.4byte	.LVL2
 1700 0037 1A000000 		.4byte	.LVL4
 1701 003b 0100     		.2byte	0x1
 1702 003d 50       		.byte	0x50
 1703 003e 00000000 		.4byte	0
 1704 0042 00000000 		.4byte	0
 1705              	.LLST3:
 1706 0046 00000000 		.4byte	.LVL2
ARM GAS  /tmp/cc752nZh.s 			page 31


 1707 004a 18000000 		.4byte	.LVL3
 1708 004e 0100     		.2byte	0x1
 1709 0050 51       		.byte	0x51
 1710 0051 00000000 		.4byte	0
 1711 0055 00000000 		.4byte	0
 1712              	.LLST4:
 1713 0059 00000000 		.4byte	.LFB215
 1714 005d 04000000 		.4byte	.LCFI1
 1715 0061 0200     		.2byte	0x2
 1716 0063 7D       		.byte	0x7d
 1717 0064 00       		.sleb128 0
 1718 0065 04000000 		.4byte	.LCFI1
 1719 0069 14000000 		.4byte	.LFE215
 1720 006d 0200     		.2byte	0x2
 1721 006f 7D       		.byte	0x7d
 1722 0070 04       		.sleb128 4
 1723 0071 00000000 		.4byte	0
 1724 0075 00000000 		.4byte	0
 1725              	.LLST5:
 1726 0079 00000000 		.4byte	.LVL5
 1727 007d 0E000000 		.4byte	.LVL7
 1728 0081 0100     		.2byte	0x1
 1729 0083 50       		.byte	0x50
 1730 0084 00000000 		.4byte	0
 1731 0088 00000000 		.4byte	0
 1732              	.LLST6:
 1733 008c 00000000 		.4byte	.LVL5
 1734 0090 0C000000 		.4byte	.LVL6
 1735 0094 0100     		.2byte	0x1
 1736 0096 51       		.byte	0x51
 1737 0097 0C000000 		.4byte	.LVL6
 1738 009b 13000000 		.4byte	.LVL8-1
 1739 009f 0100     		.2byte	0x1
 1740 00a1 52       		.byte	0x52
 1741 00a2 00000000 		.4byte	0
 1742 00a6 00000000 		.4byte	0
 1743              		.section	.debug_aranges,"",%progbits
 1744 0000 2C000000 		.4byte	0x2c
 1745 0004 0200     		.2byte	0x2
 1746 0006 00000000 		.4byte	.Ldebug_info0
 1747 000a 04       		.byte	0x4
 1748 000b 00       		.byte	0
 1749 000c 0000     		.2byte	0
 1750 000e 0000     		.2byte	0
 1751 0010 00000000 		.4byte	.LFB213
 1752 0014 10000000 		.4byte	.LFE213-.LFB213
 1753 0018 00000000 		.4byte	.LFB214
 1754 001c 24000000 		.4byte	.LFE214-.LFB214
 1755 0020 00000000 		.4byte	.LFB215
 1756 0024 14000000 		.4byte	.LFE215-.LFB215
 1757 0028 00000000 		.4byte	0
 1758 002c 00000000 		.4byte	0
 1759              		.section	.debug_ranges,"",%progbits
 1760              	.Ldebug_ranges0:
 1761 0000 00000000 		.4byte	.LFB213
 1762 0004 10000000 		.4byte	.LFE213
 1763 0008 00000000 		.4byte	.LFB214
ARM GAS  /tmp/cc752nZh.s 			page 32


 1764 000c 24000000 		.4byte	.LFE214
 1765 0010 00000000 		.4byte	.LFB215
 1766 0014 14000000 		.4byte	.LFE215
 1767 0018 00000000 		.4byte	0
 1768 001c 00000000 		.4byte	0
 1769              		.section	.debug_line,"",%progbits
 1770              	.Ldebug_line0:
 1771 0000 8A030000 		.section	.debug_str,"MS",%progbits,1
 1771      02004703 
 1771      00000201 
 1771      FB0E0D00 
 1771      01010101 
 1772              	.LASF45:
 1773 0000 63685F74 		.ascii	"ch_threads_list\000"
 1773      68726561 
 1773      64735F6C 
 1773      69737400 
 1774              	.LASF46:
 1775 0010 74687265 		.ascii	"threads_queue_t\000"
 1775      6164735F 
 1775      71756575 
 1775      655F7400 
 1776              	.LASF35:
 1777 0020 705F7761 		.ascii	"p_waiting\000"
 1777      6974696E 
 1777      6700
 1778              	.LASF90:
 1779 002a 77746D74 		.ascii	"wtmtxp\000"
 1779      787000
 1780              	.LASF84:
 1781 0031 746D5F63 		.ascii	"tm_calibration_t\000"
 1781      616C6962 
 1781      72617469 
 1781      6F6E5F74 
 1781      00
 1782              	.LASF76:
 1783 0042 42535252 		.ascii	"BSRR\000"
 1783      00
 1784              	.LASF99:
 1785 0047 63686172 		.ascii	"char\000"
 1785      00
 1786              	.LASF79:
 1787 004c 72656761 		.ascii	"regarm_t\000"
 1787      726D5F74 
 1787      00
 1788              	.LASF27:
 1789 0055 705F7072 		.ascii	"p_prio\000"
 1789      696F00
 1790              	.LASF23:
 1791 005c 73797374 		.ascii	"systime_t\000"
 1791      696D655F 
 1791      7400
 1792              	.LASF107:
 1793 0066 494F4275 		.ascii	"IOBus\000"
 1793      7300
 1794              	.LASF97:
 1795 006c 6D5F6F77 		.ascii	"m_owner\000"
ARM GAS  /tmp/cc752nZh.s 			page 33


 1795      6E657200 
 1796              	.LASF93:
 1797 0074 735F7175 		.ascii	"s_queue\000"
 1797      65756500 
 1798              	.LASF36:
 1799 007c 705F6D73 		.ascii	"p_msgqueue\000"
 1799      67717565 
 1799      756500
 1800              	.LASF0:
 1801 0087 756E7369 		.ascii	"unsigned int\000"
 1801      676E6564 
 1801      20696E74 
 1801      00
 1802              	.LASF43:
 1803 0094 74687265 		.ascii	"threads_list_t\000"
 1803      6164735F 
 1803      6C697374 
 1803      5F7400
 1804              	.LASF87:
 1805 00a3 77746F62 		.ascii	"wtobjp\000"
 1805      6A7000
 1806              	.LASF73:
 1807 00aa 76746C69 		.ascii	"vtlist\000"
 1807      737400
 1808              	.LASF49:
 1809 00b1 63685F72 		.ascii	"ch_ready_list\000"
 1809      65616479 
 1809      5F6C6973 
 1809      7400
 1810              	.LASF75:
 1811 00bf 69646C65 		.ascii	"idle_thread_wa\000"
 1811      5F746872 
 1811      6561645F 
 1811      776100
 1812              	.LASF91:
 1813 00ce 65776D61 		.ascii	"ewmask\000"
 1813      736B00
 1814              	.LASF112:
 1815 00d5 6D6F6465 		.ascii	"mode\000"
 1815      00
 1816              	.LASF47:
 1817 00da 63685F74 		.ascii	"ch_threads_queue\000"
 1817      68726561 
 1817      64735F71 
 1817      75657565 
 1817      00
 1818              	.LASF56:
 1819 00eb 76746675 		.ascii	"vtfunc_t\000"
 1819      6E635F74 
 1819      00
 1820              	.LASF94:
 1821 00f4 735F636E 		.ascii	"s_cnt\000"
 1821      7400
 1822              	.LASF68:
 1823 00fa 63685F73 		.ascii	"ch_system_debug\000"
 1823      79737465 
 1823      6D5F6465 
ARM GAS  /tmp/cc752nZh.s 			page 34


 1823      62756700 
 1824              	.LASF9:
 1825 010a 75696E74 		.ascii	"uint32_t\000"
 1825      33325F74 
 1825      00
 1826              	.LASF21:
 1827 0113 6576656E 		.ascii	"eventmask_t\000"
 1827      746D6173 
 1827      6B5F7400 
 1828              	.LASF51:
 1829 011f 725F7072 		.ascii	"r_prio\000"
 1829      696F00
 1830              	.LASF63:
 1831 0126 76745F70 		.ascii	"vt_par\000"
 1831      617200
 1832              	.LASF92:
 1833 012d 63685F73 		.ascii	"ch_semaphore\000"
 1833      656D6170 
 1833      686F7265 
 1833      00
 1834              	.LASF19:
 1835 013a 74707269 		.ascii	"tprio_t\000"
 1835      6F5F7400 
 1836              	.LASF58:
 1837 0142 63685F76 		.ascii	"ch_virtual_timer\000"
 1837      69727475 
 1837      616C5F74 
 1837      696D6572 
 1837      00
 1838              	.LASF13:
 1839 0153 6C6F6E67 		.ascii	"long long unsigned int\000"
 1839      206C6F6E 
 1839      6720756E 
 1839      7369676E 
 1839      65642069 
 1840              	.LASF22:
 1841 016a 636E745F 		.ascii	"cnt_t\000"
 1841      7400
 1842              	.LASF29:
 1843 0170 705F6E65 		.ascii	"p_newer\000"
 1843      77657200 
 1844              	.LASF65:
 1845 0178 63685F76 		.ascii	"ch_virtual_timers_list\000"
 1845      69727475 
 1845      616C5F74 
 1845      696D6572 
 1845      735F6C69 
 1846              	.LASF24:
 1847 018f 74687265 		.ascii	"thread_t\000"
 1847      61645F74 
 1847      00
 1848              	.LASF85:
 1849 0198 7264796D 		.ascii	"rdymsg\000"
 1849      736700
 1850              	.LASF83:
 1851 019f 6F666673 		.ascii	"offset\000"
 1851      657400
ARM GAS  /tmp/cc752nZh.s 			page 35


 1852              	.LASF101:
 1853 01a6 5F426F6F 		.ascii	"_Bool\000"
 1853      6C00
 1854              	.LASF95:
 1855 01ac 63685F6D 		.ascii	"ch_mutex\000"
 1855      75746578 
 1855      00
 1856              	.LASF31:
 1857 01b5 705F6E61 		.ascii	"p_name\000"
 1857      6D6500
 1858              	.LASF105:
 1859 01bc 706F7274 		.ascii	"portid\000"
 1859      696400
 1860              	.LASF61:
 1861 01c3 76745F64 		.ascii	"vt_delta\000"
 1861      656C7461 
 1861      00
 1862              	.LASF42:
 1863 01cc 74687265 		.ascii	"thread_reference_t\000"
 1863      61645F72 
 1863      65666572 
 1863      656E6365 
 1863      5F7400
 1864              	.LASF66:
 1865 01df 76745F6C 		.ascii	"vt_lasttime\000"
 1865      61737474 
 1865      696D6500 
 1866              	.LASF17:
 1867 01eb 74737461 		.ascii	"tstate_t\000"
 1867      74655F74 
 1867      00
 1868              	.LASF30:
 1869 01f4 705F6F6C 		.ascii	"p_older\000"
 1869      64657200 
 1870              	.LASF32:
 1871 01fc 705F7374 		.ascii	"p_state\000"
 1871      61746500 
 1872              	.LASF4:
 1873 0204 75696E74 		.ascii	"uint8_t\000"
 1873      385F7400 
 1874              	.LASF115:
 1875 020c 2E2E2F2E 		.ascii	"../../../resources/chibios/ChibiOS_16.1.8/os/hal/sr"
 1875      2E2F2E2E 
 1875      2F726573 
 1875      6F757263 
 1875      65732F63 
 1876 023f 632F7061 		.ascii	"c/pal.c\000"
 1876      6C2E6300 
 1877              	.LASF39:
 1878 0247 705F6D74 		.ascii	"p_mtxlist\000"
 1878      786C6973 
 1878      7400
 1879              	.LASF44:
 1880 0251 63685F74 		.ascii	"ch_thread\000"
 1880      68726561 
 1880      6400
 1881              	.LASF108:
ARM GAS  /tmp/cc752nZh.s 			page 36


 1882 025b 62697473 		.ascii	"bits\000"
 1882      00
 1883              	.LASF111:
 1884 0260 70616C53 		.ascii	"palSetBusMode\000"
 1884      65744275 
 1884      734D6F64 
 1884      6500
 1885              	.LASF67:
 1886 026e 73797374 		.ascii	"system_debug_t\000"
 1886      656D5F64 
 1886      65627567 
 1886      5F7400
 1887              	.LASF11:
 1888 027d 6C6F6E67 		.ascii	"long long int\000"
 1888      206C6F6E 
 1888      6720696E 
 1888      7400
 1889              	.LASF50:
 1890 028b 725F7175 		.ascii	"r_queue\000"
 1890      65756500 
 1891              	.LASF53:
 1892 0293 725F6E65 		.ascii	"r_newer\000"
 1892      77657200 
 1893              	.LASF20:
 1894 029b 6D73675F 		.ascii	"msg_t\000"
 1894      7400
 1895              	.LASF81:
 1896 02a1 636F6E74 		.ascii	"context\000"
 1896      65787400 
 1897              	.LASF33:
 1898 02a9 705F666C 		.ascii	"p_flags\000"
 1898      61677300 
 1899              	.LASF57:
 1900 02b1 76697274 		.ascii	"virtual_timer_t\000"
 1900      75616C5F 
 1900      74696D65 
 1900      725F7400 
 1901              	.LASF102:
 1902 02c1 696F706F 		.ascii	"ioportmask_t\000"
 1902      72746D61 
 1902      736B5F74 
 1902      00
 1903              	.LASF103:
 1904 02ce 696F6D6F 		.ascii	"iomode_t\000"
 1904      64655F74 
 1904      00
 1905              	.LASF116:
 1906 02d7 2F686F6D 		.ascii	"/home/madog/Documents/proyectos/CYCLE/repos/harvest"
 1906      652F6D61 
 1906      646F672F 
 1906      446F6375 
 1906      6D656E74 
 1907 030a 65722F73 		.ascii	"er/src\000"
 1907      726300
 1908              	.LASF54:
 1909 0311 725F6F6C 		.ascii	"r_older\000"
 1909      64657200 
ARM GAS  /tmp/cc752nZh.s 			page 37


 1910              	.LASF106:
 1911 0319 6D61736B 		.ascii	"mask\000"
 1911      00
 1912              	.LASF117:
 1913 031e 70616C52 		.ascii	"palReadBus\000"
 1913      65616442 
 1913      757300
 1914              	.LASF69:
 1915 0329 70616E69 		.ascii	"panic_msg\000"
 1915      635F6D73 
 1915      6700
 1916              	.LASF37:
 1917 0333 705F6D73 		.ascii	"p_msg\000"
 1917      6700
 1918              	.LASF16:
 1919 0339 746D6F64 		.ascii	"tmode_t\000"
 1919      655F7400 
 1920              	.LASF74:
 1921 0341 6D61696E 		.ascii	"mainthread\000"
 1921      74687265 
 1921      616400
 1922              	.LASF5:
 1923 034c 75696E74 		.ascii	"uint16_t\000"
 1923      31365F74 
 1923      00
 1924              	.LASF15:
 1925 0355 7274636E 		.ascii	"rtcnt_t\000"
 1925      745F7400 
 1926              	.LASF40:
 1927 035d 705F7265 		.ascii	"p_realprio\000"
 1927      616C7072 
 1927      696F00
 1928              	.LASF3:
 1929 0368 73686F72 		.ascii	"short int\000"
 1929      7420696E 
 1929      7400
 1930              	.LASF55:
 1931 0372 725F6375 		.ascii	"r_current\000"
 1931      7272656E 
 1931      7400
 1932              	.LASF38:
 1933 037c 705F6570 		.ascii	"p_epending\000"
 1933      656E6469 
 1933      6E6700
 1934              	.LASF96:
 1935 0387 6D5F7175 		.ascii	"m_queue\000"
 1935      65756500 
 1936              	.LASF8:
 1937 038f 6C6F6E67 		.ascii	"long int\000"
 1937      20696E74 
 1937      00
 1938              	.LASF82:
 1939 0398 706F7274 		.ascii	"port_intctx\000"
 1939      5F696E74 
 1939      63747800 
 1940              	.LASF113:
 1941 03a4 49544D5F 		.ascii	"ITM_RxBuffer\000"
ARM GAS  /tmp/cc752nZh.s 			page 38


 1941      52784275 
 1941      66666572 
 1941      00
 1942              	.LASF71:
 1943 03b1 63685F73 		.ascii	"ch_system\000"
 1943      79737465 
 1943      6D00
 1944              	.LASF25:
 1945 03bb 705F6E65 		.ascii	"p_next\000"
 1945      787400
 1946              	.LASF12:
 1947 03c2 75696E74 		.ascii	"uint64_t\000"
 1947      36345F74 
 1947      00
 1948              	.LASF28:
 1949 03cb 705F6374 		.ascii	"p_ctx\000"
 1949      7800
 1950              	.LASF72:
 1951 03d1 726C6973 		.ascii	"rlist\000"
 1951      7400
 1952              	.LASF104:
 1953 03d7 696F706F 		.ascii	"ioportid_t\000"
 1953      72746964 
 1953      5F7400
 1954              	.LASF78:
 1955 03e2 4750494F 		.ascii	"GPIO_TypeDef\000"
 1955      5F547970 
 1955      65446566 
 1955      00
 1956              	.LASF26:
 1957 03ef 705F7072 		.ascii	"p_prev\000"
 1957      657600
 1958              	.LASF18:
 1959 03f6 74726566 		.ascii	"trefs_t\000"
 1959      735F7400 
 1960              	.LASF10:
 1961 03fe 6C6F6E67 		.ascii	"long unsigned int\000"
 1961      20756E73 
 1961      69676E65 
 1961      6420696E 
 1961      7400
 1962              	.LASF48:
 1963 0410 72656164 		.ascii	"ready_list_t\000"
 1963      795F6C69 
 1963      73745F74 
 1963      00
 1964              	.LASF7:
 1965 041d 696E7433 		.ascii	"int32_t\000"
 1965      325F7400 
 1966              	.LASF89:
 1967 0425 77747365 		.ascii	"wtsemp\000"
 1967      6D7000
 1968              	.LASF114:
 1969 042c 474E5520 		.ascii	"GNU C 4.6.1\000"
 1969      4320342E 
 1969      362E3100 
 1970              	.LASF100:
ARM GAS  /tmp/cc752nZh.s 			page 39


 1971 0438 6D757465 		.ascii	"mutex_t\000"
 1971      785F7400 
 1972              	.LASF2:
 1973 0440 756E7369 		.ascii	"unsigned char\000"
 1973      676E6564 
 1973      20636861 
 1973      7200
 1974              	.LASF64:
 1975 044e 76697274 		.ascii	"virtual_timers_list_t\000"
 1975      75616C5F 
 1975      74696D65 
 1975      72735F6C 
 1975      6973745F 
 1976              	.LASF34:
 1977 0464 705F7265 		.ascii	"p_refs\000"
 1977      667300
 1978              	.LASF14:
 1979 046b 75696E74 		.ascii	"uint_fast8_t\000"
 1979      5F666173 
 1979      74385F74 
 1979      00
 1980              	.LASF59:
 1981 0478 76745F6E 		.ascii	"vt_next\000"
 1981      65787400 
 1982              	.LASF41:
 1983 0480 705F6D70 		.ascii	"p_mpool\000"
 1983      6F6F6C00 
 1984              	.LASF70:
 1985 0488 63685F73 		.ascii	"ch_system_t\000"
 1985      79737465 
 1985      6D5F7400 
 1986              	.LASF88:
 1987 0494 77747472 		.ascii	"wttrp\000"
 1987      7000
 1988              	.LASF98:
 1989 049a 6D5F6E65 		.ascii	"m_next\000"
 1989      787400
 1990              	.LASF1:
 1991 04a1 7369676E 		.ascii	"signed char\000"
 1991      65642063 
 1991      68617200 
 1992              	.LASF6:
 1993 04ad 73686F72 		.ascii	"short unsigned int\000"
 1993      7420756E 
 1993      7369676E 
 1993      65642069 
 1993      6E7400
 1994              	.LASF52:
 1995 04c0 725F6374 		.ascii	"r_ctx\000"
 1995      7800
 1996              	.LASF80:
 1997 04c6 73746B61 		.ascii	"stkalign_t\000"
 1997      6C69676E 
 1997      5F7400
 1998              	.LASF109:
 1999 04d1 5F5F6675 		.ascii	"__func__\000"
 1999      6E635F5F 
ARM GAS  /tmp/cc752nZh.s 			page 40


 1999      00
 2000              	.LASF62:
 2001 04da 76745F66 		.ascii	"vt_func\000"
 2001      756E6300 
 2002              	.LASF60:
 2003 04e2 76745F70 		.ascii	"vt_prev\000"
 2003      72657600 
 2004              	.LASF110:
 2005 04ea 70616C57 		.ascii	"palWriteBus\000"
 2005      72697465 
 2005      42757300 
 2006              	.LASF86:
 2007 04f6 65786974 		.ascii	"exitcode\000"
 2007      636F6465 
 2007      00
 2008              	.LASF77:
 2009 04ff 4C434B52 		.ascii	"LCKR\000"
 2009      00
 2010              		.ident	"GCC: (Sourcery CodeBench Lite 2011.09-69) 4.6.1"
ARM GAS  /tmp/cc752nZh.s 			page 41


DEFINED SYMBOLS
                            *ABS*:00000000 pal.c
     /tmp/cc752nZh.s:19     .text.palReadBus:00000000 $t
     /tmp/cc752nZh.s:25     .text.palReadBus:00000000 palReadBus
     /tmp/cc752nZh.s:48     .text.palWriteBus:00000000 $t
     /tmp/cc752nZh.s:54     .text.palWriteBus:00000000 palWriteBus
     /tmp/cc752nZh.s:89     .text.palSetBusMode:00000000 $t
     /tmp/cc752nZh.s:95     .text.palSetBusMode:00000000 palSetBusMode
                     .debug_frame:00000010 $d

UNDEFINED SYMBOLS
_pal_lld_setgroupmode
