ARM GAS  /tmp/cccnaFwY.s 			page 1


   1              		.syntax unified
   2              		.cpu cortex-m3
   3              		.fpu softvfp
   4              		.eabi_attribute 20, 1
   5              		.eabi_attribute 21, 1
   6              		.eabi_attribute 23, 3
   7              		.eabi_attribute 24, 1
   8              		.eabi_attribute 25, 1
   9              		.eabi_attribute 26, 1
  10              		.eabi_attribute 30, 2
  11              		.eabi_attribute 34, 1
  12              		.eabi_attribute 18, 4
  13              		.thumb
  14              		.file	"vectors.c"
  15              		.text
  16              	.Ltext0:
  17              		.cfi_sections	.debug_frame
  18              		.section	.text._unhandled_exception,"ax",%progbits
  19              		.align	2
  20              		.p2align 4,,15
  21              		.global	_unhandled_exception
  22              		.thumb
  23              		.thumb_func
  24              		.type	_unhandled_exception, %function
  25              	_unhandled_exception:
  26              	.LFB63:
  27              		.file 1 "../../../resources/chibios/ChibiOS_16.1.8/os/common/ports/ARMCMx/compilers/GCC/vectors.c"
  28              		.loc 1 46 0
  29              		.cfi_startproc
  30              		@ args = 0, pretend = 0, frame = 0
  31              		@ frame_needed = 0, uses_anonymous_args = 0
  32              		@ link register save eliminated.
  33              	.L2:
  34 0000 FEE7     		b	.L2
  35              		.cfi_endproc
  36              	.LFE63:
  37              		.size	_unhandled_exception, .-_unhandled_exception
  38              		.global	_vectors
  39              		.weak	NMI_Handler
  40              		.thumb_set NMI_Handler,_unhandled_exception
  41              		.weak	HardFault_Handler
  42              		.thumb_set HardFault_Handler,_unhandled_exception
  43              		.weak	MemManage_Handler
  44              		.thumb_set MemManage_Handler,_unhandled_exception
  45              		.weak	BusFault_Handler
  46              		.thumb_set BusFault_Handler,_unhandled_exception
  47              		.weak	UsageFault_Handler
  48              		.thumb_set UsageFault_Handler,_unhandled_exception
  49              		.weak	Vector1C
  50              		.thumb_set Vector1C,_unhandled_exception
  51              		.weak	Vector20
  52              		.thumb_set Vector20,_unhandled_exception
  53              		.weak	Vector24
  54              		.thumb_set Vector24,_unhandled_exception
  55              		.weak	Vector28
  56              		.thumb_set Vector28,_unhandled_exception
  57              		.weak	SVC_Handler
ARM GAS  /tmp/cccnaFwY.s 			page 2


  58              		.thumb_set SVC_Handler,_unhandled_exception
  59              		.weak	DebugMon_Handler
  60              		.thumb_set DebugMon_Handler,_unhandled_exception
  61              		.weak	Vector34
  62              		.thumb_set Vector34,_unhandled_exception
  63              		.weak	PendSV_Handler
  64              		.thumb_set PendSV_Handler,_unhandled_exception
  65              		.weak	SysTick_Handler
  66              		.thumb_set SysTick_Handler,_unhandled_exception
  67              		.weak	Vector40
  68              		.thumb_set Vector40,_unhandled_exception
  69              		.weak	Vector44
  70              		.thumb_set Vector44,_unhandled_exception
  71              		.weak	Vector48
  72              		.thumb_set Vector48,_unhandled_exception
  73              		.weak	Vector4C
  74              		.thumb_set Vector4C,_unhandled_exception
  75              		.weak	Vector50
  76              		.thumb_set Vector50,_unhandled_exception
  77              		.weak	Vector54
  78              		.thumb_set Vector54,_unhandled_exception
  79              		.weak	Vector58
  80              		.thumb_set Vector58,_unhandled_exception
  81              		.weak	Vector5C
  82              		.thumb_set Vector5C,_unhandled_exception
  83              		.weak	Vector60
  84              		.thumb_set Vector60,_unhandled_exception
  85              		.weak	Vector64
  86              		.thumb_set Vector64,_unhandled_exception
  87              		.weak	Vector68
  88              		.thumb_set Vector68,_unhandled_exception
  89              		.weak	Vector6C
  90              		.thumb_set Vector6C,_unhandled_exception
  91              		.weak	Vector70
  92              		.thumb_set Vector70,_unhandled_exception
  93              		.weak	Vector74
  94              		.thumb_set Vector74,_unhandled_exception
  95              		.weak	Vector78
  96              		.thumb_set Vector78,_unhandled_exception
  97              		.weak	Vector7C
  98              		.thumb_set Vector7C,_unhandled_exception
  99              		.weak	Vector80
 100              		.thumb_set Vector80,_unhandled_exception
 101              		.weak	Vector84
 102              		.thumb_set Vector84,_unhandled_exception
 103              		.weak	Vector88
 104              		.thumb_set Vector88,_unhandled_exception
 105              		.weak	Vector8C
 106              		.thumb_set Vector8C,_unhandled_exception
 107              		.weak	Vector90
 108              		.thumb_set Vector90,_unhandled_exception
 109              		.weak	Vector94
 110              		.thumb_set Vector94,_unhandled_exception
 111              		.weak	Vector98
 112              		.thumb_set Vector98,_unhandled_exception
 113              		.weak	Vector9C
 114              		.thumb_set Vector9C,_unhandled_exception
ARM GAS  /tmp/cccnaFwY.s 			page 3


 115              		.weak	VectorA0
 116              		.thumb_set VectorA0,_unhandled_exception
 117              		.weak	VectorA4
 118              		.thumb_set VectorA4,_unhandled_exception
 119              		.weak	VectorA8
 120              		.thumb_set VectorA8,_unhandled_exception
 121              		.weak	VectorAC
 122              		.thumb_set VectorAC,_unhandled_exception
 123              		.weak	VectorB0
 124              		.thumb_set VectorB0,_unhandled_exception
 125              		.weak	VectorB4
 126              		.thumb_set VectorB4,_unhandled_exception
 127              		.weak	VectorB8
 128              		.thumb_set VectorB8,_unhandled_exception
 129              		.weak	VectorBC
 130              		.thumb_set VectorBC,_unhandled_exception
 131              		.weak	VectorC0
 132              		.thumb_set VectorC0,_unhandled_exception
 133              		.weak	VectorC4
 134              		.thumb_set VectorC4,_unhandled_exception
 135              		.weak	VectorC8
 136              		.thumb_set VectorC8,_unhandled_exception
 137              		.weak	VectorCC
 138              		.thumb_set VectorCC,_unhandled_exception
 139              		.weak	VectorD0
 140              		.thumb_set VectorD0,_unhandled_exception
 141              		.weak	VectorD4
 142              		.thumb_set VectorD4,_unhandled_exception
 143              		.weak	VectorD8
 144              		.thumb_set VectorD8,_unhandled_exception
 145              		.weak	VectorDC
 146              		.thumb_set VectorDC,_unhandled_exception
 147              		.weak	VectorE0
 148              		.thumb_set VectorE0,_unhandled_exception
 149              		.weak	VectorE4
 150              		.thumb_set VectorE4,_unhandled_exception
 151              		.weak	VectorE8
 152              		.thumb_set VectorE8,_unhandled_exception
 153              		.weak	VectorEC
 154              		.thumb_set VectorEC,_unhandled_exception
 155              		.weak	VectorF0
 156              		.thumb_set VectorF0,_unhandled_exception
 157              		.weak	VectorF4
 158              		.thumb_set VectorF4,_unhandled_exception
 159              		.weak	VectorF8
 160              		.thumb_set VectorF8,_unhandled_exception
 161              		.weak	VectorFC
 162              		.thumb_set VectorFC,_unhandled_exception
 163              		.weak	Vector100
 164              		.thumb_set Vector100,_unhandled_exception
 165              		.weak	Vector104
 166              		.thumb_set Vector104,_unhandled_exception
 167              		.weak	Vector108
 168              		.thumb_set Vector108,_unhandled_exception
 169              		.weak	Vector10C
 170              		.thumb_set Vector10C,_unhandled_exception
 171              		.weak	Vector110
ARM GAS  /tmp/cccnaFwY.s 			page 4


 172              		.thumb_set Vector110,_unhandled_exception
 173              		.weak	Vector114
 174              		.thumb_set Vector114,_unhandled_exception
 175              		.weak	Vector118
 176              		.thumb_set Vector118,_unhandled_exception
 177              		.weak	Vector11C
 178              		.thumb_set Vector11C,_unhandled_exception
 179              		.weak	Vector120
 180              		.thumb_set Vector120,_unhandled_exception
 181              		.weak	Vector124
 182              		.thumb_set Vector124,_unhandled_exception
 183              		.weak	Vector128
 184              		.thumb_set Vector128,_unhandled_exception
 185              		.weak	Vector12C
 186              		.thumb_set Vector12C,_unhandled_exception
 187              		.weak	Vector130
 188              		.thumb_set Vector130,_unhandled_exception
 189              		.weak	Vector134
 190              		.thumb_set Vector134,_unhandled_exception
 191              		.weak	Vector138
 192              		.thumb_set Vector138,_unhandled_exception
 193              		.weak	Vector13C
 194              		.thumb_set Vector13C,_unhandled_exception
 195              		.weak	Vector140
 196              		.thumb_set Vector140,_unhandled_exception
 197              		.weak	Vector144
 198              		.thumb_set Vector144,_unhandled_exception
 199              		.weak	Vector148
 200              		.thumb_set Vector148,_unhandled_exception
 201              		.weak	Vector14C
 202              		.thumb_set Vector14C,_unhandled_exception
 203              		.weak	Vector150
 204              		.thumb_set Vector150,_unhandled_exception
 205              		.weak	Vector154
 206              		.thumb_set Vector154,_unhandled_exception
 207              		.weak	Vector158
 208              		.thumb_set Vector158,_unhandled_exception
 209              		.weak	Vector15C
 210              		.thumb_set Vector15C,_unhandled_exception
 211 0002 00BFAFF3 		.section	.vectors,"aw",%progbits
 211      0080AFF3 
 211      0080AFF3 
 211      0080
 212              		.align	7
 213              		.type	_vectors, %object
 214              		.size	_vectors, 352
 215              	_vectors:
 216 0000 00000000 		.word	__main_stack_end__
 217 0004 00000000 		.word	Reset_Handler
 218 0008 00000000 		.word	NMI_Handler
 219 000c 00000000 		.word	HardFault_Handler
 220 0010 00000000 		.word	MemManage_Handler
 221 0014 00000000 		.word	BusFault_Handler
 222 0018 00000000 		.word	UsageFault_Handler
 223 001c 00000000 		.word	Vector1C
 224 0020 00000000 		.word	Vector20
 225 0024 00000000 		.word	Vector24
ARM GAS  /tmp/cccnaFwY.s 			page 5


 226 0028 00000000 		.word	Vector28
 227 002c 00000000 		.word	SVC_Handler
 228 0030 00000000 		.word	DebugMon_Handler
 229 0034 00000000 		.word	Vector34
 230 0038 00000000 		.word	PendSV_Handler
 231 003c 00000000 		.word	SysTick_Handler
 232 0040 00000000 		.word	Vector40
 233 0044 00000000 		.word	Vector44
 234 0048 00000000 		.word	Vector48
 235 004c 00000000 		.word	Vector4C
 236 0050 00000000 		.word	Vector50
 237 0054 00000000 		.word	Vector54
 238 0058 00000000 		.word	Vector58
 239 005c 00000000 		.word	Vector5C
 240 0060 00000000 		.word	Vector60
 241 0064 00000000 		.word	Vector64
 242 0068 00000000 		.word	Vector68
 243 006c 00000000 		.word	Vector6C
 244 0070 00000000 		.word	Vector70
 245 0074 00000000 		.word	Vector74
 246 0078 00000000 		.word	Vector78
 247 007c 00000000 		.word	Vector7C
 248 0080 00000000 		.word	Vector80
 249 0084 00000000 		.word	Vector84
 250 0088 00000000 		.word	Vector88
 251 008c 00000000 		.word	Vector8C
 252 0090 00000000 		.word	Vector90
 253 0094 00000000 		.word	Vector94
 254 0098 00000000 		.word	Vector98
 255 009c 00000000 		.word	Vector9C
 256 00a0 00000000 		.word	VectorA0
 257 00a4 00000000 		.word	VectorA4
 258 00a8 00000000 		.word	VectorA8
 259 00ac 00000000 		.word	VectorAC
 260 00b0 00000000 		.word	VectorB0
 261 00b4 00000000 		.word	VectorB4
 262 00b8 00000000 		.word	VectorB8
 263 00bc 00000000 		.word	VectorBC
 264 00c0 00000000 		.word	VectorC0
 265 00c4 00000000 		.word	VectorC4
 266 00c8 00000000 		.word	VectorC8
 267 00cc 00000000 		.word	VectorCC
 268 00d0 00000000 		.word	VectorD0
 269 00d4 00000000 		.word	VectorD4
 270 00d8 00000000 		.word	VectorD8
 271 00dc 00000000 		.word	VectorDC
 272 00e0 00000000 		.word	VectorE0
 273 00e4 00000000 		.word	VectorE4
 274 00e8 00000000 		.word	VectorE8
 275 00ec 00000000 		.word	VectorEC
 276 00f0 00000000 		.word	VectorF0
 277 00f4 00000000 		.word	VectorF4
 278 00f8 00000000 		.word	VectorF8
 279 00fc 00000000 		.word	VectorFC
 280 0100 00000000 		.word	Vector100
 281 0104 00000000 		.word	Vector104
 282 0108 00000000 		.word	Vector108
ARM GAS  /tmp/cccnaFwY.s 			page 6


 283 010c 00000000 		.word	Vector10C
 284 0110 00000000 		.word	Vector110
 285 0114 00000000 		.word	Vector114
 286 0118 00000000 		.word	Vector118
 287 011c 00000000 		.word	Vector11C
 288 0120 00000000 		.word	Vector120
 289 0124 00000000 		.word	Vector124
 290 0128 00000000 		.word	Vector128
 291 012c 00000000 		.word	Vector12C
 292 0130 00000000 		.word	Vector130
 293 0134 00000000 		.word	Vector134
 294 0138 00000000 		.word	Vector138
 295 013c 00000000 		.word	Vector13C
 296 0140 00000000 		.word	Vector140
 297 0144 00000000 		.word	Vector144
 298 0148 00000000 		.word	Vector148
 299 014c 00000000 		.word	Vector14C
 300 0150 00000000 		.word	Vector150
 301 0154 00000000 		.word	Vector154
 302 0158 00000000 		.word	Vector158
 303 015c 00000000 		.word	Vector15C
 304 0160 00000000 		.text
 304      00000000 
 304      00000000 
 304      00000000 
 304      00000000 
 305              	.Letext0:
 306              		.file 2 "/home/madog/programs/CodeSourcery/Sourcery_CodeBench_Lite_for_ARM_EABI/bin/../lib/gcc/arm
 307              		.file 3 "../../../resources/chibios/ChibiOS_16.1.8/os/common/ports/ARMCMx/compilers/GCC/vectors.h"
 308              		.file 4 "../../../resources/chibios/ChibiOS_16.1.8/os/ext/CMSIS/include/core_cm3.h"
 309              		.section	.debug_info,"",%progbits
 310              	.Ldebug_info0:
 311 0000 1D020000 		.4byte	0x21d
 312 0004 0200     		.2byte	0x2
 313 0006 00000000 		.4byte	.Ldebug_abbrev0
 314 000a 04       		.byte	0x4
 315 000b 01       		.uleb128 0x1
 316 000c B1010000 		.4byte	.LASF33
 317 0010 01       		.byte	0x1
 318 0011 06010000 		.4byte	.LASF34
 319 0015 BD010000 		.4byte	.LASF35
 320 0019 00000000 		.4byte	0
 321 001d 00000000 		.4byte	0
 322 0021 00000000 		.4byte	.Ldebug_ranges0+0
 323 0025 00000000 		.4byte	.Ldebug_line0
 324 0029 02       		.uleb128 0x2
 325 002a 01       		.byte	0x1
 326 002b 06       		.byte	0x6
 327 002c 42020000 		.4byte	.LASF0
 328 0030 02       		.uleb128 0x2
 329 0031 01       		.byte	0x1
 330 0032 08       		.byte	0x8
 331 0033 70000000 		.4byte	.LASF1
 332 0037 02       		.uleb128 0x2
 333 0038 02       		.byte	0x2
 334 0039 05       		.byte	0x5
 335 003a 14020000 		.4byte	.LASF2
ARM GAS  /tmp/cccnaFwY.s 			page 7


 336 003e 02       		.uleb128 0x2
 337 003f 02       		.byte	0x2
 338 0040 07       		.byte	0x7
 339 0041 35000000 		.4byte	.LASF3
 340 0045 03       		.uleb128 0x3
 341 0046 53000000 		.4byte	.LASF5
 342 004a 02       		.byte	0x2
 343 004b 4F       		.byte	0x4f
 344 004c 50000000 		.4byte	0x50
 345 0050 02       		.uleb128 0x2
 346 0051 04       		.byte	0x4
 347 0052 05       		.byte	0x5
 348 0053 27020000 		.4byte	.LASF4
 349 0057 03       		.uleb128 0x3
 350 0058 1E020000 		.4byte	.LASF6
 351 005c 02       		.byte	0x2
 352 005d 50       		.byte	0x50
 353 005e 62000000 		.4byte	0x62
 354 0062 02       		.uleb128 0x2
 355 0063 04       		.byte	0x4
 356 0064 07       		.byte	0x7
 357 0065 7E000000 		.4byte	.LASF7
 358 0069 02       		.uleb128 0x2
 359 006a 08       		.byte	0x8
 360 006b 05       		.byte	0x5
 361 006c 92010000 		.4byte	.LASF8
 362 0070 02       		.uleb128 0x2
 363 0071 08       		.byte	0x8
 364 0072 07       		.byte	0x7
 365 0073 E6000000 		.4byte	.LASF9
 366 0077 04       		.uleb128 0x4
 367 0078 04       		.byte	0x4
 368 0079 05       		.byte	0x5
 369 007a 696E7400 		.ascii	"int\000"
 370 007e 02       		.uleb128 0x2
 371 007f 04       		.byte	0x4
 372 0080 07       		.byte	0x7
 373 0081 D0000000 		.4byte	.LASF10
 374 0085 03       		.uleb128 0x3
 375 0086 00000000 		.4byte	.LASF11
 376 008a 03       		.byte	0x3
 377 008b 3C       		.byte	0x3c
 378 008c 90000000 		.4byte	0x90
 379 0090 05       		.uleb128 0x5
 380 0091 04       		.byte	0x4
 381 0092 96000000 		.4byte	0x96
 382 0096 06       		.uleb128 0x6
 383 0097 01       		.byte	0x1
 384 0098 07       		.uleb128 0x7
 385 0099 6001     		.2byte	0x160
 386 009b 03       		.byte	0x3
 387 009c 41       		.byte	0x41
 388 009d 90010000 		.4byte	0x190
 389 00a1 08       		.uleb128 0x8
 390 00a2 48000000 		.4byte	.LASF12
 391 00a6 03       		.byte	0x3
 392 00a7 42       		.byte	0x42
ARM GAS  /tmp/cccnaFwY.s 			page 8


 393 00a8 90010000 		.4byte	0x190
 394 00ac 02       		.byte	0x2
 395 00ad 23       		.byte	0x23
 396 00ae 00       		.uleb128 0
 397 00af 08       		.uleb128 0x8
 398 00b0 71010000 		.4byte	.LASF13
 399 00b4 03       		.byte	0x3
 400 00b5 43       		.byte	0x43
 401 00b6 85000000 		.4byte	0x85
 402 00ba 02       		.byte	0x2
 403 00bb 23       		.byte	0x23
 404 00bc 04       		.uleb128 0x4
 405 00bd 08       		.uleb128 0x8
 406 00be C4000000 		.4byte	.LASF14
 407 00c2 03       		.byte	0x3
 408 00c3 44       		.byte	0x44
 409 00c4 85000000 		.4byte	0x85
 410 00c8 02       		.byte	0x2
 411 00c9 23       		.byte	0x23
 412 00ca 08       		.uleb128 0x8
 413 00cb 08       		.uleb128 0x8
 414 00cc B2000000 		.4byte	.LASF15
 415 00d0 03       		.byte	0x3
 416 00d1 45       		.byte	0x45
 417 00d2 85000000 		.4byte	0x85
 418 00d6 02       		.byte	0x2
 419 00d7 23       		.byte	0x23
 420 00d8 0C       		.uleb128 0xc
 421 00d9 08       		.uleb128 0x8
 422 00da 30020000 		.4byte	.LASF16
 423 00de 03       		.byte	0x3
 424 00df 46       		.byte	0x46
 425 00e0 85000000 		.4byte	0x85
 426 00e4 02       		.byte	0x2
 427 00e5 23       		.byte	0x23
 428 00e6 10       		.uleb128 0x10
 429 00e7 08       		.uleb128 0x8
 430 00e8 A0010000 		.4byte	.LASF17
 431 00ec 03       		.byte	0x3
 432 00ed 47       		.byte	0x47
 433 00ee 85000000 		.4byte	0x85
 434 00f2 02       		.byte	0x2
 435 00f3 23       		.byte	0x23
 436 00f4 14       		.uleb128 0x14
 437 00f5 08       		.uleb128 0x8
 438 00f6 7F010000 		.4byte	.LASF18
 439 00fa 03       		.byte	0x3
 440 00fb 48       		.byte	0x48
 441 00fc 85000000 		.4byte	0x85
 442 0100 02       		.byte	0x2
 443 0101 23       		.byte	0x23
 444 0102 18       		.uleb128 0x18
 445 0103 08       		.uleb128 0x8
 446 0104 A9000000 		.4byte	.LASF19
 447 0108 03       		.byte	0x3
 448 0109 49       		.byte	0x49
 449 010a 85000000 		.4byte	0x85
ARM GAS  /tmp/cccnaFwY.s 			page 9


 450 010e 02       		.byte	0x2
 451 010f 23       		.byte	0x23
 452 0110 1C       		.uleb128 0x1c
 453 0111 08       		.uleb128 0x8
 454 0112 DD000000 		.4byte	.LASF20
 455 0116 03       		.byte	0x3
 456 0117 4A       		.byte	0x4a
 457 0118 85000000 		.4byte	0x85
 458 011c 02       		.byte	0x2
 459 011d 23       		.byte	0x23
 460 011e 20       		.uleb128 0x20
 461 011f 08       		.uleb128 0x8
 462 0120 FD000000 		.4byte	.LASF21
 463 0124 03       		.byte	0x3
 464 0125 4B       		.byte	0x4b
 465 0126 85000000 		.4byte	0x85
 466 012a 02       		.byte	0x2
 467 012b 23       		.byte	0x23
 468 012c 24       		.uleb128 0x24
 469 012d 08       		.uleb128 0x8
 470 012e 5F010000 		.4byte	.LASF22
 471 0132 03       		.byte	0x3
 472 0133 4C       		.byte	0x4c
 473 0134 85000000 		.4byte	0x85
 474 0138 02       		.byte	0x2
 475 0139 23       		.byte	0x23
 476 013a 28       		.uleb128 0x28
 477 013b 08       		.uleb128 0x8
 478 013c 90000000 		.4byte	.LASF23
 479 0140 03       		.byte	0x3
 480 0141 4D       		.byte	0x4d
 481 0142 85000000 		.4byte	0x85
 482 0146 02       		.byte	0x2
 483 0147 23       		.byte	0x23
 484 0148 2C       		.uleb128 0x2c
 485 0149 08       		.uleb128 0x8
 486 014a 5B000000 		.4byte	.LASF24
 487 014e 03       		.byte	0x3
 488 014f 4E       		.byte	0x4e
 489 0150 85000000 		.4byte	0x85
 490 0154 02       		.byte	0x2
 491 0155 23       		.byte	0x23
 492 0156 30       		.uleb128 0x30
 493 0157 08       		.uleb128 0x8
 494 0158 0D000000 		.4byte	.LASF25
 495 015c 03       		.byte	0x3
 496 015d 4F       		.byte	0x4f
 497 015e 85000000 		.4byte	0x85
 498 0162 02       		.byte	0x2
 499 0163 23       		.byte	0x23
 500 0164 34       		.uleb128 0x34
 501 0165 08       		.uleb128 0x8
 502 0166 16000000 		.4byte	.LASF26
 503 016a 03       		.byte	0x3
 504 016b 50       		.byte	0x50
 505 016c 85000000 		.4byte	0x85
 506 0170 02       		.byte	0x2
ARM GAS  /tmp/cccnaFwY.s 			page 10


 507 0171 23       		.byte	0x23
 508 0172 38       		.uleb128 0x38
 509 0173 08       		.uleb128 0x8
 510 0174 25000000 		.4byte	.LASF27
 511 0178 03       		.byte	0x3
 512 0179 51       		.byte	0x51
 513 017a 85000000 		.4byte	0x85
 514 017e 02       		.byte	0x2
 515 017f 23       		.byte	0x23
 516 0180 3C       		.uleb128 0x3c
 517 0181 08       		.uleb128 0x8
 518 0182 0C020000 		.4byte	.LASF28
 519 0186 03       		.byte	0x3
 520 0187 52       		.byte	0x52
 521 0188 96010000 		.4byte	0x196
 522 018c 02       		.byte	0x2
 523 018d 23       		.byte	0x23
 524 018e 40       		.uleb128 0x40
 525 018f 00       		.byte	0
 526 0190 05       		.uleb128 0x5
 527 0191 04       		.byte	0x4
 528 0192 57000000 		.4byte	0x57
 529 0196 09       		.uleb128 0x9
 530 0197 85000000 		.4byte	0x85
 531 019b A6010000 		.4byte	0x1a6
 532 019f 0A       		.uleb128 0xa
 533 01a0 7E000000 		.4byte	0x7e
 534 01a4 47       		.byte	0x47
 535 01a5 00       		.byte	0
 536 01a6 03       		.uleb128 0x3
 537 01a7 4E020000 		.4byte	.LASF29
 538 01ab 03       		.byte	0x3
 539 01ac 53       		.byte	0x53
 540 01ad 98000000 		.4byte	0x98
 541 01b1 0B       		.uleb128 0xb
 542 01b2 01       		.byte	0x1
 543 01b3 F7010000 		.4byte	.LASF36
 544 01b7 01       		.byte	0x1
 545 01b8 2E       		.byte	0x2e
 546 01b9 01       		.byte	0x1
 547 01ba 00000000 		.4byte	.LFB63
 548 01be 02000000 		.4byte	.LFE63
 549 01c2 02       		.byte	0x2
 550 01c3 7D       		.byte	0x7d
 551 01c4 00       		.sleb128 0
 552 01c5 0C       		.uleb128 0xc
 553 01c6 9C000000 		.4byte	.LASF30
 554 01ca 04       		.byte	0x4
 555 01cb 5506     		.2byte	0x655
 556 01cd D3010000 		.4byte	0x1d3
 557 01d1 01       		.byte	0x1
 558 01d2 01       		.byte	0x1
 559 01d3 0D       		.uleb128 0xd
 560 01d4 45000000 		.4byte	0x45
 561 01d8 0E       		.uleb128 0xe
 562 01d9 68010000 		.4byte	.LASF31
 563 01dd 03       		.byte	0x3
ARM GAS  /tmp/cccnaFwY.s 			page 11


 564 01de 5F       		.byte	0x5f
 565 01df A6010000 		.4byte	0x1a6
 566 01e3 01       		.byte	0x1
 567 01e4 01       		.byte	0x1
 568 01e5 0E       		.uleb128 0xe
 569 01e6 58020000 		.4byte	.LASF32
 570 01ea 01       		.byte	0x1
 571 01eb 36       		.byte	0x36
 572 01ec 57000000 		.4byte	0x57
 573 01f0 01       		.byte	0x1
 574 01f1 01       		.byte	0x1
 575 01f2 0C       		.uleb128 0xc
 576 01f3 9C000000 		.4byte	.LASF30
 577 01f7 04       		.byte	0x4
 578 01f8 5506     		.2byte	0x655
 579 01fa D3010000 		.4byte	0x1d3
 580 01fe 01       		.byte	0x1
 581 01ff 01       		.byte	0x1
 582 0200 0F       		.uleb128 0xf
 583 0201 68010000 		.4byte	.LASF31
 584 0205 01       		.byte	0x1
 585 0206 B901     		.2byte	0x1b9
 586 0208 A6010000 		.4byte	0x1a6
 587 020c 01       		.byte	0x1
 588 020d 05       		.byte	0x5
 589 020e 03       		.byte	0x3
 590 020f 00000000 		.4byte	_vectors
 591 0213 0E       		.uleb128 0xe
 592 0214 58020000 		.4byte	.LASF32
 593 0218 01       		.byte	0x1
 594 0219 36       		.byte	0x36
 595 021a 57000000 		.4byte	0x57
 596 021e 01       		.byte	0x1
 597 021f 01       		.byte	0x1
 598 0220 00       		.byte	0
 599              		.section	.debug_abbrev,"",%progbits
 600              	.Ldebug_abbrev0:
 601 0000 01       		.uleb128 0x1
 602 0001 11       		.uleb128 0x11
 603 0002 01       		.byte	0x1
 604 0003 25       		.uleb128 0x25
 605 0004 0E       		.uleb128 0xe
 606 0005 13       		.uleb128 0x13
 607 0006 0B       		.uleb128 0xb
 608 0007 03       		.uleb128 0x3
 609 0008 0E       		.uleb128 0xe
 610 0009 1B       		.uleb128 0x1b
 611 000a 0E       		.uleb128 0xe
 612 000b 11       		.uleb128 0x11
 613 000c 01       		.uleb128 0x1
 614 000d 52       		.uleb128 0x52
 615 000e 01       		.uleb128 0x1
 616 000f 55       		.uleb128 0x55
 617 0010 06       		.uleb128 0x6
 618 0011 10       		.uleb128 0x10
 619 0012 06       		.uleb128 0x6
 620 0013 00       		.byte	0
ARM GAS  /tmp/cccnaFwY.s 			page 12


 621 0014 00       		.byte	0
 622 0015 02       		.uleb128 0x2
 623 0016 24       		.uleb128 0x24
 624 0017 00       		.byte	0
 625 0018 0B       		.uleb128 0xb
 626 0019 0B       		.uleb128 0xb
 627 001a 3E       		.uleb128 0x3e
 628 001b 0B       		.uleb128 0xb
 629 001c 03       		.uleb128 0x3
 630 001d 0E       		.uleb128 0xe
 631 001e 00       		.byte	0
 632 001f 00       		.byte	0
 633 0020 03       		.uleb128 0x3
 634 0021 16       		.uleb128 0x16
 635 0022 00       		.byte	0
 636 0023 03       		.uleb128 0x3
 637 0024 0E       		.uleb128 0xe
 638 0025 3A       		.uleb128 0x3a
 639 0026 0B       		.uleb128 0xb
 640 0027 3B       		.uleb128 0x3b
 641 0028 0B       		.uleb128 0xb
 642 0029 49       		.uleb128 0x49
 643 002a 13       		.uleb128 0x13
 644 002b 00       		.byte	0
 645 002c 00       		.byte	0
 646 002d 04       		.uleb128 0x4
 647 002e 24       		.uleb128 0x24
 648 002f 00       		.byte	0
 649 0030 0B       		.uleb128 0xb
 650 0031 0B       		.uleb128 0xb
 651 0032 3E       		.uleb128 0x3e
 652 0033 0B       		.uleb128 0xb
 653 0034 03       		.uleb128 0x3
 654 0035 08       		.uleb128 0x8
 655 0036 00       		.byte	0
 656 0037 00       		.byte	0
 657 0038 05       		.uleb128 0x5
 658 0039 0F       		.uleb128 0xf
 659 003a 00       		.byte	0
 660 003b 0B       		.uleb128 0xb
 661 003c 0B       		.uleb128 0xb
 662 003d 49       		.uleb128 0x49
 663 003e 13       		.uleb128 0x13
 664 003f 00       		.byte	0
 665 0040 00       		.byte	0
 666 0041 06       		.uleb128 0x6
 667 0042 15       		.uleb128 0x15
 668 0043 00       		.byte	0
 669 0044 27       		.uleb128 0x27
 670 0045 0C       		.uleb128 0xc
 671 0046 00       		.byte	0
 672 0047 00       		.byte	0
 673 0048 07       		.uleb128 0x7
 674 0049 13       		.uleb128 0x13
 675 004a 01       		.byte	0x1
 676 004b 0B       		.uleb128 0xb
 677 004c 05       		.uleb128 0x5
ARM GAS  /tmp/cccnaFwY.s 			page 13


 678 004d 3A       		.uleb128 0x3a
 679 004e 0B       		.uleb128 0xb
 680 004f 3B       		.uleb128 0x3b
 681 0050 0B       		.uleb128 0xb
 682 0051 01       		.uleb128 0x1
 683 0052 13       		.uleb128 0x13
 684 0053 00       		.byte	0
 685 0054 00       		.byte	0
 686 0055 08       		.uleb128 0x8
 687 0056 0D       		.uleb128 0xd
 688 0057 00       		.byte	0
 689 0058 03       		.uleb128 0x3
 690 0059 0E       		.uleb128 0xe
 691 005a 3A       		.uleb128 0x3a
 692 005b 0B       		.uleb128 0xb
 693 005c 3B       		.uleb128 0x3b
 694 005d 0B       		.uleb128 0xb
 695 005e 49       		.uleb128 0x49
 696 005f 13       		.uleb128 0x13
 697 0060 38       		.uleb128 0x38
 698 0061 0A       		.uleb128 0xa
 699 0062 00       		.byte	0
 700 0063 00       		.byte	0
 701 0064 09       		.uleb128 0x9
 702 0065 01       		.uleb128 0x1
 703 0066 01       		.byte	0x1
 704 0067 49       		.uleb128 0x49
 705 0068 13       		.uleb128 0x13
 706 0069 01       		.uleb128 0x1
 707 006a 13       		.uleb128 0x13
 708 006b 00       		.byte	0
 709 006c 00       		.byte	0
 710 006d 0A       		.uleb128 0xa
 711 006e 21       		.uleb128 0x21
 712 006f 00       		.byte	0
 713 0070 49       		.uleb128 0x49
 714 0071 13       		.uleb128 0x13
 715 0072 2F       		.uleb128 0x2f
 716 0073 0B       		.uleb128 0xb
 717 0074 00       		.byte	0
 718 0075 00       		.byte	0
 719 0076 0B       		.uleb128 0xb
 720 0077 2E       		.uleb128 0x2e
 721 0078 00       		.byte	0
 722 0079 3F       		.uleb128 0x3f
 723 007a 0C       		.uleb128 0xc
 724 007b 03       		.uleb128 0x3
 725 007c 0E       		.uleb128 0xe
 726 007d 3A       		.uleb128 0x3a
 727 007e 0B       		.uleb128 0xb
 728 007f 3B       		.uleb128 0x3b
 729 0080 0B       		.uleb128 0xb
 730 0081 27       		.uleb128 0x27
 731 0082 0C       		.uleb128 0xc
 732 0083 11       		.uleb128 0x11
 733 0084 01       		.uleb128 0x1
 734 0085 12       		.uleb128 0x12
ARM GAS  /tmp/cccnaFwY.s 			page 14


 735 0086 01       		.uleb128 0x1
 736 0087 40       		.uleb128 0x40
 737 0088 0A       		.uleb128 0xa
 738 0089 00       		.byte	0
 739 008a 00       		.byte	0
 740 008b 0C       		.uleb128 0xc
 741 008c 34       		.uleb128 0x34
 742 008d 00       		.byte	0
 743 008e 03       		.uleb128 0x3
 744 008f 0E       		.uleb128 0xe
 745 0090 3A       		.uleb128 0x3a
 746 0091 0B       		.uleb128 0xb
 747 0092 3B       		.uleb128 0x3b
 748 0093 05       		.uleb128 0x5
 749 0094 49       		.uleb128 0x49
 750 0095 13       		.uleb128 0x13
 751 0096 3F       		.uleb128 0x3f
 752 0097 0C       		.uleb128 0xc
 753 0098 3C       		.uleb128 0x3c
 754 0099 0C       		.uleb128 0xc
 755 009a 00       		.byte	0
 756 009b 00       		.byte	0
 757 009c 0D       		.uleb128 0xd
 758 009d 35       		.uleb128 0x35
 759 009e 00       		.byte	0
 760 009f 49       		.uleb128 0x49
 761 00a0 13       		.uleb128 0x13
 762 00a1 00       		.byte	0
 763 00a2 00       		.byte	0
 764 00a3 0E       		.uleb128 0xe
 765 00a4 34       		.uleb128 0x34
 766 00a5 00       		.byte	0
 767 00a6 03       		.uleb128 0x3
 768 00a7 0E       		.uleb128 0xe
 769 00a8 3A       		.uleb128 0x3a
 770 00a9 0B       		.uleb128 0xb
 771 00aa 3B       		.uleb128 0x3b
 772 00ab 0B       		.uleb128 0xb
 773 00ac 49       		.uleb128 0x49
 774 00ad 13       		.uleb128 0x13
 775 00ae 3F       		.uleb128 0x3f
 776 00af 0C       		.uleb128 0xc
 777 00b0 3C       		.uleb128 0x3c
 778 00b1 0C       		.uleb128 0xc
 779 00b2 00       		.byte	0
 780 00b3 00       		.byte	0
 781 00b4 0F       		.uleb128 0xf
 782 00b5 34       		.uleb128 0x34
 783 00b6 00       		.byte	0
 784 00b7 03       		.uleb128 0x3
 785 00b8 0E       		.uleb128 0xe
 786 00b9 3A       		.uleb128 0x3a
 787 00ba 0B       		.uleb128 0xb
 788 00bb 3B       		.uleb128 0x3b
 789 00bc 05       		.uleb128 0x5
 790 00bd 49       		.uleb128 0x49
 791 00be 13       		.uleb128 0x13
ARM GAS  /tmp/cccnaFwY.s 			page 15


 792 00bf 3F       		.uleb128 0x3f
 793 00c0 0C       		.uleb128 0xc
 794 00c1 02       		.uleb128 0x2
 795 00c2 0A       		.uleb128 0xa
 796 00c3 00       		.byte	0
 797 00c4 00       		.byte	0
 798 00c5 00       		.byte	0
 799              		.section	.debug_aranges,"",%progbits
 800 0000 1C000000 		.4byte	0x1c
 801 0004 0200     		.2byte	0x2
 802 0006 00000000 		.4byte	.Ldebug_info0
 803 000a 04       		.byte	0x4
 804 000b 00       		.byte	0
 805 000c 0000     		.2byte	0
 806 000e 0000     		.2byte	0
 807 0010 00000000 		.4byte	.LFB63
 808 0014 02000000 		.4byte	.LFE63-.LFB63
 809 0018 00000000 		.4byte	0
 810 001c 00000000 		.4byte	0
 811              		.section	.debug_ranges,"",%progbits
 812              	.Ldebug_ranges0:
 813 0000 00000000 		.4byte	.LFB63
 814 0004 02000000 		.4byte	.LFE63
 815 0008 00000000 		.4byte	0
 816 000c 00000000 		.4byte	0
 817              		.section	.debug_line,"",%progbits
 818              	.Ldebug_line0:
 819 0000 76010000 		.section	.debug_str,"MS",%progbits,1
 819      02006101 
 819      00000201 
 819      FB0E0D00 
 819      01010101 
 820              	.LASF11:
 821 0000 6972715F 		.ascii	"irq_vector_t\000"
 821      76656374 
 821      6F725F74 
 821      00
 822              	.LASF25:
 823 000d 76656374 		.ascii	"vector34\000"
 823      6F723334 
 823      00
 824              	.LASF26:
 825 0016 70656E64 		.ascii	"pendsv_handler\000"
 825      73765F68 
 825      616E646C 
 825      657200
 826              	.LASF27:
 827 0025 73797374 		.ascii	"systick_handler\000"
 827      69636B5F 
 827      68616E64 
 827      6C657200 
 828              	.LASF3:
 829 0035 73686F72 		.ascii	"short unsigned int\000"
 829      7420756E 
 829      7369676E 
 829      65642069 
 829      6E7400
ARM GAS  /tmp/cccnaFwY.s 			page 16


 830              	.LASF12:
 831 0048 696E6974 		.ascii	"init_stack\000"
 831      5F737461 
 831      636B00
 832              	.LASF5:
 833 0053 696E7433 		.ascii	"int32_t\000"
 833      325F7400 
 834              	.LASF24:
 835 005b 64656275 		.ascii	"debugmonitor_handler\000"
 835      676D6F6E 
 835      69746F72 
 835      5F68616E 
 835      646C6572 
 836              	.LASF1:
 837 0070 756E7369 		.ascii	"unsigned char\000"
 837      676E6564 
 837      20636861 
 837      7200
 838              	.LASF7:
 839 007e 6C6F6E67 		.ascii	"long unsigned int\000"
 839      20756E73 
 839      69676E65 
 839      6420696E 
 839      7400
 840              	.LASF23:
 841 0090 7376635F 		.ascii	"svc_handler\000"
 841      68616E64 
 841      6C657200 
 842              	.LASF30:
 843 009c 49544D5F 		.ascii	"ITM_RxBuffer\000"
 843      52784275 
 843      66666572 
 843      00
 844              	.LASF19:
 845 00a9 76656374 		.ascii	"vector1c\000"
 845      6F723163 
 845      00
 846              	.LASF15:
 847 00b2 68617264 		.ascii	"hardfault_handler\000"
 847      6661756C 
 847      745F6861 
 847      6E646C65 
 847      7200
 848              	.LASF14:
 849 00c4 6E6D695F 		.ascii	"nmi_handler\000"
 849      68616E64 
 849      6C657200 
 850              	.LASF10:
 851 00d0 756E7369 		.ascii	"unsigned int\000"
 851      676E6564 
 851      20696E74 
 851      00
 852              	.LASF20:
 853 00dd 76656374 		.ascii	"vector20\000"
 853      6F723230 
 853      00
 854              	.LASF9:
ARM GAS  /tmp/cccnaFwY.s 			page 17


 855 00e6 6C6F6E67 		.ascii	"long long unsigned int\000"
 855      206C6F6E 
 855      6720756E 
 855      7369676E 
 855      65642069 
 856              	.LASF21:
 857 00fd 76656374 		.ascii	"vector24\000"
 857      6F723234 
 857      00
 858              	.LASF34:
 859 0106 2E2E2F2E 		.ascii	"../../../resources/chibios/ChibiOS_16.1.8/os/common"
 859      2E2F2E2E 
 859      2F726573 
 859      6F757263 
 859      65732F63 
 860 0139 2F706F72 		.ascii	"/ports/ARMCMx/compilers/GCC/vectors.c\000"
 860      74732F41 
 860      524D434D 
 860      782F636F 
 860      6D70696C 
 861              	.LASF22:
 862 015f 76656374 		.ascii	"vector28\000"
 862      6F723238 
 862      00
 863              	.LASF31:
 864 0168 5F766563 		.ascii	"_vectors\000"
 864      746F7273 
 864      00
 865              	.LASF13:
 866 0171 72657365 		.ascii	"reset_handler\000"
 866      745F6861 
 866      6E646C65 
 866      7200
 867              	.LASF18:
 868 017f 75736167 		.ascii	"usagefault_handler\000"
 868      65666175 
 868      6C745F68 
 868      616E646C 
 868      657200
 869              	.LASF8:
 870 0192 6C6F6E67 		.ascii	"long long int\000"
 870      206C6F6E 
 870      6720696E 
 870      7400
 871              	.LASF17:
 872 01a0 62757366 		.ascii	"busfault_handler\000"
 872      61756C74 
 872      5F68616E 
 872      646C6572 
 872      00
 873              	.LASF33:
 874 01b1 474E5520 		.ascii	"GNU C 4.6.1\000"
 874      4320342E 
 874      362E3100 
 875              	.LASF35:
 876 01bd 2F686F6D 		.ascii	"/home/madog/Documents/proyectos/CYCLE/repos/harvest"
 876      652F6D61 
ARM GAS  /tmp/cccnaFwY.s 			page 18


 876      646F672F 
 876      446F6375 
 876      6D656E74 
 877 01f0 65722F73 		.ascii	"er/src\000"
 877      726300
 878              	.LASF36:
 879 01f7 5F756E68 		.ascii	"_unhandled_exception\000"
 879      616E646C 
 879      65645F65 
 879      78636570 
 879      74696F6E 
 880              	.LASF28:
 881 020c 76656374 		.ascii	"vectors\000"
 881      6F727300 
 882              	.LASF2:
 883 0214 73686F72 		.ascii	"short int\000"
 883      7420696E 
 883      7400
 884              	.LASF6:
 885 021e 75696E74 		.ascii	"uint32_t\000"
 885      33325F74 
 885      00
 886              	.LASF4:
 887 0227 6C6F6E67 		.ascii	"long int\000"
 887      20696E74 
 887      00
 888              	.LASF16:
 889 0230 6D656D6D 		.ascii	"memmanage_handler\000"
 889      616E6167 
 889      655F6861 
 889      6E646C65 
 889      7200
 890              	.LASF0:
 891 0242 7369676E 		.ascii	"signed char\000"
 891      65642063 
 891      68617200 
 892              	.LASF29:
 893 024e 76656374 		.ascii	"vectors_t\000"
 893      6F72735F 
 893      7400
 894              	.LASF32:
 895 0258 5F5F6D61 		.ascii	"__main_stack_end__\000"
 895      696E5F73 
 895      7461636B 
 895      5F656E64 
 895      5F5F00
 896              		.ident	"GCC: (Sourcery CodeBench Lite 2011.09-69) 4.6.1"
ARM GAS  /tmp/cccnaFwY.s 			page 19


DEFINED SYMBOLS
                            *ABS*:00000000 vectors.c
     /tmp/cccnaFwY.s:19     .text._unhandled_exception:00000000 $t
     /tmp/cccnaFwY.s:25     .text._unhandled_exception:00000000 _unhandled_exception
     /tmp/cccnaFwY.s:215    .vectors:00000000 _vectors
     /tmp/cccnaFwY.s:25     .text._unhandled_exception:00000000 NMI_Handler
     /tmp/cccnaFwY.s:25     .text._unhandled_exception:00000000 HardFault_Handler
     /tmp/cccnaFwY.s:25     .text._unhandled_exception:00000000 MemManage_Handler
     /tmp/cccnaFwY.s:25     .text._unhandled_exception:00000000 BusFault_Handler
     /tmp/cccnaFwY.s:25     .text._unhandled_exception:00000000 UsageFault_Handler
     /tmp/cccnaFwY.s:25     .text._unhandled_exception:00000000 Vector1C
     /tmp/cccnaFwY.s:25     .text._unhandled_exception:00000000 Vector20
     /tmp/cccnaFwY.s:25     .text._unhandled_exception:00000000 Vector24
     /tmp/cccnaFwY.s:25     .text._unhandled_exception:00000000 Vector28
     /tmp/cccnaFwY.s:25     .text._unhandled_exception:00000000 SVC_Handler
     /tmp/cccnaFwY.s:25     .text._unhandled_exception:00000000 DebugMon_Handler
     /tmp/cccnaFwY.s:25     .text._unhandled_exception:00000000 Vector34
     /tmp/cccnaFwY.s:25     .text._unhandled_exception:00000000 PendSV_Handler
     /tmp/cccnaFwY.s:25     .text._unhandled_exception:00000000 SysTick_Handler
     /tmp/cccnaFwY.s:25     .text._unhandled_exception:00000000 Vector40
     /tmp/cccnaFwY.s:25     .text._unhandled_exception:00000000 Vector44
     /tmp/cccnaFwY.s:25     .text._unhandled_exception:00000000 Vector48
     /tmp/cccnaFwY.s:25     .text._unhandled_exception:00000000 Vector4C
     /tmp/cccnaFwY.s:25     .text._unhandled_exception:00000000 Vector50
     /tmp/cccnaFwY.s:25     .text._unhandled_exception:00000000 Vector54
     /tmp/cccnaFwY.s:25     .text._unhandled_exception:00000000 Vector58
     /tmp/cccnaFwY.s:25     .text._unhandled_exception:00000000 Vector5C
     /tmp/cccnaFwY.s:25     .text._unhandled_exception:00000000 Vector60
     /tmp/cccnaFwY.s:25     .text._unhandled_exception:00000000 Vector64
     /tmp/cccnaFwY.s:25     .text._unhandled_exception:00000000 Vector68
     /tmp/cccnaFwY.s:25     .text._unhandled_exception:00000000 Vector6C
     /tmp/cccnaFwY.s:25     .text._unhandled_exception:00000000 Vector70
     /tmp/cccnaFwY.s:25     .text._unhandled_exception:00000000 Vector74
     /tmp/cccnaFwY.s:25     .text._unhandled_exception:00000000 Vector78
     /tmp/cccnaFwY.s:25     .text._unhandled_exception:00000000 Vector7C
     /tmp/cccnaFwY.s:25     .text._unhandled_exception:00000000 Vector80
     /tmp/cccnaFwY.s:25     .text._unhandled_exception:00000000 Vector84
     /tmp/cccnaFwY.s:25     .text._unhandled_exception:00000000 Vector88
     /tmp/cccnaFwY.s:25     .text._unhandled_exception:00000000 Vector8C
     /tmp/cccnaFwY.s:25     .text._unhandled_exception:00000000 Vector90
     /tmp/cccnaFwY.s:25     .text._unhandled_exception:00000000 Vector94
     /tmp/cccnaFwY.s:25     .text._unhandled_exception:00000000 Vector98
     /tmp/cccnaFwY.s:25     .text._unhandled_exception:00000000 Vector9C
     /tmp/cccnaFwY.s:25     .text._unhandled_exception:00000000 VectorA0
     /tmp/cccnaFwY.s:25     .text._unhandled_exception:00000000 VectorA4
     /tmp/cccnaFwY.s:25     .text._unhandled_exception:00000000 VectorA8
     /tmp/cccnaFwY.s:25     .text._unhandled_exception:00000000 VectorAC
     /tmp/cccnaFwY.s:25     .text._unhandled_exception:00000000 VectorB0
     /tmp/cccnaFwY.s:25     .text._unhandled_exception:00000000 VectorB4
     /tmp/cccnaFwY.s:25     .text._unhandled_exception:00000000 VectorB8
     /tmp/cccnaFwY.s:25     .text._unhandled_exception:00000000 VectorBC
     /tmp/cccnaFwY.s:25     .text._unhandled_exception:00000000 VectorC0
     /tmp/cccnaFwY.s:25     .text._unhandled_exception:00000000 VectorC4
     /tmp/cccnaFwY.s:25     .text._unhandled_exception:00000000 VectorC8
     /tmp/cccnaFwY.s:25     .text._unhandled_exception:00000000 VectorCC
     /tmp/cccnaFwY.s:25     .text._unhandled_exception:00000000 VectorD0
     /tmp/cccnaFwY.s:25     .text._unhandled_exception:00000000 VectorD4
ARM GAS  /tmp/cccnaFwY.s 			page 20


     /tmp/cccnaFwY.s:25     .text._unhandled_exception:00000000 VectorD8
     /tmp/cccnaFwY.s:25     .text._unhandled_exception:00000000 VectorDC
     /tmp/cccnaFwY.s:25     .text._unhandled_exception:00000000 VectorE0
     /tmp/cccnaFwY.s:25     .text._unhandled_exception:00000000 VectorE4
     /tmp/cccnaFwY.s:25     .text._unhandled_exception:00000000 VectorE8
     /tmp/cccnaFwY.s:25     .text._unhandled_exception:00000000 VectorEC
     /tmp/cccnaFwY.s:25     .text._unhandled_exception:00000000 VectorF0
     /tmp/cccnaFwY.s:25     .text._unhandled_exception:00000000 VectorF4
     /tmp/cccnaFwY.s:25     .text._unhandled_exception:00000000 VectorF8
     /tmp/cccnaFwY.s:25     .text._unhandled_exception:00000000 VectorFC
     /tmp/cccnaFwY.s:25     .text._unhandled_exception:00000000 Vector100
     /tmp/cccnaFwY.s:25     .text._unhandled_exception:00000000 Vector104
     /tmp/cccnaFwY.s:25     .text._unhandled_exception:00000000 Vector108
     /tmp/cccnaFwY.s:25     .text._unhandled_exception:00000000 Vector10C
     /tmp/cccnaFwY.s:25     .text._unhandled_exception:00000000 Vector110
     /tmp/cccnaFwY.s:25     .text._unhandled_exception:00000000 Vector114
     /tmp/cccnaFwY.s:25     .text._unhandled_exception:00000000 Vector118
     /tmp/cccnaFwY.s:25     .text._unhandled_exception:00000000 Vector11C
     /tmp/cccnaFwY.s:25     .text._unhandled_exception:00000000 Vector120
     /tmp/cccnaFwY.s:25     .text._unhandled_exception:00000000 Vector124
     /tmp/cccnaFwY.s:25     .text._unhandled_exception:00000000 Vector128
     /tmp/cccnaFwY.s:25     .text._unhandled_exception:00000000 Vector12C
     /tmp/cccnaFwY.s:25     .text._unhandled_exception:00000000 Vector130
     /tmp/cccnaFwY.s:25     .text._unhandled_exception:00000000 Vector134
     /tmp/cccnaFwY.s:25     .text._unhandled_exception:00000000 Vector138
     /tmp/cccnaFwY.s:25     .text._unhandled_exception:00000000 Vector13C
     /tmp/cccnaFwY.s:25     .text._unhandled_exception:00000000 Vector140
     /tmp/cccnaFwY.s:25     .text._unhandled_exception:00000000 Vector144
     /tmp/cccnaFwY.s:25     .text._unhandled_exception:00000000 Vector148
     /tmp/cccnaFwY.s:25     .text._unhandled_exception:00000000 Vector14C
     /tmp/cccnaFwY.s:25     .text._unhandled_exception:00000000 Vector150
     /tmp/cccnaFwY.s:25     .text._unhandled_exception:00000000 Vector154
     /tmp/cccnaFwY.s:25     .text._unhandled_exception:00000000 Vector158
     /tmp/cccnaFwY.s:25     .text._unhandled_exception:00000000 Vector15C
     /tmp/cccnaFwY.s:212    .vectors:00000000 $d
                     .debug_frame:00000010 $d

UNDEFINED SYMBOLS
__main_stack_end__
Reset_Handler
